
>>>> Now solving: instance_0010.lp

(False, 0.15507745742797852, 0.08972001075744629, 778.296875)
[INFO] - GRINGO needed 0.15507745742797852 seconds!
(False, 0.07679414749145508, 0.054718971252441406, 407.0908203125)
[INFO] - IDLV needed 0.07679414749145508 seconds!
(False, 1.4105994701385498, 1.3935878276824951, 51.0)
[INFO] - NEWGROUND-IDLV needed 1.4105994701385498 seconds!
(False, 1.4666502475738525, 1.4497623443603516, 58.6142578125)
[INFO] - NEWGROUND-GRINGO needed 1.4666502475738525 seconds!

>>>> Now solving: instance_0012.lp

(False, 0.5304560661315918, 0.28362488746643066, 2921.6171875)
[INFO] - GRINGO needed 0.5304560661315918 seconds!
(False, 0.24130558967590332, 0.17945551872253418, 1480.357421875)
[INFO] - IDLV needed 0.24130558967590332 seconds!
(False, 2.006601572036743, 1.9833438396453857, 73.30859375)
[INFO] - NEWGROUND-IDLV needed 2.006601572036743 seconds!
(False, 2.0635459423065186, 2.0384864807128906, 84.5146484375)
[INFO] - NEWGROUND-GRINGO needed 2.0635459423065186 seconds!

>>>> Now solving: instance_0014.lp

(False, 1.5341639518737793, 0.7800931930541992, 8323.3388671875)
[INFO] - GRINGO needed 1.5341639518737793 seconds!
(False, 0.6314935684204102, 0.47781944274902344, 4097.8828125)
[INFO] - IDLV needed 0.6314935684204102 seconds!
(False, 2.5470471382141113, 2.521650552749634, 101.1748046875)
[INFO] - NEWGROUND-IDLV needed 2.5470471382141113 seconds!
(False, 2.4620726108551025, 2.433842420578003, 115.12890625)
[INFO] - NEWGROUND-GRINGO needed 2.4620726108551025 seconds!

>>>> Now solving: instance_0016.lp

(False, 3.461787462234497, 1.7506449222564697, 19796.4990234375)
[INFO] - GRINGO needed 3.461787462234497 seconds!
(False, 1.4403259754180908, 1.0857911109924316, 9535.751953125)
[INFO] - IDLV needed 1.4403259754180908 seconds!
(False, 3.2271788120269775, 3.19230318069458, 137.7177734375)
[INFO] - NEWGROUND-IDLV needed 3.2271788120269775 seconds!
(False, 3.2707765102386475, 3.23311448097229, 150.744140625)
[INFO] - NEWGROUND-GRINGO needed 3.2707765102386475 seconds!

>>>> Now solving: instance_0018.lp

(False, 7.414471626281738, 3.589501142501831, 41093.3564453125)
[INFO] - GRINGO needed 7.414471626281738 seconds!
(False, 2.9474129676818848, 2.2409474849700928, 19622.79296875)
[INFO] - IDLV needed 2.9474129676818848 seconds!
(False, 3.9840471744537354, 3.9402430057525635, 179.3359375)
[INFO] - NEWGROUND-IDLV needed 3.9840471744537354 seconds!
(False, 4.062173128128052, 4.013991355895996, 199.6181640625)
[INFO] - NEWGROUND-GRINGO needed 4.062173128128052 seconds!

>>>> Now solving: instance_0020.lp

(False, 14.209381580352783, 7.011465549468994, 78666.7275390625)
[INFO] - GRINGO needed 14.209381580352783 seconds!
(False, 5.432811498641968, 4.101969480514526, 36845.958984375)
[INFO] - IDLV needed 5.432811498641968 seconds!
(False, 4.353750228881836, 4.30011773109436, 225.759765625)
[INFO] - NEWGROUND-IDLV needed 4.353750228881836 seconds!
(False, 4.508032560348511, 4.450122356414795, 251.748046875)
[INFO] - NEWGROUND-GRINGO needed 4.508032560348511 seconds!

>>>> Now solving: instance_0030.lp

(False, 150.38200569152832, 68.87624478340149, 891923.7978515625)
[INFO] - GRINGO needed 150.38200569152832 seconds!
(False, 55.22466540336609, 40.47361516952515, 437173.876953125)
[INFO] - IDLV needed 55.22466540336609 seconds!
(False, 10.960408210754395, 10.822983503341675, 525.88671875)
[INFO] - NEWGROUND-IDLV needed 10.960408210754395 seconds!
(False, 11.102272272109985, 10.976797819137573, 600.345703125)
[INFO] - NEWGROUND-GRINGO needed 11.102272272109985 seconds!

>>>> Now solving: instance_0040.lp

(False, 766.1217217445374, 347.8125638961792, 4490606.0009765625)
[INFO] - GRINGO needed 766.1217217445374 seconds!
(False, 275.7385711669922, 201.2936816215515, 2159339.12109375)
[INFO] - IDLV needed 275.7385711669922 seconds!
(False, 31.37252712249756, 20.260093212127686, 935.435546875)
[INFO] - NEWGROUND-IDLV needed 31.37252712249756 seconds!
(False, 36.92170691490173, 21.300259590148926, 1069.69140625)
[INFO] - NEWGROUND-GRINGO needed 36.92170691490173 seconds!

>>>> Now solving: instance_0050.lp

(True, 1800, 1144.646065711975, 15321108.11328125)
[INFO] - GRINGO timed out (1800)!
(False, 926.7350633144379, 667.4470899105072, 7151210.0)
[INFO] - IDLV needed 926.7350633144379 seconds!
(False, 70.8501091003418, 33.35233950614929, 1462.22265625)
[INFO] - NEWGROUND-IDLV needed 70.8501091003418 seconds!
(False, 71.9243860244751, 34.166449308395386, 1673.607421875)
[INFO] - NEWGROUND-GRINGO needed 71.9243860244751 seconds!

>>>> Now solving: instance_0060.lp

(True, 1800, 1800, 19429376.0)
[INFO] - GRINGO timed out (1800)!
(True, 1800, 1800, 18774519.747070312)
[INFO] - IDLV timed out (1800)!
(False, 127.50602984428406, 49.931018590927124, 2106.001953125)
[INFO] - NEWGROUND-IDLV needed 127.50602984428406 seconds!
(False, 123.16594338417053, 51.20969891548157, 2412.09375)
[INFO] - NEWGROUND-GRINGO needed 123.16594338417053 seconds!

>>>> Now solving: instance_0070.lp

(True, 1800, 1800, 139.435546875)
[INFO] - GRINGO timed out (1800)!
(True, 1800, 1800, 20248908.0)
[INFO] - IDLV timed out (1800)!
(False, 182.60859489440918, 71.89475607872009, 3127.232421875)
[INFO] - NEWGROUND-IDLV needed 182.60859489440918 seconds!
(False, 222.517639875412, 73.95401334762573, 3464.771484375)
[INFO] - NEWGROUND-GRINGO needed 222.517639875412 seconds!

>>>> Now solving: instance_0080.lp

(True, 1800, 1800, 185.4443359375)
[INFO] - GRINGO timed out (1800)!
(True, 1800, 1800, 21232184.0)
[INFO] - IDLV timed out (1800)!
(False, 231.69460940361023, 86.03584122657776, 4166.1025390625)
[INFO] - NEWGROUND-IDLV needed 231.69460940361023 seconds!
(False, 309.6071081161499, 88.10617923736572, 4590.91015625)
[INFO] - NEWGROUND-GRINGO needed 309.6071081161499 seconds!

>>>> Now solving: instance_0090.lp

(True, 1800, 1800, 238.1005859375)
[INFO] - GRINGO timed out (1800)!
(True, 1800, 1800, 21302320.0)
[INFO] - IDLV timed out (1800)!
(False, 134.89549112319946, 132.7627830505371, 5298.3388671875)
[INFO] - NEWGROUND-IDLV needed 134.89549112319946 seconds!
(False, 485.781081199646, 133.65265154838562, 5867.0009765625)
[INFO] - NEWGROUND-GRINGO needed 485.781081199646 seconds!

>>>> Now solving: instance_0100.lp

(True, 1800, 1800, 297.0068359375)
[INFO] - GRINGO timed out (1800)!
Ran out of input
(True, 1800, 1800, 9223372036854775807)
[INFO] - IDLV timed out (1800)!
(False, 171.64525389671326, 168.73840236663818, 6631.9052734375)
[INFO] - NEWGROUND-IDLV needed 171.64525389671326 seconds!
(False, 657.4252324104309, 159.42682218551636, 7485.95703125)
[INFO] - NEWGROUND-GRINGO needed 657.4252324104309 seconds!

>>>> Now solving: instance_0110.lp

(True, 1800, 1800, 362.1630859375)
[INFO] - GRINGO timed out (1800)!
Ran out of input
(True, 1800, 1800, 9223372036854775807)
[INFO] - IDLV timed out (1800)!
(False, 188.09098386764526, 184.77285647392273, 8032.8701171875)
[INFO] - NEWGROUND-IDLV needed 188.09098386764526 seconds!
(False, 713.6893305778503, 189.13498830795288, 9066.587890625)
[INFO] - NEWGROUND-GRINGO needed 713.6893305778503 seconds!

>>>> Now solving: instance_0120.lp

(True, 1800, 1800, 433.5693359375)
[INFO] - GRINGO timed out (1800)!
Ran out of input
(True, 1800, 1800, 9223372036854775807)
[INFO] - IDLV timed out (1800)!
(False, 260.23953557014465, 255.5012662410736, 9567.7822265625)
[INFO] - NEWGROUND-IDLV needed 260.23953557014465 seconds!
(False, 1333.9029793739319, 266.48561930656433, 10798.4482421875)
[INFO] - NEWGROUND-GRINGO needed 1333.9029793739319 seconds!

>>>> Now solving: instance_0130.lp

(True, 1800, 1800, 511.2255859375)
[INFO] - GRINGO timed out (1800)!
Ran out of input
(True, 1800, 1800, 9223372036854775807)
[INFO] - IDLV timed out (1800)!
(False, 282.0635714530945, 276.7432861328125, 11236.4833984375)
[INFO] - NEWGROUND-IDLV needed 282.0635714530945 seconds!
(False, 1526.6479947566986, 288.2017242908478, 12681.578125)
[INFO] - NEWGROUND-GRINGO needed 1526.6479947566986 seconds!

>>>> Now solving: instance_0140.lp

(True, 1800, 1800, 595.1318359375)
[INFO] - GRINGO timed out (1800)!
Ran out of input
(True, 1800, 1800, 9223372036854775807)
[INFO] - IDLV timed out (1800)!
(False, 379.3355641365051, 371.99501609802246, 13038.9736328125)
[INFO] - NEWGROUND-IDLV needed 379.3355641365051 seconds!
(True, 1800, 376.92263102531433, 14715.9775390625)
[INFO] - NEWGROUND-GRINGO timed out (1800)!

>>>> Now solving: instance_0150.lp

(True, 1800, 1800, 685.2880859375)
[INFO] - GRINGO timed out (1800)!
Ran out of input
(True, 1800, 1800, 9223372036854775807)
[INFO] - IDLV timed out (1800)!
(False, 436.85835456848145, 427.90571546554565, 14975.2529296875)
[INFO] - NEWGROUND-IDLV needed 436.85835456848145 seconds!
(True, 1800, 461.81274127960205, 16901.646484375)
[INFO] - NEWGROUND-GRINGO timed out (1800)!

>>>> Now solving: instance_0180.lp

(True, 1800, 1800, 993.2412109375)
[INFO] - GRINGO timed out (1800)!
Ran out of input
(True, 1800, 1800, 9223372036854775807)
[INFO] - IDLV timed out (1800)!
(False, 671.9121217727661, 656.1596086025238, 21586.783203125)
[INFO] - NEWGROUND-IDLV needed 671.9121217727661 seconds!
(False, 761.1851551532745, 745.1066236495972, 24366.2236328125)
[INFO] - NEWGROUND-GRINGO needed 761.1851551532745 seconds!

>>>> Now solving: instance_0220.lp

(True, 1800, 1800, 1491.3662109375)
[INFO] - GRINGO timed out (1800)!
Ran out of input
(True, 1800, 1800, 9223372036854775807)
[INFO] - IDLV timed out (1800)!
(False, 1210.493324995041, 1183.786814212799, 34437.19921875)
[INFO] - NEWGROUND-IDLV needed 1210.493324995041 seconds!
(False, 1139.4976460933685, 1109.3979489803314, 37991.8955078125)
[INFO] - NEWGROUND-GRINGO needed 1139.4976460933685 seconds!

>>>> Now solving: instance_0260.lp

(True, 1800, 1800, 2123.1064453125)
[INFO] - GRINGO timed out (1800)!
Ran out of input
(True, 1800, 1800, 9223372036854775807)
[INFO] - IDLV timed out (1800)!
(True, 1800, 1859.51731467247, 49437.568359375)
[INFO] - NEWGROUND-IDLV timed out (1800)!
(True, 1800, 1762.6277549266815, 53968.7412109375)
[INFO] - NEWGROUND-GRINGO timed out (1800)!

>>>> Now solving: instance_0300.lp

(True, 1800, 1800, 2864.8642578125)
[INFO] - GRINGO timed out (1800)!
Ran out of input
(True, 1800, 1800, 9223372036854775807)
[INFO] - IDLV timed out (1800)!
(True, 1800, 1800, 63647.8798828125)
[INFO] - NEWGROUND-IDLV timed out (1800)!
(True, 1800, 1800, 72426.4716796875)
[INFO] - NEWGROUND-GRINGO timed out (1800)!

>>>> Now solving: instance_0310.lp

(True, 1800, 1800, 3066.9052734375)
[INFO] - GRINGO timed out (1800)!
Ran out of input
(True, 1800, 1800, 9223372036854775807)
[INFO] - IDLV timed out (1800)!
(True, 1800, 1800, 67498.1806640625)
[INFO] - NEWGROUND-IDLV timed out (1800)!
(True, 1800, 1800, 68600.5361328125)
[INFO] - NEWGROUND-GRINGO timed out (1800)!

>>>> Now solving: instance_0320.lp

(True, 1800, 1800, 3275.5869140625)
[INFO] - GRINGO timed out (1800)!
Ran out of input
(True, 1800, 1800, 9223372036854775807)
[INFO] - IDLV timed out (1800)!
(True, 1800, 1800, 65190.2001953125)
[INFO] - NEWGROUND-IDLV timed out (1800)!
(True, 1800, 1800, 66303.0439453125)
[INFO] - NEWGROUND-GRINGO timed out (1800)!

>>>> Now solving: instance_0330.lp

(True, 1800, 1800, 3490.9091796875)
[INFO] - GRINGO timed out (1800)!
Ran out of input
(True, 1800, 1800, 9223372036854775807)
[INFO] - IDLV timed out (1800)!
(True, 1800, 1800, 59671.146484375)
[INFO] - NEWGROUND-IDLV timed out (1800)!
(True, 1800, 1800, 59650.5546875)
[INFO] - NEWGROUND-GRINGO timed out (1800)!

>>>> Now solving: instance_0340.lp

(True, 1800, 1800, 3712.8720703125)
[INFO] - GRINGO timed out (1800)!
Ran out of input
(True, 1800, 1800, 9223372036854775807)
[INFO] - IDLV timed out (1800)!
(True, 1800, 1800, 63136.982421875)
[INFO] - NEWGROUND-IDLV timed out (1800)!
(True, 1800, 1800, 57720.7333984375)
[INFO] - NEWGROUND-GRINGO timed out (1800)!

>>>> Now solving: instance_0350.lp

(True, 1800, 1800, 3941.4755859375)
[INFO] - GRINGO timed out (1800)!
Ran out of input
(True, 1800, 1800, 9223372036854775807)
[INFO] - IDLV timed out (1800)!
(True, 1800, 1800, 64466.998046875)
[INFO] - NEWGROUND-IDLV timed out (1800)!
Ran out of input
(True, 1800, 1800, 9223372036854775807)
[INFO] - NEWGROUND-GRINGO timed out (1800)!

>>>> Now solving: instance_0360.lp

Ran out of input
(True, 1800, 1800, 9223372036854775807)
[INFO] - GRINGO timed out (1800)!
Ran out of input
(True, 1800, 1800, 9223372036854775807)
[INFO] - IDLV timed out (1800)!
Ran out of input
(True, 1800, 1800, 9223372036854775807)
[INFO] - NEWGROUND-IDLV timed out (1800)!
Ran out of input
(True, 1800, 1800, 9223372036854775807)
[INFO] - NEWGROUND-GRINGO timed out (1800)!

>>>> Now solving: instance_0370.lp

Ran out of input
(True, 1800, 1800, 9223372036854775807)
[INFO] - GRINGO timed out (1800)!
Ran out of input
(True, 1800, 1800, 9223372036854775807)
[INFO] - IDLV timed out (1800)!
Ran out of input
(True, 1800, 1800, 9223372036854775807)
[INFO] - NEWGROUND-IDLV timed out (1800)!
Ran out of input
(True, 1800, 1800, 9223372036854775807)
[INFO] - NEWGROUND-GRINGO timed out (1800)!

>>>> Now solving: instance_0380.lp

Ran out of input
(True, 1800, 1800, 9223372036854775807)
[INFO] - GRINGO timed out (1800)!
Ran out of input
(True, 1800, 1800, 9223372036854775807)
[INFO] - IDLV timed out (1800)!
Ran out of input
(True, 1800, 1800, 9223372036854775807)
[INFO] - NEWGROUND-IDLV timed out (1800)!
Ran out of input
(True, 1800, 1800, 9223372036854775807)
[INFO] - NEWGROUND-GRINGO timed out (1800)!

>>>> Now solving: instance_0390.lp

Ran out of input
(True, 1800, 1800, 9223372036854775807)
[INFO] - GRINGO timed out (1800)!
Ran out of input
(True, 1800, 1800, 9223372036854775807)
[INFO] - IDLV timed out (1800)!
Ran out of input
(True, 1800, 1800, 9223372036854775807)
[INFO] - NEWGROUND-IDLV timed out (1800)!
Ran out of input
(True, 1800, 1800, 9223372036854775807)
[INFO] - NEWGROUND-GRINGO timed out (1800)!

>>>> Now solving: instance_0400.lp

Ran out of input
(True, 1800, 1800, 9223372036854775807)
[INFO] - GRINGO timed out (1800)!
Ran out of input
(True, 1800, 1800, 9223372036854775807)
[INFO] - IDLV timed out (1800)!
Ran out of input
(True, 1800, 1800, 9223372036854775807)
[INFO] - NEWGROUND-IDLV timed out (1800)!
Ran out of input
(True, 1800, 1800, 9223372036854775807)
[INFO] - NEWGROUND-GRINGO timed out (1800)!

>>>> Now solving: instance_0410.lp

Ran out of input
(True, 1800, 1800, 9223372036854775807)
[INFO] - GRINGO timed out (1800)!
Ran out of input
(True, 1800, 1800, 9223372036854775807)
[INFO] - IDLV timed out (1800)!
Ran out of input
(True, 1800, 1800, 9223372036854775807)
[INFO] - NEWGROUND-IDLV timed out (1800)!
Ran out of input
(True, 1800, 1800, 9223372036854775807)
[INFO] - NEWGROUND-GRINGO timed out (1800)!

>>>> Now solving: instance_0420.lp

Ran out of input
(True, 1800, 1800, 9223372036854775807)
[INFO] - GRINGO timed out (1800)!
Ran out of input
(True, 1800, 1800, 9223372036854775807)
[INFO] - IDLV timed out (1800)!
Ran out of input
(True, 1800, 1800, 9223372036854775807)
[INFO] - NEWGROUND-IDLV timed out (1800)!
Ran out of input
(True, 1800, 1800, 9223372036854775807)
[INFO] - NEWGROUND-GRINGO timed out (1800)!

>>>> Now solving: instance_0430.lp

Ran out of input
(True, 1800, 1800, 9223372036854775807)
[INFO] - GRINGO timed out (1800)!
Ran out of input
(True, 1800, 1800, 9223372036854775807)
[INFO] - IDLV timed out (1800)!
Ran out of input
(True, 1800, 1800, 9223372036854775807)
[INFO] - NEWGROUND-IDLV timed out (1800)!
Ran out of input
(True, 1800, 1800, 9223372036854775807)
[INFO] - NEWGROUND-GRINGO timed out (1800)!

>>>> Now solving: instance_0440.lp

Ran out of input
(True, 1800, 1800, 9223372036854775807)
[INFO] - GRINGO timed out (1800)!
Ran out of input
(True, 1800, 1800, 9223372036854775807)
[INFO] - IDLV timed out (1800)!
Ran out of input
(True, 1800, 1800, 9223372036854775807)
[INFO] - NEWGROUND-IDLV timed out (1800)!
Ran out of input
(True, 1800, 1800, 9223372036854775807)
[INFO] - NEWGROUND-GRINGO timed out (1800)!

>>>> Now solving: instance_0450.lp

Ran out of input
(True, 1800, 1800, 9223372036854775807)
[INFO] - GRINGO timed out (1800)!
Ran out of input
(True, 1800, 1800, 9223372036854775807)
[INFO] - IDLV timed out (1800)!
Ran out of input
(True, 1800, 1800, 9223372036854775807)
[INFO] - NEWGROUND-IDLV timed out (1800)!
Ran out of input
(True, 1800, 1800, 9223372036854775807)
[INFO] - NEWGROUND-GRINGO timed out (1800)!
