
>>>> Now solving: instance_0010.lp

(False, 1.8033015727996826, 1.0670287609100342, 11135.732421875)
[INFO] - GRINGO needed 1.8033015727996826 seconds!
(False, 1.0282740592956543, 0.8353173732757568, 6140.2548828125)
[INFO] - IDLV needed 1.0282740592956543 seconds!
(False, 2.4895105361938477, 2.464317560195923, 73.4765625)
[INFO] - NEWGROUND-IDLV needed 2.4895105361938477 seconds!
(False, 2.4975574016571045, 2.4718732833862305, 84.5751953125)
[INFO] - NEWGROUND-GRINGO needed 2.4975574016571045 seconds!

>>>> Now solving: instance_0012.lp

(False, 17.86992883682251, 9.620454549789429, 107418.5986328125)
[INFO] - GRINGO needed 17.86992883682251 seconds!
(False, 8.38908076286316, 6.748640537261963, 56866.216796875)
[INFO] - IDLV needed 8.38908076286316 seconds!
(False, 3.325115919113159, 3.2919228076934814, 104.7255859375)
[INFO] - NEWGROUND-IDLV needed 3.325115919113159 seconds!
(False, 3.3018345832824707, 3.2711617946624756, 120.8037109375)
[INFO] - NEWGROUND-GRINGO needed 3.3018345832824707 seconds!

>>>> Now solving: instance_0014.lp

(False, 96.20627307891846, 50.50507211685181, 571542.5009765625)
[INFO] - GRINGO needed 96.20627307891846 seconds!
(False, 42.67041635513306, 33.8987717628479, 295633.546875)
[INFO] - IDLV needed 42.67041635513306 seconds!
(False, 4.233476161956787, 4.190225839614868, 151.3271484375)
[INFO] - NEWGROUND-IDLV needed 4.233476161956787 seconds!
(False, 4.362576484680176, 4.319524526596069, 163.46875)
[INFO] - NEWGROUND-GRINGO needed 4.362576484680176 seconds!

>>>> Now solving: instance_0016.lp

(False, 369.11401772499084, 184.1441571712494, 2218637.5419921875)
[INFO] - GRINGO needed 369.11401772499084 seconds!
(False, 159.87324261665344, 126.55905771255493, 1108563.369140625)
[INFO] - IDLV needed 159.87324261665344 seconds!
(False, 5.505911111831665, 5.43329644203186, 201.5322265625)
[INFO] - NEWGROUND-IDLV needed 5.505911111831665 seconds!
(False, 5.526988983154297, 5.470799446105957, 221.6171875)
[INFO] - NEWGROUND-GRINGO needed 5.526988983154297 seconds!

>>>> Now solving: instance_0018.lp

(False, 1145.73073387146, 568.8127365112305, 6768901.486328125)
[INFO] - GRINGO needed 1145.73073387146 seconds!
(False, 475.1669108867645, 374.31755542755127, 3350265.44921875)
[INFO] - IDLV needed 475.1669108867645 seconds!
(False, 6.737865209579468, 6.66961932182312, 258.052734375)
[INFO] - NEWGROUND-IDLV needed 6.737865209579468 seconds!
(False, 6.8870813846588135, 6.818574905395508, 286.04296875)
[INFO] - NEWGROUND-GRINGO needed 6.8870813846588135 seconds!

>>>> Now solving: instance_0020.lp

(True, 1800, 1800, 18043961.487304688)
[INFO] - GRINGO timed out (1800)!
(False, 1172.9415020942688, 928.4068460464478, 8680174.552734375)
[INFO] - IDLV needed 1172.9415020942688 seconds!
(False, 7.325507640838623, 7.248498916625977, 323.064453125)
[INFO] - NEWGROUND-IDLV needed 7.325507640838623 seconds!
(False, 7.4936277866363525, 7.418668508529663, 357.31640625)
[INFO] - NEWGROUND-GRINGO needed 7.4936277866363525 seconds!

>>>> Now solving: instance_0030.lp

(True, 1800, 1800, 24.005859375)
[INFO] - GRINGO timed out (1800)!
(True, 1800, 1800, 18222552.0)
[INFO] - IDLV timed out (1800)!
(False, 20.02821946144104, 19.830488204956055, 732.01171875)
[INFO] - NEWGROUND-IDLV needed 20.02821946144104 seconds!
(False, 18.935537815093994, 18.733805656433105, 835.326171875)
[INFO] - NEWGROUND-GRINGO needed 18.935537815093994 seconds!

>>>> Now solving: instance_0040.lp

(True, 1800, 1800, 44.07421875)
[INFO] - GRINGO timed out (1800)!
(True, 1800, 1800, 21049296.0)
[INFO] - IDLV timed out (1800)!
(False, 39.135072469711304, 38.7334680557251, 1294.802734375)
[INFO] - NEWGROUND-IDLV needed 39.135072469711304 seconds!
(False, 39.11043095588684, 38.709956645965576, 1479.984375)
[INFO] - NEWGROUND-GRINGO needed 39.11043095588684 seconds!

>>>> Now solving: instance_0050.lp

(True, 1800, 1800, 70.001953125)
[INFO] - GRINGO timed out (1800)!
(True, 1800, 1800, 21666872.0)
[INFO] - IDLV timed out (1800)!
(False, 140.99076294898987, 65.33308053016663, 2017.01953125)
[INFO] - NEWGROUND-IDLV needed 140.99076294898987 seconds!
(False, 140.3306107521057, 68.84633779525757, 2307.650390625)
[INFO] - NEWGROUND-GRINGO needed 140.3306107521057 seconds!

>>>> Now solving: instance_0060.lp

(True, 1800, 1800, 101.7890625)
[INFO] - GRINGO timed out (1800)!
(True, 1800, 1800, 20635556.0)
[INFO] - IDLV timed out (1800)!
(False, 223.54809260368347, 107.55778336524963, 3036.7275390625)
[INFO] - NEWGROUND-IDLV needed 223.54809260368347 seconds!
(False, 237.7790253162384, 107.56625199317932, 3318.32421875)
[INFO] - NEWGROUND-GRINGO needed 237.7790253162384 seconds!

>>>> Now solving: instance_0070.lp

(True, 1800, 1800, 139.435546875)
[INFO] - GRINGO timed out (1800)!
(True, 1800, 1800, 20388084.0)
[INFO] - IDLV timed out (1800)!
(False, 571.2473576068878, 149.9025435447693, 4300.8291015625)
[INFO] - NEWGROUND-IDLV needed 571.2473576068878 seconds!
(False, 406.81801891326904, 151.09120202064514, 4776.64453125)
[INFO] - NEWGROUND-GRINGO needed 406.81801891326904 seconds!

>>>> Now solving: instance_0080.lp

(True, 1800, 1800, 185.4443359375)
[INFO] - GRINGO timed out (1800)!
(True, 1800, 1800, 22018580.0)
[INFO] - IDLV timed out (1800)!
(False, 757.1323680877686, 208.92394471168518, 5720.509765625)
[INFO] - NEWGROUND-IDLV needed 757.1323680877686 seconds!
(False, 1586.16481924057, 202.39366936683655, 6316.810546875)
[INFO] - NEWGROUND-GRINGO needed 1586.16481924057 seconds!

>>>> Now solving: instance_0090.lp

(True, 1800, 1800, 238.1005859375)
[INFO] - GRINGO timed out (1800)!
(True, 1800, 1800, 21807716.0)
[INFO] - IDLV timed out (1800)!
(False, 268.6670150756836, 265.85509061813354, 7354.94921875)
[INFO] - NEWGROUND-IDLV needed 268.6670150756836 seconds!
(False, 1477.2174274921417, 249.75127506256104, 8134.3154296875)
[INFO] - NEWGROUND-GRINGO needed 1477.2174274921417 seconds!

>>>> Now solving: instance_0100.lp

(True, 1800, 1800, 297.0068359375)
[INFO] - GRINGO timed out (1800)!
Ran out of input
(True, 1800, 1800, 9223372036854775807)
[INFO] - IDLV timed out (1800)!
(False, 390.5034396648407, 386.56143951416016, 9115.7294921875)
[INFO] - NEWGROUND-IDLV needed 390.5034396648407 seconds!
(True, 1800, 378.5994200706482, 10284.00390625)
[INFO] - NEWGROUND-GRINGO timed out (1800)!

>>>> Now solving: instance_0110.lp

(True, 1800, 1800, 362.1630859375)
[INFO] - GRINGO timed out (1800)!
Ran out of input
(True, 1800, 1800, 9223372036854775807)
[INFO] - IDLV timed out (1800)!
(False, 456.6156861782074, 451.71738505363464, 11031.5498046875)
[INFO] - NEWGROUND-IDLV needed 456.6156861782074 seconds!
(True, 1800, 425.4375865459442, 12445.275390625)
[INFO] - NEWGROUND-GRINGO timed out (1800)!

>>>> Now solving: instance_0120.lp

(True, 1800, 1800, 433.5693359375)
[INFO] - GRINGO timed out (1800)!
Ran out of input
(True, 1800, 1800, 9223372036854775807)
[INFO] - IDLV timed out (1800)!
(False, 583.9159715175629, 577.8398821353912, 13129.7431640625)
[INFO] - NEWGROUND-IDLV needed 583.9159715175629 seconds!
(True, 1800, 537.2324669361115, 14812.4482421875)
[INFO] - NEWGROUND-GRINGO timed out (1800)!

>>>> Now solving: instance_0130.lp

(True, 1800, 1800, 511.2255859375)
[INFO] - GRINGO timed out (1800)!
Ran out of input
(True, 1800, 1800, 9223372036854775807)
[INFO] - IDLV timed out (1800)!
(False, 690.7027876377106, 683.1020634174347, 15410.1630859375)
[INFO] - NEWGROUND-IDLV needed 690.7027876377106 seconds!
(True, 1800, 680.408979177475, 17385.578125)
[INFO] - NEWGROUND-GRINGO timed out (1800)!

>>>> Now solving: instance_0140.lp

(True, 1800, 1800, 595.1318359375)
[INFO] - GRINGO timed out (1800)!
Ran out of input
(True, 1800, 1800, 9223372036854775807)
[INFO] - IDLV timed out (1800)!
(False, 801.715206861496, 792.2638235092163, 17872.8095703125)
[INFO] - NEWGROUND-IDLV needed 801.715206861496 seconds!
(True, 1800, 850.2786951065063, 20164.6650390625)
[INFO] - NEWGROUND-GRINGO timed out (1800)!

>>>> Now solving: instance_0150.lp

(True, 1800, 1800, 685.2880859375)
[INFO] - GRINGO timed out (1800)!
Ran out of input
(True, 1800, 1800, 9223372036854775807)
[INFO] - IDLV timed out (1800)!
(False, 930.892692565918, 920.239166021347, 20517.6826171875)
[INFO] - NEWGROUND-IDLV needed 930.892692565918 seconds!
(True, 1800, 1014.9669208526611, 23149.708984375)
[INFO] - NEWGROUND-GRINGO timed out (1800)!

>>>> Now solving: instance_0180.lp

(True, 1800, 1800, 993.2412109375)
[INFO] - GRINGO timed out (1800)!
Ran out of input
(True, 1800, 1800, 9223372036854775807)
[INFO] - IDLV timed out (1800)!
(False, 1558.1958510875702, 1539.3711488246918, 29545.619140625)
[INFO] - NEWGROUND-IDLV needed 1558.1958510875702 seconds!
(False, 1531.765293121338, 1512.554822921753, 33340.5361328125)
[INFO] - NEWGROUND-GRINGO needed 1531.765293121338 seconds!

>>>> Now solving: instance_0220.lp

(True, 1800, 1800, 1491.3662109375)
[INFO] - GRINGO timed out (1800)!
Ran out of input
(True, 1800, 1800, 9223372036854775807)
[INFO] - IDLV timed out (1800)!
(True, 1800, 1800, 46077.9501953125)
[INFO] - NEWGROUND-IDLV timed out (1800)!
(True, 1800, 1800, 47237.1923828125)
[INFO] - NEWGROUND-GRINGO timed out (1800)!

>>>> Now solving: instance_0260.lp

(True, 1800, 1800, 2123.1064453125)
[INFO] - GRINGO timed out (1800)!
Ran out of input
(True, 1800, 1800, 9223372036854775807)
[INFO] - IDLV timed out (1800)!
(True, 1800, 1800, 40889.5869140625)
[INFO] - NEWGROUND-IDLV timed out (1800)!
(True, 1800, 1800, 41675.6767578125)
[INFO] - NEWGROUND-GRINGO timed out (1800)!

>>>> Now solving: instance_0300.lp

(True, 1800, 1800, 2864.8642578125)
[INFO] - GRINGO timed out (1800)!
Ran out of input
(True, 1800, 1800, 9223372036854775807)
[INFO] - IDLV timed out (1800)!
(True, 1800, 1800, 32921.0654296875)
[INFO] - NEWGROUND-IDLV timed out (1800)!
(True, 1800, 1800, 33739.0791015625)
[INFO] - NEWGROUND-GRINGO timed out (1800)!

>>>> Now solving: instance_0310.lp

(True, 1800, 1800, 3066.9052734375)
[INFO] - GRINGO timed out (1800)!
Ran out of input
(True, 1800, 1800, 9223372036854775807)
[INFO] - IDLV timed out (1800)!
(True, 1800, 1800, 29797.3623046875)
[INFO] - NEWGROUND-IDLV timed out (1800)!
(True, 1800, 1800, 32546.3388671875)
[INFO] - NEWGROUND-GRINGO timed out (1800)!

>>>> Now solving: instance_0320.lp

Ran out of input
(True, 1800, 1800, 9223372036854775807)
[INFO] - GRINGO timed out (1800)!
Ran out of input
(True, 1800, 1800, 9223372036854775807)
[INFO] - IDLV timed out (1800)!
Ran out of input
(True, 1800, 1800, 9223372036854775807)
[INFO] - NEWGROUND-IDLV timed out (1800)!
Ran out of input
(True, 1800, 1800, 9223372036854775807)
[INFO] - NEWGROUND-GRINGO timed out (1800)!

>>>> Now solving: instance_0330.lp

Ran out of input
(True, 1800, 1800, 9223372036854775807)
[INFO] - GRINGO timed out (1800)!
Ran out of input
(True, 1800, 1800, 9223372036854775807)
[INFO] - IDLV timed out (1800)!
Ran out of input
(True, 1800, 1800, 9223372036854775807)
[INFO] - NEWGROUND-IDLV timed out (1800)!
Ran out of input
(True, 1800, 1800, 9223372036854775807)
[INFO] - NEWGROUND-GRINGO timed out (1800)!

>>>> Now solving: instance_0340.lp

Ran out of input
(True, 1800, 1800, 9223372036854775807)
[INFO] - GRINGO timed out (1800)!
Ran out of input
(True, 1800, 1800, 9223372036854775807)
[INFO] - IDLV timed out (1800)!
Ran out of input
(True, 1800, 1800, 9223372036854775807)
[INFO] - NEWGROUND-IDLV timed out (1800)!
Ran out of input
(True, 1800, 1800, 9223372036854775807)
[INFO] - NEWGROUND-GRINGO timed out (1800)!

>>>> Now solving: instance_0350.lp

Ran out of input
(True, 1800, 1800, 9223372036854775807)
[INFO] - GRINGO timed out (1800)!
Ran out of input
(True, 1800, 1800, 9223372036854775807)
[INFO] - IDLV timed out (1800)!
Ran out of input
(True, 1800, 1800, 9223372036854775807)
[INFO] - NEWGROUND-IDLV timed out (1800)!
Ran out of input
(True, 1800, 1800, 9223372036854775807)
[INFO] - NEWGROUND-GRINGO timed out (1800)!

>>>> Now solving: instance_0360.lp

Ran out of input
(True, 1800, 1800, 9223372036854775807)
[INFO] - GRINGO timed out (1800)!
Ran out of input
(True, 1800, 1800, 9223372036854775807)
[INFO] - IDLV timed out (1800)!
Ran out of input
(True, 1800, 1800, 9223372036854775807)
[INFO] - NEWGROUND-IDLV timed out (1800)!
Ran out of input
(True, 1800, 1800, 9223372036854775807)
[INFO] - NEWGROUND-GRINGO timed out (1800)!

>>>> Now solving: instance_0370.lp

Ran out of input
(True, 1800, 1800, 9223372036854775807)
[INFO] - GRINGO timed out (1800)!
Ran out of input
(True, 1800, 1800, 9223372036854775807)
[INFO] - IDLV timed out (1800)!
Ran out of input
(True, 1800, 1800, 9223372036854775807)
[INFO] - NEWGROUND-IDLV timed out (1800)!
Ran out of input
(True, 1800, 1800, 9223372036854775807)
[INFO] - NEWGROUND-GRINGO timed out (1800)!

>>>> Now solving: instance_0380.lp

Ran out of input
(True, 1800, 1800, 9223372036854775807)
[INFO] - GRINGO timed out (1800)!
Ran out of input
(True, 1800, 1800, 9223372036854775807)
[INFO] - IDLV timed out (1800)!
Ran out of input
(True, 1800, 1800, 9223372036854775807)
[INFO] - NEWGROUND-IDLV timed out (1800)!
Ran out of input
(True, 1800, 1800, 9223372036854775807)
[INFO] - NEWGROUND-GRINGO timed out (1800)!

>>>> Now solving: instance_0390.lp

Ran out of input
(True, 1800, 1800, 9223372036854775807)
[INFO] - GRINGO timed out (1800)!
Ran out of input
(True, 1800, 1800, 9223372036854775807)
[INFO] - IDLV timed out (1800)!
Ran out of input
(True, 1800, 1800, 9223372036854775807)
[INFO] - NEWGROUND-IDLV timed out (1800)!
Ran out of input
(True, 1800, 1800, 9223372036854775807)
[INFO] - NEWGROUND-GRINGO timed out (1800)!

>>>> Now solving: instance_0400.lp

Ran out of input
(True, 1800, 1800, 9223372036854775807)
[INFO] - GRINGO timed out (1800)!
Ran out of input
(True, 1800, 1800, 9223372036854775807)
[INFO] - IDLV timed out (1800)!
Ran out of input
(True, 1800, 1800, 9223372036854775807)
[INFO] - NEWGROUND-IDLV timed out (1800)!
Ran out of input
(True, 1800, 1800, 9223372036854775807)
[INFO] - NEWGROUND-GRINGO timed out (1800)!

>>>> Now solving: instance_0410.lp

Ran out of input
(True, 1800, 1800, 9223372036854775807)
[INFO] - GRINGO timed out (1800)!
Ran out of input
(True, 1800, 1800, 9223372036854775807)
[INFO] - IDLV timed out (1800)!
Ran out of input
(True, 1800, 1800, 9223372036854775807)
[INFO] - NEWGROUND-IDLV timed out (1800)!
Ran out of input
(True, 1800, 1800, 9223372036854775807)
[INFO] - NEWGROUND-GRINGO timed out (1800)!

>>>> Now solving: instance_0420.lp

Ran out of input
(True, 1800, 1800, 9223372036854775807)
[INFO] - GRINGO timed out (1800)!
Ran out of input
(True, 1800, 1800, 9223372036854775807)
[INFO] - IDLV timed out (1800)!
Ran out of input
(True, 1800, 1800, 9223372036854775807)
[INFO] - NEWGROUND-IDLV timed out (1800)!
Ran out of input
(True, 1800, 1800, 9223372036854775807)
[INFO] - NEWGROUND-GRINGO timed out (1800)!

>>>> Now solving: instance_0430.lp

Ran out of input
(True, 1800, 1800, 9223372036854775807)
[INFO] - GRINGO timed out (1800)!
Ran out of input
(True, 1800, 1800, 9223372036854775807)
[INFO] - IDLV timed out (1800)!
Ran out of input
(True, 1800, 1800, 9223372036854775807)
[INFO] - NEWGROUND-IDLV timed out (1800)!
Ran out of input
(True, 1800, 1800, 9223372036854775807)
[INFO] - NEWGROUND-GRINGO timed out (1800)!

>>>> Now solving: instance_0440.lp

Ran out of input
(True, 1800, 1800, 9223372036854775807)
[INFO] - GRINGO timed out (1800)!
Ran out of input
(True, 1800, 1800, 9223372036854775807)
[INFO] - IDLV timed out (1800)!
Ran out of input
(True, 1800, 1800, 9223372036854775807)
[INFO] - NEWGROUND-IDLV timed out (1800)!
Ran out of input
(True, 1800, 1800, 9223372036854775807)
[INFO] - NEWGROUND-GRINGO timed out (1800)!

>>>> Now solving: instance_0450.lp

Ran out of input
(True, 1800, 1800, 9223372036854775807)
[INFO] - GRINGO timed out (1800)!
Ran out of input
(True, 1800, 1800, 9223372036854775807)
[INFO] - IDLV timed out (1800)!
Ran out of input
(True, 1800, 1800, 9223372036854775807)
[INFO] - NEWGROUND-IDLV timed out (1800)!
Ran out of input
(True, 1800, 1800, 9223372036854775807)
[INFO] - NEWGROUND-GRINGO timed out (1800)!
