
>>>> Now solving: instance_0020.lp

(False, 0.9535202980041504, 0.388352632522583, 3384.7451171875)
[INFO] - GRINGO needed 0.9535202980041504 seconds!
(False, 0.10371565818786621, 0.048624277114868164, 344.9501953125)
[INFO] - IDLV needed 0.10371565818786621 seconds!
(False, 1.67140531539917, 1.6159772872924805, 301.1455078125)
[INFO] - NEWGROUND-IDLV needed 1.67140531539917 seconds!
(False, 2.47493314743042, 1.9698991775512695, 3400.533203125)
[INFO] - NEWGROUND-GRINGO needed 2.47493314743042 seconds!

>>>> Now solving: instance_0060.lp

(False, 85.04476261138916, 27.730480432510376, 328904.328125)
[INFO] - GRINGO needed 85.04476261138916 seconds!
(False, 2.5663366317749023, 0.8045003414154053, 9854.7431640625)
[INFO] - IDLV needed 2.5663366317749023 seconds!
(False, 13.793936491012573, 12.391457319259644, 6985.810546875)
[INFO] - NEWGROUND-IDLV needed 13.793936491012573 seconds!
(False, 98.89230823516846, 41.386406898498535, 326626.396484375)
[INFO] - NEWGROUND-GRINGO needed 98.89230823516846 seconds!

>>>> Now solving: instance_0100.lp

(True, 1800, 224.69064688682556, 2828533.78515625)
[INFO] - GRINGO timed out (1800)!
(False, 12.524247884750366, 3.6244356632232666, 49857.05078125)
[INFO] - IDLV needed 12.524247884750366 seconds!
(False, 43.21464490890503, 36.04835820198059, 32901.416015625)
[INFO] - NEWGROUND-IDLV needed 43.21464490890503 seconds!
(True, 1800, 267.27329754829407, 2795554.0673828125)
[INFO] - NEWGROUND-GRINGO timed out (1800)!

>>>> Now solving: instance_0140.lp

(True, 1800, 818.0394010543823, 11267689.141601562)
[INFO] - GRINGO timed out (1800)!
(False, 35.67378902435303, 10.25193166732788, 138520.2109375)
[INFO] - IDLV needed 35.67378902435303 seconds!
(False, 94.019376039505, 74.09593987464905, 88305.75390625)
[INFO] - NEWGROUND-IDLV needed 94.019376039505 seconds!
(True, 1800, 940.3639957904816, 11152658.899414062)
[INFO] - NEWGROUND-GRINGO timed out (1800)!

>>>> Now solving: instance_0180.lp

Ran out of input
(True, 1800, 1800, 9223372036854775807)
[INFO] - GRINGO timed out (1800)!
(False, 82.26583957672119, 21.17423963546753, 293967.373046875)
[INFO] - IDLV needed 82.26583957672119 seconds!
(False, 190.14951872825623, 133.22296118736267, 185246.255859375)
[INFO] - NEWGROUND-IDLV needed 190.14951872825623 seconds!
Ran out of input
(True, 1800, 1800, 9223372036854775807)
[INFO] - NEWGROUND-GRINGO timed out (1800)!

>>>> Now solving: instance_0220.lp

Ran out of input
(True, 1800, 1800, 9223372036854775807)
[INFO] - GRINGO timed out (1800)!
(False, 151.83734130859375, 39.31347370147705, 585942.2607421875)
[INFO] - IDLV needed 151.83734130859375 seconds!
(False, 311.9934434890747, 209.07995414733887, 372124.771484375)
[INFO] - NEWGROUND-IDLV needed 311.9934434890747 seconds!
Ran out of input
(True, 1800, 1800, 9223372036854775807)
[INFO] - NEWGROUND-GRINGO timed out (1800)!

>>>> Now solving: instance_0260.lp

Ran out of input
(True, 1800, 1800, 9223372036854775807)
[INFO] - GRINGO timed out (1800)!
(False, 256.9479489326477, 65.5611047744751, 982112.2412109375)
[INFO] - IDLV needed 256.9479489326477 seconds!
(False, 497.25976157188416, 288.40917563438416, 619608.5703125)
[INFO] - NEWGROUND-IDLV needed 497.25976157188416 seconds!
Command '['./python3', 'start_benchmark_newground_helper.py', 'gASVsgAAAAAAAAB9lCiMDmNsaW5nb19jb21tYW5klIwILi9jbGluZ2+UjA5ncmluZ29fY29tbWFuZJSMCC4vZ3JpbmdvlIwMaWRsdl9jb21tYW5klIwKLi9pZGx2LmJpbpSMDnB5dGhvbl9jb21tYW5klIwJLi9weXRob24zlIwScmV3cml0aW5nX3N0cmF0ZWd5lIwkLS1hZ2dyZWdhdGUtc3RyYXRlZ3k9cmV3cml0ZS1uby1ib2R5lHUu', 'gASVBAAAAAAAAABNCAcu', 'gASILg==', 'gASVFAAAAAAAAACMEE5FV0dST1VORC1HUklOR0+ULg==']' timed out after 1980 seconds
(True, 1800, 1800, 9223372036854775807)
[INFO] - NEWGROUND-GRINGO timed out (1800)!

>>>> Now solving: instance_0300.lp

Ran out of input
(True, 1800, 1800, 9223372036854775807)
[INFO] - GRINGO timed out (1800)!
(False, 385.574090719223, 99.71502113342285, 1507928.4404296875)
[INFO] - IDLV needed 385.574090719223 seconds!
(False, 668.3743014335632, 393.13937306404114, 948201.9921875)
[INFO] - NEWGROUND-IDLV needed 668.3743014335632 seconds!
Command '['./python3', 'start_benchmark_newground_helper.py', 'gASVsgAAAAAAAAB9lCiMDmNsaW5nb19jb21tYW5klIwILi9jbGluZ2+UjA5ncmluZ29fY29tbWFuZJSMCC4vZ3JpbmdvlIwMaWRsdl9jb21tYW5klIwKLi9pZGx2LmJpbpSMDnB5dGhvbl9jb21tYW5klIwJLi9weXRob24zlIwScmV3cml0aW5nX3N0cmF0ZWd5lIwkLS1hZ2dyZWdhdGUtc3RyYXRlZ3k9cmV3cml0ZS1uby1ib2R5lHUu', 'gASVBAAAAAAAAABNCAcu', 'gASILg==', 'gASVFAAAAAAAAACMEE5FV0dST1VORC1HUklOR0+ULg==']' timed out after 1980 seconds
(True, 1800, 1800, 9223372036854775807)
[INFO] - NEWGROUND-GRINGO timed out (1800)!

>>>> Now solving: instance_0310.lp

Ran out of input
(True, 1800, 1800, 9223372036854775807)
[INFO] - GRINGO timed out (1800)!
(False, 444.7008948326111, 110.99281287193298, 1661590.935546875)
[INFO] - IDLV needed 444.7008948326111 seconds!
(False, 710.3692469596863, 418.6656882762909, 1045846.2822265625)
[INFO] - NEWGROUND-IDLV needed 710.3692469596863 seconds!
Command '['./python3', 'start_benchmark_newground_helper.py', 'gASVsgAAAAAAAAB9lCiMDmNsaW5nb19jb21tYW5klIwILi9jbGluZ2+UjA5ncmluZ29fY29tbWFuZJSMCC4vZ3JpbmdvlIwMaWRsdl9jb21tYW5klIwKLi9pZGx2LmJpbpSMDnB5dGhvbl9jb21tYW5klIwJLi9weXRob24zlIwScmV3cml0aW5nX3N0cmF0ZWd5lIwkLS1hZ2dyZWdhdGUtc3RyYXRlZ3k9cmV3cml0ZS1uby1ib2R5lHUu', 'gASVBAAAAAAAAABNCAcu', 'gASILg==', 'gASVFAAAAAAAAACMEE5FV0dST1VORC1HUklOR0+ULg==']' timed out after 1980 seconds
(True, 1800, 1800, 9223372036854775807)
[INFO] - NEWGROUND-GRINGO timed out (1800)!

>>>> Now solving: instance_0320.lp

Ran out of input
(True, 1800, 1800, 9223372036854775807)
[INFO] - GRINGO timed out (1800)!
(False, 486.6173965930939, 119.33084034919739, 1825961.986328125)
[INFO] - IDLV needed 486.6173965930939 seconds!
(False, 757.8201620578766, 447.2544209957123, 1148809.9365234375)
[INFO] - NEWGROUND-IDLV needed 757.8201620578766 seconds!
Command '['./python3', 'start_benchmark_newground_helper.py', 'gASVsgAAAAAAAAB9lCiMDmNsaW5nb19jb21tYW5klIwILi9jbGluZ2+UjA5ncmluZ29fY29tbWFuZJSMCC4vZ3JpbmdvlIwMaWRsdl9jb21tYW5klIwKLi9pZGx2LmJpbpSMDnB5dGhvbl9jb21tYW5klIwJLi9weXRob24zlIwScmV3cml0aW5nX3N0cmF0ZWd5lIwkLS1hZ2dyZWdhdGUtc3RyYXRlZ3k9cmV3cml0ZS1uby1ib2R5lHUu', 'gASVBAAAAAAAAABNCAcu', 'gASILg==', 'gASVFAAAAAAAAACMEE5FV0dST1VORC1HUklOR0+ULg==']' timed out after 1980 seconds
(True, 1800, 1800, 9223372036854775807)
[INFO] - NEWGROUND-GRINGO timed out (1800)!

>>>> Now solving: instance_0330.lp

Ran out of input
(True, 1800, 1800, 9223372036854775807)
[INFO] - GRINGO timed out (1800)!
(False, 534.4113774299622, 132.06881022453308, 2007014.8486328125)
[INFO] - IDLV needed 534.4113774299622 seconds!
(False, 957.7574598789215, 478.35624647140503, 1260333.654296875)
[INFO] - NEWGROUND-IDLV needed 957.7574598789215 seconds!
Command '['./python3', 'start_benchmark_newground_helper.py', 'gASVsgAAAAAAAAB9lCiMDmNsaW5nb19jb21tYW5klIwILi9jbGluZ2+UjA5ncmluZ29fY29tbWFuZJSMCC4vZ3JpbmdvlIwMaWRsdl9jb21tYW5klIwKLi9pZGx2LmJpbpSMDnB5dGhvbl9jb21tYW5klIwJLi9weXRob24zlIwScmV3cml0aW5nX3N0cmF0ZWd5lIwkLS1hZ2dyZWdhdGUtc3RyYXRlZ3k9cmV3cml0ZS1uby1ib2R5lHUu', 'gASVBAAAAAAAAABNCAcu', 'gASILg==', 'gASVFAAAAAAAAACMEE5FV0dST1VORC1HUklOR0+ULg==']' timed out after 1980 seconds
(True, 1800, 1800, 9223372036854775807)
[INFO] - NEWGROUND-GRINGO timed out (1800)!

>>>> Now solving: instance_0340.lp

Ran out of input
(True, 1800, 1800, 9223372036854775807)
[INFO] - GRINGO timed out (1800)!
(False, 603.5579433441162, 160.13831448554993, 2223217.4755859375)
[INFO] - IDLV needed 603.5579433441162 seconds!
(False, 1011.8494350910187, 519.5510442256927, 1377401.146484375)
[INFO] - NEWGROUND-IDLV needed 1011.8494350910187 seconds!
Command '['./python3', 'start_benchmark_newground_helper.py', 'gASVsgAAAAAAAAB9lCiMDmNsaW5nb19jb21tYW5klIwILi9jbGluZ2+UjA5ncmluZ29fY29tbWFuZJSMCC4vZ3JpbmdvlIwMaWRsdl9jb21tYW5klIwKLi9pZGx2LmJpbpSMDnB5dGhvbl9jb21tYW5klIwJLi9weXRob24zlIwScmV3cml0aW5nX3N0cmF0ZWd5lIwkLS1hZ2dyZWdhdGUtc3RyYXRlZ3k9cmV3cml0ZS1uby1ib2R5lHUu', 'gASVBAAAAAAAAABNCAcu', 'gASILg==', 'gASVFAAAAAAAAACMEE5FV0dST1VORC1HUklOR0+ULg==']' timed out after 1980 seconds
(True, 1800, 1800, 9223372036854775807)
[INFO] - NEWGROUND-GRINGO timed out (1800)!

>>>> Now solving: instance_0350.lp

Ran out of input
(True, 1800, 1800, 9223372036854775807)
[INFO] - GRINGO timed out (1800)!
(True, 1800, 157.59601426124573, 2426406.8818359375)
[INFO] - IDLV timed out (1800)!
(False, 1093.152696609497, 556.0829172134399, 1501503.53515625)
[INFO] - NEWGROUND-IDLV needed 1093.152696609497 seconds!
Command '['./python3', 'start_benchmark_newground_helper.py', 'gASVsgAAAAAAAAB9lCiMDmNsaW5nb19jb21tYW5klIwILi9jbGluZ2+UjA5ncmluZ29fY29tbWFuZJSMCC4vZ3JpbmdvlIwMaWRsdl9jb21tYW5klIwKLi9pZGx2LmJpbpSMDnB5dGhvbl9jb21tYW5klIwJLi9weXRob24zlIwScmV3cml0aW5nX3N0cmF0ZWd5lIwkLS1hZ2dyZWdhdGUtc3RyYXRlZ3k9cmV3cml0ZS1uby1ib2R5lHUu', 'gASVBAAAAAAAAABNCAcu', 'gASILg==', 'gASVFAAAAAAAAACMEE5FV0dST1VORC1HUklOR0+ULg==']' timed out after 1980 seconds
(True, 1800, 1800, 9223372036854775807)
[INFO] - NEWGROUND-GRINGO timed out (1800)!

>>>> Now solving: instance_0360.lp

Ran out of input
(True, 1800, 1800, 9223372036854775807)
[INFO] - GRINGO timed out (1800)!
(True, 1800, 171.70327997207642, 2637419.1982421875)
[INFO] - IDLV timed out (1800)!
(False, 1183.8051946163177, 602.9261102676392, 1632843.677734375)
[INFO] - NEWGROUND-IDLV needed 1183.8051946163177 seconds!
Command '['./python3', 'start_benchmark_newground_helper.py', 'gASVsgAAAAAAAAB9lCiMDmNsaW5nb19jb21tYW5klIwILi9jbGluZ2+UjA5ncmluZ29fY29tbWFuZJSMCC4vZ3JpbmdvlIwMaWRsdl9jb21tYW5klIwKLi9pZGx2LmJpbpSMDnB5dGhvbl9jb21tYW5klIwJLi9weXRob24zlIwScmV3cml0aW5nX3N0cmF0ZWd5lIwkLS1hZ2dyZWdhdGUtc3RyYXRlZ3k9cmV3cml0ZS1uby1ib2R5lHUu', 'gASVBAAAAAAAAABNCAcu', 'gASILg==', 'gASVFAAAAAAAAACMEE5FV0dST1VORC1HUklOR0+ULg==']' timed out after 1980 seconds
(True, 1800, 1800, 9223372036854775807)
[INFO] - NEWGROUND-GRINGO timed out (1800)!

>>>> Now solving: instance_0370.lp

Ran out of input
(True, 1800, 1800, 9223372036854775807)
[INFO] - GRINGO timed out (1800)!
(True, 1800, 188.51671648025513, 2861585.7060546875)
[INFO] - IDLV timed out (1800)!
(False, 1214.884509086609, 631.9036133289337, 1771626.39453125)
[INFO] - NEWGROUND-IDLV needed 1214.884509086609 seconds!
Command '['./python3', 'start_benchmark_newground_helper.py', 'gASVsgAAAAAAAAB9lCiMDmNsaW5nb19jb21tYW5klIwILi9jbGluZ2+UjA5ncmluZ29fY29tbWFuZJSMCC4vZ3JpbmdvlIwMaWRsdl9jb21tYW5klIwKLi9pZGx2LmJpbpSMDnB5dGhvbl9jb21tYW5klIwJLi9weXRob24zlIwScmV3cml0aW5nX3N0cmF0ZWd5lIwkLS1hZ2dyZWdhdGUtc3RyYXRlZ3k9cmV3cml0ZS1uby1ib2R5lHUu', 'gASVBAAAAAAAAABNCAcu', 'gASILg==', 'gASVFAAAAAAAAACMEE5FV0dST1VORC1HUklOR0+ULg==']' timed out after 1980 seconds
(True, 1800, 1800, 9223372036854775807)
[INFO] - NEWGROUND-GRINGO timed out (1800)!

>>>> Now solving: instance_0380.lp

Ran out of input
(True, 1800, 1800, 9223372036854775807)
[INFO] - GRINGO timed out (1800)!
(True, 1800, 199.98384404182434, 3107066.7197265625)
[INFO] - IDLV timed out (1800)!
(False, 1281.6125044822693, 677.2584302425385, 1918053.90234375)
[INFO] - NEWGROUND-IDLV needed 1281.6125044822693 seconds!
Command '['./python3', 'start_benchmark_newground_helper.py', 'gASVsgAAAAAAAAB9lCiMDmNsaW5nb19jb21tYW5klIwILi9jbGluZ2+UjA5ncmluZ29fY29tbWFuZJSMCC4vZ3JpbmdvlIwMaWRsdl9jb21tYW5klIwKLi9pZGx2LmJpbpSMDnB5dGhvbl9jb21tYW5klIwJLi9weXRob24zlIwScmV3cml0aW5nX3N0cmF0ZWd5lIwkLS1hZ2dyZWdhdGUtc3RyYXRlZ3k9cmV3cml0ZS1uby1ib2R5lHUu', 'gASVBAAAAAAAAABNCAcu', 'gASILg==', 'gASVFAAAAAAAAACMEE5FV0dST1VORC1HUklOR0+ULg==']' timed out after 1980 seconds
(True, 1800, 1800, 9223372036854775807)
[INFO] - NEWGROUND-GRINGO timed out (1800)!

>>>> Now solving: instance_0390.lp

Ran out of input
(True, 1800, 1800, 9223372036854775807)
[INFO] - GRINGO timed out (1800)!
(True, 1800, 218.20359086990356, 3358152.2490234375)
[INFO] - IDLV timed out (1800)!
(False, 1350.3040466308594, 715.9812920093536, 2072335.1953125)
[INFO] - NEWGROUND-IDLV needed 1350.3040466308594 seconds!
Command '['./python3', 'start_benchmark_newground_helper.py', 'gASVsgAAAAAAAAB9lCiMDmNsaW5nb19jb21tYW5klIwILi9jbGluZ2+UjA5ncmluZ29fY29tbWFuZJSMCC4vZ3JpbmdvlIwMaWRsdl9jb21tYW5klIwKLi9pZGx2LmJpbpSMDnB5dGhvbl9jb21tYW5klIwJLi9weXRob24zlIwScmV3cml0aW5nX3N0cmF0ZWd5lIwkLS1hZ2dyZWdhdGUtc3RyYXRlZ3k9cmV3cml0ZS1uby1ib2R5lHUu', 'gASVBAAAAAAAAABNCAcu', 'gASILg==', 'gASVFAAAAAAAAACMEE5FV0dST1VORC1HUklOR0+ULg==']' timed out after 1980 seconds
(True, 1800, 1800, 9223372036854775807)
[INFO] - NEWGROUND-GRINGO timed out (1800)!

>>>> Now solving: instance_0400.lp

Ran out of input
(True, 1800, 1800, 9223372036854775807)
[INFO] - GRINGO timed out (1800)!
(True, 1800, 236.3044879436493, 3617179.0087890625)
[INFO] - IDLV timed out (1800)!
(True, 1800, 765.2770717144012, 2234676.14453125)
[INFO] - NEWGROUND-IDLV timed out (1800)!
Command '['./python3', 'start_benchmark_newground_helper.py', 'gASVsgAAAAAAAAB9lCiMDmNsaW5nb19jb21tYW5klIwILi9jbGluZ2+UjA5ncmluZ29fY29tbWFuZJSMCC4vZ3JpbmdvlIwMaWRsdl9jb21tYW5klIwKLi9pZGx2LmJpbpSMDnB5dGhvbl9jb21tYW5klIwJLi9weXRob24zlIwScmV3cml0aW5nX3N0cmF0ZWd5lIwkLS1hZ2dyZWdhdGUtc3RyYXRlZ3k9cmV3cml0ZS1uby1ib2R5lHUu', 'gASVBAAAAAAAAABNCAcu', 'gASILg==', 'gASVFAAAAAAAAACMEE5FV0dST1VORC1HUklOR0+ULg==']' timed out after 1980 seconds
(True, 1800, 1800, 9223372036854775807)
[INFO] - NEWGROUND-GRINGO timed out (1800)!

>>>> Now solving: instance_0410.lp

Ran out of input
(True, 1800, 1800, 9223372036854775807)
[INFO] - GRINGO timed out (1800)!
(True, 1800, 257.01966857910156, 3899047.9853515625)
[INFO] - IDLV timed out (1800)!
(True, 1800, 832.5594048500061, 2405276.970703125)
[INFO] - NEWGROUND-IDLV timed out (1800)!
Command '['./python3', 'start_benchmark_newground_helper.py', 'gASVsgAAAAAAAAB9lCiMDmNsaW5nb19jb21tYW5klIwILi9jbGluZ2+UjA5ncmluZ29fY29tbWFuZJSMCC4vZ3JpbmdvlIwMaWRsdl9jb21tYW5klIwKLi9pZGx2LmJpbpSMDnB5dGhvbl9jb21tYW5klIwJLi9weXRob24zlIwScmV3cml0aW5nX3N0cmF0ZWd5lIwkLS1hZ2dyZWdhdGUtc3RyYXRlZ3k9cmV3cml0ZS1uby1ib2R5lHUu', 'gASVBAAAAAAAAABNCAcu', 'gASILg==', 'gASVFAAAAAAAAACMEE5FV0dST1VORC1HUklOR0+ULg==']' timed out after 1980 seconds
(True, 1800, 1800, 9223372036854775807)
[INFO] - NEWGROUND-GRINGO timed out (1800)!

>>>> Now solving: instance_0420.lp

Ran out of input
(True, 1800, 1800, 9223372036854775807)
[INFO] - GRINGO timed out (1800)!
(True, 1800, 278.3340187072754, 4188594.0927734375)
[INFO] - IDLV timed out (1800)!
(True, 1800, 869.3359844684601, 2584346.884765625)
[INFO] - NEWGROUND-IDLV timed out (1800)!
Command '['./python3', 'start_benchmark_newground_helper.py', 'gASVsgAAAAAAAAB9lCiMDmNsaW5nb19jb21tYW5klIwILi9jbGluZ2+UjA5ncmluZ29fY29tbWFuZJSMCC4vZ3JpbmdvlIwMaWRsdl9jb21tYW5klIwKLi9pZGx2LmJpbpSMDnB5dGhvbl9jb21tYW5klIwJLi9weXRob24zlIwScmV3cml0aW5nX3N0cmF0ZWd5lIwkLS1hZ2dyZWdhdGUtc3RyYXRlZ3k9cmV3cml0ZS1uby1ib2R5lHUu', 'gASVBAAAAAAAAABNCAcu', 'gASILg==', 'gASVFAAAAAAAAACMEE5FV0dST1VORC1HUklOR0+ULg==']' timed out after 1980 seconds
(True, 1800, 1800, 9223372036854775807)
[INFO] - NEWGROUND-GRINGO timed out (1800)!

>>>> Now solving: instance_0430.lp

Ran out of input
(True, 1800, 1800, 9223372036854775807)
[INFO] - GRINGO timed out (1800)!
(True, 1800, 297.1964111328125, 4491808.3408203125)
[INFO] - IDLV timed out (1800)!
(True, 1800, 892.8208434581757, 2772089.810546875)
[INFO] - NEWGROUND-IDLV timed out (1800)!
Command '['./python3', 'start_benchmark_newground_helper.py', 'gASVsgAAAAAAAAB9lCiMDmNsaW5nb19jb21tYW5klIwILi9jbGluZ2+UjA5ncmluZ29fY29tbWFuZJSMCC4vZ3JpbmdvlIwMaWRsdl9jb21tYW5klIwKLi9pZGx2LmJpbpSMDnB5dGhvbl9jb21tYW5klIwJLi9weXRob24zlIwScmV3cml0aW5nX3N0cmF0ZWd5lIwkLS1hZ2dyZWdhdGUtc3RyYXRlZ3k9cmV3cml0ZS1uby1ib2R5lHUu', 'gASVBAAAAAAAAABNCAcu', 'gASILg==', 'gASVFAAAAAAAAACMEE5FV0dST1VORC1HUklOR0+ULg==']' timed out after 1980 seconds
(True, 1800, 1800, 9223372036854775807)
[INFO] - NEWGROUND-GRINGO timed out (1800)!

>>>> Now solving: instance_0440.lp

Ran out of input
(True, 1800, 1800, 9223372036854775807)
[INFO] - GRINGO timed out (1800)!
(True, 1800, 298.37461018562317, 4814907.9208984375)
[INFO] - IDLV timed out (1800)!
(True, 1800, 960.2660188674927, 2968709.748046875)
[INFO] - NEWGROUND-IDLV timed out (1800)!
Command '['./python3', 'start_benchmark_newground_helper.py', 'gASVsgAAAAAAAAB9lCiMDmNsaW5nb19jb21tYW5klIwILi9jbGluZ2+UjA5ncmluZ29fY29tbWFuZJSMCC4vZ3JpbmdvlIwMaWRsdl9jb21tYW5klIwKLi9pZGx2LmJpbpSMDnB5dGhvbl9jb21tYW5klIwJLi9weXRob24zlIwScmV3cml0aW5nX3N0cmF0ZWd5lIwkLS1hZ2dyZWdhdGUtc3RyYXRlZ3k9cmV3cml0ZS1uby1ib2R5lHUu', 'gASVBAAAAAAAAABNCAcu', 'gASILg==', 'gASVFAAAAAAAAACMEE5FV0dST1VORC1HUklOR0+ULg==']' timed out after 1980 seconds
(True, 1800, 1800, 9223372036854775807)
[INFO] - NEWGROUND-GRINGO timed out (1800)!

>>>> Now solving: instance_0450.lp

Ran out of input
(True, 1800, 1800, 9223372036854775807)
[INFO] - GRINGO timed out (1800)!
(True, 1800, 623.6524856090546, 10484529.264648438)
[INFO] - IDLV timed out (1800)!
Command '['./python3', 'start_benchmark_newground_helper.py', 'gASVsgAAAAAAAAB9lCiMDmNsaW5nb19jb21tYW5klIwILi9jbGluZ2+UjA5ncmluZ29fY29tbWFuZJSMCC4vZ3JpbmdvlIwMaWRsdl9jb21tYW5klIwKLi9pZGx2LmJpbpSMDnB5dGhvbl9jb21tYW5klIwJLi9weXRob24zlIwScmV3cml0aW5nX3N0cmF0ZWd5lIwkLS1hZ2dyZWdhdGUtc3RyYXRlZ3k9cmV3cml0ZS1uby1ib2R5lHUu', 'gASVBAAAAAAAAABNCAcu', 'gASILg==', 'gASVEgAAAAAAAACMDk5FV0dST1VORC1JRExWlC4=']' timed out after 1980 seconds
(True, 1800, 1800, 9223372036854775807)
[INFO] - NEWGROUND-IDLV timed out (1800)!
Command '['./python3', 'start_benchmark_newground_helper.py', 'gASVsgAAAAAAAAB9lCiMDmNsaW5nb19jb21tYW5klIwILi9jbGluZ2+UjA5ncmluZ29fY29tbWFuZJSMCC4vZ3JpbmdvlIwMaWRsdl9jb21tYW5klIwKLi9pZGx2LmJpbpSMDnB5dGhvbl9jb21tYW5klIwJLi9weXRob24zlIwScmV3cml0aW5nX3N0cmF0ZWd5lIwkLS1hZ2dyZWdhdGUtc3RyYXRlZ3k9cmV3cml0ZS1uby1ib2R5lHUu', 'gASVBAAAAAAAAABNCAcu', 'gASILg==', 'gASVFAAAAAAAAACMEE5FV0dST1VORC1HUklOR0+ULg==']' timed out after 1980 seconds
(True, 1800, 1800, 9223372036854775807)
[INFO] - NEWGROUND-GRINGO timed out (1800)!
