
>>>> Now solving: instance_0020.lp

(False, 0.7953240871429443, 0.30408811569213867, 3052.181640625)
[INFO] - GRINGO needed 0.7953240871429443 seconds!
(False, 0.10085034370422363, 0.0460357666015625, 314.142578125)
[INFO] - IDLV needed 0.10085034370422363 seconds!
(False, 1.7063491344451904, 1.649679183959961, 302.73046875)
[INFO] - NEWGROUND-IDLV needed 1.7063491344451904 seconds!
(False, 2.5020008087158203, 2.0210211277008057, 3099.7802734375)
[INFO] - NEWGROUND-GRINGO needed 2.5020008087158203 seconds!

>>>> Now solving: instance_0060.lp

(False, 74.17229413986206, 23.55319046974182, 290400.287109375)
[INFO] - GRINGO needed 74.17229413986206 seconds!
(False, 2.339383125305176, 0.7155146598815918, 8856.232421875)
[INFO] - IDLV needed 2.339383125305176 seconds!
(False, 12.972912788391113, 11.546751976013184, 6650.48046875)
[INFO] - NEWGROUND-IDLV needed 12.972912788391113 seconds!
(False, 86.87141251564026, 36.17467141151428, 284620.9609375)
[INFO] - NEWGROUND-GRINGO needed 86.87141251564026 seconds!

>>>> Now solving: instance_0100.lp

(True, 1800, 193.63695335388184, 2533278.7373046875)
[INFO] - GRINGO timed out (1800)!
(False, 11.887654781341553, 3.322145938873291, 46080.962890625)
[INFO] - IDLV needed 11.887654781341553 seconds!
(False, 44.10681128501892, 36.53749108314514, 32814.5166015625)
[INFO] - NEWGROUND-IDLV needed 44.10681128501892 seconds!
(True, 1800, 235.43330883979797, 2502478.728515625)
[INFO] - NEWGROUND-GRINGO timed out (1800)!

>>>> Now solving: instance_0140.lp

(True, 1800, 785.2343859672546, 9993939.4296875)
[INFO] - GRINGO timed out (1800)!
(False, 33.57079839706421, 9.12559962272644, 126929.279296875)
[INFO] - IDLV needed 33.57079839706421 seconds!
(False, 99.01952815055847, 71.37422108650208, 88309.8173828125)
[INFO] - NEWGROUND-IDLV needed 99.01952815055847 seconds!
(True, 1800, 890.0018169879913, 9904953.072265625)
[INFO] - NEWGROUND-GRINGO timed out (1800)!

>>>> Now solving: instance_0180.lp

Ran out of input
(True, 1800, 1800, 9223372036854775807)
[INFO] - GRINGO timed out (1800)!
(False, 73.13783407211304, 19.528122663497925, 269934.6962890625)
[INFO] - IDLV needed 73.13783407211304 seconds!
(False, 190.18843388557434, 120.42998552322388, 185250.17578125)
[INFO] - NEWGROUND-IDLV needed 190.18843388557434 seconds!
(True, 1800, 1800, 21425148.0)
[INFO] - NEWGROUND-GRINGO timed out (1800)!

>>>> Now solving: instance_0220.lp

Ran out of input
(True, 1800, 1800, 9223372036854775807)
[INFO] - GRINGO timed out (1800)!
(False, 138.38695192337036, 34.844794273376465, 529757.2529296875)
[INFO] - IDLV needed 138.38695192337036 seconds!
(False, 332.12489652633667, 186.79162120819092, 365162.232421875)
[INFO] - NEWGROUND-IDLV needed 332.12489652633667 seconds!
Ran out of input
(True, 1800, 1800, 9223372036854775807)
[INFO] - NEWGROUND-GRINGO timed out (1800)!

>>>> Now solving: instance_0260.lp

Ran out of input
(True, 1800, 1800, 9223372036854775807)
[INFO] - GRINGO timed out (1800)!
(False, 239.59947109222412, 57.6136360168457, 900370.4267578125)
[INFO] - IDLV needed 239.59947109222412 seconds!
(False, 577.0417366027832, 274.18950963020325, 619420.259765625)
[INFO] - NEWGROUND-IDLV needed 577.0417366027832 seconds!
Command '['./python3', 'start_benchmark_newground_helper.py', 'gASVsgAAAAAAAAB9lCiMDmNsaW5nb19jb21tYW5klIwILi9jbGluZ2+UjA5ncmluZ29fY29tbWFuZJSMCC4vZ3JpbmdvlIwMaWRsdl9jb21tYW5klIwKLi9pZGx2LmJpbpSMDnB5dGhvbl9jb21tYW5klIwJLi9weXRob24zlIwScmV3cml0aW5nX3N0cmF0ZWd5lIwkLS1hZ2dyZWdhdGUtc3RyYXRlZ3k9cmV3cml0ZS1uby1ib2R5lHUu', 'gASVBAAAAAAAAABNCAcu', 'gASILg==', 'gASVFAAAAAAAAACMEE5FV0dST1VORC1HUklOR0+ULg==']' timed out after 1980 seconds
(True, 1800, 1800, 9223372036854775807)
[INFO] - NEWGROUND-GRINGO timed out (1800)!

>>>> Now solving: instance_0300.lp

Ran out of input
(True, 1800, 1800, 9223372036854775807)
[INFO] - GRINGO timed out (1800)!
(False, 395.2516984939575, 96.58419394493103, 1386062.744140625)
[INFO] - IDLV needed 395.2516984939575 seconds!
(False, 810.4979422092438, 446.9713501930237, 948826.4267578125)
[INFO] - NEWGROUND-IDLV needed 810.4979422092438 seconds!
Command '['./python3', 'start_benchmark_newground_helper.py', 'gASVsgAAAAAAAAB9lCiMDmNsaW5nb19jb21tYW5klIwILi9jbGluZ2+UjA5ncmluZ29fY29tbWFuZJSMCC4vZ3JpbmdvlIwMaWRsdl9jb21tYW5klIwKLi9pZGx2LmJpbpSMDnB5dGhvbl9jb21tYW5klIwJLi9weXRob24zlIwScmV3cml0aW5nX3N0cmF0ZWd5lIwkLS1hZ2dyZWdhdGUtc3RyYXRlZ3k9cmV3cml0ZS1uby1ib2R5lHUu', 'gASVBAAAAAAAAABNCAcu', 'gASILg==', 'gASVFAAAAAAAAACMEE5FV0dST1VORC1HUklOR0+ULg==']' timed out after 1980 seconds
(True, 1800, 1800, 9223372036854775807)
[INFO] - NEWGROUND-GRINGO timed out (1800)!

>>>> Now solving: instance_0310.lp

Ran out of input
(True, 1800, 1800, 9223372036854775807)
[INFO] - GRINGO timed out (1800)!
(False, 402.81166887283325, 99.86250901222229, 1527751.90625)
[INFO] - IDLV needed 402.81166887283325 seconds!
(False, 771.3476810455322, 421.4800169467926, 1045310.587890625)
[INFO] - NEWGROUND-IDLV needed 771.3476810455322 seconds!
Command '['./python3', 'start_benchmark_newground_helper.py', 'gASVsgAAAAAAAAB9lCiMDmNsaW5nb19jb21tYW5klIwILi9jbGluZ2+UjA5ncmluZ29fY29tbWFuZJSMCC4vZ3JpbmdvlIwMaWRsdl9jb21tYW5klIwKLi9pZGx2LmJpbpSMDnB5dGhvbl9jb21tYW5klIwJLi9weXRob24zlIwScmV3cml0aW5nX3N0cmF0ZWd5lIwkLS1hZ2dyZWdhdGUtc3RyYXRlZ3k9cmV3cml0ZS1uby1ib2R5lHUu', 'gASVBAAAAAAAAABNCAcu', 'gASILg==', 'gASVFAAAAAAAAACMEE5FV0dST1VORC1HUklOR0+ULg==']' timed out after 1980 seconds
(True, 1800, 1800, 9223372036854775807)
[INFO] - NEWGROUND-GRINGO timed out (1800)!

>>>> Now solving: instance_0320.lp

Ran out of input
(True, 1800, 1800, 9223372036854775807)
[INFO] - GRINGO timed out (1800)!
(False, 439.7447016239166, 104.74274134635925, 1681638.3681640625)
[INFO] - IDLV needed 439.7447016239166 seconds!
(False, 801.2324419021606, 463.6242108345032, 1149435.5458984375)
[INFO] - NEWGROUND-IDLV needed 801.2324419021606 seconds!
Command '['./python3', 'start_benchmark_newground_helper.py', 'gASVsgAAAAAAAAB9lCiMDmNsaW5nb19jb21tYW5klIwILi9jbGluZ2+UjA5ncmluZ29fY29tbWFuZJSMCC4vZ3JpbmdvlIwMaWRsdl9jb21tYW5klIwKLi9pZGx2LmJpbpSMDnB5dGhvbl9jb21tYW5klIwJLi9weXRob24zlIwScmV3cml0aW5nX3N0cmF0ZWd5lIwkLS1hZ2dyZWdhdGUtc3RyYXRlZ3k9cmV3cml0ZS1uby1ib2R5lHUu', 'gASVBAAAAAAAAABNCAcu', 'gASILg==', 'gASVFAAAAAAAAACMEE5FV0dST1VORC1HUklOR0+ULg==']' timed out after 1980 seconds
(True, 1800, 1800, 9223372036854775807)
[INFO] - NEWGROUND-GRINGO timed out (1800)!

>>>> Now solving: instance_0330.lp

Ran out of input
(True, 1800, 1800, 9223372036854775807)
[INFO] - GRINGO timed out (1800)!
(False, 499.6120777130127, 119.73439860343933, 1843540.0966796875)
[INFO] - IDLV needed 499.6120777130127 seconds!
(False, 1243.5741403102875, 485.85029101371765, 1259154.556640625)
[INFO] - NEWGROUND-IDLV needed 1243.5741403102875 seconds!
Command '['./python3', 'start_benchmark_newground_helper.py', 'gASVsgAAAAAAAAB9lCiMDmNsaW5nb19jb21tYW5klIwILi9jbGluZ2+UjA5ncmluZ29fY29tbWFuZJSMCC4vZ3JpbmdvlIwMaWRsdl9jb21tYW5klIwKLi9pZGx2LmJpbpSMDnB5dGhvbl9jb21tYW5klIwJLi9weXRob24zlIwScmV3cml0aW5nX3N0cmF0ZWd5lIwkLS1hZ2dyZWdhdGUtc3RyYXRlZ3k9cmV3cml0ZS1uby1ib2R5lHUu', 'gASVBAAAAAAAAABNCAcu', 'gASILg==', 'gASVFAAAAAAAAACMEE5FV0dST1VORC1HUklOR0+ULg==']' timed out after 1980 seconds
(True, 1800, 1800, 9223372036854775807)
[INFO] - NEWGROUND-GRINGO timed out (1800)!

>>>> Now solving: instance_0340.lp

Ran out of input
(True, 1800, 1800, 9223372036854775807)
[INFO] - GRINGO timed out (1800)!
(False, 551.3711524009705, 136.92147874832153, 2016688.8037109375)
[INFO] - IDLV needed 551.3711524009705 seconds!
(False, 1236.4190213680267, 494.3465402126312, 1376623.90234375)
[INFO] - NEWGROUND-IDLV needed 1236.4190213680267 seconds!
Command '['./python3', 'start_benchmark_newground_helper.py', 'gASVsgAAAAAAAAB9lCiMDmNsaW5nb19jb21tYW5klIwILi9jbGluZ2+UjA5ncmluZ29fY29tbWFuZJSMCC4vZ3JpbmdvlIwMaWRsdl9jb21tYW5klIwKLi9pZGx2LmJpbpSMDnB5dGhvbl9jb21tYW5klIwJLi9weXRob24zlIwScmV3cml0aW5nX3N0cmF0ZWd5lIwkLS1hZ2dyZWdhdGUtc3RyYXRlZ3k9cmV3cml0ZS1uby1ib2R5lHUu', 'gASVBAAAAAAAAABNCAcu', 'gASILg==', 'gASVFAAAAAAAAACMEE5FV0dST1VORC1HUklOR0+ULg==']' timed out after 1980 seconds
(True, 1800, 1800, 9223372036854775807)
[INFO] - NEWGROUND-GRINGO timed out (1800)!

>>>> Now solving: instance_0350.lp

Ran out of input
(True, 1800, 1800, 9223372036854775807)
[INFO] - GRINGO timed out (1800)!
(False, 604.3967680931091, 139.58501434326172, 2196216.33203125)
[INFO] - IDLV needed 604.3967680931091 seconds!
(False, 1345.8748931884766, 566.7127871513367, 1501570.830078125)
[INFO] - NEWGROUND-IDLV needed 1345.8748931884766 seconds!
Command '['./python3', 'start_benchmark_newground_helper.py', 'gASVsgAAAAAAAAB9lCiMDmNsaW5nb19jb21tYW5klIwILi9jbGluZ2+UjA5ncmluZ29fY29tbWFuZJSMCC4vZ3JpbmdvlIwMaWRsdl9jb21tYW5klIwKLi9pZGx2LmJpbpSMDnB5dGhvbl9jb21tYW5klIwJLi9weXRob24zlIwScmV3cml0aW5nX3N0cmF0ZWd5lIwkLS1hZ2dyZWdhdGUtc3RyYXRlZ3k9cmV3cml0ZS1uby1ib2R5lHUu', 'gASVBAAAAAAAAABNCAcu', 'gASILg==', 'gASVFAAAAAAAAACMEE5FV0dST1VORC1HUklOR0+ULg==']' timed out after 1980 seconds
(True, 1800, 1800, 9223372036854775807)
[INFO] - NEWGROUND-GRINGO timed out (1800)!

>>>> Now solving: instance_0360.lp

Ran out of input
(True, 1800, 1800, 9223372036854775807)
[INFO] - GRINGO timed out (1800)!
(True, 1800, 155.90675950050354, 2422737.3271484375)
[INFO] - IDLV timed out (1800)!
(False, 1367.7737357616425, 606.5585680007935, 1632908.134765625)
[INFO] - NEWGROUND-IDLV needed 1367.7737357616425 seconds!
Command '['./python3', 'start_benchmark_newground_helper.py', 'gASVsgAAAAAAAAB9lCiMDmNsaW5nb19jb21tYW5klIwILi9jbGluZ2+UjA5ncmluZ29fY29tbWFuZJSMCC4vZ3JpbmdvlIwMaWRsdl9jb21tYW5klIwKLi9pZGx2LmJpbpSMDnB5dGhvbl9jb21tYW5klIwJLi9weXRob24zlIwScmV3cml0aW5nX3N0cmF0ZWd5lIwkLS1hZ2dyZWdhdGUtc3RyYXRlZ3k9cmV3cml0ZS1uby1ib2R5lHUu', 'gASVBAAAAAAAAABNCAcu', 'gASILg==', 'gASVFAAAAAAAAACMEE5FV0dST1VORC1HUklOR0+ULg==']' timed out after 1980 seconds
(True, 1800, 1800, 9223372036854775807)
[INFO] - NEWGROUND-GRINGO timed out (1800)!

>>>> Now solving: instance_0370.lp

Ran out of input
(True, 1800, 1800, 9223372036854775807)
[INFO] - GRINGO timed out (1800)!
(True, 1800, 171.72453141212463, 2634790.6982421875)
[INFO] - IDLV timed out (1800)!
(False, 1437.8728156089783, 648.4637136459351, 1771692.0625)
[INFO] - NEWGROUND-IDLV needed 1437.8728156089783 seconds!
Command '['./python3', 'start_benchmark_newground_helper.py', 'gASVsgAAAAAAAAB9lCiMDmNsaW5nb19jb21tYW5klIwILi9jbGluZ2+UjA5ncmluZ29fY29tbWFuZJSMCC4vZ3JpbmdvlIwMaWRsdl9jb21tYW5klIwKLi9pZGx2LmJpbpSMDnB5dGhvbl9jb21tYW5klIwJLi9weXRob24zlIwScmV3cml0aW5nX3N0cmF0ZWd5lIwkLS1hZ2dyZWdhdGUtc3RyYXRlZ3k9cmV3cml0ZS1uby1ib2R5lHUu', 'gASVBAAAAAAAAABNCAcu', 'gASILg==', 'gASVFAAAAAAAAACMEE5FV0dST1VORC1HUklOR0+ULg==']' timed out after 1980 seconds
(True, 1800, 1800, 9223372036854775807)
[INFO] - NEWGROUND-GRINGO timed out (1800)!

>>>> Now solving: instance_0380.lp

Ran out of input
(True, 1800, 1800, 9223372036854775807)
[INFO] - GRINGO timed out (1800)!
(True, 1800, 185.81719732284546, 2844891.7529296875)
[INFO] - IDLV timed out (1800)!
(False, 1486.0463433265686, 678.4029116630554, 1918127.044921875)
[INFO] - NEWGROUND-IDLV needed 1486.0463433265686 seconds!
Command '['./python3', 'start_benchmark_newground_helper.py', 'gASVsgAAAAAAAAB9lCiMDmNsaW5nb19jb21tYW5klIwILi9jbGluZ2+UjA5ncmluZ29fY29tbWFuZJSMCC4vZ3JpbmdvlIwMaWRsdl9jb21tYW5klIwKLi9pZGx2LmJpbpSMDnB5dGhvbl9jb21tYW5klIwJLi9weXRob24zlIwScmV3cml0aW5nX3N0cmF0ZWd5lIwkLS1hZ2dyZWdhdGUtc3RyYXRlZ3k9cmV3cml0ZS1uby1ib2R5lHUu', 'gASVBAAAAAAAAABNCAcu', 'gASILg==', 'gASVFAAAAAAAAACMEE5FV0dST1VORC1HUklOR0+ULg==']' timed out after 1980 seconds
(True, 1800, 1800, 9223372036854775807)
[INFO] - NEWGROUND-GRINGO timed out (1800)!

>>>> Now solving: instance_0390.lp

Ran out of input
(True, 1800, 1800, 9223372036854775807)
[INFO] - GRINGO timed out (1800)!
(True, 1800, 196.41161489486694, 3078968.5732421875)
[INFO] - IDLV timed out (1800)!
(False, 1576.752683877945, 739.0158679485321, 2072411.5703125)
[INFO] - NEWGROUND-IDLV needed 1576.752683877945 seconds!
Command '['./python3', 'start_benchmark_newground_helper.py', 'gASVsgAAAAAAAAB9lCiMDmNsaW5nb19jb21tYW5klIwILi9jbGluZ2+UjA5ncmluZ29fY29tbWFuZJSMCC4vZ3JpbmdvlIwMaWRsdl9jb21tYW5klIwKLi9pZGx2LmJpbpSMDnB5dGhvbl9jb21tYW5klIwJLi9weXRob24zlIwScmV3cml0aW5nX3N0cmF0ZWd5lIwkLS1hZ2dyZWdhdGUtc3RyYXRlZ3k9cmV3cml0ZS1uby1ib2R5lHUu', 'gASVBAAAAAAAAABNCAcu', 'gASILg==', 'gASVFAAAAAAAAACMEE5FV0dST1VORC1HUklOR0+ULg==']' timed out after 1980 seconds
(True, 1800, 1800, 9223372036854775807)
[INFO] - NEWGROUND-GRINGO timed out (1800)!

>>>> Now solving: instance_0400.lp

Ran out of input
(True, 1800, 1800, 9223372036854775807)
[INFO] - GRINGO timed out (1800)!
(True, 1800, 209.1012668609619, 3318805.8232421875)
[INFO] - IDLV timed out (1800)!
(True, 1800, 770.4942440986633, 2234755.123046875)
[INFO] - NEWGROUND-IDLV timed out (1800)!
Command '['./python3', 'start_benchmark_newground_helper.py', 'gASVsgAAAAAAAAB9lCiMDmNsaW5nb19jb21tYW5klIwILi9jbGluZ2+UjA5ncmluZ29fY29tbWFuZJSMCC4vZ3JpbmdvlIwMaWRsdl9jb21tYW5klIwKLi9pZGx2LmJpbpSMDnB5dGhvbl9jb21tYW5klIwJLi9weXRob24zlIwScmV3cml0aW5nX3N0cmF0ZWd5lIwkLS1hZ2dyZWdhdGUtc3RyYXRlZ3k9cmV3cml0ZS1uby1ib2R5lHUu', 'gASVBAAAAAAAAABNCAcu', 'gASILg==', 'gASVFAAAAAAAAACMEE5FV0dST1VORC1HUklOR0+ULg==']' timed out after 1980 seconds
(True, 1800, 1800, 9223372036854775807)
[INFO] - NEWGROUND-GRINGO timed out (1800)!

>>>> Now solving: instance_0410.lp

Ran out of input
(True, 1800, 1800, 9223372036854775807)
[INFO] - GRINGO timed out (1800)!
(True, 1800, 424.76578164100647, 7364356.7529296875)
[INFO] - IDLV timed out (1800)!
(True, 1800, 1800, 0.0)
[INFO] - NEWGROUND-IDLV timed out (1800)!
Command '['./python3', 'start_benchmark_newground_helper.py', 'gASVsgAAAAAAAAB9lCiMDmNsaW5nb19jb21tYW5klIwILi9jbGluZ2+UjA5ncmluZ29fY29tbWFuZJSMCC4vZ3JpbmdvlIwMaWRsdl9jb21tYW5klIwKLi9pZGx2LmJpbpSMDnB5dGhvbl9jb21tYW5klIwJLi9weXRob24zlIwScmV3cml0aW5nX3N0cmF0ZWd5lIwkLS1hZ2dyZWdhdGUtc3RyYXRlZ3k9cmV3cml0ZS1uby1ib2R5lHUu', 'gASVBAAAAAAAAABNCAcu', 'gASILg==', 'gASVFAAAAAAAAACMEE5FV0dST1VORC1HUklOR0+ULg==']' timed out after 1980 seconds
(True, 1800, 1800, 9223372036854775807)
[INFO] - NEWGROUND-GRINGO timed out (1800)!

>>>> Now solving: instance_0420.lp

Ran out of input
(True, 1800, 1800, 9223372036854775807)
[INFO] - GRINGO timed out (1800)!
(True, 1800, 449.60222148895264, 7921296.6982421875)
[INFO] - IDLV timed out (1800)!
(True, 1800, 1800, 9223372036854775807)
[INFO] - NEWGROUND-IDLV timed out (1800)!
Command '['./python3', 'start_benchmark_newground_helper.py', 'gASVsgAAAAAAAAB9lCiMDmNsaW5nb19jb21tYW5klIwILi9jbGluZ2+UjA5ncmluZ29fY29tbWFuZJSMCC4vZ3JpbmdvlIwMaWRsdl9jb21tYW5klIwKLi9pZGx2LmJpbpSMDnB5dGhvbl9jb21tYW5klIwJLi9weXRob24zlIwScmV3cml0aW5nX3N0cmF0ZWd5lIwkLS1hZ2dyZWdhdGUtc3RyYXRlZ3k9cmV3cml0ZS1uby1ib2R5lHUu', 'gASVBAAAAAAAAABNCAcu', 'gASILg==', 'gASVFAAAAAAAAACMEE5FV0dST1VORC1HUklOR0+ULg==']' timed out after 1980 seconds
(True, 1800, 1800, 9223372036854775807)
[INFO] - NEWGROUND-GRINGO timed out (1800)!

>>>> Now solving: instance_0430.lp

Ran out of input
(True, 1800, 1800, 9223372036854775807)
[INFO] - GRINGO timed out (1800)!
(True, 1800, 292.6804256439209, 4127127.4130859375)
[INFO] - IDLV timed out (1800)!
(True, 1800, 1017.8549902439117, 2772178.0625)
[INFO] - NEWGROUND-IDLV timed out (1800)!
Command '['./python3', 'start_benchmark_newground_helper.py', 'gASVsgAAAAAAAAB9lCiMDmNsaW5nb19jb21tYW5klIwILi9jbGluZ2+UjA5ncmluZ29fY29tbWFuZJSMCC4vZ3JpbmdvlIwMaWRsdl9jb21tYW5klIwKLi9pZGx2LmJpbpSMDnB5dGhvbl9jb21tYW5klIwJLi9weXRob24zlIwScmV3cml0aW5nX3N0cmF0ZWd5lIwkLS1hZ2dyZWdhdGUtc3RyYXRlZ3k9cmV3cml0ZS1uby1ib2R5lHUu', 'gASVBAAAAAAAAABNCAcu', 'gASILg==', 'gASVFAAAAAAAAACMEE5FV0dST1VORC1HUklOR0+ULg==']' timed out after 1980 seconds
(True, 1800, 1800, 9223372036854775807)
[INFO] - NEWGROUND-GRINGO timed out (1800)!

>>>> Now solving: instance_0440.lp

Ran out of input
(True, 1800, 1800, 9223372036854775807)
[INFO] - GRINGO timed out (1800)!
(True, 1800, 288.63916850090027, 4424839.1337890625)
[INFO] - IDLV timed out (1800)!
(True, 1800, 970.4636659622192, 2968801.13671875)
[INFO] - NEWGROUND-IDLV timed out (1800)!
Command '['./python3', 'start_benchmark_newground_helper.py', 'gASVsgAAAAAAAAB9lCiMDmNsaW5nb19jb21tYW5klIwILi9jbGluZ2+UjA5ncmluZ29fY29tbWFuZJSMCC4vZ3JpbmdvlIwMaWRsdl9jb21tYW5klIwKLi9pZGx2LmJpbpSMDnB5dGhvbl9jb21tYW5klIwJLi9weXRob24zlIwScmV3cml0aW5nX3N0cmF0ZWd5lIwkLS1hZ2dyZWdhdGUtc3RyYXRlZ3k9cmV3cml0ZS1uby1ib2R5lHUu', 'gASVBAAAAAAAAABNCAcu', 'gASILg==', 'gASVFAAAAAAAAACMEE5FV0dST1VORC1HUklOR0+ULg==']' timed out after 1980 seconds
(True, 1800, 1800, 9223372036854775807)
[INFO] - NEWGROUND-GRINGO timed out (1800)!

>>>> Now solving: instance_0450.lp

Ran out of input
(True, 1800, 1800, 9223372036854775807)
[INFO] - GRINGO timed out (1800)!
(True, 1800, 344.2620520591736, 4724968.9814453125)
[INFO] - IDLV timed out (1800)!
(True, 1800, 1147.0917239189148, 3174510.001953125)
[INFO] - NEWGROUND-IDLV timed out (1800)!
Command '['./python3', 'start_benchmark_newground_helper.py', 'gASVsgAAAAAAAAB9lCiMDmNsaW5nb19jb21tYW5klIwILi9jbGluZ2+UjA5ncmluZ29fY29tbWFuZJSMCC4vZ3JpbmdvlIwMaWRsdl9jb21tYW5klIwKLi9pZGx2LmJpbpSMDnB5dGhvbl9jb21tYW5klIwJLi9weXRob24zlIwScmV3cml0aW5nX3N0cmF0ZWd5lIwkLS1hZ2dyZWdhdGUtc3RyYXRlZ3k9cmV3cml0ZS1uby1ib2R5lHUu', 'gASVBAAAAAAAAABNCAcu', 'gASILg==', 'gASVFAAAAAAAAACMEE5FV0dST1VORC1HUklOR0+ULg==']' timed out after 1980 seconds
(True, 1800, 1800, 9223372036854775807)
[INFO] - NEWGROUND-GRINGO timed out (1800)!
