
>>>> Now solving: instance_0020.lp

(False, 0.6593835353851318, 0.26203250885009766, 2546.7587890625)
[INFO] - GRINGO needed 0.6593835353851318 seconds!
(False, 0.09185171127319336, 0.04276442527770996, 273.3388671875)
[INFO] - IDLV needed 0.09185171127319336 seconds!
(False, 1.5490949153900146, 1.4955346584320068, 290.60546875)
[INFO] - NEWGROUND-IDLV needed 1.5490949153900146 seconds!
(False, 2.1537864208221436, 1.7622671127319336, 2578.55078125)
[INFO] - NEWGROUND-GRINGO needed 2.1537864208221436 seconds!

>>>> Now solving: instance_0060.lp

(False, 67.10972833633423, 21.668299198150635, 257203.6044921875)
[INFO] - GRINGO needed 67.10972833633423 seconds!
(False, 2.1731035709381104, 0.6502175331115723, 8203.16015625)
[INFO] - IDLV needed 2.1731035709381104 seconds!
(False, 12.859386444091797, 11.199708700180054, 6586.3017578125)
[INFO] - NEWGROUND-IDLV needed 12.859386444091797 seconds!
(False, 80.13896250724792, 34.67501258850098, 252862.966796875)
[INFO] - NEWGROUND-GRINGO needed 80.13896250724792 seconds!

>>>> Now solving: instance_0100.lp

(True, 1800, 175.9816279411316, 2200068.1865234375)
[INFO] - GRINGO timed out (1800)!
(False, 10.952717542648315, 2.9766652584075928, 42267.759765625)
[INFO] - IDLV needed 10.952717542648315 seconds!
(False, 40.19635224342346, 31.9821138381958, 32811.685546875)
[INFO] - NEWGROUND-IDLV needed 40.19635224342346 seconds!
(True, 1800, 217.0214238166809, 2177478.884765625)
[INFO] - NEWGROUND-GRINGO timed out (1800)!

>>>> Now solving: instance_0140.lp

(True, 1800, 655.490950345993, 8789199.305664062)
[INFO] - GRINGO timed out (1800)!
(False, 31.96646785736084, 8.25273060798645, 117192.232421875)
[INFO] - IDLV needed 31.96646785736084 seconds!
(False, 99.7907772064209, 67.56382155418396, 88313.4931640625)
[INFO] - NEWGROUND-IDLV needed 99.7907772064209 seconds!
(True, 1800, 763.6231849193573, 8722037.946289062)
[INFO] - NEWGROUND-GRINGO timed out (1800)!

>>>> Now solving: instance_0180.lp

Ran out of input
(True, 1800, 1800, 9223372036854775807)
[INFO] - GRINGO timed out (1800)!
(True, 1800, 32.775954723358154, 562961.8994140625)
[INFO] - IDLV timed out (1800)!
(True, 1800, 1800, 9223372036854775807)
[INFO] - NEWGROUND-IDLV timed out (1800)!
(True, 1800, 1800, 29212.431640625)
[INFO] - NEWGROUND-GRINGO timed out (1800)!

>>>> Now solving: instance_0220.lp

Ran out of input
(True, 1800, 1800, 9223372036854775807)
[INFO] - GRINGO timed out (1800)!
(False, 128.99755024909973, 31.679484128952026, 480971.8515625)
[INFO] - IDLV needed 128.99755024909973 seconds!
(False, 354.71722960472107, 180.08287262916565, 359560.3291015625)
[INFO] - NEWGROUND-IDLV needed 354.71722960472107 seconds!
(True, 1800, 1800, 19859016.0)
[INFO] - NEWGROUND-GRINGO timed out (1800)!

>>>> Now solving: instance_0260.lp

Ran out of input
(True, 1800, 1800, 9223372036854775807)
[INFO] - GRINGO timed out (1800)!
(False, 239.34340524673462, 53.028302907943726, 829666.1171875)
[INFO] - IDLV needed 239.34340524673462 seconds!
(False, 665.7596139907837, 318.1805901527405, 619217.8505859375)
[INFO] - NEWGROUND-IDLV needed 665.7596139907837 seconds!
Command '['./python3', 'start_benchmark_newground_helper.py', 'gASVsgAAAAAAAAB9lCiMDmNsaW5nb19jb21tYW5klIwILi9jbGluZ2+UjA5ncmluZ29fY29tbWFuZJSMCC4vZ3JpbmdvlIwMaWRsdl9jb21tYW5klIwKLi9pZGx2LmJpbpSMDnB5dGhvbl9jb21tYW5klIwJLi9weXRob24zlIwScmV3cml0aW5nX3N0cmF0ZWd5lIwkLS1hZ2dyZWdhdGUtc3RyYXRlZ3k9cmV3cml0ZS1uby1ib2R5lHUu', 'gASVBAAAAAAAAABNCAcu', 'gASILg==', 'gASVFAAAAAAAAACMEE5FV0dST1VORC1HUklOR0+ULg==']' timed out after 1980 seconds
(True, 1800, 1800, 9223372036854775807)
[INFO] - NEWGROUND-GRINGO timed out (1800)!

>>>> Now solving: instance_0300.lp

Ran out of input
(True, 1800, 1800, 9223372036854775807)
[INFO] - GRINGO timed out (1800)!
(False, 379.21934604644775, 88.77610874176025, 1280394.9794921875)
[INFO] - IDLV needed 379.21934604644775 seconds!
(False, 809.7835359573364, 409.60502910614014, 948469.02734375)
[INFO] - NEWGROUND-IDLV needed 809.7835359573364 seconds!
Command '['./python3', 'start_benchmark_newground_helper.py', 'gASVsgAAAAAAAAB9lCiMDmNsaW5nb19jb21tYW5klIwILi9jbGluZ2+UjA5ncmluZ29fY29tbWFuZJSMCC4vZ3JpbmdvlIwMaWRsdl9jb21tYW5klIwKLi9pZGx2LmJpbpSMDnB5dGhvbl9jb21tYW5klIwJLi9weXRob24zlIwScmV3cml0aW5nX3N0cmF0ZWd5lIwkLS1hZ2dyZWdhdGUtc3RyYXRlZ3k9cmV3cml0ZS1uby1ib2R5lHUu', 'gASVBAAAAAAAAABNCAcu', 'gASILg==', 'gASVFAAAAAAAAACMEE5FV0dST1VORC1HUklOR0+ULg==']' timed out after 1980 seconds
(True, 1800, 1800, 9223372036854775807)
[INFO] - NEWGROUND-GRINGO timed out (1800)!

>>>> Now solving: instance_0310.lp

Ran out of input
(True, 1800, 1800, 9223372036854775807)
[INFO] - GRINGO timed out (1800)!
(False, 497.9523389339447, 104.99575209617615, 1413693.27734375)
[INFO] - IDLV needed 497.9523389339447 seconds!
(False, 880.3956444263458, 456.1937553882599, 1045714.76171875)
[INFO] - NEWGROUND-IDLV needed 880.3956444263458 seconds!
Command '['./python3', 'start_benchmark_newground_helper.py', 'gASVsgAAAAAAAAB9lCiMDmNsaW5nb19jb21tYW5klIwILi9jbGluZ2+UjA5ncmluZ29fY29tbWFuZJSMCC4vZ3JpbmdvlIwMaWRsdl9jb21tYW5klIwKLi9pZGx2LmJpbpSMDnB5dGhvbl9jb21tYW5klIwJLi9weXRob24zlIwScmV3cml0aW5nX3N0cmF0ZWd5lIwkLS1hZ2dyZWdhdGUtc3RyYXRlZ3k9cmV3cml0ZS1uby1ib2R5lHUu', 'gASVBAAAAAAAAABNCAcu', 'gASILg==', 'gASVFAAAAAAAAACMEE5FV0dST1VORC1HUklOR0+ULg==']' timed out after 1980 seconds
(True, 1800, 1800, 9223372036854775807)
[INFO] - NEWGROUND-GRINGO timed out (1800)!

>>>> Now solving: instance_0320.lp

Ran out of input
(True, 1800, 1800, 9223372036854775807)
[INFO] - GRINGO timed out (1800)!
(False, 464.1311116218567, 110.38512182235718, 1552475.6572265625)
[INFO] - IDLV needed 464.1311116218567 seconds!
(False, 812.166116476059, 442.3492534160614, 1148944.5341796875)
[INFO] - NEWGROUND-IDLV needed 812.166116476059 seconds!
Command '['./python3', 'start_benchmark_newground_helper.py', 'gASVsgAAAAAAAAB9lCiMDmNsaW5nb19jb21tYW5klIwILi9jbGluZ2+UjA5ncmluZ29fY29tbWFuZJSMCC4vZ3JpbmdvlIwMaWRsdl9jb21tYW5klIwKLi9pZGx2LmJpbpSMDnB5dGhvbl9jb21tYW5klIwJLi9weXRob24zlIwScmV3cml0aW5nX3N0cmF0ZWd5lIwkLS1hZ2dyZWdhdGUtc3RyYXRlZ3k9cmV3cml0ZS1uby1ib2R5lHUu', 'gASVBAAAAAAAAABNCAcu', 'gASILg==', 'gASVFAAAAAAAAACMEE5FV0dST1VORC1HUklOR0+ULg==']' timed out after 1980 seconds
(True, 1800, 1800, 9223372036854775807)
[INFO] - NEWGROUND-GRINGO timed out (1800)!

>>>> Now solving: instance_0330.lp

Ran out of input
(True, 1800, 1800, 9223372036854775807)
[INFO] - GRINGO timed out (1800)!
(False, 462.32873725891113, 107.20749306678772, 1700605.1162109375)
[INFO] - IDLV needed 462.32873725891113 seconds!
(False, 1534.0725679397583, 450.41831135749817, 1259508.1826171875)
[INFO] - NEWGROUND-IDLV needed 1534.0725679397583 seconds!
Command '['./python3', 'start_benchmark_newground_helper.py', 'gASVsgAAAAAAAAB9lCiMDmNsaW5nb19jb21tYW5klIwILi9jbGluZ2+UjA5ncmluZ29fY29tbWFuZJSMCC4vZ3JpbmdvlIwMaWRsdl9jb21tYW5klIwKLi9pZGx2LmJpbpSMDnB5dGhvbl9jb21tYW5klIwJLi9weXRob24zlIwScmV3cml0aW5nX3N0cmF0ZWd5lIwkLS1hZ2dyZWdhdGUtc3RyYXRlZ3k9cmV3cml0ZS1uby1ib2R5lHUu', 'gASVBAAAAAAAAABNCAcu', 'gASILg==', 'gASVFAAAAAAAAACMEE5FV0dST1VORC1HUklOR0+ULg==']' timed out after 1980 seconds
(True, 1800, 1800, 9223372036854775807)
[INFO] - NEWGROUND-GRINGO timed out (1800)!

>>>> Now solving: instance_0340.lp

Ran out of input
(True, 1800, 1800, 9223372036854775807)
[INFO] - GRINGO timed out (1800)!
(False, 506.92014145851135, 116.68604564666748, 1860465.1279296875)
[INFO] - IDLV needed 506.92014145851135 seconds!
(False, 1484.0944588184357, 507.1506931781769, 1376079.2138671875)
[INFO] - NEWGROUND-IDLV needed 1484.0944588184357 seconds!
Command '['./python3', 'start_benchmark_newground_helper.py', 'gASVsgAAAAAAAAB9lCiMDmNsaW5nb19jb21tYW5klIwILi9jbGluZ2+UjA5ncmluZ29fY29tbWFuZJSMCC4vZ3JpbmdvlIwMaWRsdl9jb21tYW5klIwKLi9pZGx2LmJpbpSMDnB5dGhvbl9jb21tYW5klIwJLi9weXRob24zlIwScmV3cml0aW5nX3N0cmF0ZWd5lIwkLS1hZ2dyZWdhdGUtc3RyYXRlZ3k9cmV3cml0ZS1uby1ib2R5lHUu', 'gASVBAAAAAAAAABNCAcu', 'gASILg==', 'gASVFAAAAAAAAACMEE5FV0dST1VORC1HUklOR0+ULg==']' timed out after 1980 seconds
(True, 1800, 1800, 9223372036854775807)
[INFO] - NEWGROUND-GRINGO timed out (1800)!

>>>> Now solving: instance_0350.lp

Ran out of input
(True, 1800, 1800, 9223372036854775807)
[INFO] - GRINGO timed out (1800)!
(False, 550.2903497219086, 119.40042638778687, 2031060.3876953125)
[INFO] - IDLV needed 550.2903497219086 seconds!
(False, 1567.430347919464, 548.177971124649, 1500207.6064453125)
[INFO] - NEWGROUND-IDLV needed 1567.430347919464 seconds!
Command '['./python3', 'start_benchmark_newground_helper.py', 'gASVsgAAAAAAAAB9lCiMDmNsaW5nb19jb21tYW5klIwILi9jbGluZ2+UjA5ncmluZ29fY29tbWFuZJSMCC4vZ3JpbmdvlIwMaWRsdl9jb21tYW5klIwKLi9pZGx2LmJpbpSMDnB5dGhvbl9jb21tYW5klIwJLi9weXRob24zlIwScmV3cml0aW5nX3N0cmF0ZWd5lIwkLS1hZ2dyZWdhdGUtc3RyYXRlZ3k9cmV3cml0ZS1uby1ib2R5lHUu', 'gASVBAAAAAAAAABNCAcu', 'gASILg==', 'gASVFAAAAAAAAACMEE5FV0dST1VORC1HUklOR0+ULg==']' timed out after 1980 seconds
(True, 1800, 1800, 9223372036854775807)
[INFO] - NEWGROUND-GRINGO timed out (1800)!

>>>> Now solving: instance_0360.lp

Ran out of input
(True, 1800, 1800, 9223372036854775807)
[INFO] - GRINGO timed out (1800)!
(False, 599.5535478591919, 135.24953603744507, 2207502.115234375)
[INFO] - IDLV needed 599.5535478591919 seconds!
(False, 1436.577398777008, 582.0390999317169, 1631493.2216796875)
[INFO] - NEWGROUND-IDLV needed 1436.577398777008 seconds!
Command '['./python3', 'start_benchmark_newground_helper.py', 'gASVsgAAAAAAAAB9lCiMDmNsaW5nb19jb21tYW5klIwILi9jbGluZ2+UjA5ncmluZ29fY29tbWFuZJSMCC4vZ3JpbmdvlIwMaWRsdl9jb21tYW5klIwKLi9pZGx2LmJpbpSMDnB5dGhvbl9jb21tYW5klIwJLi9weXRob24zlIwScmV3cml0aW5nX3N0cmF0ZWd5lIwkLS1hZ2dyZWdhdGUtc3RyYXRlZ3k9cmV3cml0ZS1uby1ib2R5lHUu', 'gASVBAAAAAAAAABNCAcu', 'gASILg==', 'gASVFAAAAAAAAACMEE5FV0dST1VORC1HUklOR0+ULg==']' timed out after 1980 seconds
(True, 1800, 1800, 9223372036854775807)
[INFO] - NEWGROUND-GRINGO timed out (1800)!

>>>> Now solving: instance_0370.lp

Ran out of input
(True, 1800, 1800, 9223372036854775807)
[INFO] - GRINGO timed out (1800)!
(True, 1800, 146.9254903793335, 2402878.904296875)
[INFO] - IDLV timed out (1800)!
(False, 1534.0786106586456, 617.4975275993347, 1771476.90234375)
[INFO] - NEWGROUND-IDLV needed 1534.0786106586456 seconds!
Command '['./python3', 'start_benchmark_newground_helper.py', 'gASVsgAAAAAAAAB9lCiMDmNsaW5nb19jb21tYW5klIwILi9jbGluZ2+UjA5ncmluZ29fY29tbWFuZJSMCC4vZ3JpbmdvlIwMaWRsdl9jb21tYW5klIwKLi9pZGx2LmJpbpSMDnB5dGhvbl9jb21tYW5klIwJLi9weXRob24zlIwScmV3cml0aW5nX3N0cmF0ZWd5lIwkLS1hZ2dyZWdhdGUtc3RyYXRlZ3k9cmV3cml0ZS1uby1ib2R5lHUu', 'gASVBAAAAAAAAABNCAcu', 'gASILg==', 'gASVFAAAAAAAAACMEE5FV0dST1VORC1HUklOR0+ULg==']' timed out after 1980 seconds
(True, 1800, 1800, 9223372036854775807)
[INFO] - NEWGROUND-GRINGO timed out (1800)!

>>>> Now solving: instance_0380.lp

Ran out of input
(True, 1800, 1800, 9223372036854775807)
[INFO] - GRINGO timed out (1800)!
(True, 1800, 166.27262020111084, 2624026.9794921875)
[INFO] - IDLV timed out (1800)!
(False, 1474.9619908332825, 628.7494804859161, 1918197.501953125)
[INFO] - NEWGROUND-IDLV needed 1474.9619908332825 seconds!
Command '['./python3', 'start_benchmark_newground_helper.py', 'gASVsgAAAAAAAAB9lCiMDmNsaW5nb19jb21tYW5klIwILi9jbGluZ2+UjA5ncmluZ29fY29tbWFuZJSMCC4vZ3JpbmdvlIwMaWRsdl9jb21tYW5klIwKLi9pZGx2LmJpbpSMDnB5dGhvbl9jb21tYW5klIwJLi9weXRob24zlIwScmV3cml0aW5nX3N0cmF0ZWd5lIwkLS1hZ2dyZWdhdGUtc3RyYXRlZ3k9cmV3cml0ZS1uby1ib2R5lHUu', 'gASVBAAAAAAAAABNCAcu', 'gASILg==', 'gASVFAAAAAAAAACMEE5FV0dST1VORC1HUklOR0+ULg==']' timed out after 1980 seconds
(True, 1800, 1800, 9223372036854775807)
[INFO] - NEWGROUND-GRINGO timed out (1800)!

>>>> Now solving: instance_0390.lp

Ran out of input
(True, 1800, 1800, 9223372036854775807)
[INFO] - GRINGO timed out (1800)!
(True, 1800, 176.8057553768158, 2840198.3955078125)
[INFO] - IDLV timed out (1800)!
(False, 1591.2159729003906, 670.2451434135437, 2072484.837890625)
[INFO] - NEWGROUND-IDLV needed 1591.2159729003906 seconds!
Command '['./python3', 'start_benchmark_newground_helper.py', 'gASVsgAAAAAAAAB9lCiMDmNsaW5nb19jb21tYW5klIwILi9jbGluZ2+UjA5ncmluZ29fY29tbWFuZJSMCC4vZ3JpbmdvlIwMaWRsdl9jb21tYW5klIwKLi9pZGx2LmJpbpSMDnB5dGhvbl9jb21tYW5klIwJLi9weXRob24zlIwScmV3cml0aW5nX3N0cmF0ZWd5lIwkLS1hZ2dyZWdhdGUtc3RyYXRlZ3k9cmV3cml0ZS1uby1ib2R5lHUu', 'gASVBAAAAAAAAABNCAcu', 'gASILg==', 'gASVFAAAAAAAAACMEE5FV0dST1VORC1HUklOR0+ULg==']' timed out after 1980 seconds
(True, 1800, 1800, 9223372036854775807)
[INFO] - NEWGROUND-GRINGO timed out (1800)!

>>>> Now solving: instance_0400.lp

Ran out of input
(True, 1800, 1800, 9223372036854775807)
[INFO] - GRINGO timed out (1800)!
(True, 1800, 193.0417001247406, 3061242.7099609375)
[INFO] - IDLV timed out (1800)!
(True, 1800, 805.2165205478668, 2234831.466796875)
[INFO] - NEWGROUND-IDLV timed out (1800)!
Command '['./python3', 'start_benchmark_newground_helper.py', 'gASVsgAAAAAAAAB9lCiMDmNsaW5nb19jb21tYW5klIwILi9jbGluZ2+UjA5ncmluZ29fY29tbWFuZJSMCC4vZ3JpbmdvlIwMaWRsdl9jb21tYW5klIwKLi9pZGx2LmJpbpSMDnB5dGhvbl9jb21tYW5klIwJLi9weXRob24zlIwScmV3cml0aW5nX3N0cmF0ZWd5lIwkLS1hZ2dyZWdhdGUtc3RyYXRlZ3k9cmV3cml0ZS1uby1ib2R5lHUu', 'gASVBAAAAAAAAABNCAcu', 'gASILg==', 'gASVFAAAAAAAAACMEE5FV0dST1VORC1HUklOR0+ULg==']' timed out after 1980 seconds
(True, 1800, 1800, 9223372036854775807)
[INFO] - NEWGROUND-GRINGO timed out (1800)!

>>>> Now solving: instance_0410.lp

Ran out of input
(True, 1800, 1800, 9223372036854775807)
[INFO] - GRINGO timed out (1800)!
(True, 1800, 208.4386887550354, 3297578.6982421875)
[INFO] - IDLV timed out (1800)!
(True, 1800, 838.3012781143188, 2405440.375)
[INFO] - NEWGROUND-IDLV timed out (1800)!
Command '['./python3', 'start_benchmark_newground_helper.py', 'gASVsgAAAAAAAAB9lCiMDmNsaW5nb19jb21tYW5klIwILi9jbGluZ2+UjA5ncmluZ29fY29tbWFuZJSMCC4vZ3JpbmdvlIwMaWRsdl9jb21tYW5klIwKLi9pZGx2LmJpbpSMDnB5dGhvbl9jb21tYW5klIwJLi9weXRob24zlIwScmV3cml0aW5nX3N0cmF0ZWd5lIwkLS1hZ2dyZWdhdGUtc3RyYXRlZ3k9cmV3cml0ZS1uby1ib2R5lHUu', 'gASVBAAAAAAAAABNCAcu', 'gASILg==', 'gASVFAAAAAAAAACMEE5FV0dST1VORC1HUklOR0+ULg==']' timed out after 1980 seconds
(True, 1800, 1800, 9223372036854775807)
[INFO] - NEWGROUND-GRINGO timed out (1800)!

>>>> Now solving: instance_0420.lp

Ran out of input
(True, 1800, 1800, 9223372036854775807)
[INFO] - GRINGO timed out (1800)!
(True, 1800, 259.65546703338623, 3545357.6357421875)
[INFO] - IDLV timed out (1800)!
(True, 1800, 905.5146999359131, 2584516.794921875)
[INFO] - NEWGROUND-IDLV timed out (1800)!
Command '['./python3', 'start_benchmark_newground_helper.py', 'gASVsgAAAAAAAAB9lCiMDmNsaW5nb19jb21tYW5klIwILi9jbGluZ2+UjA5ncmluZ29fY29tbWFuZJSMCC4vZ3JpbmdvlIwMaWRsdl9jb21tYW5klIwKLi9pZGx2LmJpbpSMDnB5dGhvbl9jb21tYW5klIwJLi9weXRob24zlIwScmV3cml0aW5nX3N0cmF0ZWd5lIwkLS1hZ2dyZWdhdGUtc3RyYXRlZ3k9cmV3cml0ZS1uby1ib2R5lHUu', 'gASVBAAAAAAAAABNCAcu', 'gASILg==', 'gASVFAAAAAAAAACMEE5FV0dST1VORC1HUklOR0+ULg==']' timed out after 1980 seconds
(True, 1800, 1800, 9223372036854775807)
[INFO] - NEWGROUND-GRINGO timed out (1800)!

>>>> Now solving: instance_0430.lp

Ran out of input
(True, 1800, 1800, 9223372036854775807)
[INFO] - GRINGO timed out (1800)!
(True, 1800, 271.2767300605774, 3802659.1474609375)
[INFO] - IDLV timed out (1800)!
(True, 1800, 957.9102928638458, 2772266.95703125)
[INFO] - NEWGROUND-IDLV timed out (1800)!
Command '['./python3', 'start_benchmark_newground_helper.py', 'gASVsgAAAAAAAAB9lCiMDmNsaW5nb19jb21tYW5klIwILi9jbGluZ2+UjA5ncmluZ29fY29tbWFuZJSMCC4vZ3JpbmdvlIwMaWRsdl9jb21tYW5klIwKLi9pZGx2LmJpbpSMDnB5dGhvbl9jb21tYW5klIwJLi9weXRob24zlIwScmV3cml0aW5nX3N0cmF0ZWd5lIwkLS1hZ2dyZWdhdGUtc3RyYXRlZ3k9cmV3cml0ZS1uby1ib2R5lHUu', 'gASVBAAAAAAAAABNCAcu', 'gASILg==', 'gASVFAAAAAAAAACMEE5FV0dST1VORC1HUklOR0+ULg==']' timed out after 1980 seconds
(True, 1800, 1800, 9223372036854775807)
[INFO] - NEWGROUND-GRINGO timed out (1800)!

>>>> Now solving: instance_0440.lp

Ran out of input
(True, 1800, 1800, 9223372036854775807)
[INFO] - GRINGO timed out (1800)!
(True, 1800, 294.4699056148529, 4073273.8486328125)
[INFO] - IDLV timed out (1800)!
(True, 1800, 988.133627653122, 2968894.87890625)
[INFO] - NEWGROUND-IDLV timed out (1800)!
Command '['./python3', 'start_benchmark_newground_helper.py', 'gASVsgAAAAAAAAB9lCiMDmNsaW5nb19jb21tYW5klIwILi9jbGluZ2+UjA5ncmluZ29fY29tbWFuZJSMCC4vZ3JpbmdvlIwMaWRsdl9jb21tYW5klIwKLi9pZGx2LmJpbpSMDnB5dGhvbl9jb21tYW5klIwJLi9weXRob24zlIwScmV3cml0aW5nX3N0cmF0ZWd5lIwkLS1hZ2dyZWdhdGUtc3RyYXRlZ3k9cmV3cml0ZS1uby1ib2R5lHUu', 'gASVBAAAAAAAAABNCAcu', 'gASILg==', 'gASVFAAAAAAAAACMEE5FV0dST1VORC1HUklOR0+ULg==']' timed out after 1980 seconds
(True, 1800, 1800, 9223372036854775807)
[INFO] - NEWGROUND-GRINGO timed out (1800)!

>>>> Now solving: instance_0450.lp

Ran out of input
(True, 1800, 1800, 9223372036854775807)
[INFO] - GRINGO timed out (1800)!
(True, 1800, 297.07953929901123, 4352058.5146484375)
[INFO] - IDLV timed out (1800)!
(True, 1800, 968.0441813468933, 3174606.703125)
[INFO] - NEWGROUND-IDLV timed out (1800)!
Command '['./python3', 'start_benchmark_newground_helper.py', 'gASVsgAAAAAAAAB9lCiMDmNsaW5nb19jb21tYW5klIwILi9jbGluZ2+UjA5ncmluZ29fY29tbWFuZJSMCC4vZ3JpbmdvlIwMaWRsdl9jb21tYW5klIwKLi9pZGx2LmJpbpSMDnB5dGhvbl9jb21tYW5klIwJLi9weXRob24zlIwScmV3cml0aW5nX3N0cmF0ZWd5lIwkLS1hZ2dyZWdhdGUtc3RyYXRlZ3k9cmV3cml0ZS1uby1ib2R5lHUu', 'gASVBAAAAAAAAABNCAcu', 'gASILg==', 'gASVFAAAAAAAAACMEE5FV0dST1VORC1HUklOR0+ULg==']' timed out after 1980 seconds
(True, 1800, 1800, 9223372036854775807)
[INFO] - NEWGROUND-GRINGO timed out (1800)!
