
>>>> Now solving: instance_0020.lp

(False, 0.6792426109313965, 0.25382184982299805, 2215.638671875)
[INFO] - GRINGO needed 0.6792426109313965 seconds!
(False, 0.09974908828735352, 0.04576516151428223, 253.6083984375)
[INFO] - IDLV needed 0.09974908828735352 seconds!
(False, 1.7973198890686035, 1.7296972274780273, 293.072265625)
[INFO] - NEWGROUND-IDLV needed 1.7973198890686035 seconds!
(False, 2.476996898651123, 2.045750617980957, 2227.724609375)
[INFO] - NEWGROUND-GRINGO needed 2.476996898651123 seconds!

>>>> Now solving: instance_0060.lp

(False, 68.02504014968872, 21.663794994354248, 217467.4833984375)
[INFO] - GRINGO needed 68.02504014968872 seconds!
(False, 2.070448637008667, 0.588062047958374, 7522.447265625)
[INFO] - IDLV needed 2.070448637008667 seconds!
(False, 12.297582387924194, 10.58727741241455, 6560.91015625)
[INFO] - NEWGROUND-IDLV needed 12.297582387924194 seconds!
(False, 68.23289489746094, 29.46909523010254, 214625.978515625)
[INFO] - NEWGROUND-GRINGO needed 68.23289489746094 seconds!

>>>> Now solving: instance_0100.lp

(False, 499.4028513431549, 147.26221227645874, 1916355.87890625)
[INFO] - GRINGO needed 499.4028513431549 seconds!
(False, 11.947192430496216, 3.279550313949585, 39428.20703125)
[INFO] - IDLV needed 11.947192430496216 seconds!
(False, 43.0893976688385, 33.63111662864685, 32811.984375)
[INFO] - NEWGROUND-IDLV needed 43.0893976688385 seconds!
(False, 608.2233340740204, 216.60322427749634, 1899855.11328125)
[INFO] - NEWGROUND-GRINGO needed 608.2233340740204 seconds!

>>>> Now solving: instance_0140.lp

(True, 1800, 676.0820817947388, 7581930.8056640625)
[INFO] - GRINGO timed out (1800)!
(False, 33.1003897190094, 8.463206052780151, 108603.4111328125)
[INFO] - IDLV needed 33.1003897190094 seconds!
(False, 117.32699847221375, 77.90625214576721, 88317.4208984375)
[INFO] - NEWGROUND-IDLV needed 117.32699847221375 seconds!
(True, 1800, 770.8328194618225, 7533991.1259765625)
[INFO] - NEWGROUND-GRINGO timed out (1800)!

>>>> Now solving: instance_0180.lp

(True, 1800, 1800, 20843950.797851562)
[INFO] - GRINGO timed out (1800)!
(False, 68.31230807304382, 17.887288093566895, 230590.0380859375)
[INFO] - IDLV needed 68.31230807304382 seconds!
(False, 201.08350658416748, 115.44561100006104, 185258.88671875)
[INFO] - NEWGROUND-IDLV needed 201.08350658416748 seconds!
(True, 1800, 1800, 20604404.0)
[INFO] - NEWGROUND-GRINGO timed out (1800)!

>>>> Now solving: instance_0220.lp

Ran out of input
(True, 1800, 1800, 9223372036854775807)
[INFO] - GRINGO timed out (1800)!
(False, 122.66505980491638, 28.530462980270386, 428382.8359375)
[INFO] - IDLV needed 122.66505980491638 seconds!
(False, 363.61432337760925, 178.3681664466858, 343176.9208984375)
[INFO] - NEWGROUND-IDLV needed 363.61432337760925 seconds!
Command '['./python3', 'start_benchmark_newground_helper.py', 'gASVsgAAAAAAAAB9lCiMDmNsaW5nb19jb21tYW5klIwILi9jbGluZ2+UjA5ncmluZ29fY29tbWFuZJSMCC4vZ3JpbmdvlIwMaWRsdl9jb21tYW5klIwKLi9pZGx2LmJpbpSMDnB5dGhvbl9jb21tYW5klIwJLi9weXRob24zlIwScmV3cml0aW5nX3N0cmF0ZWd5lIwkLS1hZ2dyZWdhdGUtc3RyYXRlZ3k9cmV3cml0ZS1uby1ib2R5lHUu', 'gASVBAAAAAAAAABNCAcu', 'gASILg==', 'gASVFAAAAAAAAACMEE5FV0dST1VORC1HUklOR0+ULg==']' timed out after 1980 seconds
(True, 1800, 1800, 9223372036854775807)
[INFO] - NEWGROUND-GRINGO timed out (1800)!

>>>> Now solving: instance_0260.lp

Ran out of input
(True, 1800, 1800, 9223372036854775807)
[INFO] - GRINGO timed out (1800)!
(False, 215.98794889450073, 46.04107141494751, 756986.671875)
[INFO] - IDLV needed 215.98794889450073 seconds!
(False, 532.5812904834747, 250.36430072784424, 608466.44140625)
[INFO] - NEWGROUND-IDLV needed 532.5812904834747 seconds!
Command '['./python3', 'start_benchmark_newground_helper.py', 'gASVsgAAAAAAAAB9lCiMDmNsaW5nb19jb21tYW5klIwILi9jbGluZ2+UjA5ncmluZ29fY29tbWFuZJSMCC4vZ3JpbmdvlIwMaWRsdl9jb21tYW5klIwKLi9pZGx2LmJpbpSMDnB5dGhvbl9jb21tYW5klIwJLi9weXRob24zlIwScmV3cml0aW5nX3N0cmF0ZWd5lIwkLS1hZ2dyZWdhdGUtc3RyYXRlZ3k9cmV3cml0ZS1uby1ib2R5lHUu', 'gASVBAAAAAAAAABNCAcu', 'gASILg==', 'gASVFAAAAAAAAACMEE5FV0dST1VORC1HUklOR0+ULg==']' timed out after 1980 seconds
(True, 1800, 1800, 9223372036854775807)
[INFO] - NEWGROUND-GRINGO timed out (1800)!

>>>> Now solving: instance_0300.lp

Ran out of input
(True, 1800, 1800, 9223372036854775807)
[INFO] - GRINGO timed out (1800)!
(False, 358.8278365135193, 82.7385675907135, 1184539.671875)
[INFO] - IDLV needed 358.8278365135193 seconds!
(False, 796.2213525772095, 406.60969734191895, 948548.091796875)
[INFO] - NEWGROUND-IDLV needed 796.2213525772095 seconds!
Command '['./python3', 'start_benchmark_newground_helper.py', 'gASVsgAAAAAAAAB9lCiMDmNsaW5nb19jb21tYW5klIwILi9jbGluZ2+UjA5ncmluZ29fY29tbWFuZJSMCC4vZ3JpbmdvlIwMaWRsdl9jb21tYW5klIwKLi9pZGx2LmJpbpSMDnB5dGhvbl9jb21tYW5klIwJLi9weXRob24zlIwScmV3cml0aW5nX3N0cmF0ZWd5lIwkLS1hZ2dyZWdhdGUtc3RyYXRlZ3k9cmV3cml0ZS1uby1ib2R5lHUu', 'gASVBAAAAAAAAABNCAcu', 'gASILg==', 'gASVFAAAAAAAAACMEE5FV0dST1VORC1HUklOR0+ULg==']' timed out after 1980 seconds
(True, 1800, 1800, 9223372036854775807)
[INFO] - NEWGROUND-GRINGO timed out (1800)!

>>>> Now solving: instance_0310.lp

Ran out of input
(True, 1800, 1800, 9223372036854775807)
[INFO] - GRINGO timed out (1800)!
(False, 361.0524640083313, 79.9826250076294, 1307733.65234375)
[INFO] - IDLV needed 361.0524640083313 seconds!
(False, 821.5491261482239, 380.0471742153168, 1045673.5869140625)
[INFO] - NEWGROUND-IDLV needed 821.5491261482239 seconds!
Command '['./python3', 'start_benchmark_newground_helper.py', 'gASVsgAAAAAAAAB9lCiMDmNsaW5nb19jb21tYW5klIwILi9jbGluZ2+UjA5ncmluZ29fY29tbWFuZJSMCC4vZ3JpbmdvlIwMaWRsdl9jb21tYW5klIwKLi9pZGx2LmJpbpSMDnB5dGhvbl9jb21tYW5klIwJLi9weXRob24zlIwScmV3cml0aW5nX3N0cmF0ZWd5lIwkLS1hZ2dyZWdhdGUtc3RyYXRlZ3k9cmV3cml0ZS1uby1ib2R5lHUu', 'gASVBAAAAAAAAABNCAcu', 'gASILg==', 'gASVFAAAAAAAAACMEE5FV0dST1VORC1HUklOR0+ULg==']' timed out after 1980 seconds
(True, 1800, 1800, 9223372036854775807)
[INFO] - NEWGROUND-GRINGO timed out (1800)!

>>>> Now solving: instance_0320.lp

Ran out of input
(True, 1800, 1800, 9223372036854775807)
[INFO] - GRINGO timed out (1800)!
(False, 400.6239016056061, 88.61559748649597, 1442745.48828125)
[INFO] - IDLV needed 400.6239016056061 seconds!
(False, 857.8605291843414, 428.6753497123718, 1148967.23828125)
[INFO] - NEWGROUND-IDLV needed 857.8605291843414 seconds!
Command '['./python3', 'start_benchmark_newground_helper.py', 'gASVsgAAAAAAAAB9lCiMDmNsaW5nb19jb21tYW5klIwILi9jbGluZ2+UjA5ncmluZ29fY29tbWFuZJSMCC4vZ3JpbmdvlIwMaWRsdl9jb21tYW5klIwKLi9pZGx2LmJpbpSMDnB5dGhvbl9jb21tYW5klIwJLi9weXRob24zlIwScmV3cml0aW5nX3N0cmF0ZWd5lIwkLS1hZ2dyZWdhdGUtc3RyYXRlZ3k9cmV3cml0ZS1uby1ib2R5lHUu', 'gASVBAAAAAAAAABNCAcu', 'gASILg==', 'gASVFAAAAAAAAACMEE5FV0dST1VORC1HUklOR0+ULg==']' timed out after 1980 seconds
(True, 1800, 1800, 9223372036854775807)
[INFO] - NEWGROUND-GRINGO timed out (1800)!

>>>> Now solving: instance_0330.lp

Ran out of input
(True, 1800, 1800, 9223372036854775807)
[INFO] - GRINGO timed out (1800)!
(False, 438.21394419670105, 96.78008604049683, 1577669.0927734375)
[INFO] - IDLV needed 438.21394419670105 seconds!
(False, 1352.3906712532043, 455.1123642921448, 1259543.7587890625)
[INFO] - NEWGROUND-IDLV needed 1352.3906712532043 seconds!
Command '['./python3', 'start_benchmark_newground_helper.py', 'gASVsgAAAAAAAAB9lCiMDmNsaW5nb19jb21tYW5klIwILi9jbGluZ2+UjA5ncmluZ29fY29tbWFuZJSMCC4vZ3JpbmdvlIwMaWRsdl9jb21tYW5klIwKLi9pZGx2LmJpbpSMDnB5dGhvbl9jb21tYW5klIwJLi9weXRob24zlIwScmV3cml0aW5nX3N0cmF0ZWd5lIwkLS1hZ2dyZWdhdGUtc3RyYXRlZ3k9cmV3cml0ZS1uby1ib2R5lHUu', 'gASVBAAAAAAAAABNCAcu', 'gASILg==', 'gASVFAAAAAAAAACMEE5FV0dST1VORC1HUklOR0+ULg==']' timed out after 1980 seconds
(True, 1800, 1800, 9223372036854775807)
[INFO] - NEWGROUND-GRINGO timed out (1800)!

>>>> Now solving: instance_0340.lp

Ran out of input
(True, 1800, 1800, 9223372036854775807)
[INFO] - GRINGO timed out (1800)!
(False, 482.02463603019714, 105.94972801208496, 1724364.330078125)
[INFO] - IDLV needed 482.02463603019714 seconds!
(False, 1671.4814043045044, 478.4779074192047, 1376270.818359375)
[INFO] - NEWGROUND-IDLV needed 1671.4814043045044 seconds!
Command '['./python3', 'start_benchmark_newground_helper.py', 'gASVsgAAAAAAAAB9lCiMDmNsaW5nb19jb21tYW5klIwILi9jbGluZ2+UjA5ncmluZ29fY29tbWFuZJSMCC4vZ3JpbmdvlIwMaWRsdl9jb21tYW5klIwKLi9pZGx2LmJpbpSMDnB5dGhvbl9jb21tYW5klIwJLi9weXRob24zlIwScmV3cml0aW5nX3N0cmF0ZWd5lIwkLS1hZ2dyZWdhdGUtc3RyYXRlZ3k9cmV3cml0ZS1uby1ib2R5lHUu', 'gASVBAAAAAAAAABNCAcu', 'gASILg==', 'gASVFAAAAAAAAACMEE5FV0dST1VORC1HUklOR0+ULg==']' timed out after 1980 seconds
(True, 1800, 1800, 9223372036854775807)
[INFO] - NEWGROUND-GRINGO timed out (1800)!

>>>> Now solving: instance_0350.lp

Ran out of input
(True, 1800, 1800, 9223372036854775807)
[INFO] - GRINGO timed out (1800)!
(False, 533.8428716659546, 117.05659294128418, 1884208.6025390625)
[INFO] - IDLV needed 533.8428716659546 seconds!
(False, 1597.3230757713318, 528.0574007034302, 1500325.6767578125)
[INFO] - NEWGROUND-IDLV needed 1597.3230757713318 seconds!
Command '['./python3', 'start_benchmark_newground_helper.py', 'gASVsgAAAAAAAAB9lCiMDmNsaW5nb19jb21tYW5klIwILi9jbGluZ2+UjA5ncmluZ29fY29tbWFuZJSMCC4vZ3JpbmdvlIwMaWRsdl9jb21tYW5klIwKLi9pZGx2LmJpbpSMDnB5dGhvbl9jb21tYW5klIwJLi9weXRob24zlIwScmV3cml0aW5nX3N0cmF0ZWd5lIwkLS1hZ2dyZWdhdGUtc3RyYXRlZ3k9cmV3cml0ZS1uby1ib2R5lHUu', 'gASVBAAAAAAAAABNCAcu', 'gASILg==', 'gASVFAAAAAAAAACMEE5FV0dST1VORC1HUklOR0+ULg==']' timed out after 1980 seconds
(True, 1800, 1800, 9223372036854775807)
[INFO] - NEWGROUND-GRINGO timed out (1800)!

>>>> Now solving: instance_0360.lp

Ran out of input
(True, 1800, 1800, 9223372036854775807)
[INFO] - GRINGO timed out (1800)!
(False, 636.4518117904663, 147.76203775405884, 2050866.1630859375)
[INFO] - IDLV needed 636.4518117904663 seconds!
(True, 1800, 608.1436541080475, 1631519.68359375)
[INFO] - NEWGROUND-IDLV timed out (1800)!
Command '['./python3', 'start_benchmark_newground_helper.py', 'gASVsgAAAAAAAAB9lCiMDmNsaW5nb19jb21tYW5klIwILi9jbGluZ2+UjA5ncmluZ29fY29tbWFuZJSMCC4vZ3JpbmdvlIwMaWRsdl9jb21tYW5klIwKLi9pZGx2LmJpbpSMDnB5dGhvbl9jb21tYW5klIwJLi9weXRob24zlIwScmV3cml0aW5nX3N0cmF0ZWd5lIwkLS1hZ2dyZWdhdGUtc3RyYXRlZ3k9cmV3cml0ZS1uby1ib2R5lHUu', 'gASVBAAAAAAAAABNCAcu', 'gASILg==', 'gASVFAAAAAAAAACMEE5FV0dST1VORC1HUklOR0+ULg==']' timed out after 1980 seconds
(True, 1800, 1800, 9223372036854775807)
[INFO] - NEWGROUND-GRINGO timed out (1800)!

>>>> Now solving: instance_0370.lp

Ran out of input
(True, 1800, 1800, 9223372036854775807)
[INFO] - GRINGO timed out (1800)!
(False, 624.165212392807, 140.1875672340393, 2223103.982421875)
[INFO] - IDLV needed 624.165212392807 seconds!
(False, 1694.3014760017395, 583.9564151763916, 1770726.6396484375)
[INFO] - NEWGROUND-IDLV needed 1694.3014760017395 seconds!
Command '['./python3', 'start_benchmark_newground_helper.py', 'gASVsgAAAAAAAAB9lCiMDmNsaW5nb19jb21tYW5klIwILi9jbGluZ2+UjA5ncmluZ29fY29tbWFuZJSMCC4vZ3JpbmdvlIwMaWRsdl9jb21tYW5klIwKLi9pZGx2LmJpbpSMDnB5dGhvbl9jb21tYW5klIwJLi9weXRob24zlIwScmV3cml0aW5nX3N0cmF0ZWd5lIwkLS1hZ2dyZWdhdGUtc3RyYXRlZ3k9cmV3cml0ZS1uby1ib2R5lHUu', 'gASVBAAAAAAAAABNCAcu', 'gASILg==', 'gASVFAAAAAAAAACMEE5FV0dST1VORC1HUklOR0+ULg==']' timed out after 1980 seconds
(True, 1800, 1800, 9223372036854775807)
[INFO] - NEWGROUND-GRINGO timed out (1800)!

>>>> Now solving: instance_0380.lp

(True, 1800, 1800, 21749212.0)
[INFO] - GRINGO timed out (1800)!
(True, 1800, 172.2349088191986, 2409340.37890625)
[INFO] - IDLV timed out (1800)!
(False, 1721.8870418071747, 662.2603054046631, 1916781.8046875)
[INFO] - NEWGROUND-IDLV needed 1721.8870418071747 seconds!
Command '['./python3', 'start_benchmark_newground_helper.py', 'gASVsgAAAAAAAAB9lCiMDmNsaW5nb19jb21tYW5klIwILi9jbGluZ2+UjA5ncmluZ29fY29tbWFuZJSMCC4vZ3JpbmdvlIwMaWRsdl9jb21tYW5klIwKLi9pZGx2LmJpbpSMDnB5dGhvbl9jb21tYW5klIwJLi9weXRob24zlIwScmV3cml0aW5nX3N0cmF0ZWd5lIwkLS1hZ2dyZWdhdGUtc3RyYXRlZ3k9cmV3cml0ZS1uby1ib2R5lHUu', 'gASVBAAAAAAAAABNCAcu', 'gASILg==', 'gASVFAAAAAAAAACMEE5FV0dST1VORC1HUklOR0+ULg==']' timed out after 1980 seconds
(True, 1800, 1800, 9223372036854775807)
[INFO] - NEWGROUND-GRINGO timed out (1800)!

>>>> Now solving: instance_0390.lp

Ran out of input
(True, 1800, 1800, 9223372036854775807)
[INFO] - GRINGO timed out (1800)!
(True, 1800, 156.4897496700287, 2602975.5576171875)
[INFO] - IDLV timed out (1800)!
(False, 1659.5576083660126, 666.358656167984, 2071173.642578125)
[INFO] - NEWGROUND-IDLV needed 1659.5576083660126 seconds!
Command '['./python3', 'start_benchmark_newground_helper.py', 'gASVsgAAAAAAAAB9lCiMDmNsaW5nb19jb21tYW5klIwILi9jbGluZ2+UjA5ncmluZ29fY29tbWFuZJSMCC4vZ3JpbmdvlIwMaWRsdl9jb21tYW5klIwKLi9pZGx2LmJpbpSMDnB5dGhvbl9jb21tYW5klIwJLi9weXRob24zlIwScmV3cml0aW5nX3N0cmF0ZWd5lIwkLS1hZ2dyZWdhdGUtc3RyYXRlZ3k9cmV3cml0ZS1uby1ib2R5lHUu', 'gASVBAAAAAAAAABNCAcu', 'gASILg==', 'gASVFAAAAAAAAACMEE5FV0dST1VORC1HUklOR0+ULg==']' timed out after 1980 seconds
(True, 1800, 1800, 9223372036854775807)
[INFO] - NEWGROUND-GRINGO timed out (1800)!

>>>> Now solving: instance_0400.lp

Ran out of input
(True, 1800, 1800, 9223372036854775807)
[INFO] - GRINGO timed out (1800)!
(True, 1800, 199.53812432289124, 2811106.6005859375)
[INFO] - IDLV timed out (1800)!
(True, 1800, 799.879501581192, 2234697.7509765625)
[INFO] - NEWGROUND-IDLV timed out (1800)!
Command '['./python3', 'start_benchmark_newground_helper.py', 'gASVsgAAAAAAAAB9lCiMDmNsaW5nb19jb21tYW5klIwILi9jbGluZ2+UjA5ncmluZ29fY29tbWFuZJSMCC4vZ3JpbmdvlIwMaWRsdl9jb21tYW5klIwKLi9pZGx2LmJpbpSMDnB5dGhvbl9jb21tYW5klIwJLi9weXRob24zlIwScmV3cml0aW5nX3N0cmF0ZWd5lIwkLS1hZ2dyZWdhdGUtc3RyYXRlZ3k9cmV3cml0ZS1uby1ib2R5lHUu', 'gASVBAAAAAAAAABNCAcu', 'gASILg==', 'gASVFAAAAAAAAACMEE5FV0dST1VORC1HUklOR0+ULg==']' timed out after 1980 seconds
(True, 1800, 1800, 9223372036854775807)
[INFO] - NEWGROUND-GRINGO timed out (1800)!

>>>> Now solving: instance_0410.lp

Ran out of input
(True, 1800, 1800, 9223372036854775807)
[INFO] - GRINGO timed out (1800)!
(True, 1800, 212.07078504562378, 3046461.8701171875)
[INFO] - IDLV timed out (1800)!
(True, 1800, 889.2958836555481, 2405524.5625)
[INFO] - NEWGROUND-IDLV timed out (1800)!
Command '['./python3', 'start_benchmark_newground_helper.py', 'gASVsgAAAAAAAAB9lCiMDmNsaW5nb19jb21tYW5klIwILi9jbGluZ2+UjA5ncmluZ29fY29tbWFuZJSMCC4vZ3JpbmdvlIwMaWRsdl9jb21tYW5klIwKLi9pZGx2LmJpbpSMDnB5dGhvbl9jb21tYW5klIwJLi9weXRob24zlIwScmV3cml0aW5nX3N0cmF0ZWd5lIwkLS1hZ2dyZWdhdGUtc3RyYXRlZ3k9cmV3cml0ZS1uby1ib2R5lHUu', 'gASVBAAAAAAAAABNCAcu', 'gASILg==', 'gASVFAAAAAAAAACMEE5FV0dST1VORC1HUklOR0+ULg==']' timed out after 1980 seconds
(True, 1800, 1800, 9223372036854775807)
[INFO] - NEWGROUND-GRINGO timed out (1800)!

>>>> Now solving: instance_0420.lp

Ran out of input
(True, 1800, 1800, 9223372036854775807)
[INFO] - GRINGO timed out (1800)!
(True, 1800, 206.50311946868896, 3281080.0888671875)
[INFO] - IDLV timed out (1800)!
(True, 1800, 884.8495781421661, 2584602.697265625)
[INFO] - NEWGROUND-IDLV timed out (1800)!
Command '['./python3', 'start_benchmark_newground_helper.py', 'gASVsgAAAAAAAAB9lCiMDmNsaW5nb19jb21tYW5klIwILi9jbGluZ2+UjA5ncmluZ29fY29tbWFuZJSMCC4vZ3JpbmdvlIwMaWRsdl9jb21tYW5klIwKLi9pZGx2LmJpbpSMDnB5dGhvbl9jb21tYW5klIwJLi9weXRob24zlIwScmV3cml0aW5nX3N0cmF0ZWd5lIwkLS1hZ2dyZWdhdGUtc3RyYXRlZ3k9cmV3cml0ZS1uby1ib2R5lHUu', 'gASVBAAAAAAAAABNCAcu', 'gASILg==', 'gASVFAAAAAAAAACMEE5FV0dST1VORC1HUklOR0+ULg==']' timed out after 1980 seconds
(True, 1800, 1800, 9223372036854775807)
[INFO] - NEWGROUND-GRINGO timed out (1800)!

>>>> Now solving: instance_0430.lp

Ran out of input
(True, 1800, 1800, 9223372036854775807)
[INFO] - GRINGO timed out (1800)!
(True, 1800, 248.1322901248932, 3517970.6103515625)
[INFO] - IDLV timed out (1800)!
(True, 1800, 977.2867786884308, 2772356.466796875)
[INFO] - NEWGROUND-IDLV timed out (1800)!
Command '['./python3', 'start_benchmark_newground_helper.py', 'gASVsgAAAAAAAAB9lCiMDmNsaW5nb19jb21tYW5klIwILi9jbGluZ2+UjA5ncmluZ29fY29tbWFuZJSMCC4vZ3JpbmdvlIwMaWRsdl9jb21tYW5klIwKLi9pZGx2LmJpbpSMDnB5dGhvbl9jb21tYW5klIwJLi9weXRob24zlIwScmV3cml0aW5nX3N0cmF0ZWd5lIwkLS1hZ2dyZWdhdGUtc3RyYXRlZ3k9cmV3cml0ZS1uby1ib2R5lHUu', 'gASVBAAAAAAAAABNCAcu', 'gASILg==', 'gASVFAAAAAAAAACMEE5FV0dST1VORC1HUklOR0+ULg==']' timed out after 1980 seconds
(True, 1800, 1800, 9223372036854775807)
[INFO] - NEWGROUND-GRINGO timed out (1800)!

>>>> Now solving: instance_0440.lp

Ran out of input
(True, 1800, 1800, 9223372036854775807)
[INFO] - GRINGO timed out (1800)!
(True, 1800, 231.68103981018066, 3767125.5400390625)
[INFO] - IDLV timed out (1800)!
(True, 1800, 871.8186919689178, 2968989.10546875)
[INFO] - NEWGROUND-IDLV timed out (1800)!
Command '['./python3', 'start_benchmark_newground_helper.py', 'gASVsgAAAAAAAAB9lCiMDmNsaW5nb19jb21tYW5klIwILi9jbGluZ2+UjA5ncmluZ29fY29tbWFuZJSMCC4vZ3JpbmdvlIwMaWRsdl9jb21tYW5klIwKLi9pZGx2LmJpbpSMDnB5dGhvbl9jb21tYW5klIwJLi9weXRob24zlIwScmV3cml0aW5nX3N0cmF0ZWd5lIwkLS1hZ2dyZWdhdGUtc3RyYXRlZ3k9cmV3cml0ZS1uby1ib2R5lHUu', 'gASVBAAAAAAAAABNCAcu', 'gASILg==', 'gASVFAAAAAAAAACMEE5FV0dST1VORC1HUklOR0+ULg==']' timed out after 1980 seconds
(True, 1800, 1800, 9223372036854775807)
[INFO] - NEWGROUND-GRINGO timed out (1800)!

>>>> Now solving: instance_0450.lp

Ran out of input
(True, 1800, 1800, 9223372036854775807)
[INFO] - GRINGO timed out (1800)!
(True, 1800, 264.2437219619751, 4030438.9775390625)
[INFO] - IDLV timed out (1800)!
(True, 1800, 1039.379699230194, 3174703.037109375)
[INFO] - NEWGROUND-IDLV timed out (1800)!
Command '['./python3', 'start_benchmark_newground_helper.py', 'gASVsgAAAAAAAAB9lCiMDmNsaW5nb19jb21tYW5klIwILi9jbGluZ2+UjA5ncmluZ29fY29tbWFuZJSMCC4vZ3JpbmdvlIwMaWRsdl9jb21tYW5klIwKLi9pZGx2LmJpbpSMDnB5dGhvbl9jb21tYW5klIwJLi9weXRob24zlIwScmV3cml0aW5nX3N0cmF0ZWd5lIwkLS1hZ2dyZWdhdGUtc3RyYXRlZ3k9cmV3cml0ZS1uby1ib2R5lHUu', 'gASVBAAAAAAAAABNCAcu', 'gASILg==', 'gASVFAAAAAAAAACMEE5FV0dST1VORC1HUklOR0+ULg==']' timed out after 1980 seconds
(True, 1800, 1800, 9223372036854775807)
[INFO] - NEWGROUND-GRINGO timed out (1800)!
