
>>>> Now solving: instance_0020.lp

(False, 0.40025854110717773, 0.16380000114440918, 1341.4013671875)
[INFO] - GRINGO needed 0.40025854110717773 seconds!
(False, 0.07766032218933105, 0.03702569007873535, 209.75390625)
[INFO] - IDLV needed 0.07766032218933105 seconds!
(False, 1.5529060363769531, 1.484473466873169, 279.798828125)
[INFO] - NEWGROUND-IDLV needed 1.5529060363769531 seconds!
(False, 1.9488627910614014, 1.6940650939941406, 1387.36328125)
[INFO] - NEWGROUND-GRINGO needed 1.9488627910614014 seconds!

>>>> Now solving: instance_0060.lp

(False, 44.19598317146301, 14.7796790599823, 146054.8935546875)
[INFO] - GRINGO needed 44.19598317146301 seconds!
(False, 2.120276689529419, 0.576246976852417, 6536.056640625)
[INFO] - IDLV needed 2.120276689529419 seconds!
(False, 14.012898921966553, 11.796591997146606, 6559.96484375)
[INFO] - NEWGROUND-IDLV needed 14.012898921966553 seconds!
(False, 56.87547063827515, 26.87648296356201, 145289.625)
[INFO] - NEWGROUND-GRINGO needed 56.87547063827515 seconds!

>>>> Now solving: instance_0100.lp

(False, 372.8543391227722, 114.97631549835205, 1261376.3837890625)
[INFO] - GRINGO needed 372.8543391227722 seconds!
(False, 10.555110692977905, 2.6954405307769775, 33855.5986328125)
[INFO] - IDLV needed 10.555110692977905 seconds!
(False, 45.17081546783447, 33.67334699630737, 32809.0107421875)
[INFO] - NEWGROUND-IDLV needed 45.17081546783447 seconds!
(False, 406.07217478752136, 153.734459400177, 1268769.630859375)
[INFO] - NEWGROUND-GRINGO needed 406.07217478752136 seconds!

>>>> Now solving: instance_0140.lp

(True, 1800, 454.7114260196686, 4929479.2919921875)
[INFO] - GRINGO timed out (1800)!
(False, 29.94840717315674, 7.00701904296875, 94074.0908203125)
[INFO] - IDLV needed 29.94840717315674 seconds!
(False, 102.43322539329529, 68.75378727912903, 88243.9013671875)
[INFO] - NEWGROUND-IDLV needed 102.43322539329529 seconds!
(True, 1800, 561.6949679851532, 4911540.052734375)
[INFO] - NEWGROUND-GRINGO timed out (1800)!

>>>> Now solving: instance_0180.lp

(True, 1800, 1179.0349493026733, 13832733.974609375)
[INFO] - GRINGO timed out (1800)!
(False, 62.57127070426941, 14.806574821472168, 200422.681640625)
[INFO] - IDLV needed 62.57127070426941 seconds!
(False, 196.0257568359375, 108.86945295333862, 185267.8974609375)
[INFO] - NEWGROUND-IDLV needed 196.0257568359375 seconds!
(True, 1800, 1500.3514807224274, 13792048.844726562)
[INFO] - NEWGROUND-GRINGO timed out (1800)!

>>>> Now solving: instance_0220.lp

(True, 1800, 1800, 21902744.0)
[INFO] - GRINGO timed out (1800)!
(False, 132.14552187919617, 27.66874861717224, 366457.9619140625)
[INFO] - IDLV needed 132.14552187919617 seconds!
(False, 363.8718409538269, 180.7705078125, 335389.6083984375)
[INFO] - NEWGROUND-IDLV needed 363.8718409538269 seconds!
(True, 1800, 1800, 18879116.0)
[INFO] - NEWGROUND-GRINGO timed out (1800)!

>>>> Now solving: instance_0260.lp

Ran out of input
(True, 1800, 1800, 9223372036854775807)
[INFO] - GRINGO timed out (1800)!
(False, 189.5256803035736, 39.45862030982971, 624484.970703125)
[INFO] - IDLV needed 189.5256803035736 seconds!
(False, 527.4249823093414, 242.3053958415985, 572608.6923828125)
[INFO] - NEWGROUND-IDLV needed 527.4249823093414 seconds!
Command '['./python3', 'start_benchmark_newground_helper.py', 'gASVsgAAAAAAAAB9lCiMDmNsaW5nb19jb21tYW5klIwILi9jbGluZ2+UjA5ncmluZ29fY29tbWFuZJSMCC4vZ3JpbmdvlIwMaWRsdl9jb21tYW5klIwKLi9pZGx2LmJpbpSMDnB5dGhvbl9jb21tYW5klIwJLi9weXRob24zlIwScmV3cml0aW5nX3N0cmF0ZWd5lIwkLS1hZ2dyZWdhdGUtc3RyYXRlZ3k9cmV3cml0ZS1uby1ib2R5lHUu', 'gASVBAAAAAAAAABNCAcu', 'gASILg==', 'gASVFAAAAAAAAACMEE5FV0dST1VORC1HUklOR0+ULg==']' timed out after 1980 seconds
(True, 1800, 1800, 9223372036854775807)
[INFO] - NEWGROUND-GRINGO timed out (1800)!

>>>> Now solving: instance_0300.lp

Ran out of input
(True, 1800, 1800, 9223372036854775807)
[INFO] - GRINGO timed out (1800)!
(False, 309.0826005935669, 64.54604005813599, 1017993.765625)
[INFO] - IDLV needed 309.0826005935669 seconds!
(False, 938.5814156532288, 352.35264921188354, 930856.568359375)
[INFO] - NEWGROUND-IDLV needed 938.5814156532288 seconds!
Command '['./python3', 'start_benchmark_newground_helper.py', 'gASVsgAAAAAAAAB9lCiMDmNsaW5nb19jb21tYW5klIwILi9jbGluZ2+UjA5ncmluZ29fY29tbWFuZJSMCC4vZ3JpbmdvlIwMaWRsdl9jb21tYW5klIwKLi9pZGx2LmJpbpSMDnB5dGhvbl9jb21tYW5klIwJLi9weXRob24zlIwScmV3cml0aW5nX3N0cmF0ZWd5lIwkLS1hZ2dyZWdhdGUtc3RyYXRlZ3k9cmV3cml0ZS1uby1ib2R5lHUu', 'gASVBAAAAAAAAABNCAcu', 'gASILg==', 'gASVFAAAAAAAAACMEE5FV0dST1VORC1HUklOR0+ULg==']' timed out after 1980 seconds
(True, 1800, 1800, 9223372036854775807)
[INFO] - NEWGROUND-GRINGO timed out (1800)!

>>>> Now solving: instance_0310.lp

Ran out of input
(True, 1800, 1800, 9223372036854775807)
[INFO] - GRINGO timed out (1800)!
(False, 312.63746976852417, 64.62919592857361, 1130681.8271484375)
[INFO] - IDLV needed 312.63746976852417 seconds!
(False, 869.900422334671, 347.2833287715912, 1032338.24609375)
[INFO] - NEWGROUND-IDLV needed 869.900422334671 seconds!
Command '['./python3', 'start_benchmark_newground_helper.py', 'gASVsgAAAAAAAAB9lCiMDmNsaW5nb19jb21tYW5klIwILi9jbGluZ2+UjA5ncmluZ29fY29tbWFuZJSMCC4vZ3JpbmdvlIwMaWRsdl9jb21tYW5klIwKLi9pZGx2LmJpbpSMDnB5dGhvbl9jb21tYW5klIwJLi9weXRob24zlIwScmV3cml0aW5nX3N0cmF0ZWd5lIwkLS1hZ2dyZWdhdGUtc3RyYXRlZ3k9cmV3cml0ZS1uby1ib2R5lHUu', 'gASVBAAAAAAAAABNCAcu', 'gASILg==', 'gASVFAAAAAAAAACMEE5FV0dST1VORC1HUklOR0+ULg==']' timed out after 1980 seconds
(True, 1800, 1800, 9223372036854775807)
[INFO] - NEWGROUND-GRINGO timed out (1800)!

>>>> Now solving: instance_0320.lp

Ran out of input
(True, 1800, 1800, 9223372036854775807)
[INFO] - GRINGO timed out (1800)!
(False, 347.5397877693176, 73.9971330165863, 1247034.7861328125)
[INFO] - IDLV needed 347.5397877693176 seconds!
(False, 889.1710534095764, 358.6459357738495, 1137138.23828125)
[INFO] - NEWGROUND-IDLV needed 889.1710534095764 seconds!
Command '['./python3', 'start_benchmark_newground_helper.py', 'gASVsgAAAAAAAAB9lCiMDmNsaW5nb19jb21tYW5klIwILi9jbGluZ2+UjA5ncmluZ29fY29tbWFuZJSMCC4vZ3JpbmdvlIwMaWRsdl9jb21tYW5klIwKLi9pZGx2LmJpbpSMDnB5dGhvbl9jb21tYW5klIwJLi9weXRob24zlIwScmV3cml0aW5nX3N0cmF0ZWd5lIwkLS1hZ2dyZWdhdGUtc3RyYXRlZ3k9cmV3cml0ZS1uby1ib2R5lHUu', 'gASVBAAAAAAAAABNCAcu', 'gASILg==', 'gASVFAAAAAAAAACMEE5FV0dST1VORC1HUklOR0+ULg==']' timed out after 1980 seconds
(True, 1800, 1800, 9223372036854775807)
[INFO] - NEWGROUND-GRINGO timed out (1800)!

>>>> Now solving: instance_0330.lp

Ran out of input
(True, 1800, 1800, 9223372036854775807)
[INFO] - GRINGO timed out (1800)!
(False, 380.92950534820557, 80.61247849464417, 1373789.2958984375)
[INFO] - IDLV needed 380.92950534820557 seconds!
(False, 1003.0673322677612, 394.1306896209717, 1254559.771484375)
[INFO] - NEWGROUND-IDLV needed 1003.0673322677612 seconds!
Command '['./python3', 'start_benchmark_newground_helper.py', 'gASVsgAAAAAAAAB9lCiMDmNsaW5nb19jb21tYW5klIwILi9jbGluZ2+UjA5ncmluZ29fY29tbWFuZJSMCC4vZ3JpbmdvlIwMaWRsdl9jb21tYW5klIwKLi9pZGx2LmJpbpSMDnB5dGhvbl9jb21tYW5klIwJLi9weXRob24zlIwScmV3cml0aW5nX3N0cmF0ZWd5lIwkLS1hZ2dyZWdhdGUtc3RyYXRlZ3k9cmV3cml0ZS1uby1ib2R5lHUu', 'gASVBAAAAAAAAABNCAcu', 'gASILg==', 'gASVFAAAAAAAAACMEE5FV0dST1VORC1HUklOR0+ULg==']' timed out after 1980 seconds
(True, 1800, 1800, 9223372036854775807)
[INFO] - NEWGROUND-GRINGO timed out (1800)!

>>>> Now solving: instance_0340.lp

Ran out of input
(True, 1800, 1800, 9223372036854775807)
[INFO] - GRINGO timed out (1800)!
(False, 426.68142652511597, 86.18279719352722, 1509694.7109375)
[INFO] - IDLV needed 426.68142652511597 seconds!
(False, 1230.5468175411224, 415.98373079299927, 1376364.794921875)
[INFO] - NEWGROUND-IDLV needed 1230.5468175411224 seconds!
Command '['./python3', 'start_benchmark_newground_helper.py', 'gASVsgAAAAAAAAB9lCiMDmNsaW5nb19jb21tYW5klIwILi9jbGluZ2+UjA5ncmluZ29fY29tbWFuZJSMCC4vZ3JpbmdvlIwMaWRsdl9jb21tYW5klIwKLi9pZGx2LmJpbpSMDnB5dGhvbl9jb21tYW5klIwJLi9weXRob24zlIwScmV3cml0aW5nX3N0cmF0ZWd5lIwkLS1hZ2dyZWdhdGUtc3RyYXRlZ3k9cmV3cml0ZS1uby1ib2R5lHUu', 'gASVBAAAAAAAAABNCAcu', 'gASILg==', 'gASVFAAAAAAAAACMEE5FV0dST1VORC1HUklOR0+ULg==']' timed out after 1980 seconds
(True, 1800, 1800, 9223372036854775807)
[INFO] - NEWGROUND-GRINGO timed out (1800)!

>>>> Now solving: instance_0350.lp

Ran out of input
(True, 1800, 1800, 9223372036854775807)
[INFO] - GRINGO timed out (1800)!
(False, 453.230229139328, 90.55582213401794, 1654314.201171875)
[INFO] - IDLV needed 453.230229139328 seconds!
(False, 1398.4414405822754, 451.2017629146576, 1500387.521484375)
[INFO] - NEWGROUND-IDLV needed 1398.4414405822754 seconds!
Command '['./python3', 'start_benchmark_newground_helper.py', 'gASVsgAAAAAAAAB9lCiMDmNsaW5nb19jb21tYW5klIwILi9jbGluZ2+UjA5ncmluZ29fY29tbWFuZJSMCC4vZ3JpbmdvlIwMaWRsdl9jb21tYW5klIwKLi9pZGx2LmJpbpSMDnB5dGhvbl9jb21tYW5klIwJLi9weXRob24zlIwScmV3cml0aW5nX3N0cmF0ZWd5lIwkLS1hZ2dyZWdhdGUtc3RyYXRlZ3k9cmV3cml0ZS1uby1ib2R5lHUu', 'gASVBAAAAAAAAABNCAcu', 'gASILg==', 'gASVFAAAAAAAAACMEE5FV0dST1VORC1HUklOR0+ULg==']' timed out after 1980 seconds
(True, 1800, 1800, 9223372036854775807)
[INFO] - NEWGROUND-GRINGO timed out (1800)!

>>>> Now solving: instance_0360.lp

Ran out of input
(True, 1800, 1800, 9223372036854775807)
[INFO] - GRINGO timed out (1800)!
(False, 505.5292458534241, 103.93057322502136, 1797937.0078125)
[INFO] - IDLV needed 505.5292458534241 seconds!
(False, 1582.3334667682648, 480.07107043266296, 1631828.6279296875)
[INFO] - NEWGROUND-IDLV needed 1582.3334667682648 seconds!
Command '['./python3', 'start_benchmark_newground_helper.py', 'gASVsgAAAAAAAAB9lCiMDmNsaW5nb19jb21tYW5klIwILi9jbGluZ2+UjA5ncmluZ29fY29tbWFuZJSMCC4vZ3JpbmdvlIwMaWRsdl9jb21tYW5klIwKLi9pZGx2LmJpbpSMDnB5dGhvbl9jb21tYW5klIwJLi9weXRob24zlIwScmV3cml0aW5nX3N0cmF0ZWd5lIwkLS1hZ2dyZWdhdGUtc3RyYXRlZ3k9cmV3cml0ZS1uby1ib2R5lHUu', 'gASVBAAAAAAAAABNCAcu', 'gASILg==', 'gASVFAAAAAAAAACMEE5FV0dST1VORC1HUklOR0+ULg==']' timed out after 1980 seconds
(True, 1800, 1800, 9223372036854775807)
[INFO] - NEWGROUND-GRINGO timed out (1800)!

>>>> Now solving: instance_0370.lp

Ran out of input
(True, 1800, 1800, 9223372036854775807)
[INFO] - GRINGO timed out (1800)!
(False, 556.8459849357605, 112.74819540977478, 1955105.365234375)
[INFO] - IDLV needed 556.8459849357605 seconds!
(True, 1800, 532.8974707126617, 1771013.9482421875)
[INFO] - NEWGROUND-IDLV timed out (1800)!
Command '['./python3', 'start_benchmark_newground_helper.py', 'gASVsgAAAAAAAAB9lCiMDmNsaW5nb19jb21tYW5klIwILi9jbGluZ2+UjA5ncmluZ29fY29tbWFuZJSMCC4vZ3JpbmdvlIwMaWRsdl9jb21tYW5klIwKLi9pZGx2LmJpbpSMDnB5dGhvbl9jb21tYW5klIwJLi9weXRob24zlIwScmV3cml0aW5nX3N0cmF0ZWd5lIwkLS1hZ2dyZWdhdGUtc3RyYXRlZ3k9cmV3cml0ZS1uby1ib2R5lHUu', 'gASVBAAAAAAAAABNCAcu', 'gASILg==', 'gASVFAAAAAAAAACMEE5FV0dST1VORC1HUklOR0+ULg==']' timed out after 1980 seconds
(True, 1800, 1800, 9223372036854775807)
[INFO] - NEWGROUND-GRINGO timed out (1800)!

>>>> Now solving: instance_0380.lp

Ran out of input
(True, 1800, 1800, 9223372036854775807)
[INFO] - GRINGO timed out (1800)!
(False, 619.6666874885559, 122.7629497051239, 2117172.841796875)
[INFO] - IDLV needed 619.6666874885559 seconds!
(True, 1800, 589.9625720977783, 1916679.38671875)
[INFO] - NEWGROUND-IDLV timed out (1800)!
Command '['./python3', 'start_benchmark_newground_helper.py', 'gASVsgAAAAAAAAB9lCiMDmNsaW5nb19jb21tYW5klIwILi9jbGluZ2+UjA5ncmluZ29fY29tbWFuZJSMCC4vZ3JpbmdvlIwMaWRsdl9jb21tYW5klIwKLi9pZGx2LmJpbpSMDnB5dGhvbl9jb21tYW5klIwJLi9weXRob24zlIwScmV3cml0aW5nX3N0cmF0ZWd5lIwkLS1hZ2dyZWdhdGUtc3RyYXRlZ3k9cmV3cml0ZS1uby1ib2R5lHUu', 'gASVBAAAAAAAAABNCAcu', 'gASILg==', 'gASVFAAAAAAAAACMEE5FV0dST1VORC1HUklOR0+ULg==']' timed out after 1980 seconds
(True, 1800, 1800, 9223372036854775807)
[INFO] - NEWGROUND-GRINGO timed out (1800)!

>>>> Now solving: instance_0390.lp

Ran out of input
(True, 1800, 1800, 9223372036854775807)
[INFO] - GRINGO timed out (1800)!
(True, 1800, 132.97989416122437, 2285656.98828125)
[INFO] - IDLV timed out (1800)!
(False, 1770.111246585846, 588.3355433940887, 2071203.9619140625)
[INFO] - NEWGROUND-IDLV needed 1770.111246585846 seconds!
Command '['./python3', 'start_benchmark_newground_helper.py', 'gASVsgAAAAAAAAB9lCiMDmNsaW5nb19jb21tYW5klIwILi9jbGluZ2+UjA5ncmluZ29fY29tbWFuZJSMCC4vZ3JpbmdvlIwMaWRsdl9jb21tYW5klIwKLi9pZGx2LmJpbpSMDnB5dGhvbl9jb21tYW5klIwJLi9weXRob24zlIwScmV3cml0aW5nX3N0cmF0ZWd5lIwkLS1hZ2dyZWdhdGUtc3RyYXRlZ3k9cmV3cml0ZS1uby1ib2R5lHUu', 'gASVBAAAAAAAAABNCAcu', 'gASILg==', 'gASVFAAAAAAAAACMEE5FV0dST1VORC1HUklOR0+ULg==']' timed out after 1980 seconds
(True, 1800, 1800, 9223372036854775807)
[INFO] - NEWGROUND-GRINGO timed out (1800)!

>>>> Now solving: instance_0400.lp

Ran out of input
(True, 1800, 1800, 9223372036854775807)
[INFO] - GRINGO timed out (1800)!
(True, 1800, 143.0509376525879, 2464642.142578125)
[INFO] - IDLV timed out (1800)!
(True, 1800, 643.901997089386, 2233372.1689453125)
[INFO] - NEWGROUND-IDLV timed out (1800)!
Command '['./python3', 'start_benchmark_newground_helper.py', 'gASVsgAAAAAAAAB9lCiMDmNsaW5nb19jb21tYW5klIwILi9jbGluZ2+UjA5ncmluZ29fY29tbWFuZJSMCC4vZ3JpbmdvlIwMaWRsdl9jb21tYW5klIwKLi9pZGx2LmJpbpSMDnB5dGhvbl9jb21tYW5klIwJLi9weXRob24zlIwScmV3cml0aW5nX3N0cmF0ZWd5lIwkLS1hZ2dyZWdhdGUtc3RyYXRlZ3k9cmV3cml0ZS1uby1ib2R5lHUu', 'gASVBAAAAAAAAABNCAcu', 'gASILg==', 'gASVFAAAAAAAAACMEE5FV0dST1VORC1HUklOR0+ULg==']' timed out after 1980 seconds
(True, 1800, 1800, 9223372036854775807)
[INFO] - NEWGROUND-GRINGO timed out (1800)!

>>>> Now solving: instance_0410.lp

Ran out of input
(True, 1800, 1800, 9223372036854775807)
[INFO] - GRINGO timed out (1800)!
(True, 1800, 151.2078981399536, 2655868.6767578125)
[INFO] - IDLV timed out (1800)!
(True, 1800, 689.7108097076416, 2404126.3388671875)
[INFO] - NEWGROUND-IDLV timed out (1800)!
Command '['./python3', 'start_benchmark_newground_helper.py', 'gASVsgAAAAAAAAB9lCiMDmNsaW5nb19jb21tYW5klIwILi9jbGluZ2+UjA5ncmluZ29fY29tbWFuZJSMCC4vZ3JpbmdvlIwMaWRsdl9jb21tYW5klIwKLi9pZGx2LmJpbpSMDnB5dGhvbl9jb21tYW5klIwJLi9weXRob24zlIwScmV3cml0aW5nX3N0cmF0ZWd5lIwkLS1hZ2dyZWdhdGUtc3RyYXRlZ3k9cmV3cml0ZS1uby1ib2R5lHUu', 'gASVBAAAAAAAAABNCAcu', 'gASILg==', 'gASVFAAAAAAAAACMEE5FV0dST1VORC1HUklOR0+ULg==']' timed out after 1980 seconds
(True, 1800, 1800, 9223372036854775807)
[INFO] - NEWGROUND-GRINGO timed out (1800)!

>>>> Now solving: instance_0420.lp

Ran out of input
(True, 1800, 1800, 9223372036854775807)
[INFO] - GRINGO timed out (1800)!
(True, 1800, 189.47013974189758, 2856327.5126953125)
[INFO] - IDLV timed out (1800)!
(True, 1800, 865.4453802108765, 2582499.193359375)
[INFO] - NEWGROUND-IDLV timed out (1800)!
Command '['./python3', 'start_benchmark_newground_helper.py', 'gASVsgAAAAAAAAB9lCiMDmNsaW5nb19jb21tYW5klIwILi9jbGluZ2+UjA5ncmluZ29fY29tbWFuZJSMCC4vZ3JpbmdvlIwMaWRsdl9jb21tYW5klIwKLi9pZGx2LmJpbpSMDnB5dGhvbl9jb21tYW5klIwJLi9weXRob24zlIwScmV3cml0aW5nX3N0cmF0ZWd5lIwkLS1hZ2dyZWdhdGUtc3RyYXRlZ3k9cmV3cml0ZS1uby1ib2R5lHUu', 'gASVBAAAAAAAAABNCAcu', 'gASILg==', 'gASVFAAAAAAAAACMEE5FV0dST1VORC1HUklOR0+ULg==']' timed out after 1980 seconds
(True, 1800, 1800, 9223372036854775807)
[INFO] - NEWGROUND-GRINGO timed out (1800)!

>>>> Now solving: instance_0430.lp

Ran out of input
(True, 1800, 1800, 9223372036854775807)
[INFO] - GRINGO timed out (1800)!
(True, 1800, 178.4802086353302, 3066166.8740234375)
[INFO] - IDLV timed out (1800)!
(True, 1800, 904.0846593379974, 2770856.69921875)
[INFO] - NEWGROUND-IDLV timed out (1800)!
Command '['./python3', 'start_benchmark_newground_helper.py', 'gASVsgAAAAAAAAB9lCiMDmNsaW5nb19jb21tYW5klIwILi9jbGluZ2+UjA5ncmluZ29fY29tbWFuZJSMCC4vZ3JpbmdvlIwMaWRsdl9jb21tYW5klIwKLi9pZGx2LmJpbpSMDnB5dGhvbl9jb21tYW5klIwJLi9weXRob24zlIwScmV3cml0aW5nX3N0cmF0ZWd5lIwkLS1hZ2dyZWdhdGUtc3RyYXRlZ3k9cmV3cml0ZS1uby1ib2R5lHUu', 'gASVBAAAAAAAAABNCAcu', 'gASILg==', 'gASVFAAAAAAAAACMEE5FV0dST1VORC1HUklOR0+ULg==']' timed out after 1980 seconds
(True, 1800, 1800, 9223372036854775807)
[INFO] - NEWGROUND-GRINGO timed out (1800)!

>>>> Now solving: instance_0440.lp

(True, 1800, 1800, 21612784.0)
[INFO] - GRINGO timed out (1800)!
(True, 1800, 220.3157353401184, 3284430.6201171875)
[INFO] - IDLV timed out (1800)!
(True, 1800, 946.1465280056, 2966977.6240234375)
[INFO] - NEWGROUND-IDLV timed out (1800)!
Command '['./python3', 'start_benchmark_newground_helper.py', 'gASVsgAAAAAAAAB9lCiMDmNsaW5nb19jb21tYW5klIwILi9jbGluZ2+UjA5ncmluZ29fY29tbWFuZJSMCC4vZ3JpbmdvlIwMaWRsdl9jb21tYW5klIwKLi9pZGx2LmJpbpSMDnB5dGhvbl9jb21tYW5klIwJLi9weXRob24zlIwScmV3cml0aW5nX3N0cmF0ZWd5lIwkLS1hZ2dyZWdhdGUtc3RyYXRlZ3k9cmV3cml0ZS1uby1ib2R5lHUu', 'gASVBAAAAAAAAABNCAcu', 'gASILg==', 'gASVFAAAAAAAAACMEE5FV0dST1VORC1HUklOR0+ULg==']' timed out after 1980 seconds
(True, 1800, 1800, 9223372036854775807)
[INFO] - NEWGROUND-GRINGO timed out (1800)!

>>>> Now solving: instance_0450.lp

Ran out of input
(True, 1800, 1800, 9223372036854775807)
[INFO] - GRINGO timed out (1800)!
(True, 1800, 237.44218134880066, 3512354.2880859375)
[INFO] - IDLV timed out (1800)!
(True, 1800, 991.1131756305695, 3172537.1923828125)
[INFO] - NEWGROUND-IDLV timed out (1800)!
Command '['./python3', 'start_benchmark_newground_helper.py', 'gASVsgAAAAAAAAB9lCiMDmNsaW5nb19jb21tYW5klIwILi9jbGluZ2+UjA5ncmluZ29fY29tbWFuZJSMCC4vZ3JpbmdvlIwMaWRsdl9jb21tYW5klIwKLi9pZGx2LmJpbpSMDnB5dGhvbl9jb21tYW5klIwJLi9weXRob24zlIwScmV3cml0aW5nX3N0cmF0ZWd5lIwkLS1hZ2dyZWdhdGUtc3RyYXRlZ3k9cmV3cml0ZS1uby1ib2R5lHUu', 'gASVBAAAAAAAAABNCAcu', 'gASILg==', 'gASVFAAAAAAAAACMEE5FV0dST1VORC1HUklOR0+ULg==']' timed out after 1980 seconds
(True, 1800, 1800, 9223372036854775807)
[INFO] - NEWGROUND-GRINGO timed out (1800)!
