
>>>> Now solving: instance_0020.lp

(False, 0.08300518989562988, 0.03898048400878906, 199.390625)
[INFO] - GRINGO needed 0.08300518989562988 seconds!
(False, 0.05061197280883789, 0.024239301681518555, 81.671875)
[INFO] - IDLV needed 0.05061197280883789 seconds!
(False, 1.2288780212402344, 1.187007188796997, 167.7919921875)
[INFO] - NEWGROUND-IDLV needed 1.2288780212402344 seconds!
(False, 1.2939741611480713, 1.2354199886322021, 303.7490234375)
[INFO] - NEWGROUND-GRINGO needed 1.2939741611480713 seconds!

>>>> Now solving: instance_0060.lp

(False, 10.788567543029785, 3.4012389183044434, 37796.2412109375)
[INFO] - GRINGO needed 10.788567543029785 seconds!
(False, 1.6220567226409912, 0.4062628746032715, 5481.7373046875)
[INFO] - IDLV needed 1.6220567226409912 seconds!
(False, 10.124749183654785, 8.188321828842163, 6366.7509765625)
[INFO] - NEWGROUND-IDLV needed 10.124749183654785 seconds!
(False, 19.770729780197144, 11.958017826080322, 39886.76953125)
[INFO] - NEWGROUND-GRINGO needed 19.770729780197144 seconds!

>>>> Now solving: instance_0100.lp

(False, 90.1880898475647, 27.83460760116577, 316270.1943359375)
[INFO] - GRINGO needed 90.1880898475647 seconds!
(False, 8.45951509475708, 1.8845593929290771, 27129.9658203125)
[INFO] - IDLV needed 8.45951509475708 seconds!
(False, 34.960416078567505, 24.050697803497314, 30071.4189453125)
[INFO] - NEWGROUND-IDLV needed 34.960416078567505 seconds!
(False, 117.58332633972168, 53.07023048400879, 322215.4462890625)
[INFO] - NEWGROUND-GRINGO needed 117.58332633972168 seconds!

>>>> Now solving: instance_0140.lp

(False, 357.6104414463043, 104.21591186523438, 1281620.1708984375)
[INFO] - GRINGO needed 357.6104414463043 seconds!
(False, 23.47244119644165, 5.231248140335083, 78498.2353515625)
[INFO] - IDLV needed 23.47244119644165 seconds!
(False, 81.97830390930176, 48.22435235977173, 84475.373046875)
[INFO] - NEWGROUND-IDLV needed 81.97830390930176 seconds!
(False, 401.8662266731262, 155.00500512123108, 1295712.5966796875)
[INFO] - NEWGROUND-GRINGO needed 401.8662266731262 seconds!

>>>> Now solving: instance_0180.lp

(True, 1800, 288.345871925354, 3540175.9599609375)
[INFO] - GRINGO timed out (1800)!
(False, 54.05311131477356, 10.96562647819519, 175836.2177734375)
[INFO] - IDLV needed 54.05311131477356 seconds!
(False, 163.58487582206726, 84.82815027236938, 184636.3095703125)
[INFO] - NEWGROUND-IDLV needed 163.58487582206726 seconds!
(True, 1800, 378.0470700263977, 3567416.658203125)
[INFO] - NEWGROUND-GRINGO timed out (1800)!

>>>> Now solving: instance_0220.lp

(True, 1800, 655.6367421150208, 8040786.490234375)
[INFO] - GRINGO timed out (1800)!
(False, 98.09557485580444, 19.532440423965454, 323877.7099609375)
[INFO] - IDLV needed 98.09557485580444 seconds!
(False, 290.4601876735687, 134.68161034584045, 335337.6904296875)
[INFO] - NEWGROUND-IDLV needed 290.4601876735687 seconds!
(True, 1800, 808.8456177711487, 8049945.6376953125)
[INFO] - NEWGROUND-GRINGO timed out (1800)!

>>>> Now solving: instance_0260.lp

(True, 1800, 1185.7805752754211, 15610448.459960938)
[INFO] - GRINGO timed out (1800)!
(False, 174.0536699295044, 33.15302801132202, 534930.6201171875)
[INFO] - IDLV needed 174.0536699295044 seconds!
(False, 488.9070963859558, 199.07827591896057, 550154.7783203125)
[INFO] - NEWGROUND-IDLV needed 488.9070963859558 seconds!
(True, 1800, 1459.1802830696106, 15920725.1328125)
[INFO] - NEWGROUND-GRINGO timed out (1800)!

>>>> Now solving: instance_0300.lp

Ran out of input
(True, 1800, 1800, 9223372036854775807)
[INFO] - GRINGO timed out (1800)!
(False, 266.9652752876282, 49.913031816482544, 832056.52734375)
[INFO] - IDLV needed 266.9652752876282 seconds!
(False, 752.0336244106293, 268.331862449646, 857921.78515625)
[INFO] - NEWGROUND-IDLV needed 752.0336244106293 seconds!
Command '['./python3', 'start_benchmark_newground_helper.py', 'gASVsgAAAAAAAAB9lCiMDmNsaW5nb19jb21tYW5klIwILi9jbGluZ2+UjA5ncmluZ29fY29tbWFuZJSMCC4vZ3JpbmdvlIwMaWRsdl9jb21tYW5klIwKLi9pZGx2LmJpbpSMDnB5dGhvbl9jb21tYW5klIwJLi9weXRob24zlIwScmV3cml0aW5nX3N0cmF0ZWd5lIwkLS1hZ2dyZWdhdGUtc3RyYXRlZ3k9cmV3cml0ZS1uby1ib2R5lHUu', 'gASVBAAAAAAAAABNCAcu', 'gASILg==', 'gASVFAAAAAAAAACMEE5FV0dST1VORC1HUklOR0+ULg==']' timed out after 1980 seconds
(True, 1800, 1800, 9223372036854775807)
[INFO] - NEWGROUND-GRINGO timed out (1800)!

>>>> Now solving: instance_0310.lp

Ran out of input
(True, 1800, 1800, 9223372036854775807)
[INFO] - GRINGO timed out (1800)!
(False, 294.76630878448486, 54.77583360671997, 924120.74609375)
[INFO] - IDLV needed 294.76630878448486 seconds!
(False, 852.4948348999023, 290.92372488975525, 950375.2421875)
[INFO] - NEWGROUND-IDLV needed 852.4948348999023 seconds!
Command '['./python3', 'start_benchmark_newground_helper.py', 'gASVsgAAAAAAAAB9lCiMDmNsaW5nb19jb21tYW5klIwILi9jbGluZ2+UjA5ncmluZ29fY29tbWFuZJSMCC4vZ3JpbmdvlIwMaWRsdl9jb21tYW5klIwKLi9pZGx2LmJpbpSMDnB5dGhvbl9jb21tYW5klIwJLi9weXRob24zlIwScmV3cml0aW5nX3N0cmF0ZWd5lIwkLS1hZ2dyZWdhdGUtc3RyYXRlZ3k9cmV3cml0ZS1uby1ib2R5lHUu', 'gASVBAAAAAAAAABNCAcu', 'gASILg==', 'gASVFAAAAAAAAACMEE5FV0dST1VORC1HUklOR0+ULg==']' timed out after 1980 seconds
(True, 1800, 1800, 9223372036854775807)
[INFO] - NEWGROUND-GRINGO timed out (1800)!

>>>> Now solving: instance_0320.lp

Ran out of input
(True, 1800, 1800, 9223372036854775807)
[INFO] - GRINGO timed out (1800)!
(False, 337.61727142333984, 62.48340344429016, 1022735.041015625)
[INFO] - IDLV needed 337.61727142333984 seconds!
(False, 971.7346503734589, 329.87297534942627, 1049555.509765625)
[INFO] - NEWGROUND-IDLV needed 971.7346503734589 seconds!
Command '['./python3', 'start_benchmark_newground_helper.py', 'gASVsgAAAAAAAAB9lCiMDmNsaW5nb19jb21tYW5klIwILi9jbGluZ2+UjA5ncmluZ29fY29tbWFuZJSMCC4vZ3JpbmdvlIwMaWRsdl9jb21tYW5klIwKLi9pZGx2LmJpbpSMDnB5dGhvbl9jb21tYW5klIwJLi9weXRob24zlIwScmV3cml0aW5nX3N0cmF0ZWd5lIwkLS1hZ2dyZWdhdGUtc3RyYXRlZ3k9cmV3cml0ZS1uby1ib2R5lHUu', 'gASVBAAAAAAAAABNCAcu', 'gASILg==', 'gASVFAAAAAAAAACMEE5FV0dST1VORC1HUklOR0+ULg==']' timed out after 1980 seconds
(True, 1800, 1800, 9223372036854775807)
[INFO] - NEWGROUND-GRINGO timed out (1800)!

>>>> Now solving: instance_0330.lp

Ran out of input
(True, 1800, 1800, 9223372036854775807)
[INFO] - GRINGO timed out (1800)!
(False, 370.46811509132385, 68.28894376754761, 1128209.37109375)
[INFO] - IDLV needed 370.46811509132385 seconds!
(False, 1053.8542971611023, 356.96622228622437, 1156690.3232421875)
[INFO] - NEWGROUND-IDLV needed 1053.8542971611023 seconds!
Command '['./python3', 'start_benchmark_newground_helper.py', 'gASVsgAAAAAAAAB9lCiMDmNsaW5nb19jb21tYW5klIwILi9jbGluZ2+UjA5ncmluZ29fY29tbWFuZJSMCC4vZ3JpbmdvlIwMaWRsdl9jb21tYW5klIwKLi9pZGx2LmJpbpSMDnB5dGhvbl9jb21tYW5klIwJLi9weXRob24zlIwScmV3cml0aW5nX3N0cmF0ZWd5lIwkLS1hZ2dyZWdhdGUtc3RyYXRlZ3k9cmV3cml0ZS1uby1ib2R5lHUu', 'gASVBAAAAAAAAABNCAcu', 'gASILg==', 'gASVFAAAAAAAAACMEE5FV0dST1VORC1HUklOR0+ULg==']' timed out after 1980 seconds
(True, 1800, 1800, 9223372036854775807)
[INFO] - NEWGROUND-GRINGO timed out (1800)!

>>>> Now solving: instance_0340.lp

(True, 1800, 1800, 21260932.0)
[INFO] - GRINGO timed out (1800)!
(False, 441.45263385772705, 83.43664598464966, 1240646.8232421875)
[INFO] - IDLV needed 441.45263385772705 seconds!
(False, 1294.475219488144, 443.67810559272766, 1270715.845703125)
[INFO] - NEWGROUND-IDLV needed 1294.475219488144 seconds!
Command '['./python3', 'start_benchmark_newground_helper.py', 'gASVsgAAAAAAAAB9lCiMDmNsaW5nb19jb21tYW5klIwILi9jbGluZ2+UjA5ncmluZ29fY29tbWFuZJSMCC4vZ3JpbmdvlIwMaWRsdl9jb21tYW5klIwKLi9pZGx2LmJpbpSMDnB5dGhvbl9jb21tYW5klIwJLi9weXRob24zlIwScmV3cml0aW5nX3N0cmF0ZWd5lIwkLS1hZ2dyZWdhdGUtc3RyYXRlZ3k9cmV3cml0ZS1uby1ib2R5lHUu', 'gASVBAAAAAAAAABNCAcu', 'gASILg==', 'gASVFAAAAAAAAACMEE5FV0dST1VORC1HUklOR0+ULg==']' timed out after 1980 seconds
(True, 1800, 1800, 9223372036854775807)
[INFO] - NEWGROUND-GRINGO timed out (1800)!

>>>> Now solving: instance_0350.lp

Ran out of input
(True, 1800, 1800, 9223372036854775807)
[INFO] - GRINGO timed out (1800)!
(False, 486.47080302238464, 94.4244441986084, 1358938.7509765625)
[INFO] - IDLV needed 486.47080302238464 seconds!
(False, 1407.04789853096, 476.49327182769775, 1391235.1025390625)
[INFO] - NEWGROUND-IDLV needed 1407.04789853096 seconds!
Command '['./python3', 'start_benchmark_newground_helper.py', 'gASVsgAAAAAAAAB9lCiMDmNsaW5nb19jb21tYW5klIwILi9jbGluZ2+UjA5ncmluZ29fY29tbWFuZJSMCC4vZ3JpbmdvlIwMaWRsdl9jb21tYW5klIwKLi9pZGx2LmJpbpSMDnB5dGhvbl9jb21tYW5klIwJLi9weXRob24zlIwScmV3cml0aW5nX3N0cmF0ZWd5lIwkLS1hZ2dyZWdhdGUtc3RyYXRlZ3k9cmV3cml0ZS1uby1ib2R5lHUu', 'gASVBAAAAAAAAABNCAcu', 'gASILg==', 'gASVFAAAAAAAAACMEE5FV0dST1VORC1HUklOR0+ULg==']' timed out after 1980 seconds
(True, 1800, 1800, 9223372036854775807)
[INFO] - NEWGROUND-GRINGO timed out (1800)!

>>>> Now solving: instance_0360.lp

(True, 1800, 1800, 21162524.0)
[INFO] - GRINGO timed out (1800)!
(False, 495.5414991378784, 99.74069929122925, 1485335.8984375)
[INFO] - IDLV needed 495.5414991378784 seconds!
(False, 1391.5121049880981, 439.3593101501465, 1520527.330078125)
[INFO] - NEWGROUND-IDLV needed 1391.5121049880981 seconds!
Command '['./python3', 'start_benchmark_newground_helper.py', 'gASVsgAAAAAAAAB9lCiMDmNsaW5nb19jb21tYW5klIwILi9jbGluZ2+UjA5ncmluZ29fY29tbWFuZJSMCC4vZ3JpbmdvlIwMaWRsdl9jb21tYW5klIwKLi9pZGx2LmJpbpSMDnB5dGhvbl9jb21tYW5klIwJLi9weXRob24zlIwScmV3cml0aW5nX3N0cmF0ZWd5lIwkLS1hZ2dyZWdhdGUtc3RyYXRlZ3k9cmV3cml0ZS1uby1ib2R5lHUu', 'gASVBAAAAAAAAABNCAcu', 'gASILg==', 'gASVFAAAAAAAAACMEE5FV0dST1VORC1HUklOR0+ULg==']' timed out after 1980 seconds
(True, 1800, 1800, 9223372036854775807)
[INFO] - NEWGROUND-GRINGO timed out (1800)!

>>>> Now solving: instance_0370.lp

Ran out of input
(True, 1800, 1800, 9223372036854775807)
[INFO] - GRINGO timed out (1800)!
(False, 611.7390556335449, 106.9811999797821, 1618175.677734375)
[INFO] - IDLV needed 611.7390556335449 seconds!
(True, 1800, 546.556318283081, 1654668.2177734375)
[INFO] - NEWGROUND-IDLV timed out (1800)!
Command '['./python3', 'start_benchmark_newground_helper.py', 'gASVsgAAAAAAAAB9lCiMDmNsaW5nb19jb21tYW5klIwILi9jbGluZ2+UjA5ncmluZ29fY29tbWFuZJSMCC4vZ3JpbmdvlIwMaWRsdl9jb21tYW5klIwKLi9pZGx2LmJpbpSMDnB5dGhvbl9jb21tYW5klIwJLi9weXRob24zlIwScmV3cml0aW5nX3N0cmF0ZWd5lIwkLS1hZ2dyZWdhdGUtc3RyYXRlZ3k9cmV3cml0ZS1uby1ib2R5lHUu', 'gASVBAAAAAAAAABNCAcu', 'gASILg==', 'gASVFAAAAAAAAACMEE5FV0dST1VORC1HUklOR0+ULg==']' timed out after 1980 seconds
(True, 1800, 1800, 9223372036854775807)
[INFO] - NEWGROUND-GRINGO timed out (1800)!

>>>> Now solving: instance_0380.lp

(True, 1800, 1800, 21551368.0)
[INFO] - GRINGO timed out (1800)!
(False, 587.9424605369568, 104.62920761108398, 1759787.5068359375)
[INFO] - IDLV needed 587.9424605369568 seconds!
(False, 1752.3736281394958, 575.5543978214264, 1797485.9560546875)
[INFO] - NEWGROUND-IDLV needed 1752.3736281394958 seconds!
Command '['./python3', 'start_benchmark_newground_helper.py', 'gASVsgAAAAAAAAB9lCiMDmNsaW5nb19jb21tYW5klIwILi9jbGluZ2+UjA5ncmluZ29fY29tbWFuZJSMCC4vZ3JpbmdvlIwMaWRsdl9jb21tYW5klIwKLi9pZGx2LmJpbpSMDnB5dGhvbl9jb21tYW5klIwJLi9weXRob24zlIwScmV3cml0aW5nX3N0cmF0ZWd5lIwkLS1hZ2dyZWdhdGUtc3RyYXRlZ3k9cmV3cml0ZS1uby1ib2R5lHUu', 'gASVBAAAAAAAAABNCAcu', 'gASILg==', 'gASVFAAAAAAAAACMEE5FV0dST1VORC1HUklOR0+ULg==']' timed out after 1980 seconds
(True, 1800, 1800, 9223372036854775807)
[INFO] - NEWGROUND-GRINGO timed out (1800)!

>>>> Now solving: instance_0390.lp

Ran out of input
(True, 1800, 1800, 9223372036854775807)
[INFO] - GRINGO timed out (1800)!
(False, 643.3161563873291, 133.67829012870789, 1908658.1025390625)
[INFO] - IDLV needed 643.3161563873291 seconds!
(True, 1800, 522.2940809726715, 1947891.2158203125)
[INFO] - NEWGROUND-IDLV timed out (1800)!
Command '['./python3', 'start_benchmark_newground_helper.py', 'gASVsgAAAAAAAAB9lCiMDmNsaW5nb19jb21tYW5klIwILi9jbGluZ2+UjA5ncmluZ29fY29tbWFuZJSMCC4vZ3JpbmdvlIwMaWRsdl9jb21tYW5klIwKLi9pZGx2LmJpbpSMDnB5dGhvbl9jb21tYW5klIwJLi9weXRob24zlIwScmV3cml0aW5nX3N0cmF0ZWd5lIwkLS1hZ2dyZWdhdGUtc3RyYXRlZ3k9cmV3cml0ZS1uby1ib2R5lHUu', 'gASVBAAAAAAAAABNCAcu', 'gASILg==', 'gASVFAAAAAAAAACMEE5FV0dST1VORC1HUklOR0+ULg==']' timed out after 1980 seconds
(True, 1800, 1800, 9223372036854775807)
[INFO] - NEWGROUND-GRINGO timed out (1800)!

>>>> Now solving: instance_0400.lp

(True, 1800, 1800, 21148864.0)
[INFO] - GRINGO timed out (1800)!
(True, 1800, 146.47950744628906, 2065160.310546875)
[INFO] - IDLV timed out (1800)!
(True, 1800, 578.0524199008942, 2104123.40234375)
[INFO] - NEWGROUND-IDLV timed out (1800)!
Command '['./python3', 'start_benchmark_newground_helper.py', 'gASVsgAAAAAAAAB9lCiMDmNsaW5nb19jb21tYW5klIwILi9jbGluZ2+UjA5ncmluZ29fY29tbWFuZJSMCC4vZ3JpbmdvlIwMaWRsdl9jb21tYW5klIwKLi9pZGx2LmJpbpSMDnB5dGhvbl9jb21tYW5klIwJLi9weXRob24zlIwScmV3cml0aW5nX3N0cmF0ZWd5lIwkLS1hZ2dyZWdhdGUtc3RyYXRlZ3k9cmV3cml0ZS1uby1ib2R5lHUu', 'gASVBAAAAAAAAABNCAcu', 'gASILg==', 'gASVFAAAAAAAAACMEE5FV0dST1VORC1HUklOR0+ULg==']' timed out after 1980 seconds
(True, 1800, 1800, 9223372036854775807)
[INFO] - NEWGROUND-GRINGO timed out (1800)!

>>>> Now solving: instance_0410.lp

Ran out of input
(True, 1800, 1800, 9223372036854775807)
[INFO] - GRINGO timed out (1800)!
(True, 1800, 149.89170145988464, 2229973.7822265625)
[INFO] - IDLV timed out (1800)!
(True, 1800, 665.324556350708, 2269120.6552734375)
[INFO] - NEWGROUND-IDLV timed out (1800)!
Command '['./python3', 'start_benchmark_newground_helper.py', 'gASVsgAAAAAAAAB9lCiMDmNsaW5nb19jb21tYW5klIwILi9jbGluZ2+UjA5ncmluZ29fY29tbWFuZJSMCC4vZ3JpbmdvlIwMaWRsdl9jb21tYW5klIwKLi9pZGx2LmJpbpSMDnB5dGhvbl9jb21tYW5klIwJLi9weXRob24zlIwScmV3cml0aW5nX3N0cmF0ZWd5lIwkLS1hZ2dyZWdhdGUtc3RyYXRlZ3k9cmV3cml0ZS1uby1ib2R5lHUu', 'gASVBAAAAAAAAABNCAcu', 'gASILg==', 'gASVFAAAAAAAAACMEE5FV0dST1VORC1HUklOR0+ULg==']' timed out after 1980 seconds
(True, 1800, 1800, 9223372036854775807)
[INFO] - NEWGROUND-GRINGO timed out (1800)!

>>>> Now solving: instance_0420.lp

Ran out of input
(True, 1800, 1800, 9223372036854775807)
[INFO] - GRINGO timed out (1800)!
(True, 1800, 158.26989841461182, 2403977.3466796875)
[INFO] - IDLV timed out (1800)!
(True, 1800, 664.7773268222809, 2447024.47265625)
[INFO] - NEWGROUND-IDLV timed out (1800)!
Command '['./python3', 'start_benchmark_newground_helper.py', 'gASVsgAAAAAAAAB9lCiMDmNsaW5nb19jb21tYW5klIwILi9jbGluZ2+UjA5ncmluZ29fY29tbWFuZJSMCC4vZ3JpbmdvlIwMaWRsdl9jb21tYW5klIwKLi9pZGx2LmJpbpSMDnB5dGhvbl9jb21tYW5klIwJLi9weXRob24zlIwScmV3cml0aW5nX3N0cmF0ZWd5lIwkLS1hZ2dyZWdhdGUtc3RyYXRlZ3k9cmV3cml0ZS1uby1ib2R5lHUu', 'gASVBAAAAAAAAABNCAcu', 'gASILg==', 'gASVFAAAAAAAAACMEE5FV0dST1VORC1HUklOR0+ULg==']' timed out after 1980 seconds
(True, 1800, 1800, 9223372036854775807)
[INFO] - NEWGROUND-GRINGO timed out (1800)!

>>>> Now solving: instance_0430.lp

(True, 1800, 1800, 21511604.0)
[INFO] - GRINGO timed out (1800)!
(True, 1800, 171.66939544677734, 2585249.4501953125)
[INFO] - IDLV timed out (1800)!
(True, 1800, 776.6199960708618, 2630168.921875)
[INFO] - NEWGROUND-IDLV timed out (1800)!
Command '['./python3', 'start_benchmark_newground_helper.py', 'gASVsgAAAAAAAAB9lCiMDmNsaW5nb19jb21tYW5klIwILi9jbGluZ2+UjA5ncmluZ29fY29tbWFuZJSMCC4vZ3JpbmdvlIwMaWRsdl9jb21tYW5klIwKLi9pZGx2LmJpbpSMDnB5dGhvbl9jb21tYW5klIwJLi9weXRob24zlIwScmV3cml0aW5nX3N0cmF0ZWd5lIwkLS1hZ2dyZWdhdGUtc3RyYXRlZ3k9cmV3cml0ZS1uby1ib2R5lHUu', 'gASVBAAAAAAAAABNCAcu', 'gASILg==', 'gASVFAAAAAAAAACMEE5FV0dST1VORC1HUklOR0+ULg==']' timed out after 1980 seconds
(True, 1800, 1800, 9223372036854775807)
[INFO] - NEWGROUND-GRINGO timed out (1800)!

>>>> Now solving: instance_0440.lp

(True, 1800, 1800, 21950052.0)
[INFO] - GRINGO timed out (1800)!
(True, 1800, 176.41165328025818, 2775639.1396484375)
[INFO] - IDLV timed out (1800)!
(True, 1800, 825.1320405006409, 2823860.8876953125)
[INFO] - NEWGROUND-IDLV timed out (1800)!
Command '['./python3', 'start_benchmark_newground_helper.py', 'gASVsgAAAAAAAAB9lCiMDmNsaW5nb19jb21tYW5klIwILi9jbGluZ2+UjA5ncmluZ29fY29tbWFuZJSMCC4vZ3JpbmdvlIwMaWRsdl9jb21tYW5klIwKLi9pZGx2LmJpbpSMDnB5dGhvbl9jb21tYW5klIwJLi9weXRob24zlIwScmV3cml0aW5nX3N0cmF0ZWd5lIwkLS1hZ2dyZWdhdGUtc3RyYXRlZ3k9cmV3cml0ZS1uby1ib2R5lHUu', 'gASVBAAAAAAAAABNCAcu', 'gASILg==', 'gASVFAAAAAAAAACMEE5FV0dST1VORC1HUklOR0+ULg==']' timed out after 1980 seconds
(True, 1800, 1800, 9223372036854775807)
[INFO] - NEWGROUND-GRINGO timed out (1800)!

>>>> Now solving: instance_0450.lp

Ran out of input
(True, 1800, 1800, 9223372036854775807)
[INFO] - GRINGO timed out (1800)!
(True, 1800, 198.56299877166748, 2975752.5078125)
[INFO] - IDLV timed out (1800)!
(True, 1800, 825.2095065116882, 3024539.65625)
[INFO] - NEWGROUND-IDLV timed out (1800)!
Command '['./python3', 'start_benchmark_newground_helper.py', 'gASVsgAAAAAAAAB9lCiMDmNsaW5nb19jb21tYW5klIwILi9jbGluZ2+UjA5ncmluZ29fY29tbWFuZJSMCC4vZ3JpbmdvlIwMaWRsdl9jb21tYW5klIwKLi9pZGx2LmJpbpSMDnB5dGhvbl9jb21tYW5klIwJLi9weXRob24zlIwScmV3cml0aW5nX3N0cmF0ZWd5lIwkLS1hZ2dyZWdhdGUtc3RyYXRlZ3k9cmV3cml0ZS1uby1ib2R5lHUu', 'gASVBAAAAAAAAABNCAcu', 'gASILg==', 'gASVFAAAAAAAAACMEE5FV0dST1VORC1HUklOR0+ULg==']' timed out after 1980 seconds
(True, 1800, 1800, 9223372036854775807)
[INFO] - NEWGROUND-GRINGO timed out (1800)!
