
>>>> Now solving: instance_0160.lp

[INFO] - GRINGO timed out (1800)!
[INFO] - IDLV timed out (1800)!
(False, 1131.8306543827057, 1109.4101557731628, 18033.404296875)
[INFO] - NEWGROUND-IDLV needed 1131.8306543827057 seconds!
(False, 1124.9855148792267, 1094.6712684631348, 20140.361328125)
[INFO] - NEWGROUND-GRINGO needed 1124.9855148792267 seconds!

>>>> Now solving: instance_0170.lp

[INFO] - GRINGO timed out (1800)!
[INFO] - IDLV timed out (1800)!
(False, 1314.1013271808624, 1280.2537429332733, 20363.1904296875)
[INFO] - NEWGROUND-IDLV needed 1314.1013271808624 seconds!
(False, 1345.350429058075, 1311.0628581047058, 22746.9794921875)
[INFO] - NEWGROUND-GRINGO needed 1345.350429058075 seconds!

>>>> Now solving: instance_0190.lp

[INFO] - GRINGO timed out (1800)!
[INFO] - IDLV timed out (1800)!
(True, 1800, 1844.276121377945, 25368.015625)
[INFO] - NEWGROUND-IDLV timed out (1800)!
(True, 1800, 1853.4988400936127, 28339.9365234375)
[INFO] - NEWGROUND-GRINGO timed out (1800)!

>>>> Now solving: instance_0200.lp

[INFO] - GRINGO timed out (1800)!
[INFO] - IDLV timed out (1800)!
(True, 1800, 1800, 53710.9990234375)
[INFO] - NEWGROUND-IDLV timed out (1800)!
(True, 1800, 1800, 57983.1103515625)
[INFO] - NEWGROUND-GRINGO timed out (1800)!

>>>> Now solving: instance_0210.lp

[INFO] - GRINGO timed out (1800)!
[INFO] - IDLV timed out (1800)!
(True, 1800, 1800, 49106.8828125)
[INFO] - NEWGROUND-IDLV timed out (1800)!
(True, 1800, 1800, 49772.537109375)
[INFO] - NEWGROUND-GRINGO timed out (1800)!

>>>> Now solving: instance_0230.lp

[INFO] - GRINGO timed out (1800)!
[INFO] - IDLV timed out (1800)!
(True, 1800, 1800, 41485.0478515625)
[INFO] - NEWGROUND-IDLV timed out (1800)!
(True, 1800, 1800, 42106.5029296875)
[INFO] - NEWGROUND-GRINGO timed out (1800)!

>>>> Now solving: instance_0240.lp

[INFO] - GRINGO timed out (1800)!
[INFO] - IDLV timed out (1800)!
(True, 1800, 1800, 43957.158203125)
[INFO] - NEWGROUND-IDLV timed out (1800)!
(True, 1800, 1800, 43930.9365234375)
[INFO] - NEWGROUND-GRINGO timed out (1800)!

>>>> Now solving: instance_0250.lp

[INFO] - GRINGO timed out (1800)!
[INFO] - IDLV timed out (1800)!
(True, 1800, 1800, 44103.75)
[INFO] - NEWGROUND-IDLV timed out (1800)!
(True, 1800, 1800, 43687.708984375)
[INFO] - NEWGROUND-GRINGO timed out (1800)!

>>>> Now solving: instance_0270.lp

[INFO] - GRINGO timed out (1800)!
[INFO] - IDLV timed out (1800)!
(True, 1800, 1800, 40275.31640625)
[INFO] - NEWGROUND-IDLV timed out (1800)!
(True, 1800, 1800, 38613.04296875)
[INFO] - NEWGROUND-GRINGO timed out (1800)!

>>>> Now solving: instance_0280.lp

[INFO] - GRINGO timed out (1800)!
[INFO] - IDLV timed out (1800)!
(True, 1800, 1800, 38054.990234375)
[INFO] - NEWGROUND-IDLV timed out (1800)!
(True, 1800, 1800, 36602.61328125)
[INFO] - NEWGROUND-GRINGO timed out (1800)!

>>>> Now solving: instance_0290.lp

[INFO] - GRINGO timed out (1800)!
[INFO] - IDLV timed out (1800)!
(True, 1800, 1800, 36353.3427734375)
[INFO] - NEWGROUND-IDLV timed out (1800)!
(True, 1800, 1800, 35803.2353515625)
[INFO] - NEWGROUND-GRINGO timed out (1800)!
