
>>>> Now solving: instance_0160.lp

[INFO] - GRINGO timed out (1800)!
[INFO] - IDLV timed out (1800)!
(False, 1190.9003443717957, 1170.2615723609924, 20308.1611328125)
[INFO] - NEWGROUND-IDLV needed 1190.9003443717957 seconds!
(False, 1214.607168674469, 1193.3675284385681, 22798.453125)
[INFO] - NEWGROUND-GRINGO needed 1214.607168674469 seconds!

>>>> Now solving: instance_0170.lp

[INFO] - GRINGO timed out (1800)!
[INFO] - IDLV timed out (1800)!
(False, 1444.4486610889435, 1405.554717540741, 22907.337890625)
[INFO] - NEWGROUND-IDLV needed 1444.4486610889435 seconds!
(False, 1423.2385544776917, 1402.1323206424713, 25717.1533203125)
[INFO] - NEWGROUND-GRINGO needed 1423.2385544776917 seconds!

>>>> Now solving: instance_0190.lp

[INFO] - GRINGO timed out (1800)!
[INFO] - IDLV timed out (1800)!
(True, 1800, 1751.7760756015778, 28635.4912109375)
[INFO] - NEWGROUND-IDLV timed out (1800)!
(True, 1800, 1800, 59038.2158203125)
[INFO] - NEWGROUND-GRINGO timed out (1800)!

>>>> Now solving: instance_0200.lp

[INFO] - GRINGO timed out (1800)!
[INFO] - IDLV timed out (1800)!
(True, 1800, 1800, 51876.2490234375)
[INFO] - NEWGROUND-IDLV timed out (1800)!
(True, 1800, 1800, 57461.7353515625)
[INFO] - NEWGROUND-GRINGO timed out (1800)!

>>>> Now solving: instance_0210.lp

[INFO] - GRINGO timed out (1800)!
[INFO] - IDLV timed out (1800)!
(True, 1800, 1800, 53342.8671875)
[INFO] - NEWGROUND-IDLV timed out (1800)!
(True, 1800, 1800, 52893.986328125)
[INFO] - NEWGROUND-GRINGO timed out (1800)!

>>>> Now solving: instance_0230.lp

[INFO] - GRINGO timed out (1800)!
[INFO] - IDLV timed out (1800)!
(True, 1800, 1800, 44892.0712890625)
[INFO] - NEWGROUND-IDLV timed out (1800)!
(True, 1800, 1800, 44971.1748046875)
[INFO] - NEWGROUND-GRINGO timed out (1800)!

>>>> Now solving: instance_0240.lp

[INFO] - GRINGO timed out (1800)!
[INFO] - IDLV timed out (1800)!
(True, 1800, 1800, 44443.6435546875)
[INFO] - NEWGROUND-IDLV timed out (1800)!
(True, 1800, 1800, 44494.763671875)
[INFO] - NEWGROUND-GRINGO timed out (1800)!

>>>> Now solving: instance_0250.lp

[INFO] - GRINGO timed out (1800)!
[INFO] - IDLV timed out (1800)!
(True, 1800, 1800, 46859.2451171875)
[INFO] - NEWGROUND-IDLV timed out (1800)!
(True, 1800, 1800, 45578.6298828125)
[INFO] - NEWGROUND-GRINGO timed out (1800)!

>>>> Now solving: instance_0270.lp

[INFO] - GRINGO timed out (1800)!
[INFO] - IDLV timed out (1800)!
(True, 1800, 1800, 41716.4658203125)
[INFO] - NEWGROUND-IDLV timed out (1800)!
(True, 1800, 1800, 41840.9853515625)
[INFO] - NEWGROUND-GRINGO timed out (1800)!

>>>> Now solving: instance_0280.lp

[INFO] - GRINGO timed out (1800)!
[INFO] - IDLV timed out (1800)!
(True, 1800, 1800, 38609.033203125)
[INFO] - NEWGROUND-IDLV timed out (1800)!
(True, 1800, 1800, 39541.0703125)
[INFO] - NEWGROUND-GRINGO timed out (1800)!

>>>> Now solving: instance_0290.lp

[INFO] - GRINGO timed out (1800)!
[INFO] - IDLV timed out (1800)!
(True, 1800, 1800, 37066.0)
[INFO] - NEWGROUND-IDLV timed out (1800)!
(True, 1800, 1800, 37496.81640625)
[INFO] - NEWGROUND-GRINGO timed out (1800)!
