
>>>> Now solving: instance_0160.lp

(False, 142.3618803024292, 66.25789380073547, 974673.3271484375)
[INFO] - GRINGO needed 142.3618803024292 seconds!
(False, 60.216535568237305, 44.666095495224, 481069.27734375)
[INFO] - IDLV needed 60.216535568237305 seconds!
(False, 429.3979449272156, 417.9209518432617, 11015.890625)
[INFO] - NEWGROUND-IDLV needed 429.3979449272156 seconds!
(False, 438.6261637210846, 423.90831327438354, 11632.14453125)
[INFO] - NEWGROUND-GRINGO needed 438.6261637210846 seconds!

>>>> Now solving: instance_0170.lp

(False, 204.59817957878113, 93.27053093910217, 1189480.041015625)
[INFO] - GRINGO needed 204.59817957878113 seconds!
(False, 76.19695782661438, 56.657358169555664, 583904.9912109375)
[INFO] - IDLV needed 76.19695782661438 seconds!
(False, 562.9519917964935, 549.7352297306061, 12413.0859375)
[INFO] - NEWGROUND-IDLV needed 562.9519917964935 seconds!
(False, 536.162947177887, 518.6187553405762, 13340.09375)
[INFO] - NEWGROUND-GRINGO needed 536.162947177887 seconds!

>>>> Now solving: instance_0190.lp

(False, 309.5454409122467, 143.15166997909546, 1933429.01953125)
[INFO] - GRINGO needed 309.5454409122467 seconds!
(False, 115.0679099559784, 83.48623585700989, 939288.9267578125)
[INFO] - IDLV needed 115.0679099559784 seconds!
(False, 778.727171421051, 747.5430085659027, 15495.025390625)
[INFO] - NEWGROUND-IDLV needed 778.727171421051 seconds!
(False, 901.1901650428772, 683.9478847980499, 16680.7421875)
[INFO] - NEWGROUND-GRINGO needed 901.1901650428772 seconds!

>>>> Now solving: instance_0200.lp

(False, 426.1018328666687, 192.39874935150146, 2679972.1123046875)
[INFO] - GRINGO needed 426.1018328666687 seconds!
(False, 162.83388781547546, 120.0381224155426, 1295747.234375)
[INFO] - IDLV needed 162.83388781547546 seconds!
(False, 777.2908911705017, 750.357768535614, 17001.0576171875)
[INFO] - NEWGROUND-IDLV needed 777.2908911705017 seconds!
(False, 901.5378968715668, 872.0356528759003, 18508.8203125)
[INFO] - NEWGROUND-GRINGO needed 901.5378968715668 seconds!

>>>> Now solving: instance_0210.lp

(False, 591.630099773407, 272.4717261791229, 3605268.0546875)
[INFO] - GRINGO needed 591.630099773407 seconds!
(False, 223.1689269542694, 162.8290252685547, 1792055.5478515625)
[INFO] - IDLV needed 223.1689269542694 seconds!
(False, 920.3260424137115, 884.2347450256348, 19204.6904296875)
[INFO] - NEWGROUND-IDLV needed 920.3260424137115 seconds!
(False, 1214.5685832500458, 898.5852391719818, 20426.859375)
[INFO] - NEWGROUND-GRINGO needed 1214.5685832500458 seconds!

>>>> Now solving: instance_0230.lp

(False, 846.1409306526184, 391.4976735115051, 5404728.5458984375)
[INFO] - GRINGO needed 846.1409306526184 seconds!
(False, 324.9172794818878, 236.5313184261322, 2725256.90234375)
[INFO] - IDLV needed 324.9172794818878 seconds!
(False, 1287.6615929603577, 1237.4488790035248, 22985.6640625)
[INFO] - NEWGROUND-IDLV needed 1287.6615929603577 seconds!
(False, 1295.39608502388, 1229.352962255478, 24638.765625)
[INFO] - NEWGROUND-GRINGO needed 1295.39608502388 seconds!

>>>> Now solving: instance_0240.lp

(False, 1251.4140112400055, 562.1306760311127, 7790500.78125)
[INFO] - GRINGO needed 1251.4140112400055 seconds!
(False, 463.50988578796387, 338.9701545238495, 3941573.796875)
[INFO] - IDLV needed 463.50988578796387 seconds!
(False, 1292.8735375404358, 1250.4986929893494, 25187.404296875)
[INFO] - NEWGROUND-IDLV needed 1292.8735375404358 seconds!
(False, 1266.8161191940308, 1220.0498752593994, 27263.001953125)
[INFO] - NEWGROUND-GRINGO needed 1266.8161191940308 seconds!

>>>> Now solving: instance_0250.lp

(True, 1800, 655.5273253917694, 9784392.874023438)
[INFO] - GRINGO timed out (1800)!
(False, 569.8406851291656, 414.214613199234, 4939187.962890625)
[INFO] - IDLV needed 569.8406851291656 seconds!
(False, 1594.7058808803558, 1534.7345833778381, 27407.0166015625)
[INFO] - NEWGROUND-IDLV needed 1594.7058808803558 seconds!
(False, 1543.4208161830902, 1452.1170797348022, 29865.9580078125)
[INFO] - NEWGROUND-GRINGO needed 1543.4208161830902 seconds!

>>>> Now solving: instance_0270.lp

(True, 1800, 870.0599603652954, 12224769.487304688)
[INFO] - GRINGO timed out (1800)!
(False, 698.3419167995453, 509.8565948009491, 6184032.296875)
[INFO] - IDLV needed 698.3419167995453 seconds!
(True, 1800, 1780.0989165306091, 31936.9677734375)
[INFO] - NEWGROUND-IDLV timed out (1800)!
(True, 1800, 1789.4126162528992, 35425.0869140625)
[INFO] - NEWGROUND-GRINGO timed out (1800)!

>>>> Now solving: instance_0280.lp

(True, 1800, 1087.6516997814178, 16578251.00390625)
[INFO] - GRINGO timed out (1800)!
(False, 901.6696002483368, 640.8014574050903, 8395710.53515625)
[INFO] - IDLV needed 901.6696002483368 seconds!
(True, 1800, 1800, 75441.7587890625)
[INFO] - NEWGROUND-IDLV timed out (1800)!
(True, 1800, 1872.0189669132233, 38157.740234375)
[INFO] - NEWGROUND-GRINGO timed out (1800)!

>>>> Now solving: instance_0290.lp

(True, 1800, 1800, 19002051.493164062)
[INFO] - GRINGO timed out (1800)!
(False, 978.5963785648346, 687.9328050613403, 9629342.5703125)
[INFO] - IDLV needed 978.5963785648346 seconds!
(True, 1800, 1800, 73722.787109375)
[INFO] - NEWGROUND-IDLV timed out (1800)!
(True, 1800, 1800, 78340.3251953125)
[INFO] - NEWGROUND-GRINGO timed out (1800)!
