
>>>> Now solving: instance_0160.lp

(True, 1800, 1800, 705.9130859375)
[INFO] - GRINGO timed out (1800)!
Ran out of input
(True, 1800, 1800, 9223372036854775807)
[INFO] - IDLV timed out (1800)!
(False, 482.69558906555176, 473.1349928379059, 16422.474609375)
[INFO] - NEWGROUND-IDLV needed 482.69558906555176 seconds!
(False, 545.6727242469788, 476.3350672721863, 18512.2685546875)
[INFO] - NEWGROUND-GRINGO needed 545.6727242469788 seconds!

>>>> Now solving: instance_0170.lp

(True, 1800, 1800, 795.1943359375)
[INFO] - GRINGO timed out (1800)!
Ran out of input
(True, 1800, 1800, 9223372036854775807)
[INFO] - IDLV timed out (1800)!
(False, 571.6240746974945, 551.3575479984283, 18514.701171875)
[INFO] - NEWGROUND-IDLV needed 571.6240746974945 seconds!
(False, 572.2436563968658, 551.5817968845367, 20870.0791015625)
[INFO] - NEWGROUND-GRINGO needed 572.2436563968658 seconds!

>>>> Now solving: instance_0190.lp

(True, 1800, 1800, 997.1943359375)
[INFO] - GRINGO timed out (1800)!
Ran out of input
(True, 1800, 1800, 9223372036854775807)
[INFO] - IDLV timed out (1800)!
(False, 784.1744132041931, 756.8999168872833, 23141.064453125)
[INFO] - NEWGROUND-IDLV needed 784.1744132041931 seconds!
(False, 787.199245929718, 760.9412055015564, 26087.1728515625)
[INFO] - NEWGROUND-GRINGO needed 787.199245929718 seconds!

>>>> Now solving: instance_0200.lp

(True, 1800, 1800, 1105.6943359375)
[INFO] - GRINGO timed out (1800)!
Ran out of input
(True, 1800, 1800, 9223372036854775807)
[INFO] - IDLV timed out (1800)!
(False, 845.035318851471, 825.6548357009888, 25639.5068359375)
[INFO] - NEWGROUND-IDLV needed 845.035318851471 seconds!
(False, 865.5672662258148, 844.2149302959442, 28904.572265625)
[INFO] - NEWGROUND-GRINGO needed 865.5672662258148 seconds!

>>>> Now solving: instance_0210.lp

(True, 1800, 1800, 1220.2255859375)
[INFO] - GRINGO timed out (1800)!
Ran out of input
(True, 1800, 1800, 9223372036854775807)
[INFO] - IDLV timed out (1800)!
(False, 997.3405480384827, 940.8430202007294, 28268.9736328125)
[INFO] - NEWGROUND-IDLV needed 997.3405480384827 seconds!
(False, 1157.4616601467133, 959.7344226837158, 31869.9169921875)
[INFO] - NEWGROUND-GRINGO needed 1157.4616601467133 seconds!

>>>> Now solving: instance_0230.lp

(True, 1800, 1800, 1470.0068359375)
[INFO] - GRINGO timed out (1800)!
Ran out of input
(True, 1800, 1800, 9223372036854775807)
[INFO] - IDLV timed out (1800)!
(False, 1256.2667169570923, 1226.2175583839417, 36258.5224609375)
[INFO] - NEWGROUND-IDLV needed 1256.2667169570923 seconds!
(False, 1524.1216623783112, 1231.826285123825, 39713.3134765625)
[INFO] - NEWGROUND-GRINGO needed 1524.1216623783112 seconds!

>>>> Now solving: instance_0240.lp

(True, 1800, 1800, 1604.623046875)
[INFO] - GRINGO timed out (1800)!
Ran out of input
(True, 1800, 1800, 9223372036854775807)
[INFO] - IDLV timed out (1800)!
(False, 1423.9494466781616, 1368.655817747116, 40135.443359375)
[INFO] - NEWGROUND-IDLV needed 1423.9494466781616 seconds!
(True, 1800, 1380.457174539566, 43654.896484375)
[INFO] - NEWGROUND-GRINGO timed out (1800)!

>>>> Now solving: instance_0250.lp

(True, 1800, 1800, 1750.119140625)
[INFO] - GRINGO timed out (1800)!
Ran out of input
(True, 1800, 1800, 9223372036854775807)
[INFO] - IDLV timed out (1800)!
(False, 1585.4150199890137, 1526.4396052360535, 43502.0302734375)
[INFO] - NEWGROUND-IDLV needed 1585.4150199890137 seconds!
(False, 1615.3144824504852, 1546.8538615703583, 47553.939453125)
[INFO] - NEWGROUND-GRINGO needed 1615.3144824504852 seconds!

>>>> Now solving: instance_0270.lp

(True, 1800, 1800, 2058.80859375)
[INFO] - GRINGO timed out (1800)!
Ran out of input
(True, 1800, 1800, 9223372036854775807)
[INFO] - IDLV timed out (1800)!
(True, 1800, 1800, 80878.3798828125)
[INFO] - NEWGROUND-IDLV timed out (1800)!
(True, 1800, 1891.8572614192963, 55828.0263671875)
[INFO] - NEWGROUND-GRINGO timed out (1800)!

>>>> Now solving: instance_0280.lp

(True, 1800, 1800, 2226.052734375)
[INFO] - GRINGO timed out (1800)!
Ran out of input
(True, 1800, 1800, 9223372036854775807)
[INFO] - IDLV timed out (1800)!
(True, 1800, 1800, 72915.890625)
[INFO] - NEWGROUND-IDLV timed out (1800)!
(True, 1800, 1800, 80798.736328125)
[INFO] - NEWGROUND-GRINGO timed out (1800)!

>>>> Now solving: instance_0290.lp

(True, 1800, 1800, 2391.63671875)
[INFO] - GRINGO timed out (1800)!
Ran out of input
(True, 1800, 1800, 9223372036854775807)
[INFO] - IDLV timed out (1800)!
(True, 1800, 1800, 74966.951171875)
[INFO] - NEWGROUND-IDLV timed out (1800)!
(True, 1800, 1800, 78341.275390625)
[INFO] - NEWGROUND-GRINGO timed out (1800)!
