
>>>> Now solving: instance_0160.lp

[INFO] - GRINGO timed out (1800)!
[INFO] - IDLV timed out (1800)!
(False, 1299.5935535430908, 1230.3990082740784, 22581.05078125)
[INFO] - NEWGROUND-IDLV needed 1299.5935535430908 seconds!
(False, 1318.2539582252502, 1292.933742761612, 25449.9345703125)
[INFO] - NEWGROUND-GRINGO needed 1318.2539582252502 seconds!

>>>> Now solving: instance_0170.lp

[INFO] - GRINGO timed out (1800)!
[INFO] - IDLV timed out (1800)!
(False, 1406.3644008636475, 1378.6395626068115, 25489.7578125)
[INFO] - NEWGROUND-IDLV needed 1406.3644008636475 seconds!
(False, 1450.2395513057709, 1392.5568096637726, 28729.556640625)
[INFO] - NEWGROUND-GRINGO needed 1450.2395513057709 seconds!

>>>> Now solving: instance_0190.lp

[INFO] - GRINGO timed out (1800)!
[INFO] - IDLV timed out (1800)!
(True, 1800, 1800, 51750.609375)
[INFO] - NEWGROUND-IDLV timed out (1800)!
(True, 1800, 1800, 54336.1484375)
[INFO] - NEWGROUND-GRINGO timed out (1800)!

>>>> Now solving: instance_0200.lp

[INFO] - GRINGO timed out (1800)!
[INFO] - IDLV timed out (1800)!
(True, 1800, 1800, 51769.169921875)
[INFO] - NEWGROUND-IDLV timed out (1800)!
(True, 1800, 1800, 59431.734375)
[INFO] - NEWGROUND-GRINGO timed out (1800)!

>>>> Now solving: instance_0210.lp

[INFO] - GRINGO timed out (1800)!
[INFO] - IDLV timed out (1800)!
(True, 1800, 1800, 51143.384765625)
[INFO] - NEWGROUND-IDLV timed out (1800)!
(True, 1800, 1800, 50268.734375)
[INFO] - NEWGROUND-GRINGO timed out (1800)!

>>>> Now solving: instance_0230.lp

[INFO] - GRINGO timed out (1800)!
[INFO] - IDLV timed out (1800)!
(True, 1800, 1800, 41158.7705078125)
[INFO] - NEWGROUND-IDLV timed out (1800)!
(True, 1800, 1800, 41020.728515625)
[INFO] - NEWGROUND-GRINGO timed out (1800)!

>>>> Now solving: instance_0240.lp

[INFO] - GRINGO timed out (1800)!
[INFO] - IDLV timed out (1800)!
(True, 1800, 1800, 38400.919921875)
[INFO] - NEWGROUND-IDLV timed out (1800)!
(True, 1800, 1800, 43591.57421875)
[INFO] - NEWGROUND-GRINGO timed out (1800)!

>>>> Now solving: instance_0250.lp

[INFO] - GRINGO timed out (1800)!
[INFO] - IDLV timed out (1800)!
(True, 1800, 1800, 40180.5107421875)
[INFO] - NEWGROUND-IDLV timed out (1800)!
(True, 1800, 1800, 41043.0986328125)
[INFO] - NEWGROUND-GRINGO timed out (1800)!

>>>> Now solving: instance_0270.lp

[INFO] - GRINGO timed out (1800)!
[INFO] - IDLV timed out (1800)!
(True, 1800, 1800, 36699.4130859375)
[INFO] - NEWGROUND-IDLV timed out (1800)!
(True, 1800, 1800, 35477.9755859375)
[INFO] - NEWGROUND-GRINGO timed out (1800)!

>>>> Now solving: instance_0280.lp

[INFO] - GRINGO timed out (1800)!
[INFO] - IDLV timed out (1800)!
(True, 1800, 1800, 28275.9853515625)
[INFO] - NEWGROUND-IDLV timed out (1800)!
(True, 1800, 1800, 35303.1064453125)
[INFO] - NEWGROUND-GRINGO timed out (1800)!

>>>> Now solving: instance_0290.lp

[INFO] - GRINGO timed out (1800)!
[INFO] - IDLV timed out (1800)!
(True, 1800, 1800, 33158.3056640625)
[INFO] - NEWGROUND-IDLV timed out (1800)!
(True, 1800, 1800, 30506.2763671875)
[INFO] - NEWGROUND-GRINGO timed out (1800)!
