
>>>> Now solving: instance_0160.lp

(True, 1800, 1800, 467.2880859375)
[INFO] - GRINGO timed out (1800)!
Ran out of input
(True, 1800, 1800, 9223372036854775807)
[INFO] - IDLV timed out (1800)!
(False, 480.96493697166443, 465.83976578712463, 14455.97265625)
[INFO] - NEWGROUND-IDLV needed 480.96493697166443 seconds!
(False, 487.24212741851807, 468.3335509300232, 16218.359375)
[INFO] - NEWGROUND-GRINGO needed 487.24212741851807 seconds!

>>>> Now solving: instance_0170.lp

(True, 1800, 1800, 536.4130859375)
[INFO] - GRINGO timed out (1800)!
Ran out of input
(True, 1800, 1800, 9223372036854775807)
[INFO] - IDLV timed out (1800)!
(False, 559.5554375648499, 541.1323699951172, 16381.0908203125)
[INFO] - NEWGROUND-IDLV needed 559.5554375648499 seconds!
(False, 570.2055220603943, 543.3627109527588, 18381.19140625)
[INFO] - NEWGROUND-GRINGO needed 570.2055220603943 seconds!

>>>> Now solving: instance_0190.lp

(True, 1800, 1800, 664.6318359375)
[INFO] - GRINGO timed out (1800)!
Ran out of input
(True, 1800, 1800, 9223372036854775807)
[INFO] - IDLV timed out (1800)!
(False, 757.7065677642822, 730.7947564125061, 20395.48046875)
[INFO] - NEWGROUND-IDLV needed 757.7065677642822 seconds!
(False, 784.9345169067383, 728.3945949077606, 22884.080078125)
[INFO] - NEWGROUND-GRINGO needed 784.9345169067383 seconds!

>>>> Now solving: instance_0200.lp

(True, 1800, 1800, 743.5693359375)
[INFO] - GRINGO timed out (1800)!
Ran out of input
(True, 1800, 1800, 9223372036854775807)
[INFO] - IDLV timed out (1800)!
(False, 867.6972665786743, 833.166766166687, 22647.0712890625)
[INFO] - NEWGROUND-IDLV needed 867.6972665786743 seconds!
(False, 851.330757856369, 829.5525088310242, 25413.19140625)
[INFO] - NEWGROUND-GRINGO needed 851.330757856369 seconds!

>>>> Now solving: instance_0210.lp

(True, 1800, 1800, 819.1318359375)
[INFO] - GRINGO timed out (1800)!
Ran out of input
(True, 1800, 1800, 9223372036854775807)
[INFO] - IDLV timed out (1800)!
(False, 1056.505829334259, 936.5499279499054, 24955.57421875)
[INFO] - NEWGROUND-IDLV needed 1056.505829334259 seconds!
(False, 1044.715360403061, 937.0834798812866, 28004.4296875)
[INFO] - NEWGROUND-GRINGO needed 1044.715360403061 seconds!

>>>> Now solving: instance_0230.lp

(True, 1800, 1800, 983.1943359375)
[INFO] - GRINGO timed out (1800)!
Ran out of input
(True, 1800, 1800, 9223372036854775807)
[INFO] - IDLV timed out (1800)!
(False, 1248.4308302402496, 1186.2567155361176, 29920.462890625)
[INFO] - NEWGROUND-IDLV needed 1248.4308302402496 seconds!
(False, 1257.6083602905273, 1216.1127376556396, 33577.126953125)
[INFO] - NEWGROUND-GRINGO needed 1257.6083602905273 seconds!

>>>> Now solving: instance_0240.lp

(True, 1800, 1800, 1075.4130859375)
[INFO] - GRINGO timed out (1800)!
Ran out of input
(True, 1800, 1800, 9223372036854775807)
[INFO] - IDLV timed out (1800)!
(False, 1409.4195172786713, 1340.7898139953613, 32610.994140625)
[INFO] - NEWGROUND-IDLV needed 1409.4195172786713 seconds!
(False, 1422.1378037929535, 1349.854517698288, 36599.146484375)
[INFO] - NEWGROUND-GRINGO needed 1422.1378037929535 seconds!

>>>> Now solving: instance_0250.lp

(True, 1800, 1800, 1161.1943359375)
[INFO] - GRINGO timed out (1800)!
Ran out of input
(True, 1800, 1800, 9223372036854775807)
[INFO] - IDLV timed out (1800)!
(False, 1664.3494431972504, 1579.5496637821198, 35329.35546875)
[INFO] - NEWGROUND-IDLV needed 1664.3494431972504 seconds!
(False, 1535.2378051280975, 1464.839983701706, 39648.6298828125)
[INFO] - NEWGROUND-GRINGO needed 1535.2378051280975 seconds!

>>>> Now solving: instance_0270.lp

(True, 1800, 1800, 1356.1943359375)
[INFO] - GRINGO timed out (1800)!
Ran out of input
(True, 1800, 1800, 9223372036854775807)
[INFO] - IDLV timed out (1800)!
(True, 1800, 1800, 76422.8759765625)
[INFO] - NEWGROUND-IDLV timed out (1800)!
(True, 1800, 1860.6821134090424, 46247.2099609375)
[INFO] - NEWGROUND-GRINGO timed out (1800)!

>>>> Now solving: instance_0280.lp

(True, 1800, 1800, 1467.6630859375)
[INFO] - GRINGO timed out (1800)!
Ran out of input
(True, 1800, 1800, 9223372036854775807)
[INFO] - IDLV timed out (1800)!
(True, 1800, 1800, 68474.8125)
[INFO] - NEWGROUND-IDLV timed out (1800)!
(True, 1800, 1800, 75117.974609375)
[INFO] - NEWGROUND-GRINGO timed out (1800)!

>>>> Now solving: instance_0290.lp

(True, 1800, 1800, 1563.783203125)
[INFO] - GRINGO timed out (1800)!
Ran out of input
(True, 1800, 1800, 9223372036854775807)
[INFO] - IDLV timed out (1800)!
(True, 1800, 1800, 68321.0478515625)
[INFO] - NEWGROUND-IDLV timed out (1800)!
(True, 1800, 1800, 75465.5244140625)
[INFO] - NEWGROUND-GRINGO timed out (1800)!
