
>>>> Now solving: instance_0160.lp

(True, 1800, 1800, 387.7880859375)
[INFO] - GRINGO timed out (1800)!
Ran out of input
(True, 1800, 1800, 9223372036854775807)
[INFO] - IDLV timed out (1800)!
(False, 460.96046590805054, 445.2630228996277, 13800.728515625)
[INFO] - NEWGROUND-IDLV needed 460.96046590805054 seconds!
(False, 470.75144481658936, 447.1132698059082, 15453.9892578125)
[INFO] - NEWGROUND-GRINGO needed 470.75144481658936 seconds!

>>>> Now solving: instance_0170.lp

(True, 1800, 1800, 441.9130859375)
[INFO] - GRINGO timed out (1800)!
Ran out of input
(True, 1800, 1800, 9223372036854775807)
[INFO] - IDLV timed out (1800)!
(False, 568.5321271419525, 539.4464573860168, 15601.6298828125)
[INFO] - NEWGROUND-IDLV needed 568.5321271419525 seconds!
(False, 561.2319595813751, 524.4357542991638, 17471.9541015625)
[INFO] - NEWGROUND-GRINGO needed 561.2319595813751 seconds!

>>>> Now solving: instance_0190.lp

(True, 1800, 1800, 551.6630859375)
[INFO] - GRINGO timed out (1800)!
Ran out of input
(True, 1800, 1800, 9223372036854775807)
[INFO] - IDLV timed out (1800)!
(False, 747.1680200099945, 723.281453371048, 19463.6884765625)
[INFO] - NEWGROUND-IDLV needed 747.1680200099945 seconds!
(False, 747.4613239765167, 705.9145736694336, 21797.2578125)
[INFO] - NEWGROUND-GRINGO needed 747.4613239765167 seconds!

>>>> Now solving: instance_0200.lp

(True, 1800, 1800, 614.2255859375)
[INFO] - GRINGO timed out (1800)!
Ran out of input
(True, 1800, 1800, 9223372036854775807)
[INFO] - IDLV timed out (1800)!
(False, 872.6954250335693, 852.0435359477997, 21580.115234375)
[INFO] - NEWGROUND-IDLV needed 872.6954250335693 seconds!
(False, 863.9775323867798, 818.2819299697876, 24168.69140625)
[INFO] - NEWGROUND-GRINGO needed 863.9775323867798 seconds!

>>>> Now solving: instance_0210.lp

(True, 1800, 1800, 678.9130859375)
[INFO] - GRINGO timed out (1800)!
Ran out of input
(True, 1800, 1800, 9223372036854775807)
[INFO] - IDLV timed out (1800)!
(False, 974.3893356323242, 938.8148155212402, 23795.3896484375)
[INFO] - NEWGROUND-IDLV needed 974.3893356323242 seconds!
(False, 924.2516629695892, 896.5778391361237, 26650.57421875)
[INFO] - NEWGROUND-GRINGO needed 924.2516629695892 seconds!

>>>> Now solving: instance_0230.lp

(True, 1800, 1800, 816.7880859375)
[INFO] - GRINGO timed out (1800)!
Ran out of input
(True, 1800, 1800, 9223372036854775807)
[INFO] - IDLV timed out (1800)!
(False, 1271.384371995926, 1205.5275774002075, 28544.7744140625)
[INFO] - NEWGROUND-IDLV needed 1271.384371995926 seconds!
(False, 1438.6200630664825, 1138.821781873703, 31972.126953125)
[INFO] - NEWGROUND-GRINGO needed 1438.6200630664825 seconds!

>>>> Now solving: instance_0240.lp

(True, 1800, 1800, 892.4755859375)
[INFO] - GRINGO timed out (1800)!
Ran out of input
(True, 1800, 1800, 9223372036854775807)
[INFO] - IDLV timed out (1800)!
(False, 1433.1315076351166, 1383.9740154743195, 31098.41015625)
[INFO] - NEWGROUND-IDLV needed 1433.1315076351166 seconds!
(False, 1334.0580368041992, 1293.1782121658325, 34834.490234375)
[INFO] - NEWGROUND-GRINGO needed 1334.0580368041992 seconds!

>>>> Now solving: instance_0250.lp

(True, 1800, 1800, 962.3505859375)
[INFO] - GRINGO timed out (1800)!
Ran out of input
(True, 1800, 1800, 9223372036854775807)
[INFO] - IDLV timed out (1800)!
(False, 1607.4369943141937, 1549.1116015911102, 33683.7314453125)
[INFO] - NEWGROUND-IDLV needed 1607.4369943141937 seconds!
(False, 1585.9028511047363, 1529.5964465141296, 37728.3505859375)
[INFO] - NEWGROUND-GRINGO needed 1585.9028511047363 seconds!

>>>> Now solving: instance_0270.lp

(True, 1800, 1800, 1137.2568359375)
[INFO] - GRINGO timed out (1800)!
Ran out of input
(True, 1800, 1800, 9223372036854775807)
[INFO] - IDLV timed out (1800)!
(True, 1800, 1800, 77744.3857421875)
[INFO] - NEWGROUND-IDLV timed out (1800)!
(True, 1800, 1837.6078844070435, 44131.298828125)
[INFO] - NEWGROUND-GRINGO timed out (1800)!

>>>> Now solving: instance_0280.lp

(True, 1800, 1800, 1220.4443359375)
[INFO] - GRINGO timed out (1800)!
Ran out of input
(True, 1800, 1800, 9223372036854775807)
[INFO] - IDLV timed out (1800)!
(True, 1800, 1800, 71380.8857421875)
[INFO] - NEWGROUND-IDLV timed out (1800)!
(True, 1800, 1800, 78208.8447265625)
[INFO] - NEWGROUND-GRINGO timed out (1800)!

>>>> Now solving: instance_0290.lp

(True, 1800, 1800, 1313.2255859375)
[INFO] - GRINGO timed out (1800)!
Ran out of input
(True, 1800, 1800, 9223372036854775807)
[INFO] - IDLV timed out (1800)!
(True, 1800, 1800, 66678.640625)
[INFO] - NEWGROUND-IDLV timed out (1800)!
(True, 1800, 1800, 75670.9609375)
[INFO] - NEWGROUND-GRINGO timed out (1800)!
