
>>>> Now solving: instance_0160.lp

[INFO] - GRINGO timed out (1800)!
[INFO] - IDLV timed out (1800)!
(False, 1160.285585641861, 1144.5959270000458, 21082.4794921875)
[INFO] - NEWGROUND-IDLV needed 1160.285585641861 seconds!
(False, 1189.7288143634796, 1153.9096372127533, 23701.8203125)
[INFO] - NEWGROUND-GRINGO needed 1189.7288143634796 seconds!

>>>> Now solving: instance_0170.lp

[INFO] - GRINGO timed out (1800)!
[INFO] - IDLV timed out (1800)!
(False, 1393.217761039734, 1361.3243496418, 23782.119140625)
[INFO] - NEWGROUND-IDLV needed 1393.217761039734 seconds!
(False, 1624.0146703720093, 1395.332344532013, 26737.501953125)
[INFO] - NEWGROUND-GRINGO needed 1624.0146703720093 seconds!

>>>> Now solving: instance_0190.lp

[INFO] - GRINGO timed out (1800)!
[INFO] - IDLV timed out (1800)!
(True, 1800, 1837.5497217178345, 29706.3291015625)
[INFO] - NEWGROUND-IDLV timed out (1800)!
(True, 1800, 1800, 59121.712890625)
[INFO] - NEWGROUND-GRINGO timed out (1800)!

>>>> Now solving: instance_0200.lp

[INFO] - GRINGO timed out (1800)!
[INFO] - IDLV timed out (1800)!
(True, 1800, 1800, 53667.35546875)
[INFO] - NEWGROUND-IDLV timed out (1800)!
(True, 1800, 1800, 54625.302734375)
[INFO] - NEWGROUND-GRINGO timed out (1800)!

>>>> Now solving: instance_0210.lp

[INFO] - GRINGO timed out (1800)!
[INFO] - IDLV timed out (1800)!
(True, 1800, 1800, 47962.947265625)
[INFO] - NEWGROUND-IDLV timed out (1800)!
(True, 1800, 1800, 48787.708984375)
[INFO] - NEWGROUND-GRINGO timed out (1800)!

>>>> Now solving: instance_0230.lp

[INFO] - GRINGO timed out (1800)!
[INFO] - IDLV timed out (1800)!
(True, 1800, 1800, 41084.3544921875)
[INFO] - NEWGROUND-IDLV timed out (1800)!
(True, 1800, 1800, 41044.390625)
[INFO] - NEWGROUND-GRINGO timed out (1800)!

>>>> Now solving: instance_0240.lp

[INFO] - GRINGO timed out (1800)!
[INFO] - IDLV timed out (1800)!
(True, 1800, 1800, 44250.6640625)
[INFO] - NEWGROUND-IDLV timed out (1800)!
(True, 1800, 1800, 44268.9853515625)
[INFO] - NEWGROUND-GRINGO timed out (1800)!

>>>> Now solving: instance_0250.lp

[INFO] - GRINGO timed out (1800)!
[INFO] - IDLV timed out (1800)!
(True, 1800, 1800, 42962.462890625)
[INFO] - NEWGROUND-IDLV timed out (1800)!
(True, 1800, 1800, 42772.49609375)
[INFO] - NEWGROUND-GRINGO timed out (1800)!

>>>> Now solving: instance_0270.lp

[INFO] - GRINGO timed out (1800)!
[INFO] - IDLV timed out (1800)!
(True, 1800, 1800, 38303.984375)
[INFO] - NEWGROUND-IDLV timed out (1800)!
(True, 1800, 1800, 38524.748046875)
[INFO] - NEWGROUND-GRINGO timed out (1800)!

>>>> Now solving: instance_0280.lp

[INFO] - GRINGO timed out (1800)!
[INFO] - IDLV timed out (1800)!
(True, 1800, 1800, 34707.5556640625)
[INFO] - NEWGROUND-IDLV timed out (1800)!
(True, 1800, 1800, 36321.9638671875)
[INFO] - NEWGROUND-GRINGO timed out (1800)!

>>>> Now solving: instance_0290.lp

[INFO] - GRINGO timed out (1800)!
[INFO] - IDLV timed out (1800)!
(True, 1800, 1800, 33665.0732421875)
[INFO] - NEWGROUND-IDLV timed out (1800)!
(True, 1800, 1800, 34233.9736328125)
[INFO] - NEWGROUND-GRINGO timed out (1800)!
