
>>>> Now solving: instance_0160.lp

(True, 1800, 1800, 546.5380859375)
[INFO] - GRINGO timed out (1800)!
Ran out of input
(True, 1800, 1800, 9223372036854775807)
[INFO] - IDLV timed out (1800)!
(False, 478.5576205253601, 462.9609808921814, 15109.529296875)
[INFO] - NEWGROUND-IDLV needed 478.5576205253601 seconds!
(False, 481.71945786476135, 465.4346978664398, 16980.8037109375)
[INFO] - NEWGROUND-GRINGO needed 481.71945786476135 seconds!

>>>> Now solving: instance_0170.lp

(True, 1800, 1800, 617.7568359375)
[INFO] - GRINGO timed out (1800)!
Ran out of input
(True, 1800, 1800, 9223372036854775807)
[INFO] - IDLV timed out (1800)!
(False, 560.393278837204, 541.9811012744904, 17052.0703125)
[INFO] - NEWGROUND-IDLV needed 560.393278837204 seconds!
(False, 610.6019802093506, 552.6592226028442, 19163.9951171875)
[INFO] - NEWGROUND-GRINGO needed 610.6019802093506 seconds!

>>>> Now solving: instance_0190.lp

(True, 1800, 1800, 779.8193359375)
[INFO] - GRINGO timed out (1800)!
Ran out of input
(True, 1800, 1800, 9223372036854775807)
[INFO] - IDLV timed out (1800)!
(False, 754.2896354198456, 734.4037365913391, 21346.12109375)
[INFO] - NEWGROUND-IDLV needed 754.2896354198456 seconds!
(False, 805.2216067314148, 732.2092261314392, 23993.0498046875)
[INFO] - NEWGROUND-GRINGO needed 805.2216067314148 seconds!

>>>> Now solving: instance_0200.lp

(True, 1800, 1800, 863.1630859375)
[INFO] - GRINGO timed out (1800)!
Ran out of input
(True, 1800, 1800, 9223372036854775807)
[INFO] - IDLV timed out (1800)!
(False, 890.6826939582825, 828.5550739765167, 23636.033203125)
[INFO] - NEWGROUND-IDLV needed 890.6826939582825 seconds!
(False, 888.9339392185211, 840.6275417804718, 26567.2431640625)
[INFO] - NEWGROUND-GRINGO needed 888.9339392185211 seconds!

>>>> Now solving: instance_0210.lp

(True, 1800, 1800, 952.3193359375)
[INFO] - GRINGO timed out (1800)!
Ran out of input
(True, 1800, 1800, 9223372036854775807)
[INFO] - IDLV timed out (1800)!
(False, 1039.7586014270782, 940.1874463558197, 26055.236328125)
[INFO] - NEWGROUND-IDLV needed 1039.7586014270782 seconds!
(False, 995.8479537963867, 965.2100820541382, 29287.2001953125)
[INFO] - NEWGROUND-GRINGO needed 995.8479537963867 seconds!

>>>> Now solving: instance_0230.lp

(True, 1800, 1800, 1133.6943359375)
[INFO] - GRINGO timed out (1800)!
Ran out of input
(True, 1800, 1800, 9223372036854775807)
[INFO] - IDLV timed out (1800)!
(False, 1276.828220129013, 1206.592159986496, 31165.361328125)
[INFO] - NEWGROUND-IDLV needed 1276.828220129013 seconds!
(False, 1272.3114397525787, 1212.042385339737, 35029.7158203125)
[INFO] - NEWGROUND-GRINGO needed 1272.3114397525787 seconds!

>>>> Now solving: instance_0240.lp

(True, 1800, 1800, 1250.3505859375)
[INFO] - GRINGO timed out (1800)!
Ran out of input
(True, 1800, 1800, 9223372036854775807)
[INFO] - IDLV timed out (1800)!
(False, 1461.211250782013, 1382.5602798461914, 34059.181640625)
[INFO] - NEWGROUND-IDLV needed 1461.211250782013 seconds!
(False, 1481.2761030197144, 1345.8989980220795, 38289.173828125)
[INFO] - NEWGROUND-GRINGO needed 1481.2761030197144 seconds!

>>>> Now solving: instance_0250.lp

(True, 1800, 1800, 1355.1943359375)
[INFO] - GRINGO timed out (1800)!
Ran out of input
(True, 1800, 1800, 9223372036854775807)
[INFO] - IDLV timed out (1800)!
(False, 1579.17063331604, 1512.3907704353333, 36936.2890625)
[INFO] - NEWGROUND-IDLV needed 1579.17063331604 seconds!
(False, 1787.5629272460938, 1522.0241391658783, 41524.029296875)
[INFO] - NEWGROUND-GRINGO needed 1787.5629272460938 seconds!

>>>> Now solving: instance_0270.lp

(True, 1800, 1800, 1585.365234375)
[INFO] - GRINGO timed out (1800)!
Ran out of input
(True, 1800, 1800, 9223372036854775807)
[INFO] - IDLV timed out (1800)!
(True, 1800, 1800, 79317.615234375)
[INFO] - NEWGROUND-IDLV timed out (1800)!
(True, 1800, 1888.353548526764, 50785.201171875)
[INFO] - NEWGROUND-GRINGO timed out (1800)!

>>>> Now solving: instance_0280.lp

(True, 1800, 1800, 1704.896484375)
[INFO] - GRINGO timed out (1800)!
Ran out of input
(True, 1800, 1800, 9223372036854775807)
[INFO] - IDLV timed out (1800)!
(True, 1800, 1800, 73716.1904296875)
[INFO] - NEWGROUND-IDLV timed out (1800)!
(True, 1800, 1800, 75842.8544921875)
[INFO] - NEWGROUND-GRINGO timed out (1800)!

>>>> Now solving: instance_0290.lp

(True, 1800, 1800, 1845.9765625)
[INFO] - GRINGO timed out (1800)!
Ran out of input
(True, 1800, 1800, 9223372036854775807)
[INFO] - IDLV timed out (1800)!
(True, 1800, 1800, 75583.26171875)
[INFO] - NEWGROUND-IDLV timed out (1800)!
(True, 1800, 1800, 74907.720703125)
[INFO] - NEWGROUND-GRINGO timed out (1800)!
