
>>>> Now solving: instance_0160.lp

(True, 1800, 825.6672961711884, 12870888.185546875)
[INFO] - GRINGO timed out (1800)!
(False, 670.9407324790955, 485.30069971084595, 6295065.412109375)
[INFO] - IDLV needed 670.9407324790955 seconds!
(False, 475.9806261062622, 461.30010080337524, 11606.6181640625)
[INFO] - NEWGROUND-IDLV needed 475.9806261062622 seconds!
(False, 495.80772066116333, 471.6955420970917, 12632.97265625)
[INFO] - NEWGROUND-GRINGO needed 495.80772066116333 seconds!

>>>> Now solving: instance_0170.lp

(True, 1800, 1094.5838565826416, 15731843.166992188)
[INFO] - GRINGO timed out (1800)!
(False, 890.0641140937805, 657.9985167980194, 7707295.1484375)
[INFO] - IDLV needed 890.0641140937805 seconds!
(False, 506.78453159332275, 490.9959933757782, 13260.0615234375)
[INFO] - NEWGROUND-IDLV needed 506.78453159332275 seconds!
(False, 758.8056564331055, 570.7157578468323, 14224.3076171875)
[INFO] - NEWGROUND-GRINGO needed 758.8056564331055 seconds!

>>>> Now solving: instance_0190.lp

Ran out of input
(True, 1800, 1800, 9223372036854775807)
[INFO] - GRINGO timed out (1800)!
(False, 1529.9153409004211, 1084.151171207428, 14670214.56640625)
[INFO] - IDLV needed 1529.9153409004211 seconds!
(False, 748.1598613262177, 722.7158315181732, 16719.9453125)
[INFO] - NEWGROUND-IDLV needed 748.1598613262177 seconds!
(False, 791.8503098487854, 758.0310513973236, 18197.15625)
[INFO] - NEWGROUND-GRINGO needed 791.8503098487854 seconds!

>>>> Now solving: instance_0200.lp

(True, 1800, 1800, 20675560.0)
[INFO] - GRINGO timed out (1800)!
(True, 1800, 1800, 19939429.188476562)
[INFO] - IDLV timed out (1800)!
(False, 919.6773171424866, 871.2479979991913, 18586.1318359375)
[INFO] - NEWGROUND-IDLV needed 919.6773171424866 seconds!
(False, 910.3522615432739, 860.4828670024872, 20672.0625)
[INFO] - NEWGROUND-GRINGO needed 910.3522615432739 seconds!

>>>> Now solving: instance_0210.lp

(True, 1800, 1800, 20011008.0)
[INFO] - GRINGO timed out (1800)!
Ran out of input
(True, 1800, 1800, 9223372036854775807)
[INFO] - IDLV timed out (1800)!
(False, 904.8662972450256, 876.0681867599487, 20437.58203125)
[INFO] - NEWGROUND-IDLV needed 904.8662972450256 seconds!
(False, 944.7689621448517, 895.3365013599396, 22731.0361328125)
[INFO] - NEWGROUND-GRINGO needed 944.7689621448517 seconds!

>>>> Now solving: instance_0230.lp

(True, 1800, 1800, 330.7568359375)
[INFO] - GRINGO timed out (1800)!
Ran out of input
(True, 1800, 1800, 9223372036854775807)
[INFO] - IDLV timed out (1800)!
(False, 1160.971979379654, 1103.2209694385529, 24523.603515625)
[INFO] - NEWGROUND-IDLV needed 1160.971979379654 seconds!
(False, 1258.9143471717834, 1092.8056721687317, 27279.95703125)
[INFO] - NEWGROUND-GRINGO needed 1258.9143471717834 seconds!

>>>> Now solving: instance_0240.lp

(True, 1800, 1800, 370.1943359375)
[INFO] - GRINGO timed out (1800)!
Ran out of input
(True, 1800, 1800, 9223372036854775807)
[INFO] - IDLV timed out (1800)!
(False, 1300.5029504299164, 1251.8618459701538, 26774.2548828125)
[INFO] - NEWGROUND-IDLV needed 1300.5029504299164 seconds!
(False, 1357.2520813941956, 1250.4237959384918, 29788.298828125)
[INFO] - NEWGROUND-GRINGO needed 1357.2520813941956 seconds!

>>>> Now solving: instance_0250.lp

(True, 1800, 1800, 393.2568359375)
[INFO] - GRINGO timed out (1800)!
Ran out of input
(True, 1800, 1800, 9223372036854775807)
[INFO] - IDLV timed out (1800)!
(False, 1530.2582252025604, 1472.412896156311, 28972.8515625)
[INFO] - NEWGROUND-IDLV needed 1530.2582252025604 seconds!
(False, 1492.4755187034607, 1427.0709030628204, 32231.2607421875)
[INFO] - NEWGROUND-GRINGO needed 1492.4755187034607 seconds!

>>>> Now solving: instance_0270.lp

(True, 1800, 1800, 455.9755859375)
[INFO] - GRINGO timed out (1800)!
Ran out of input
(True, 1800, 1800, 9223372036854775807)
[INFO] - IDLV timed out (1800)!
(False, 1685.5543258190155, 1630.954941034317, 33750.3818359375)
[INFO] - NEWGROUND-IDLV needed 1685.5543258190155 seconds!
(False, 1748.5862095355988, 1657.3452954292297, 37545.84765625)
[INFO] - NEWGROUND-GRINGO needed 1748.5862095355988 seconds!

>>>> Now solving: instance_0280.lp

(True, 1800, 1800, 501.9130859375)
[INFO] - GRINGO timed out (1800)!
Ran out of input
(True, 1800, 1800, 9223372036854775807)
[INFO] - IDLV timed out (1800)!
(True, 1800, 1800, 87403.4150390625)
[INFO] - NEWGROUND-IDLV timed out (1800)!
(True, 1800, 1853.9305012226105, 40478.8544921875)
[INFO] - NEWGROUND-GRINGO timed out (1800)!

>>>> Now solving: instance_0290.lp

(True, 1800, 1800, 543.8818359375)
[INFO] - GRINGO timed out (1800)!
Ran out of input
(True, 1800, 1800, 9223372036854775807)
[INFO] - IDLV timed out (1800)!
(True, 1800, 1800, 84282.3916015625)
[INFO] - NEWGROUND-IDLV timed out (1800)!
(True, 1800, 1800, 85923.0498046875)
[INFO] - NEWGROUND-GRINGO timed out (1800)!
