
>>>> Now solving: instance_0160.lp

(True, 1800, 1800, 13647800.0)
[INFO] - GRINGO timed out (1800)!
Ran out of input
(True, 1800, 1800, 9223372036854775807)
[INFO] - IDLV timed out (1800)!
(False, 454.55514883995056, 444.32522463798523, 12498.6494140625)
[INFO] - NEWGROUND-IDLV needed 454.55514883995056 seconds!
(False, 502.52659344673157, 438.99058747291565, 13637.30078125)
[INFO] - NEWGROUND-GRINGO needed 502.52659344673157 seconds!

>>>> Now solving: instance_0170.lp

(True, 1800, 1800, 263.8505859375)
[INFO] - GRINGO timed out (1800)!
Ran out of input
(True, 1800, 1800, 9223372036854775807)
[INFO] - IDLV timed out (1800)!
(False, 536.7682266235352, 515.8675627708435, 14134.6787109375)
[INFO] - NEWGROUND-IDLV needed 536.7682266235352 seconds!
(False, 539.8352584838867, 517.4325969219208, 15757.9912109375)
[INFO] - NEWGROUND-GRINGO needed 539.8352584838867 seconds!

>>>> Now solving: instance_0190.lp

(True, 1800, 1800, 332.6630859375)
[INFO] - GRINGO timed out (1800)!
Ran out of input
(True, 1800, 1800, 9223372036854775807)
[INFO] - IDLV timed out (1800)!
(False, 782.135151386261, 746.8503258228302, 17653.5166015625)
[INFO] - NEWGROUND-IDLV needed 782.135151386261 seconds!
(False, 939.721314907074, 759.2504045963287, 19685.0)
[INFO] - NEWGROUND-GRINGO needed 939.721314907074 seconds!

>>>> Now solving: instance_0200.lp

(True, 1800, 1800, 368.6943359375)
[INFO] - GRINGO timed out (1800)!
Ran out of input
(True, 1800, 1800, 9223372036854775807)
[INFO] - IDLV timed out (1800)!
(False, 829.2300338745117, 803.9019203186035, 19551.0244140625)
[INFO] - NEWGROUND-IDLV needed 829.2300338745117 seconds!
(False, 849.6321315765381, 819.0511679649353, 21801.275390625)
[INFO] - NEWGROUND-GRINGO needed 849.6321315765381 seconds!

>>>> Now solving: instance_0210.lp

(True, 1800, 1800, 407.2568359375)
[INFO] - GRINGO timed out (1800)!
Ran out of input
(True, 1800, 1800, 9223372036854775807)
[INFO] - IDLV timed out (1800)!
(False, 898.5495421886444, 861.3768229484558, 21550.974609375)
[INFO] - NEWGROUND-IDLV needed 898.5495421886444 seconds!
(False, 1024.4071922302246, 956.554251909256, 24032.1357421875)
[INFO] - NEWGROUND-GRINGO needed 1024.4071922302246 seconds!

>>>> Now solving: instance_0230.lp

(True, 1800, 1800, 500.4443359375)
[INFO] - GRINGO timed out (1800)!
Ran out of input
(True, 1800, 1800, 9223372036854775807)
[INFO] - IDLV timed out (1800)!
(False, 1169.8673779964447, 1121.10422539711, 25926.978515625)
[INFO] - NEWGROUND-IDLV needed 1169.8673779964447 seconds!
(False, 1215.624755859375, 1128.1216893196106, 28917.3798828125)
[INFO] - NEWGROUND-GRINGO needed 1215.624755859375 seconds!

>>>> Now solving: instance_0240.lp

(True, 1800, 1800, 539.9130859375)
[INFO] - GRINGO timed out (1800)!
Ran out of input
(True, 1800, 1800, 9223372036854775807)
[INFO] - IDLV timed out (1800)!
(False, 1323.4008767604828, 1220.0845429897308, 28180.486328125)
[INFO] - NEWGROUND-IDLV needed 1323.4008767604828 seconds!
(False, 1349.862446308136, 1262.7795078754425, 31429.4912109375)
[INFO] - NEWGROUND-GRINGO needed 1349.862446308136 seconds!

>>>> Now solving: instance_0250.lp

(True, 1800, 1800, 596.1005859375)
[INFO] - GRINGO timed out (1800)!
Ran out of input
(True, 1800, 1800, 9223372036854775807)
[INFO] - IDLV timed out (1800)!
(False, 1520.9123742580414, 1434.65132522583, 30651.9326171875)
[INFO] - NEWGROUND-IDLV needed 1520.9123742580414 seconds!
(False, 1508.3549857139587, 1444.121699810028, 34190.5859375)
[INFO] - NEWGROUND-GRINGO needed 1508.3549857139587 seconds!

>>>> Now solving: instance_0270.lp

(True, 1800, 1800, 694.9755859375)
[INFO] - GRINGO timed out (1800)!
Ran out of input
(True, 1800, 1800, 9223372036854775807)
[INFO] - IDLV timed out (1800)!
(True, 1800, 1743.5010118484497, 35731.3779296875)
[INFO] - NEWGROUND-IDLV timed out (1800)!
(False, 1778.9761743545532, 1652.825513124466, 39857.919921875)
[INFO] - NEWGROUND-GRINGO needed 1778.9761743545532 seconds!

>>>> Now solving: instance_0280.lp

(True, 1800, 1800, 747.2255859375)
[INFO] - GRINGO timed out (1800)!
Ran out of input
(True, 1800, 1800, 9223372036854775807)
[INFO] - IDLV timed out (1800)!
(True, 1800, 1824.1267356872559, 38415.185546875)
[INFO] - NEWGROUND-IDLV timed out (1800)!
(True, 1800, 1878.3754093647003, 42852.0029296875)
[INFO] - NEWGROUND-GRINGO timed out (1800)!

>>>> Now solving: instance_0290.lp

(True, 1800, 1800, 792.5693359375)
[INFO] - GRINGO timed out (1800)!
Ran out of input
(True, 1800, 1800, 9223372036854775807)
[INFO] - IDLV timed out (1800)!
(True, 1800, 1800, 83690.8505859375)
[INFO] - NEWGROUND-IDLV timed out (1800)!
(True, 1800, 1800, 84280.4111328125)
[INFO] - NEWGROUND-GRINGO timed out (1800)!
