
>>>> Now solving: instance_0160.lp

(True, 1800, 1800, 311.5068359375)
[INFO] - GRINGO timed out (1800)!
Ran out of input
(True, 1800, 1800, 9223372036854775807)
[INFO] - IDLV timed out (1800)!
(False, 450.3379876613617, 437.1754159927368, 13171.6396484375)
[INFO] - NEWGROUND-IDLV needed 450.3379876613617 seconds!
(False, 1477.1459667682648, 446.34888458251953, 14720.0927734375)
[INFO] - NEWGROUND-GRINGO needed 1477.1459667682648 seconds!

>>>> Now solving: instance_0170.lp

(True, 1800, 1800, 350.5693359375)
[INFO] - GRINGO timed out (1800)!
Ran out of input
(True, 1800, 1800, 9223372036854775807)
[INFO] - IDLV timed out (1800)!
(False, 529.4676547050476, 512.2194747924805, 14848.60546875)
[INFO] - NEWGROUND-IDLV needed 529.4676547050476 seconds!
(False, 549.1478018760681, 519.9775414466858, 16593.5078125)
[INFO] - NEWGROUND-GRINGO needed 549.1478018760681 seconds!

>>>> Now solving: instance_0190.lp

(True, 1800, 1800, 449.5068359375)
[INFO] - GRINGO timed out (1800)!
Ran out of input
(True, 1800, 1800, 9223372036854775807)
[INFO] - IDLV timed out (1800)!
(False, 803.5684733390808, 760.2437415122986, 18620.189453125)
[INFO] - NEWGROUND-IDLV needed 803.5684733390808 seconds!
(False, 798.9165878295898, 757.032310962677, 20813.2060546875)
[INFO] - NEWGROUND-GRINGO needed 798.9165878295898 seconds!

>>>> Now solving: instance_0200.lp

(True, 1800, 1800, 494.0380859375)
[INFO] - GRINGO timed out (1800)!
Ran out of input
(True, 1800, 1800, 9223372036854775807)
[INFO] - IDLV timed out (1800)!
(False, 848.5953817367554, 808.9877429008484, 20586.763671875)
[INFO] - NEWGROUND-IDLV needed 848.5953817367554 seconds!
(False, 921.9365260601044, 845.9118840694427, 23009.7265625)
[INFO] - NEWGROUND-GRINGO needed 921.9365260601044 seconds!

>>>> Now solving: instance_0210.lp

(True, 1800, 1800, 542.0068359375)
[INFO] - GRINGO timed out (1800)!
Ran out of input
(True, 1800, 1800, 9223372036854775807)
[INFO] - IDLV timed out (1800)!
(False, 923.7138102054596, 883.5744032859802, 22664.3828125)
[INFO] - NEWGROUND-IDLV needed 923.7138102054596 seconds!
(False, 1120.264395236969, 957.8610928058624, 25331.0556640625)
[INFO] - NEWGROUND-GRINGO needed 1120.264395236969 seconds!

>>>> Now solving: instance_0230.lp

(True, 1800, 1800, 657.1943359375)
[INFO] - GRINGO timed out (1800)!
Ran out of input
(True, 1800, 1800, 9223372036854775807)
[INFO] - IDLV timed out (1800)!
(False, 1178.3486633300781, 1136.5723135471344, 27223.4296875)
[INFO] - NEWGROUND-IDLV needed 1178.3486633300781 seconds!
(False, 1350.8416860103607, 1216.2828199863434, 30430.154296875)
[INFO] - NEWGROUND-GRINGO needed 1350.8416860103607 seconds!

>>>> Now solving: instance_0240.lp

(True, 1800, 1800, 713.2568359375)
[INFO] - GRINGO timed out (1800)!
Ran out of input
(True, 1800, 1800, 9223372036854775807)
[INFO] - IDLV timed out (1800)!
(False, 1317.0784511566162, 1250.1913599967957, 29614.3564453125)
[INFO] - NEWGROUND-IDLV needed 1317.0784511566162 seconds!
(False, 1510.6494114398956, 1431.9907641410828, 33102.484375)
[INFO] - NEWGROUND-GRINGO needed 1510.6494114398956 seconds!

>>>> Now solving: instance_0250.lp

(True, 1800, 1800, 785.7255859375)
[INFO] - GRINGO timed out (1800)!
Ran out of input
(True, 1800, 1800, 9223372036854775807)
[INFO] - IDLV timed out (1800)!
(False, 1525.868371963501, 1429.961834192276, 32220.8779296875)
[INFO] - NEWGROUND-IDLV needed 1525.868371963501 seconds!
(False, 1596.327147245407, 1378.886663198471, 36021.216796875)
[INFO] - NEWGROUND-GRINGO needed 1596.327147245407 seconds!

>>>> Now solving: instance_0270.lp

(True, 1800, 1800, 906.3505859375)
[INFO] - GRINGO timed out (1800)!
Ran out of input
(True, 1800, 1800, 9223372036854775807)
[INFO] - IDLV timed out (1800)!
(False, 1793.6609797477722, 1698.7465407848358, 37479.7685546875)
[INFO] - NEWGROUND-IDLV needed 1793.6609797477722 seconds!
(True, 1800, 1824.7630097866058, 41897.7919921875)
[INFO] - NEWGROUND-GRINGO timed out (1800)!

>>>> Now solving: instance_0280.lp

(True, 1800, 1800, 987.6318359375)
[INFO] - GRINGO timed out (1800)!
Ran out of input
(True, 1800, 1800, 9223372036854775807)
[INFO] - IDLV timed out (1800)!
(True, 1800, 1844.4468319416046, 40405.9599609375)
[INFO] - NEWGROUND-IDLV timed out (1800)!
(True, 1800, 1800, 84733.2158203125)
[INFO] - NEWGROUND-GRINGO timed out (1800)!

>>>> Now solving: instance_0290.lp

(True, 1800, 1800, 1045.6005859375)
[INFO] - GRINGO timed out (1800)!
Ran out of input
(True, 1800, 1800, 9223372036854775807)
[INFO] - IDLV timed out (1800)!
(True, 1800, 1800, 87831.0302734375)
[INFO] - NEWGROUND-IDLV timed out (1800)!
(True, 1800, 1800, 86399.4091796875)
[INFO] - NEWGROUND-GRINGO timed out (1800)!
