
>>>> Now solving: instance_0160.lp

[INFO] - GRINGO timed out (1800)!
[INFO] - IDLV timed out (1800)!
(False, 1156.3952419757843, 1139.3259210586548, 18768.318359375)
[INFO] - NEWGROUND-IDLV needed 1156.3952419757843 seconds!
(False, 1175.3950917720795, 1131.7668673992157, 21002.341796875)
[INFO] - NEWGROUND-GRINGO needed 1175.3950917720795 seconds!

>>>> Now solving: instance_0170.lp

[INFO] - GRINGO timed out (1800)!
[INFO] - IDLV timed out (1800)!
(False, 1397.120762348175, 1356.0244076251984, 21193.3037109375)
[INFO] - NEWGROUND-IDLV needed 1397.120762348175 seconds!
(False, 1389.0271496772766, 1366.6251647472382, 23717.5166015625)
[INFO] - NEWGROUND-GRINGO needed 1389.0271496772766 seconds!

>>>> Now solving: instance_0190.lp

[INFO] - GRINGO timed out (1800)!
[INFO] - IDLV timed out (1800)!
(True, 1800, 1839.0238907337189, 26464.953125)
[INFO] - NEWGROUND-IDLV timed out (1800)!
(True, 1800, 1800, 59830.8251953125)
[INFO] - NEWGROUND-GRINGO timed out (1800)!

>>>> Now solving: instance_0200.lp

[INFO] - GRINGO timed out (1800)!
[INFO] - IDLV timed out (1800)!
(True, 1800, 1800, 53205.6494140625)
[INFO] - NEWGROUND-IDLV timed out (1800)!
(True, 1800, 1800, 59433.6708984375)
[INFO] - NEWGROUND-GRINGO timed out (1800)!

>>>> Now solving: instance_0210.lp

[INFO] - GRINGO timed out (1800)!
[INFO] - IDLV timed out (1800)!
(True, 1800, 1800, 53980.7958984375)
[INFO] - NEWGROUND-IDLV timed out (1800)!
(True, 1800, 1800, 53674.9970703125)
[INFO] - NEWGROUND-GRINGO timed out (1800)!

>>>> Now solving: instance_0230.lp

[INFO] - GRINGO timed out (1800)!
[INFO] - IDLV timed out (1800)!
(True, 1800, 1800, 45418.1279296875)
[INFO] - NEWGROUND-IDLV timed out (1800)!
(True, 1800, 1800, 45016.0029296875)
[INFO] - NEWGROUND-GRINGO timed out (1800)!

>>>> Now solving: instance_0240.lp

[INFO] - GRINGO timed out (1800)!
[INFO] - IDLV timed out (1800)!
(True, 1800, 1800, 44362.6640625)
[INFO] - NEWGROUND-IDLV timed out (1800)!
(True, 1800, 1800, 44377.2431640625)
[INFO] - NEWGROUND-GRINGO timed out (1800)!

>>>> Now solving: instance_0250.lp

[INFO] - GRINGO timed out (1800)!
[INFO] - IDLV timed out (1800)!
(True, 1800, 1800, 47067.0)
[INFO] - NEWGROUND-IDLV timed out (1800)!
(True, 1800, 1800, 47154.611328125)
[INFO] - NEWGROUND-GRINGO timed out (1800)!

>>>> Now solving: instance_0270.lp

[INFO] - GRINGO timed out (1800)!
[INFO] - IDLV timed out (1800)!
(True, 1800, 1800, 42414.90625)
[INFO] - NEWGROUND-IDLV timed out (1800)!
(True, 1800, 1800, 42151.861328125)
[INFO] - NEWGROUND-GRINGO timed out (1800)!

>>>> Now solving: instance_0280.lp

[INFO] - GRINGO timed out (1800)!
[INFO] - IDLV timed out (1800)!
(True, 1800, 1800, 40007.423828125)
[INFO] - NEWGROUND-IDLV timed out (1800)!
(True, 1800, 1800, 38446.3515625)
[INFO] - NEWGROUND-GRINGO timed out (1800)!

>>>> Now solving: instance_0290.lp

[INFO] - GRINGO timed out (1800)!
[INFO] - IDLV timed out (1800)!
(True, 1800, 1800, 38723.6484375)
[INFO] - NEWGROUND-IDLV timed out (1800)!
(True, 1800, 1800, 38531.73046875)
[INFO] - NEWGROUND-GRINGO timed out (1800)!
