
>>>> Now solving: instance_0160.lp

(True, 1800, 1800, 623.1005859375)
[INFO] - GRINGO timed out (1800)!
Ran out of input
(True, 1800, 1800, 9223372036854775807)
[INFO] - IDLV timed out (1800)!
(False, 491.8166959285736, 473.96189999580383, 15739.248046875)
[INFO] - NEWGROUND-IDLV needed 491.8166959285736 seconds!
(False, 497.4861481189728, 480.76456689834595, 17715.1611328125)
[INFO] - NEWGROUND-GRINGO needed 497.4861481189728 seconds!

>>>> Now solving: instance_0170.lp

(True, 1800, 1800, 710.7255859375)
[INFO] - GRINGO timed out (1800)!
Ran out of input
(True, 1800, 1800, 9223372036854775807)
[INFO] - IDLV timed out (1800)!
(False, 568.0572474002838, 554.1181139945984, 17818.9052734375)
[INFO] - NEWGROUND-IDLV needed 568.0572474002838 seconds!
(False, 585.9494707584381, 553.561826467514, 20058.5693359375)
[INFO] - NEWGROUND-GRINGO needed 585.9494707584381 seconds!

>>>> Now solving: instance_0190.lp

(True, 1800, 1800, 885.1630859375)
[INFO] - GRINGO timed out (1800)!
Ran out of input
(True, 1800, 1800, 9223372036854775807)
[INFO] - IDLV timed out (1800)!
(False, 770.5678770542145, 743.750700712204, 22216.7822265625)
[INFO] - NEWGROUND-IDLV needed 770.5678770542145 seconds!
(False, 779.7785811424255, 746.3158588409424, 25009.03125)
[INFO] - NEWGROUND-GRINGO needed 779.7785811424255 seconds!

>>>> Now solving: instance_0200.lp

(True, 1800, 1800, 986.0068359375)
[INFO] - GRINGO timed out (1800)!
Ran out of input
(True, 1800, 1800, 9223372036854775807)
[INFO] - IDLV timed out (1800)!
(False, 906.2079327106476, 830.0315043926239, 24650.5341796875)
[INFO] - NEWGROUND-IDLV needed 906.2079327106476 seconds!
(False, 890.8674087524414, 841.4804005622864, 27750.6875)
[INFO] - NEWGROUND-GRINGO needed 890.8674087524414 seconds!

>>>> Now solving: instance_0210.lp

(True, 1800, 1800, 1087.4443359375)
[INFO] - GRINGO timed out (1800)!
Ran out of input
(True, 1800, 1800, 9223372036854775807)
[INFO] - IDLV timed out (1800)!
(False, 991.9678041934967, 951.3325574398041, 27172.6640625)
[INFO] - NEWGROUND-IDLV needed 991.9678041934967 seconds!
(False, 1194.8043718338013, 955.5891714096069, 30591.03515625)
[INFO] - NEWGROUND-GRINGO needed 1194.8043718338013 seconds!

>>>> Now solving: instance_0230.lp

(True, 1800, 1800, 1311.6943359375)
[INFO] - GRINGO timed out (1800)!
Ran out of input
(True, 1800, 1800, 9223372036854775807)
[INFO] - IDLV timed out (1800)!
(False, 1256.6588735580444, 1217.7663125991821, 32636.7734375)
[INFO] - NEWGROUND-IDLV needed 1256.6588735580444 seconds!
(False, 1326.3269290924072, 1227.7696387767792, 36746.3955078125)
[INFO] - NEWGROUND-GRINGO needed 1326.3269290924072 seconds!

>>>> Now solving: instance_0240.lp

(True, 1800, 1800, 1425.6630859375)
[INFO] - GRINGO timed out (1800)!
Ran out of input
(True, 1800, 1800, 9223372036854775807)
[INFO] - IDLV timed out (1800)!
(False, 1404.5368421077728, 1360.54519033432, 37164.8291015625)
[INFO] - NEWGROUND-IDLV needed 1404.5368421077728 seconds!
(False, 1415.2593157291412, 1375.6033267974854, 40099.3671875)
[INFO] - NEWGROUND-GRINGO needed 1415.2593157291412 seconds!

>>>> Now solving: instance_0250.lp

(True, 1800, 1800, 1547.6005859375)
[INFO] - GRINGO timed out (1800)!
Ran out of input
(True, 1800, 1800, 9223372036854775807)
[INFO] - IDLV timed out (1800)!
(False, 1690.4189941883087, 1582.0480542182922, 41839.154296875)
[INFO] - NEWGROUND-IDLV needed 1690.4189941883087 seconds!
(True, 1800, 1514.8718559741974, 45394.8828125)
[INFO] - NEWGROUND-GRINGO timed out (1800)!

>>>> Now solving: instance_0270.lp

(True, 1800, 1800, 1825.2578125)
[INFO] - GRINGO timed out (1800)!
Ran out of input
(True, 1800, 1800, 9223372036854775807)
[INFO] - IDLV timed out (1800)!
(True, 1800, 1800, 78327.6435546875)
[INFO] - NEWGROUND-IDLV timed out (1800)!
(True, 1800, 1800, 81341.0869140625)
[INFO] - NEWGROUND-GRINGO timed out (1800)!

>>>> Now solving: instance_0280.lp

(True, 1800, 1800, 1969.4921875)
[INFO] - GRINGO timed out (1800)!
Ran out of input
(True, 1800, 1800, 9223372036854775807)
[INFO] - IDLV timed out (1800)!
(True, 1800, 1800, 73580.55078125)
[INFO] - NEWGROUND-IDLV timed out (1800)!
(True, 1800, 1800, 75677.87890625)
[INFO] - NEWGROUND-GRINGO timed out (1800)!

>>>> Now solving: instance_0290.lp

(True, 1800, 1800, 2121.23046875)
[INFO] - GRINGO timed out (1800)!
Ran out of input
(True, 1800, 1800, 9223372036854775807)
[INFO] - IDLV timed out (1800)!
(True, 1800, 1800, 71086.6572265625)
[INFO] - NEWGROUND-IDLV timed out (1800)!
(True, 1800, 1800, 79863.7705078125)
[INFO] - NEWGROUND-GRINGO timed out (1800)!
