
>>>> Now solving: instance_0160.lp

(True, 1800, 1800, 781.6943359375)
[INFO] - GRINGO timed out (1800)!
Ran out of input
(True, 1800, 1800, 9223372036854775807)
[INFO] - IDLV timed out (1800)!
(False, 489.3993065357208, 479.65105676651, 17046.3095703125)
[INFO] - NEWGROUND-IDLV needed 489.3993065357208 seconds!
(False, 556.6767508983612, 482.4117941856384, 19239.8720703125)
[INFO] - NEWGROUND-GRINGO needed 556.6767508983612 seconds!

>>>> Now solving: instance_0170.lp

(True, 1800, 1800, 884.3505859375)
[INFO] - GRINGO timed out (1800)!
Ran out of input
(True, 1800, 1800, 9223372036854775807)
[INFO] - IDLV timed out (1800)!
(False, 572.6903188228607, 561.112818479538, 19250.2255859375)
[INFO] - NEWGROUND-IDLV needed 572.6903188228607 seconds!
(False, 580.4284126758575, 556.9997520446777, 21728.158203125)
[INFO] - NEWGROUND-GRINGO needed 580.4284126758575 seconds!

>>>> Now solving: instance_0190.lp

(True, 1800, 1800, 1108.4130859375)
[INFO] - GRINGO timed out (1800)!
Ran out of input
(True, 1800, 1800, 9223372036854775807)
[INFO] - IDLV timed out (1800)!
(False, 762.4170532226562, 746.1390223503113, 24059.4248046875)
[INFO] - NEWGROUND-IDLV needed 762.4170532226562 seconds!
(False, 772.5170636177063, 750.130841255188, 27158.5390625)
[INFO] - NEWGROUND-GRINGO needed 772.5170636177063 seconds!

>>>> Now solving: instance_0200.lp

(True, 1800, 1800, 1229.8193359375)
[INFO] - GRINGO timed out (1800)!
Ran out of input
(True, 1800, 1800, 9223372036854775807)
[INFO] - IDLV timed out (1800)!
(False, 886.7371373176575, 867.4779284000397, 26664.7080078125)
[INFO] - NEWGROUND-IDLV needed 886.7371373176575 seconds!
(False, 906.1790060997009, 860.5563724040985, 30100.6337890625)
[INFO] - NEWGROUND-GRINGO needed 906.1790060997009 seconds!

>>>> Now solving: instance_0210.lp

(True, 1800, 1800, 1357.4755859375)
[INFO] - GRINGO timed out (1800)!
Ran out of input
(True, 1800, 1800, 9223372036854775807)
[INFO] - IDLV timed out (1800)!
(False, 1002.3734056949615, 979.7991232872009, 29403.7822265625)
[INFO] - NEWGROUND-IDLV needed 1002.3734056949615 seconds!
(False, 1147.5456731319427, 969.2839543819427, 33194.0)
[INFO] - NEWGROUND-GRINGO needed 1147.5456731319427 seconds!

>>>> Now solving: instance_0230.lp

(True, 1800, 1800, 1636.53125)
[INFO] - GRINGO timed out (1800)!
Ran out of input
(True, 1800, 1800, 9223372036854775807)
[INFO] - IDLV timed out (1800)!
(False, 1282.3578839302063, 1252.3342151641846, 38002.8525390625)
[INFO] - NEWGROUND-IDLV needed 1282.3578839302063 seconds!
(False, 1364.3535809516907, 1222.8478965759277, 41738.294921875)
[INFO] - NEWGROUND-GRINGO needed 1364.3535809516907 seconds!

>>>> Now solving: instance_0240.lp

(True, 1800, 1800, 1792.087890625)
[INFO] - GRINGO timed out (1800)!
Ran out of input
(True, 1800, 1800, 9223372036854775807)
[INFO] - IDLV timed out (1800)!
(False, 1432.8970892429352, 1398.4066586494446, 41271.41015625)
[INFO] - NEWGROUND-IDLV needed 1432.8970892429352 seconds!
(False, 1448.8376948833466, 1397.6874072551727, 45649.28515625)
[INFO] - NEWGROUND-GRINGO needed 1448.8376948833466 seconds!

>>>> Now solving: instance_0250.lp

(True, 1800, 1800, 1954.28515625)
[INFO] - GRINGO timed out (1800)!
Ran out of input
(True, 1800, 1800, 9223372036854775807)
[INFO] - IDLV timed out (1800)!
(False, 1600.2490332126617, 1561.9595000743866, 45488.306640625)
[INFO] - NEWGROUND-IDLV needed 1600.2490332126617 seconds!
(False, 1638.4488551616669, 1556.8839156627655, 49726.91015625)
[INFO] - NEWGROUND-GRINGO needed 1638.4488551616669 seconds!

>>>> Now solving: instance_0270.lp

(True, 1800, 1800, 2298.6015625)
[INFO] - GRINGO timed out (1800)!
Ran out of input
(True, 1800, 1800, 9223372036854775807)
[INFO] - IDLV timed out (1800)!
(True, 1800, 1800, 80100.033203125)
[INFO] - NEWGROUND-IDLV timed out (1800)!
(True, 1800, 1800, 79887.396484375)
[INFO] - NEWGROUND-GRINGO timed out (1800)!

>>>> Now solving: instance_0280.lp

(True, 1800, 1800, 2480.720703125)
[INFO] - GRINGO timed out (1800)!
Ran out of input
(True, 1800, 1800, 9223372036854775807)
[INFO] - IDLV timed out (1800)!
(True, 1800, 1800, 71548.28515625)
[INFO] - NEWGROUND-IDLV timed out (1800)!
(True, 1800, 1800, 69784.236328125)
[INFO] - NEWGROUND-GRINGO timed out (1800)!

>>>> Now solving: instance_0290.lp

(True, 1800, 1800, 2669.48046875)
[INFO] - GRINGO timed out (1800)!
Ran out of input
(True, 1800, 1800, 9223372036854775807)
[INFO] - IDLV timed out (1800)!
(True, 1800, 1800, 67254.134765625)
[INFO] - NEWGROUND-IDLV timed out (1800)!
(True, 1800, 1800, 74341.333984375)
[INFO] - NEWGROUND-GRINGO timed out (1800)!
