
>>>> Now solving: instance_0010.lp

(False, 1.2086155414581299, 0.5620238780975342, 8058.486328125)
[INFO] - GRINGO needed 1.2086155414581299 seconds!
(False, 0.07625174522399902, 0.05262637138366699, 409.6396484375)
[INFO] - IDLV needed 0.07625174522399902 seconds!
(False, 1.4489247798919678, 1.4350612163543701, 56.0859375)
[INFO] - NEWGROUND-IDLV needed 1.4489247798919678 seconds!
(False, 1.4365315437316895, 1.4221217632293701, 55.5703125)
[INFO] - NEWGROUND-GRINGO needed 1.4365315437316895 seconds!

>>>> Now solving: instance_0012.lp

(False, 5.427537679672241, 2.3536839485168457, 36748.47265625)
[INFO] - GRINGO needed 5.427537679672241 seconds!
(False, 0.24463772773742676, 0.18254733085632324, 1483.9931640625)
[INFO] - IDLV needed 0.24463772773742676 seconds!
(False, 2.090479612350464, 2.068331003189087, 83.8544921875)
[INFO] - NEWGROUND-IDLV needed 2.090479612350464 seconds!
(False, 2.1030187606811523, 2.0819308757781982, 81.62890625)
[INFO] - NEWGROUND-GRINGO needed 2.1030187606811523 seconds!

>>>> Now solving: instance_0014.lp

(False, 17.798637866973877, 7.52539324760437, 123498.0302734375)
[INFO] - GRINGO needed 17.798637866973877 seconds!
(False, 0.6302571296691895, 0.4761521816253662, 4102.7548828125)
[INFO] - IDLV needed 0.6302571296691895 seconds!
(False, 2.96543025970459, 2.940338611602783, 119.0068359375)
[INFO] - NEWGROUND-IDLV needed 2.96543025970459 seconds!
(False, 2.9893367290496826, 2.964448928833008, 116.9716796875)
[INFO] - NEWGROUND-GRINGO needed 2.9893367290496826 seconds!

>>>> Now solving: instance_0016.lp

(False, 48.86954092979431, 20.32846188545227, 334672.94140625)
[INFO] - GRINGO needed 48.86954092979431 seconds!
(False, 1.445573329925537, 1.092867374420166, 9542.0400390625)
[INFO] - IDLV needed 1.445573329925537 seconds!
(False, 4.117383003234863, 4.081479549407959, 157.5263671875)
[INFO] - NEWGROUND-IDLV needed 4.117383003234863 seconds!
(False, 4.126726150512695, 4.092950820922852, 156.1396484375)
[INFO] - NEWGROUND-GRINGO needed 4.126726150512695 seconds!

>>>> Now solving: instance_0018.lp

(False, 117.93181443214417, 47.64066123962402, 789959.076171875)
[INFO] - GRINGO needed 117.93181443214417 seconds!
(False, 2.998811721801758, 2.2872676849365234, 19630.6767578125)
[INFO] - IDLV needed 2.998811721801758 seconds!
(False, 5.597089767456055, 5.5563437938690186, 198.5078125)
[INFO] - NEWGROUND-IDLV needed 5.597089767456055 seconds!
(False, 5.576058864593506, 5.535606622695923, 200.6982421875)
[INFO] - NEWGROUND-GRINGO needed 5.576058864593506 seconds!

>>>> Now solving: instance_0020.lp

(False, 253.72246479988098, 100.49686098098755, 1684590.3818359375)
[INFO] - GRINGO needed 253.72246479988098 seconds!
(False, 5.458411693572998, 4.233994483947754, 36855.6181640625)
[INFO] - IDLV needed 5.458411693572998 seconds!
(False, 7.2939934730529785, 7.239473581314087, 253.1904296875)
[INFO] - NEWGROUND-IDLV needed 7.2939934730529785 seconds!
(False, 7.4302778244018555, 7.381771087646484, 250.4833984375)
[INFO] - NEWGROUND-GRINGO needed 7.4302778244018555 seconds!

>>>> Now solving: instance_0030.lp

(True, 1800, 1800, 28647161.913085938)
[INFO] - GRINGO timed out (1800)!
(False, 55.37887978553772, 40.74355959892273, 437198.4404296875)
[INFO] - IDLV needed 55.37887978553772 seconds!
(False, 22.22053074836731, 22.047624826431274, 600.7314453125)
[INFO] - NEWGROUND-IDLV needed 22.22053074836731 seconds!
(False, 22.308045864105225, 22.200347661972046, 586.921875)
[INFO] - NEWGROUND-GRINGO needed 22.308045864105225 seconds!

>>>> Now solving: instance_0040.lp

Ran out of input
(True, 1800, 1800, 9223372036854775807)
[INFO] - GRINGO timed out (1800)!
(False, 269.839143037796, 195.14657425880432, 2159382.7490234375)
[INFO] - IDLV needed 269.839143037796 seconds!
(False, 57.682515382766724, 56.215702056884766, 1138.59765625)
[INFO] - NEWGROUND-IDLV needed 57.682515382766724 seconds!
(False, 57.42760515213013, 57.10782027244568, 1061.1240234375)
[INFO] - NEWGROUND-GRINGO needed 57.42760515213013 seconds!

>>>> Now solving: instance_0050.lp

Ran out of input
(True, 1800, 1800, 9223372036854775807)
[INFO] - GRINGO timed out (1800)!
(False, 890.3679039478302, 632.6856982707977, 7151277.7197265625)
[INFO] - IDLV needed 890.3679039478302 seconds!
(False, 96.57478475570679, 95.70044207572937, 1858.6162109375)
[INFO] - NEWGROUND-IDLV needed 96.57478475570679 seconds!
(False, 98.71119356155396, 97.56865739822388, 1741.6318359375)
[INFO] - NEWGROUND-GRINGO needed 98.71119356155396 seconds!

>>>> Now solving: instance_0060.lp

(True, 1800, 1800, 21918896.0)
[INFO] - GRINGO timed out (1800)!
(True, 1800, 1800, 18774616.83203125)
[INFO] - IDLV timed out (1800)!
(False, 164.33950066566467, 162.86306381225586, 2706.6396484375)
[INFO] - NEWGROUND-IDLV needed 164.33950066566467 seconds!
(False, 163.04733896255493, 162.3533275127411, 2552.470703125)
[INFO] - NEWGROUND-GRINGO needed 163.04733896255493 seconds!

>>>> Now solving: instance_0070.lp

(True, 1800, 1800, 2274228.0)
[INFO] - GRINGO timed out (1800)!
(True, 1800, 1800, 20928572.0)
[INFO] - IDLV timed out (1800)!
(False, 256.9105236530304, 254.25918793678284, 3680.4072265625)
[INFO] - NEWGROUND-IDLV needed 256.9105236530304 seconds!
(False, 260.1756613254547, 256.5325174331665, 3514.4931640625)
[INFO] - NEWGROUND-GRINGO needed 260.1756613254547 seconds!

>>>> Now solving: instance_0080.lp

(True, 1800, 1800, 312.0)
[INFO] - GRINGO timed out (1800)!
Ran out of input
(True, 1800, 1800, 9223372036854775807)
[INFO] - IDLV timed out (1800)!
(False, 386.26109647750854, 384.94616627693176, 4862.326171875)
[INFO] - NEWGROUND-IDLV needed 386.26109647750854 seconds!
(False, 418.819454908371, 386.28953099250793, 4644.4560546875)
[INFO] - NEWGROUND-GRINGO needed 418.819454908371 seconds!

>>>> Now solving: instance_0090.lp

(True, 1800, 1800, 404.0)
[INFO] - GRINGO timed out (1800)!
(True, 1800, 1800, 21640444.0)
[INFO] - IDLV timed out (1800)!
(False, 629.1202008724213, 588.2816412448883, 6177.296875)
[INFO] - NEWGROUND-IDLV needed 629.1202008724213 seconds!
(False, 623.0503780841827, 621.015661239624, 5925.51953125)
[INFO] - NEWGROUND-GRINGO needed 623.0503780841827 seconds!

>>>> Now solving: instance_0100.lp

(True, 1800, 1800, 504.0)
[INFO] - GRINGO timed out (1800)!
Ran out of input
(True, 1800, 1800, 9223372036854775807)
[INFO] - IDLV timed out (1800)!
(False, 768.8448622226715, 766.1046953201294, 7803.533203125)
[INFO] - NEWGROUND-IDLV needed 768.8448622226715 seconds!
(False, 784.1014511585236, 777.1176612377167, 7365.21875)
[INFO] - NEWGROUND-GRINGO needed 784.1014511585236 seconds!

>>>> Now solving: instance_0110.lp

(True, 1800, 1800, 616.0)
[INFO] - GRINGO timed out (1800)!
Ran out of input
(True, 1800, 1800, 9223372036854775807)
[INFO] - IDLV timed out (1800)!
(False, 989.1733167171478, 985.1501853466034, 9927.22265625)
[INFO] - NEWGROUND-IDLV needed 989.1733167171478 seconds!
(False, 955.2863647937775, 943.1926379203796, 8924.6298828125)
[INFO] - NEWGROUND-GRINGO needed 955.2863647937775 seconds!

>>>> Now solving: instance_0120.lp

(True, 1800, 1800, 736.0)
[INFO] - GRINGO timed out (1800)!
Ran out of input
(True, 1800, 1800, 9223372036854775807)
[INFO] - IDLV timed out (1800)!
(False, 1404.8851628303528, 1399.5059673786163, 11616.8466796875)
[INFO] - NEWGROUND-IDLV needed 1404.8851628303528 seconds!
(False, 1234.1932210922241, 1223.9103968143463, 10631.998046875)
[INFO] - NEWGROUND-GRINGO needed 1234.1932210922241 seconds!

>>>> Now solving: instance_0130.lp

(True, 1800, 1800, 868.0)
[INFO] - GRINGO timed out (1800)!
Ran out of input
(True, 1800, 1800, 9223372036854775807)
[INFO] - IDLV timed out (1800)!
(False, 1513.803332567215, 1508.3356075286865, 14068.7607421875)
[INFO] - NEWGROUND-IDLV needed 1513.803332567215 seconds!
(False, 1440.8411438465118, 1436.9218559265137, 12843.994140625)
[INFO] - NEWGROUND-GRINGO needed 1440.8411438465118 seconds!

>>>> Now solving: instance_0140.lp

(True, 1800, 1800, 1010.2314453125)
[INFO] - GRINGO timed out (1800)!
Ran out of input
(True, 1800, 1800, 9223372036854775807)
[INFO] - IDLV timed out (1800)!
(True, 1800, 1800, 14509.994140625)
[INFO] - NEWGROUND-IDLV timed out (1800)!
(True, 1800, 1804.0444984436035, 15054.11328125)
