
>>>> Now solving: instance_0010.lp

(False, 1.0366318225860596, 0.5023412704467773, 7003.037109375)
[INFO] - GRINGO needed 1.0366318225860596 seconds!
(False, 0.06641435623168945, 0.04605841636657715, 352.0517578125)
[INFO] - IDLV needed 0.06641435623168945 seconds!
(False, 1.4121441841125488, 1.396704912185669, 54.5888671875)
[INFO] - NEWGROUND-IDLV needed 1.4121441841125488 seconds!
(False, 1.4279382228851318, 1.4110386371612549, 53.9609375)
[INFO] - NEWGROUND-GRINGO needed 1.4279382228851318 seconds!

>>>> Now solving: instance_0012.lp

(False, 4.400828123092651, 1.8481807708740234, 31357.7470703125)
[INFO] - GRINGO needed 4.400828123092651 seconds!
(False, 0.18839740753173828, 0.13979434967041016, 1269.7177734375)
[INFO] - IDLV needed 0.18839740753173828 seconds!
(False, 2.0728232860565186, 2.0493004322052, 81.9970703125)
[INFO] - NEWGROUND-IDLV needed 2.0728232860565186 seconds!
(False, 2.0486669540405273, 2.0269837379455566, 79.1767578125)
[INFO] - NEWGROUND-GRINGO needed 2.0486669540405273 seconds!

>>>> Now solving: instance_0014.lp

(False, 14.099300622940063, 5.927138090133667, 105782.9560546875)
[INFO] - GRINGO needed 14.099300622940063 seconds!
(False, 0.48615407943725586, 0.3627285957336426, 3531.40625)
[INFO] - IDLV needed 0.48615407943725586 seconds!
(False, 2.7820346355438232, 2.7554123401641846, 114.537109375)
[INFO] - NEWGROUND-IDLV needed 2.7820346355438232 seconds!
(False, 2.8173794746398926, 2.7920849323272705, 114.154296875)
[INFO] - NEWGROUND-GRINGO needed 2.8173794746398926 seconds!

>>>> Now solving: instance_0016.lp

(False, 44.18829703330994, 18.19401478767395, 296052.5546875)
[INFO] - GRINGO needed 44.18829703330994 seconds!
(False, 1.3339321613311768, 1.0060491561889648, 8453.5791015625)
[INFO] - IDLV needed 1.3339321613311768 seconds!
(False, 4.645269155502319, 4.610615491867065, 154.640625)
[INFO] - NEWGROUND-IDLV needed 4.645269155502319 seconds!
(False, 4.678243398666382, 4.644097805023193, 152.3232421875)
[INFO] - NEWGROUND-GRINGO needed 4.678243398666382 seconds!

>>>> Now solving: instance_0018.lp

(False, 106.44054841995239, 42.94267535209656, 698019.1650390625)
[INFO] - GRINGO needed 106.44054841995239 seconds!
(False, 2.638251543045044, 1.9742372035980225, 17439.0791015625)
[INFO] - IDLV needed 2.638251543045044 seconds!
(False, 6.165608167648315, 6.122013092041016, 194.509765625)
[INFO] - NEWGROUND-IDLV needed 6.165608167648315 seconds!
(False, 6.2493884563446045, 6.2076735496521, 195.6865234375)
[INFO] - NEWGROUND-GRINGO needed 6.2493884563446045 seconds!

>>>> Now solving: instance_0020.lp

(False, 221.11382865905762, 86.81327414512634, 1457767.279296875)
[INFO] - GRINGO needed 221.11382865905762 seconds!
(False, 4.8619372844696045, 3.6525967121124268, 31991.185546875)
[INFO] - IDLV needed 4.8619372844696045 seconds!
(False, 8.236398220062256, 8.176716804504395, 246.4404296875)
[INFO] - NEWGROUND-IDLV needed 8.236398220062256 seconds!
(False, 8.179182052612305, 8.12095046043396, 243.8525390625)
[INFO] - NEWGROUND-GRINGO needed 8.179182052612305 seconds!

>>>> Now solving: instance_0030.lp

(True, 1800, 1800, 23751673.948242188)
[INFO] - GRINGO timed out (1800)!
(False, 47.31298828125, 34.6815824508667, 358033.3759765625)
[INFO] - IDLV needed 47.31298828125 seconds!
(False, 24.710202932357788, 24.563206672668457, 586.9326171875)
[INFO] - NEWGROUND-IDLV needed 24.710202932357788 seconds!
(False, 24.231789350509644, 24.118009328842163, 569.849609375)
[INFO] - NEWGROUND-GRINGO needed 24.231789350509644 seconds!

>>>> Now solving: instance_0040.lp

Ran out of input
(True, 1800, 1800, 9223372036854775807)
[INFO] - GRINGO timed out (1800)!
(False, 235.2885708808899, 169.82102704048157, 1880930.830078125)
[INFO] - IDLV needed 235.2885708808899 seconds!
(False, 55.998257637023926, 55.65117835998535, 1097.4560546875)
[INFO] - NEWGROUND-IDLV needed 55.998257637023926 seconds!
(False, 55.86158585548401, 55.51263189315796, 1024.1533203125)
[INFO] - NEWGROUND-GRINGO needed 55.86158585548401 seconds!

>>>> Now solving: instance_0050.lp

Ran out of input
(True, 1800, 1800, 9223372036854775807)
[INFO] - GRINGO timed out (1800)!
(False, 769.0231790542603, 566.9963376522064, 6107934.83203125)
[INFO] - IDLV needed 769.0231790542603 seconds!
(False, 98.29968190193176, 95.36691427230835, 1818.701171875)
[INFO] - NEWGROUND-IDLV needed 98.29968190193176 seconds!
(False, 97.65416550636292, 96.3096137046814, 1694.6142578125)
[INFO] - NEWGROUND-GRINGO needed 97.65416550636292 seconds!

>>>> Now solving: instance_0060.lp

Ran out of input
(True, 1800, 1800, 9223372036854775807)
[INFO] - GRINGO timed out (1800)!
(True, 1800, 1483.6970736980438, 16200144.599609375)
[INFO] - IDLV timed out (1800)!
(False, 162.45736575126648, 161.03951692581177, 2651.2158203125)
[INFO] - NEWGROUND-IDLV needed 162.45736575126648 seconds!
(False, 159.23102116584778, 157.59279084205627, 2485.419921875)
[INFO] - NEWGROUND-GRINGO needed 159.23102116584778 seconds!

>>>> Now solving: instance_0070.lp

(True, 1800, 1800, 9860708.0)
[INFO] - GRINGO timed out (1800)!
(True, 1800, 1800, 20469828.0)
[INFO] - IDLV timed out (1800)!
(False, 253.7932698726654, 252.96199703216553, 3539.0576171875)
[INFO] - NEWGROUND-IDLV needed 253.7932698726654 seconds!
(False, 251.97778058052063, 250.42750334739685, 3421.751953125)
[INFO] - NEWGROUND-GRINGO needed 251.97778058052063 seconds!

>>>> Now solving: instance_0080.lp

(True, 1800, 1800, 264.0)
[INFO] - GRINGO timed out (1800)!
(True, 1800, 1800, 20690112.0)
[INFO] - IDLV timed out (1800)!
(False, 440.96086716651917, 439.03731417655945, 4752.60546875)
[INFO] - NEWGROUND-IDLV needed 440.96086716651917 seconds!
(False, 431.860187292099, 429.8805944919586, 4502.8125)
[INFO] - NEWGROUND-GRINGO needed 431.860187292099 seconds!

>>>> Now solving: instance_0090.lp

(True, 1800, 1800, 344.0)
[INFO] - GRINGO timed out (1800)!
Ran out of input
(True, 1800, 1800, 9223372036854775807)
[INFO] - IDLV timed out (1800)!
(False, 569.82222032547, 567.9221584796906, 6047.962890625)
[INFO] - NEWGROUND-IDLV needed 569.82222032547 seconds!
(False, 549.0521626472473, 546.9397556781769, 5759.7822265625)
[INFO] - NEWGROUND-GRINGO needed 549.0521626472473 seconds!

>>>> Now solving: instance_0100.lp

(True, 1800, 1800, 432.0)
[INFO] - GRINGO timed out (1800)!
Ran out of input
(True, 1800, 1800, 9223372036854775807)
[INFO] - IDLV timed out (1800)!
(False, 777.1782269477844, 774.3967771530151, 7519.3193359375)
[INFO] - NEWGROUND-IDLV needed 777.1782269477844 seconds!
(False, 801.2138066291809, 798.3665959835052, 7139.7080078125)
[INFO] - NEWGROUND-GRINGO needed 801.2138066291809 seconds!

>>>> Now solving: instance_0110.lp

(True, 1800, 1800, 532.0)
[INFO] - GRINGO timed out (1800)!
Ran out of input
(True, 1800, 1800, 9223372036854775807)
[INFO] - IDLV timed out (1800)!
(False, 912.9448623657227, 903.0594770908356, 9719.7197265625)
[INFO] - NEWGROUND-IDLV needed 912.9448623657227 seconds!
(False, 907.5851700305939, 903.1847774982452, 8707.5283203125)
[INFO] - NEWGROUND-GRINGO needed 907.5851700305939 seconds!

>>>> Now solving: instance_0120.lp

(True, 1800, 1800, 636.0)
[INFO] - GRINGO timed out (1800)!
Ran out of input
(True, 1800, 1800, 9223372036854775807)
[INFO] - IDLV timed out (1800)!
(False, 1187.7026374340057, 1184.5969247817993, 11367.4853515625)
[INFO] - NEWGROUND-IDLV needed 1187.7026374340057 seconds!
(False, 1194.1105980873108, 1187.347867488861, 10364.3984375)
[INFO] - NEWGROUND-GRINGO needed 1194.1105980873108 seconds!

>>>> Now solving: instance_0130.lp

(True, 1800, 1800, 748.0)
[INFO] - GRINGO timed out (1800)!
Ran out of input
(True, 1800, 1800, 9223372036854775807)
[INFO] - IDLV timed out (1800)!
(False, 1705.5173020362854, 1701.4317665100098, 13761.8857421875)
[INFO] - NEWGROUND-IDLV needed 1705.5173020362854 seconds!
(False, 1686.8215160369873, 1677.0399391651154, 12174.8388671875)
[INFO] - NEWGROUND-GRINGO needed 1686.8215160369873 seconds!

>>>> Now solving: instance_0140.lp

(True, 1800, 1800, 868.0)
[INFO] - GRINGO timed out (1800)!
Ran out of input
(True, 1800, 1800, 9223372036854775807)
[INFO] - IDLV timed out (1800)!
(True, 1800, 1800, 10254.0732421875)
[INFO] - NEWGROUND-IDLV timed out (1800)!
