
>>>> Now solving: instance_0010.lp

(False, 0.4463200569152832, 0.19551563262939453, 2523.578125)
[INFO] - GRINGO needed 0.4463200569152832 seconds!
(False, 0.0326230525970459, 0.021172285079956055, 131.0869140625)
[INFO] - IDLV needed 0.0326230525970459 seconds!
(False, 1.336186170578003, 1.3206114768981934, 51.6669921875)
[INFO] - NEWGROUND-IDLV needed 1.336186170578003 seconds!
(False, 1.3228800296783447, 1.3065335750579834, 50.51171875)
[INFO] - NEWGROUND-GRINGO needed 1.3228800296783447 seconds!

>>>> Now solving: instance_0012.lp

(False, 3.8746111392974854, 1.6939363479614258, 25667.224609375)
[INFO] - GRINGO needed 3.8746111392974854 seconds!
(False, 0.1761631965637207, 0.13192462921142578, 1039.32421875)
[INFO] - IDLV needed 0.1761631965637207 seconds!
(False, 1.907827377319336, 1.8861687183380127, 80.2626953125)
[INFO] - NEWGROUND-IDLV needed 1.907827377319336 seconds!
(False, 1.9936072826385498, 1.9744071960449219, 77.1044921875)
[INFO] - NEWGROUND-GRINGO needed 1.9936072826385498 seconds!

>>>> Now solving: instance_0014.lp

(False, 10.176552772521973, 4.394052267074585, 68457.5830078125)
[INFO] - GRINGO needed 10.176552772521973 seconds!
(False, 0.39069128036499023, 0.29578518867492676, 2328.8818359375)
[INFO] - IDLV needed 0.39069128036499023 seconds!
(False, 3.129638910293579, 3.101701021194458, 112.4794921875)
[INFO] - NEWGROUND-IDLV needed 3.129638910293579 seconds!
(False, 3.193185567855835, 3.1692123413085938, 109.021484375)
[INFO] - NEWGROUND-GRINGO needed 3.193185567855835 seconds!

>>>> Now solving: instance_0016.lp

(False, 30.32671570777893, 12.65122938156128, 207448.490234375)
[INFO] - GRINGO needed 30.32671570777893 seconds!
(False, 0.8806400299072266, 0.6795556545257568, 5958.3779296875)
[INFO] - IDLV needed 0.8806400299072266 seconds!
(False, 3.868809223175049, 3.8365142345428467, 150.8095703125)
[INFO] - NEWGROUND-IDLV needed 3.868809223175049 seconds!
(False, 3.8539609909057617, 3.8221933841705322, 147.2490234375)
[INFO] - NEWGROUND-GRINGO needed 3.8539609909057617 seconds!

>>>> Now solving: instance_0018.lp

(False, 69.5093207359314, 28.464515686035156, 469761.3037109375)
[INFO] - GRINGO needed 69.5093207359314 seconds!
(False, 1.7940630912780762, 1.3465635776519775, 11866.3154296875)
[INFO] - IDLV needed 1.7940630912780762 seconds!
(False, 6.09183406829834, 6.049354791641235, 191.9033203125)
[INFO] - NEWGROUND-IDLV needed 6.09183406829834 seconds!
(False, 5.416228532791138, 5.377923488616943, 188.310546875)
[INFO] - NEWGROUND-GRINGO needed 5.416228532791138 seconds!

>>>> Now solving: instance_0020.lp

(False, 127.19109535217285, 49.30276656150818, 833553.056640625)
[INFO] - GRINGO needed 127.19109535217285 seconds!
(False, 2.917874574661255, 2.193040132522583, 18607.876953125)
[INFO] - IDLV needed 2.917874574661255 seconds!
(False, 7.884682655334473, 7.830459356307983, 231.9169921875)
[INFO] - NEWGROUND-IDLV needed 7.884682655334473 seconds!
(False, 7.8487396240234375, 7.795963525772095, 230.8330078125)
[INFO] - NEWGROUND-GRINGO needed 7.8487396240234375 seconds!

>>>> Now solving: instance_0030.lp

(True, 1800, 662.2912859916687, 11637338.97265625)
[INFO] - GRINGO timed out (1800)!
(False, 24.648476600646973, 18.020188570022583, 173454.533203125)
[INFO] - IDLV needed 24.648476600646973 seconds!
(False, 24.40867519378662, 24.264556646347046, 556.86328125)
[INFO] - NEWGROUND-IDLV needed 24.40867519378662 seconds!
(False, 24.96267867088318, 24.70470118522644, 534.8818359375)
[INFO] - NEWGROUND-GRINGO needed 24.96267867088318 seconds!

>>>> Now solving: instance_0040.lp

Ran out of input
(True, 1800, 1800, 9223372036854775807)
[INFO] - GRINGO timed out (1800)!
(False, 146.9500904083252, 106.9749071598053, 1130256.912109375)
[INFO] - IDLV needed 146.9500904083252 seconds!
(False, 56.36440300941467, 55.982842445373535, 1070.3603515625)
[INFO] - NEWGROUND-IDLV needed 56.36440300941467 seconds!
(False, 56.110567569732666, 55.34999704360962, 974.33203125)
[INFO] - NEWGROUND-GRINGO needed 56.110567569732666 seconds!

>>>> Now solving: instance_0050.lp

Ran out of input
(True, 1800, 1800, 9223372036854775807)
[INFO] - GRINGO timed out (1800)!
(False, 470.12587904930115, 334.98174500465393, 3668344.1142578125)
[INFO] - IDLV needed 470.12587904930115 seconds!
(False, 101.15415382385254, 99.86801791191101, 1745.4755859375)
[INFO] - NEWGROUND-IDLV needed 101.15415382385254 seconds!
(False, 109.14738130569458, 108.70798850059509, 1608.61328125)
[INFO] - NEWGROUND-GRINGO needed 109.14738130569458 seconds!

>>>> Now solving: instance_0060.lp

Ran out of input
(True, 1800, 1800, 9223372036854775807)
[INFO] - GRINGO timed out (1800)!
(False, 1184.7262735366821, 838.4315919876099, 10015425.490234375)
[INFO] - IDLV needed 1184.7262735366821 seconds!
(False, 157.6442165374756, 156.0610692501068, 2552.2578125)
[INFO] - NEWGROUND-IDLV needed 157.6442165374756 seconds!
(False, 165.52805423736572, 162.19660019874573, 2368.8447265625)
[INFO] - NEWGROUND-GRINGO needed 165.52805423736572 seconds!

>>>> Now solving: instance_0070.lp

(True, 1800, 1800, 18312384.0)
[INFO] - GRINGO timed out (1800)!
(True, 1800, 1800, 21920521.8046875)
[INFO] - IDLV timed out (1800)!
(False, 288.4169659614563, 285.8374845981598, 3350.3125)
[INFO] - NEWGROUND-IDLV needed 288.4169659614563 seconds!
(False, 292.0984375476837, 290.8069713115692, 3256.1435546875)
[INFO] - NEWGROUND-GRINGO needed 292.0984375476837 seconds!

>>>> Now solving: instance_0080.lp

(True, 1800, 1800, 1782160.0)
[INFO] - GRINGO timed out (1800)!
(True, 1800, 1800, 21827860.0)
[INFO] - IDLV timed out (1800)!
(False, 379.8175456523895, 378.33892822265625, 4571.564453125)
[INFO] - NEWGROUND-IDLV needed 379.8175456523895 seconds!
(False, 374.04954981803894, 371.55458903312683, 4281.330078125)
[INFO] - NEWGROUND-GRINGO needed 374.04954981803894 seconds!

>>>> Now solving: instance_0090.lp

(True, 1800, 1800, 272.0)
[INFO] - GRINGO timed out (1800)!
(True, 1800, 1800, 20384228.0)
[INFO] - IDLV timed out (1800)!
(False, 555.1117129325867, 552.6331269741058, 5807.90625)
[INFO] - NEWGROUND-IDLV needed 555.1117129325867 seconds!
(False, 612.9361321926117, 568.2774612903595, 5464.0693359375)
[INFO] - NEWGROUND-GRINGO needed 612.9361321926117 seconds!

>>>> Now solving: instance_0100.lp

(True, 1800, 1800, 340.0)
[INFO] - GRINGO timed out (1800)!
(True, 1800, 1800, 21386120.0)
[INFO] - IDLV timed out (1800)!
(False, 780.5677268505096, 777.797919511795, 7193.193359375)
[INFO] - NEWGROUND-IDLV needed 780.5677268505096 seconds!
(False, 826.6607315540314, 823.1085970401764, 6763.55859375)
[INFO] - NEWGROUND-GRINGO needed 826.6607315540314 seconds!

>>>> Now solving: instance_0110.lp

(True, 1800, 1800, 428.0)
[INFO] - GRINGO timed out (1800)!
(True, 1800, 1800, 20858828.0)
[INFO] - IDLV timed out (1800)!
(False, 1076.3747735023499, 1071.6372256278992, 9257.546875)
[INFO] - NEWGROUND-IDLV needed 1076.3747735023499 seconds!
(False, 1085.4693958759308, 1080.9556467533112, 8255.8125)
[INFO] - NEWGROUND-GRINGO needed 1085.4693958759308 seconds!

>>>> Now solving: instance_0120.lp

(True, 1800, 1800, 512.0)
[INFO] - GRINGO timed out (1800)!
(True, 1800, 1800, 21597636.0)
[INFO] - IDLV timed out (1800)!
(False, 1293.5592443943024, 1289.9719462394714, 10755.8369140625)
[INFO] - NEWGROUND-IDLV needed 1293.5592443943024 seconds!
(False, 1390.2643933296204, 1382.3839061260223, 9839.822265625)
[INFO] - NEWGROUND-GRINGO needed 1390.2643933296204 seconds!

>>>> Now solving: instance_0130.lp

(True, 1800, 1800, 604.0)
[INFO] - GRINGO timed out (1800)!
(True, 1800, 1800, 22100416.0)
[INFO] - IDLV timed out (1800)!
(False, 1499.9095997810364, 1495.5379977226257, 13206.4462890625)
[INFO] - NEWGROUND-IDLV needed 1499.9095997810364 seconds!
(False, 1648.4604709148407, 1641.3398461341858, 11593.68359375)
[INFO] - NEWGROUND-GRINGO needed 1648.4604709148407 seconds!

>>>> Now solving: instance_0140.lp

(True, 1800, 1800, 704.0)
[INFO] - GRINGO timed out (1800)!
Ran out of input
(True, 1800, 1800, 9223372036854775807)
[INFO] - IDLV timed out (1800)!
(True, 1800, 1800, 10627.4775390625)
[INFO] - NEWGROUND-IDLV timed out (1800)!
(True, 1800, 1800, 10611.15234375)
[INFO] - NEWGROUND-GRINGO timed out (1800)!

