
>>>> Now solving: instance_0010.lp

(False, 0.07982993125915527, 0.04308652877807617, 404.6083984375)
[INFO] - GRINGO needed 0.07982993125915527 seconds!
(False, 0.011133670806884766, 0.0037887096405029297, 30.1748046875)
[INFO] - IDLV needed 0.011133670806884766 seconds!
(False, 1.2626500129699707, 1.2461159229278564, 48.072265625)
[INFO] - NEWGROUND-IDLV needed 1.2626500129699707 seconds!
(False, 1.2618513107299805, 1.252511739730835, 47.078125)
[INFO] - NEWGROUND-GRINGO needed 1.2618513107299805 seconds!

>>>> Now solving: instance_0012.lp

(False, 0.6781923770904541, 0.3281707763671875, 4464.451171875)
[INFO] - GRINGO needed 0.6781923770904541 seconds!
(False, 0.045899152755737305, 0.029957056045532227, 208.2236328125)
[INFO] - IDLV needed 0.045899152755737305 seconds!
(False, 1.7916293144226074, 1.7731359004974365, 74.1494140625)
[INFO] - NEWGROUND-IDLV needed 1.7916293144226074 seconds!
(False, 1.8076057434082031, 1.7871348857879639, 69.8798828125)
[INFO] - NEWGROUND-GRINGO needed 1.8076057434082031 seconds!

>>>> Now solving: instance_0014.lp

(False, 2.9181809425354004, 1.2501680850982666, 21392.8173828125)
[INFO] - GRINGO needed 2.9181809425354004 seconds!
(False, 0.1190195083618164, 0.08533287048339844, 742.5361328125)
[INFO] - IDLV needed 0.1190195083618164 seconds!
(False, 2.5093588829040527, 2.4834048748016357, 106.3583984375)
[INFO] - NEWGROUND-IDLV needed 2.5093588829040527 seconds!
(False, 2.5448386669158936, 2.52066969871521, 100.880859375)
[INFO] - NEWGROUND-GRINGO needed 2.5448386669158936 seconds!

>>>> Now solving: instance_0016.lp

(False, 6.664052248001099, 2.816195249557495, 49294.6767578125)
[INFO] - GRINGO needed 6.664052248001099 seconds!
(False, 0.2219529151916504, 0.159104585647583, 1493.125)
[INFO] - IDLV needed 0.2219529151916504 seconds!
(False, 3.49902081489563, 3.4683074951171875, 139.55859375)
[INFO] - NEWGROUND-IDLV needed 3.49902081489563 seconds!
(False, 3.477815628051758, 3.449345588684082, 132.6533203125)
[INFO] - NEWGROUND-GRINGO needed 3.477815628051758 seconds!

>>>> Now solving: instance_0018.lp

(False, 21.71049690246582, 8.59803295135498, 154530.1640625)
[INFO] - GRINGO needed 21.71049690246582 seconds!
(False, 0.604215145111084, 0.44968509674072266, 3977.37890625)
[INFO] - IDLV needed 0.604215145111084 seconds!
(False, 5.033207893371582, 5.001981735229492, 177.7275390625)
[INFO] - NEWGROUND-IDLV needed 5.033207893371582 seconds!
(False, 4.9172303676605225, 4.881702899932861, 174.291015625)
[INFO] - NEWGROUND-GRINGO needed 4.9172303676605225 seconds!

>>>> Now solving: instance_0020.lp

(False, 70.12708139419556, 27.326744318008423, 465486.607421875)
[INFO] - GRINGO needed 70.12708139419556 seconds!
(False, 1.6728429794311523, 1.2555015087127686, 10589.529296875)
[INFO] - IDLV needed 1.6728429794311523 seconds!
(False, 7.663825273513794, 7.610856771469116, 223.5751953125)
[INFO] - NEWGROUND-IDLV needed 7.663825273513794 seconds!
(False, 7.428222179412842, 7.378283262252808, 220.6474609375)
[INFO] - NEWGROUND-GRINGO needed 7.428222179412842 seconds!

>>>> Now solving: instance_0030.lp

(False, 835.6280384063721, 311.6376373767853, 5404300.1611328125)
[INFO] - GRINGO needed 835.6280384063721 seconds!
(False, 11.560754537582397, 8.453873872756958, 80647.3310546875)
[INFO] - IDLV needed 11.560754537582397 seconds!
(False, 24.949153661727905, 24.78731107711792, 531.4716796875)
[INFO] - NEWGROUND-IDLV needed 24.949153661727905 seconds!
(False, 24.72859477996826, 24.58932852745056, 504.7265625)
[INFO] - NEWGROUND-GRINGO needed 24.72859477996826 seconds!

>>>> Now solving: instance_0040.lp

(True, 1800, 1800, 32501684.49609375)
[INFO] - GRINGO timed out (1800)!
(False, 43.4326057434082, 31.361891746520996, 365993.6357421875)
[INFO] - IDLV needed 43.4326057434082 seconds!
(False, 47.26574397087097, 46.97908067703247, 1005.107421875)
[INFO] - NEWGROUND-IDLV needed 47.26574397087097 seconds!
(False, 54.86778020858765, 54.3957679271698, 898.126953125)
[INFO] - NEWGROUND-GRINGO needed 54.86778020858765 seconds!

>>>> Now solving: instance_0050.lp

Ran out of input
(True, 1800, 1800, 9223372036854775807)
[INFO] - GRINGO timed out (1800)!
(False, 129.87068390846252, 94.21472644805908, 1141423.193359375)
[INFO] - IDLV needed 129.87068390846252 seconds!
(False, 90.10313272476196, 89.14987444877625, 1630.896484375)
[INFO] - NEWGROUND-IDLV needed 90.10313272476196 seconds!
(False, 90.08900427818298, 89.64955186843872, 1475.3466796875)
[INFO] - NEWGROUND-GRINGO needed 90.08900427818298 seconds!

>>>> Now solving: instance_0060.lp

Ran out of input
(True, 1800, 1800, 9223372036854775807)
[INFO] - GRINGO timed out (1800)!
(False, 435.86094403266907, 315.2345094680786, 3387791.8359375)
[INFO] - IDLV needed 435.86094403266907 seconds!
(False, 171.7705910205841, 170.5990993976593, 2385.7197265625)
[INFO] - NEWGROUND-IDLV needed 171.7705910205841 seconds!
(False, 178.58439826965332, 177.75941371917725, 2178.572265625)
[INFO] - NEWGROUND-GRINGO needed 178.58439826965332 seconds!

>>>> Now solving: instance_0070.lp

Ran out of input
(True, 1800, 1800, 9223372036854775807)
[INFO] - GRINGO timed out (1800)!
(False, 841.9568145275116, 588.4099051952362, 6804054.3056640625)
[INFO] - IDLV needed 841.9568145275116 seconds!
(False, 258.2508387565613, 256.5754613876343, 3132.498046875)
[INFO] - NEWGROUND-IDLV needed 258.2508387565613 seconds!
(False, 299.5608494281769, 292.00961685180664, 2984.68359375)
[INFO] - NEWGROUND-GRINGO needed 299.5608494281769 seconds!

>>>> Now solving: instance_0080.lp

Ran out of input
(True, 1800, 1800, 9223372036854775807)
[INFO] - GRINGO timed out (1800)!
(True, 1800, 1348.7581963539124, 14586002.87109375)
[INFO] - IDLV timed out (1800)!
(False, 383.32399320602417, 381.0636775493622, 4279.4599609375)
[INFO] - NEWGROUND-IDLV needed 383.32399320602417 seconds!
(False, 427.50187373161316, 425.22996163368225, 3943.6220703125)
[INFO] - NEWGROUND-GRINGO needed 427.50187373161316 seconds!

>>>> Now solving: instance_0090.lp

(True, 1800, 1800, 14736432.0)
[INFO] - GRINGO timed out (1800)!
(True, 1800, 1800, 19725116.0)
[INFO] - IDLV timed out (1800)!
(False, 606.8652503490448, 604.4983522891998, 5428.2060546875)
[INFO] - NEWGROUND-IDLV needed 606.8652503490448 seconds!
(False, 560.6787219047546, 559.0343406200409, 5009.7626953125)
[INFO] - NEWGROUND-GRINGO needed 560.6787219047546 seconds!

>>>> Now solving: instance_0100.lp

(True, 1800, 1800, 244.0)
[INFO] - GRINGO timed out (1800)!
(True, 1800, 1800, 21214172.0)
[INFO] - IDLV timed out (1800)!
(False, 796.0897221565247, 793.9167847633362, 6751.51171875)
[INFO] - NEWGROUND-IDLV needed 796.0897221565247 seconds!
(False, 733.9718778133392, 730.5587992668152, 6250.85546875)
[INFO] - NEWGROUND-GRINGO needed 733.9718778133392 seconds!

>>>> Now solving: instance_0110.lp

(True, 1800, 1800, 300.0)
[INFO] - GRINGO timed out (1800)!
(True, 1800, 1800, 20816576.0)
[INFO] - IDLV timed out (1800)!
(False, 986.0891115665436, 983.281964302063, 8650.6044921875)
[INFO] - NEWGROUND-IDLV needed 986.0891115665436 seconds!
(False, 956.813488483429, 950.2543063163757, 7594.23828125)
[INFO] - NEWGROUND-GRINGO needed 956.813488483429 seconds!

>>>> Now solving: instance_0120.lp

(True, 1800, 1800, 360.0)
[INFO] - GRINGO timed out (1800)!
(True, 1800, 1800, 20405140.0)
[INFO] - IDLV timed out (1800)!
(False, 1366.1660995483398, 1361.8573994636536, 10255.3955078125)
[INFO] - NEWGROUND-IDLV needed 1366.1660995483398 seconds!
(False, 1275.4214930534363, 1257.6086857318878, 9083.1015625)
[INFO] - NEWGROUND-GRINGO needed 1275.4214930534363 seconds!

>>>> Now solving: instance_0130.lp

(True, 1800, 1800, 424.0)
[INFO] - GRINGO timed out (1800)!
(True, 1800, 1800, 22018504.0)
[INFO] - IDLV timed out (1800)!
(False, 1789.8347322940826, 1784.1825778484344, 12250.01171875)
[INFO] - NEWGROUND-IDLV needed 1789.8347322940826 seconds!
(False, 1601.4450821876526, 1595.8887526988983, 10636.8681640625)
[INFO] - NEWGROUND-GRINGO needed 1601.4450821876526 seconds!

>>>> Now solving: instance_0140.lp

(True, 1800, 1800, 492.0)
[INFO] - GRINGO timed out (1800)!
Ran out of input
(True, 1800, 1800, 9223372036854775807)
[INFO] - IDLV timed out (1800)!
(True, 1800, 1800, 9466.7294921875)
