
>>>> Now solving: instance_0010.lp

(False, 0.06027388572692871, 0.03975105285644531, 230.111328125)
[INFO] - GRINGO needed 0.06027388572692871 seconds!
(False, 0.022560834884643555, 0.016508102416992188, 48.4794921875)
[INFO] - IDLV needed 0.022560834884643555 seconds!
(False, 2.262887716293335, 2.248185396194458, 80.4619140625)
[INFO] - NEWGROUND-IDLV needed 2.262887716293335 seconds!
(False, 2.2692930698394775, 2.2487552165985107, 76.802734375)
[INFO] - NEWGROUND-GRINGO needed 2.2692930698394775 seconds!

>>>> Now solving: instance_0012.lp

(False, 6.309123277664185, 2.841702938079834, 45998.5078125)
[INFO] - GRINGO needed 6.309123277664185 seconds!
(False, 0.44489383697509766, 0.36337757110595703, 2609.9248046875)
[INFO] - IDLV needed 0.44489383697509766 seconds!
(False, 3.461142063140869, 3.432394027709961, 125.2138671875)
[INFO] - NEWGROUND-IDLV needed 3.461142063140869 seconds!
(False, 3.5099380016326904, 3.4827017784118652, 117.43359375)
[INFO] - NEWGROUND-GRINGO needed 3.5099380016326904 seconds!

>>>> Now solving: instance_0014.lp

(False, 78.35606741905212, 34.36577773094177, 565410.9013671875)
[INFO] - GRINGO needed 78.35606741905212 seconds!
(False, 2.87939190864563, 2.330984354019165, 20471.4267578125)
[INFO] - IDLV needed 2.87939190864563 seconds!
(False, 5.512016534805298, 5.475011348724365, 172.5986328125)
[INFO] - NEWGROUND-IDLV needed 5.512016534805298 seconds!
(False, 5.556385040283203, 5.5207297801971436, 166.2197265625)
[INFO] - NEWGROUND-GRINGO needed 5.556385040283203 seconds!

>>>> Now solving: instance_0016.lp

(False, 311.8153975009918, 124.30093455314636, 2105718.1884765625)
[INFO] - GRINGO needed 311.8153975009918 seconds!
(False, 9.602314949035645, 7.655311346054077, 65880.3203125)
[INFO] - IDLV needed 9.602314949035645 seconds!
(False, 9.252142667770386, 9.205560445785522, 230.0732421875)
[INFO] - NEWGROUND-IDLV needed 9.252142667770386 seconds!
(False, 9.391523122787476, 9.345507860183716, 219.2109375)
[INFO] - NEWGROUND-GRINGO needed 9.391523122787476 seconds!

>>>> Now solving: instance_0018.lp

(True, 1800, 640.2493343353271, 10765338.38671875)
[INFO] - GRINGO timed out (1800)!
(False, 37.110987186431885, 29.48915934562683, 291385.34765625)
[INFO] - IDLV needed 37.110987186431885 seconds!
(False, 11.491739988327026, 11.432424306869507, 298.0126953125)
[INFO] - NEWGROUND-IDLV needed 11.491739988327026 seconds!
(False, 11.43528127670288, 11.38184118270874, 285.3427734375)
[INFO] - NEWGROUND-GRINGO needed 11.43528127670288 seconds!

>>>> Now solving: instance_0020.lp

Ran out of input
(True, 1800, 1800, 9223372036854775807)
[INFO] - GRINGO timed out (1800)!
(False, 165.02977180480957, 130.15194272994995, 1321273.099609375)
[INFO] - IDLV needed 165.02977180480957 seconds!
(False, 15.468807458877563, 15.397659540176392, 367.6259765625)
[INFO] - NEWGROUND-IDLV needed 15.468807458877563 seconds!
(False, 15.628827095031738, 15.558858156204224, 359.0927734375)
[INFO] - NEWGROUND-GRINGO needed 15.628827095031738 seconds!

>>>> Now solving: instance_0030.lp

(True, 1800, 1800, 14725228.0)
[INFO] - GRINGO timed out (1800)!
(True, 1800, 1800, 18318912.0)
[INFO] - IDLV timed out (1800)!
(False, 57.489126443862915, 57.2348096370697, 882.978515625)
[INFO] - NEWGROUND-IDLV needed 57.489126443862915 seconds!
(False, 50.935160398483276, 50.72243642807007, 822.98046875)
[INFO] - NEWGROUND-GRINGO needed 50.935160398483276 seconds!

>>>> Now solving: instance_0040.lp

(True, 1800, 1800, 32.0)
[INFO] - GRINGO timed out (1800)!
(True, 1800, 1800, 18127912.0)
[INFO] - IDLV timed out (1800)!
(False, 133.90476512908936, 133.3001844882965, 1664.1796875)
[INFO] - NEWGROUND-IDLV needed 133.90476512908936 seconds!
(False, 133.3992817401886, 132.91927552223206, 1522.50390625)
[INFO] - NEWGROUND-GRINGO needed 133.3992817401886 seconds!

>>>> Now solving: instance_0050.lp

(True, 1800, 1800, 56.0)
[INFO] - GRINGO timed out (1800)!
(True, 1800, 1800, 20813680.0)
[INFO] - IDLV timed out (1800)!
(False, 257.77321314811707, 256.78911876678467, 2650.234375)
[INFO] - NEWGROUND-IDLV needed 257.77321314811707 seconds!
(False, 252.44089317321777, 250.6892580986023, 2447.5341796875)
[INFO] - NEWGROUND-GRINGO needed 252.44089317321777 seconds!

>>>> Now solving: instance_0060.lp

(True, 1800, 1800, 84.0)
[INFO] - GRINGO timed out (1800)!
(True, 1800, 1800, 20524544.0)
[INFO] - IDLV timed out (1800)!
(False, 382.0203585624695, 380.70500111579895, 3865.6513671875)
[INFO] - NEWGROUND-IDLV needed 382.0203585624695 seconds!
(False, 379.8253870010376, 374.92492055892944, 3596.095703125)
[INFO] - NEWGROUND-GRINGO needed 379.8253870010376 seconds!

>>>> Now solving: instance_0070.lp

(True, 1800, 1800, 112.0)
[INFO] - GRINGO timed out (1800)!
(True, 1800, 1800, 21980744.0)
[INFO] - IDLV timed out (1800)!
(False, 607.2716805934906, 603.8254644870758, 5198.826171875)
[INFO] - NEWGROUND-IDLV needed 607.2716805934906 seconds!
(False, 671.2819375991821, 668.332546710968, 4924.0693359375)
[INFO] - NEWGROUND-GRINGO needed 671.2819375991821 seconds!

>>>> Now solving: instance_0080.lp

(True, 1800, 1800, 152.0)
[INFO] - GRINGO timed out (1800)!
(True, 1800, 1800, 21092972.0)
[INFO] - IDLV timed out (1800)!
(False, 908.595287322998, 902.0726375579834, 6835.1806640625)
[INFO] - NEWGROUND-IDLV needed 908.595287322998 seconds!
(False, 1016.7128365039825, 1013.6240034103394, 6489.3701171875)
[INFO] - NEWGROUND-GRINGO needed 1016.7128365039825 seconds!

>>>> Now solving: instance_0090.lp

(True, 1800, 1800, 192.0)
[INFO] - GRINGO timed out (1800)!
(True, 1800, 1800, 20547196.0)
[INFO] - IDLV timed out (1800)!
(False, 1307.5802385807037, 1297.5027949810028, 9247.5654296875)
[INFO] - NEWGROUND-IDLV needed 1307.5802385807037 seconds!
(False, 1444.952908039093, 1439.8116772174835, 8241.1865234375)
[INFO] - NEWGROUND-GRINGO needed 1444.952908039093 seconds!

>>>> Now solving: instance_0100.lp

(True, 1800, 1800, 244.0)
[INFO] - GRINGO timed out (1800)!
Ran out of input
(True, 1800, 1800, 9223372036854775807)
[INFO] - IDLV timed out (1800)!
(True, 1800, 1800, 10506.33984375)
[INFO] - NEWGROUND-IDLV timed out (1800)!
(True, 1800, 1800, 10953.3525390625)
[INFO] - NEWGROUND-GRINGO timed out (1800)!

>>>> Now solving: instance_0110.lp

(True, 1800, 1800, 300.0)
[INFO] - GRINGO timed out (1800)!
Ran out of input
(True, 1800, 1800, 9223372036854775807)
[INFO] - IDLV timed out (1800)!
(True, 1800, 1800, 11342.8095703125)
[INFO] - NEWGROUND-IDLV timed out (1800)!
(True, 1800, 1800, 11355.65625)
[INFO] - NEWGROUND-GRINGO timed out (1800)!

>>>> Now solving: instance_0120.lp

(True, 1800, 1800, 360.0)
[INFO] - GRINGO timed out (1800)!
Ran out of input
(True, 1800, 1800, 9223372036854775807)
[INFO] - IDLV timed out (1800)!
(True, 1800, 1800, 11002.7021484375)
[INFO] - NEWGROUND-IDLV timed out (1800)!
(True, 1800, 1800, 10410.6513671875)
[INFO] - NEWGROUND-GRINGO timed out (1800)!

>>>> Now solving: instance_0130.lp

(True, 1800, 1800, 424.0)
[INFO] - GRINGO timed out (1800)!
Ran out of input
(True, 1800, 1800, 9223372036854775807)
[INFO] - IDLV timed out (1800)!
(True, 1800, 1800, 10800.8486328125)
[INFO] - NEWGROUND-IDLV timed out (1800)!
(True, 1800, 1800, 10767.080078125)
[INFO] - NEWGROUND-GRINGO timed out (1800)!

>>>> Now solving: instance_0140.lp

(True, 1800, 1800, 492.0)
[INFO] - GRINGO timed out (1800)!
Ran out of input
(True, 1800, 1800, 9223372036854775807)
[INFO] - IDLV timed out (1800)!
(True, 1800, 1800, 11181.5771484375)
[INFO] - NEWGROUND-IDLV timed out (1800)!
(True, 1800, 1800, 11261.49609375)
[INFO] - NEWGROUND-GRINGO timed out (1800)!

>>>> Now solving: instance_0150.lp

(True, 1800, 1800, 580.0)
[INFO] - GRINGO timed out (1800)!
(True, 1800, 1800, 20832512.0)
[INFO] - IDLV timed out (1800)!
(True, 1800, 1800, 12013.5830078125)
[INFO] - NEWGROUND-IDLV timed out (1800)!
(True, 1800, 1800, 12598.0048828125)
[INFO] - NEWGROUND-GRINGO timed out (1800)!

>>>> Now solving: instance_0180.lp

(True, 1800, 1800, 836.0)
[INFO] - GRINGO timed out (1800)!
Ran out of input
(True, 1800, 1800, 9223372036854775807)
[INFO] - IDLV timed out (1800)!
(True, 1800, 1800, 14986.8271484375)
[INFO] - NEWGROUND-IDLV timed out (1800)!
(True, 1800, 1800, 15449.689453125)
