
>>>> Now solving: instance_0010.lp

(False, 0.04537844657897949, 0.026762723922729492, 144.703125)
[INFO] - GRINGO needed 0.04537844657897949 seconds!
(False, 0.010060787200927734, 0.005797386169433594, 16.4248046875)
[INFO] - IDLV needed 0.010060787200927734 seconds!
(False, 1.189453125, 1.174943447113037, 48.17578125)
[INFO] - NEWGROUND-IDLV needed 1.189453125 seconds!
(False, 1.197768211364746, 1.1836159229278564, 45.49609375)
[INFO] - NEWGROUND-GRINGO needed 1.197768211364746 seconds!

>>>> Now solving: instance_0012.lp

(False, 0.020532608032226562, 0.01649188995361328, 17.072265625)
[INFO] - GRINGO needed 0.020532608032226562 seconds!
(False, 0.00978994369506836, 0.0037326812744140625, 9.087890625)
[INFO] - IDLV needed 0.00978994369506836 seconds!
(False, 1.7116084098815918, 1.692683458328247, 66.796875)
[INFO] - NEWGROUND-IDLV needed 1.7116084098815918 seconds!
(False, 1.7384324073791504, 1.7213001251220703, 61.171875)
[INFO] - NEWGROUND-GRINGO needed 1.7384324073791504 seconds!

>>>> Now solving: instance_0014.lp

(False, 0.13745331764221191, 0.07252717018127441, 854.392578125)
[INFO] - GRINGO needed 0.13745331764221191 seconds!
(False, 0.01953411102294922, 0.013325214385986328, 62.0244140625)
[INFO] - IDLV needed 0.01953411102294922 seconds!
(False, 2.4615135192871094, 2.4372951984405518, 95.0166015625)
[INFO] - NEWGROUND-IDLV needed 2.4615135192871094 seconds!
(False, 2.449948787689209, 2.427607774734497, 87.033203125)
[INFO] - NEWGROUND-GRINGO needed 2.449948787689209 seconds!

>>>> Now solving: instance_0016.lp

(False, 0.45307135581970215, 0.21346092224121094, 3146.6884765625)
[INFO] - GRINGO needed 0.45307135581970215 seconds!
(False, 0.03420400619506836, 0.02184772491455078, 135.03515625)
[INFO] - IDLV needed 0.03420400619506836 seconds!
(False, 3.5041234493255615, 3.474202871322632, 129.6298828125)
[INFO] - NEWGROUND-IDLV needed 3.5041234493255615 seconds!
(False, 3.4000046253204346, 3.372455358505249, 119.91015625)
[INFO] - NEWGROUND-GRINGO needed 3.4000046253204346 seconds!

>>>> Now solving: instance_0018.lp

(False, 1.3713741302490234, 0.6030178070068359, 9762.8662109375)
[INFO] - GRINGO needed 1.3713741302490234 seconds!
(False, 0.05888652801513672, 0.03938174247741699, 312.796875)
[INFO] - IDLV needed 0.05888652801513672 seconds!
(False, 4.53252100944519, 4.495401382446289, 162.3916015625)
[INFO] - NEWGROUND-IDLV needed 4.53252100944519 seconds!
(False, 4.576175212860107, 4.544812917709351, 154.23828125)
[INFO] - NEWGROUND-GRINGO needed 4.576175212860107 seconds!

>>>> Now solving: instance_0020.lp

(False, 3.3926162719726562, 1.4243378639221191, 25480.7421875)
[INFO] - GRINGO needed 3.3926162719726562 seconds!
(False, 0.10645532608032227, 0.0746910572052002, 637.837890625)
[INFO] - IDLV needed 0.10645532608032227 seconds!
(False, 5.991744041442871, 5.948648691177368, 201.576171875)
[INFO] - NEWGROUND-IDLV needed 5.991744041442871 seconds!
(False, 6.316265344619751, 6.274431467056274, 192.3271484375)
[INFO] - NEWGROUND-GRINGO needed 6.316265344619751 seconds!

>>>> Now solving: instance_0030.lp

(False, 60.158596992492676, 24.39491033554077, 405020.884765625)
[INFO] - GRINGO needed 60.158596992492676 seconds!
(False, 0.9461698532104492, 0.7028243541717529, 6186.08203125)
[INFO] - IDLV needed 0.9461698532104492 seconds!
(False, 23.472535848617554, 23.357929229736328, 475.2529296875)
[INFO] - NEWGROUND-IDLV needed 23.472535848617554 seconds!
(False, 23.376060485839844, 23.270490884780884, 444.6025390625)
[INFO] - NEWGROUND-GRINGO needed 23.376060485839844 seconds!

>>>> Now solving: instance_0040.lp

(False, 579.2515807151794, 219.06754398345947, 3865567.3505859375)
[INFO] - GRINGO needed 579.2515807151794 seconds!
(False, 6.516716718673706, 4.842126846313477, 43436.0869140625)
[INFO] - IDLV needed 6.516716718673706 seconds!
(False, 54.548182249069214, 54.27266240119934, 924.7998046875)
[INFO] - NEWGROUND-IDLV needed 54.548182249069214 seconds!
(False, 52.06516766548157, 51.86149859428406, 806.04296875)
[INFO] - NEWGROUND-GRINGO needed 52.06516766548157 seconds!

>>>> Now solving: instance_0050.lp

(True, 1800, 781.6114182472229, 13680425.453125)
[INFO] - GRINGO timed out (1800)!
(False, 16.951563835144043, 12.347595691680908, 123852.4912109375)
[INFO] - IDLV needed 16.951563835144043 seconds!
(False, 102.3660728931427, 101.83588242530823, 1481.94921875)
[INFO] - NEWGROUND-IDLV needed 102.3660728931427 seconds!
(False, 104.60039329528809, 104.1173369884491, 1312.560546875)
[INFO] - NEWGROUND-GRINGO needed 104.60039329528809 seconds!

>>>> Now solving: instance_0060.lp

Ran out of input
(True, 1800, 1800, 9223372036854775807)
[INFO] - GRINGO timed out (1800)!
(False, 47.634464740753174, 34.58108401298523, 369176.9755859375)
[INFO] - IDLV needed 47.634464740753174 seconds!
(False, 174.97578191757202, 174.10918283462524, 2180.2958984375)
[INFO] - NEWGROUND-IDLV needed 174.97578191757202 seconds!
(False, 180.5896556377411, 179.8678913116455, 1942.326171875)
[INFO] - NEWGROUND-GRINGO needed 180.5896556377411 seconds!

>>>> Now solving: instance_0070.lp

Ran out of input
(True, 1800, 1800, 9223372036854775807)
[INFO] - GRINGO timed out (1800)!
(False, 96.3971438407898, 70.13718223571777, 745302.1171875)
[INFO] - IDLV needed 96.3971438407898 seconds!
(False, 247.8553249835968, 245.27398324012756, 2930.8447265625)
[INFO] - NEWGROUND-IDLV needed 247.8553249835968 seconds!
(False, 286.4786081314087, 285.25003957748413, 2659.5146484375)
[INFO] - NEWGROUND-GRINGO needed 286.4786081314087 seconds!

>>>> Now solving: instance_0080.lp

Ran out of input
(True, 1800, 1800, 9223372036854775807)
[INFO] - GRINGO timed out (1800)!
(False, 216.09558296203613, 157.3477029800415, 1667854.849609375)
[INFO] - IDLV needed 216.09558296203613 seconds!
(False, 398.4009187221527, 396.87183690071106, 3916.8359375)
[INFO] - NEWGROUND-IDLV needed 398.4009187221527 seconds!
(False, 392.1569981575012, 390.55340814590454, 3523.4619140625)
[INFO] - NEWGROUND-GRINGO needed 392.1569981575012 seconds!

>>>> Now solving: instance_0090.lp

Ran out of input
(True, 1800, 1800, 9223372036854775807)
[INFO] - GRINGO timed out (1800)!
(False, 373.6193878650665, 266.36455368995667, 2837062.369140625)
[INFO] - IDLV needed 373.6193878650665 seconds!
(False, 598.9175601005554, 596.8236157894135, 4951.7744140625)
[INFO] - NEWGROUND-IDLV needed 598.9175601005554 seconds!
(False, 514.126392364502, 512.0598182678223, 4462.5732421875)
[INFO] - NEWGROUND-GRINGO needed 514.126392364502 seconds!

>>>> Now solving: instance_0100.lp

Ran out of input
(True, 1800, 1800, 9223372036854775807)
[INFO] - GRINGO timed out (1800)!
(False, 624.5445280075073, 454.8066568374634, 4860156.2470703125)
[INFO] - IDLV needed 624.5445280075073 seconds!
(False, 747.9577748775482, 744.7268278598785, 6054.568359375)
[INFO] - NEWGROUND-IDLV needed 747.9577748775482 seconds!
(False, 803.686606168747, 799.5588569641113, 5531.8896484375)
[INFO] - NEWGROUND-GRINGO needed 803.686606168747 seconds!

>>>> Now solving: instance_0110.lp

Ran out of input
(True, 1800, 1800, 9223372036854775807)
[INFO] - GRINGO timed out (1800)!
(False, 1063.6740596294403, 752.7926647663116, 8054448.9306640625)
[INFO] - IDLV needed 1063.6740596294403 seconds!
(False, 901.6495897769928, 897.9655561447144, 7826.2197265625)
[INFO] - NEWGROUND-IDLV needed 901.6495897769928 seconds!
(False, 1001.1380500793457, 982.777745962143, 6716.9921875)
[INFO] - NEWGROUND-GRINGO needed 1001.1380500793457 seconds!

>>>> Now solving: instance_0120.lp

Ran out of input
(True, 1800, 1800, 9223372036854775807)
[INFO] - GRINGO timed out (1800)!
(False, 1576.9710240364075, 1109.182865858078, 12270211.590820312)
[INFO] - IDLV needed 1576.9710240364075 seconds!
(False, 1163.2638447284698, 1158.1961431503296, 9004.3212890625)
[INFO] - NEWGROUND-IDLV needed 1163.2638447284698 seconds!
(False, 1351.1012556552887, 1348.0058364868164, 8013.7021484375)
[INFO] - NEWGROUND-GRINGO needed 1351.1012556552887 seconds!

>>>> Now solving: instance_0130.lp

(True, 1800, 1800, 21910744.0)
[INFO] - GRINGO timed out (1800)!
(True, 1800, 1800, 19217456.0)
[INFO] - IDLV timed out (1800)!
(False, 1765.5622820854187, 1755.2333924770355, 11138.771484375)
