
>>>> Now solving: instance_0010.lp

(False, 0.020575761795043945, 0.01783609390258789, 6.7529296875)
[INFO] - GRINGO needed 0.020575761795043945 seconds!
(False, 0.010116815567016602, 0.0078046321868896484, 6.3369140625)
[INFO] - IDLV needed 0.010116815567016602 seconds!
(False, 2.2442009449005127, 2.22190523147583, 79.1787109375)
[INFO] - NEWGROUND-IDLV needed 2.2442009449005127 seconds!
(False, 2.2339346408843994, 2.213947057723999, 75.29296875)
[INFO] - NEWGROUND-GRINGO needed 2.2339346408843994 seconds!

>>>> Now solving: instance_0012.lp

(False, 0.017625093460083008, 0.014292240142822266, 6.3779296875)
[INFO] - GRINGO needed 0.017625093460083008 seconds!
(False, 0.008911371231079102, 0.005585908889770508, 6.31640625)
[INFO] - IDLV needed 0.008911371231079102 seconds!
(False, 3.4651038646698, 3.4384000301361084, 116.171875)
[INFO] - NEWGROUND-IDLV needed 3.4651038646698 seconds!
(False, 3.515069007873535, 3.4885518550872803, 106.2392578125)
[INFO] - NEWGROUND-GRINGO needed 3.515069007873535 seconds!

>>>> Now solving: instance_0014.lp

(False, 0.3484776020050049, 0.19013357162475586, 2349.5087890625)
[INFO] - GRINGO needed 0.3484776020050049 seconds!
(False, 0.07834553718566895, 0.05945301055908203, 320.8681640625)
[INFO] - IDLV needed 0.07834553718566895 seconds!
(False, 5.168872356414795, 5.128268241882324, 159.107421875)
[INFO] - NEWGROUND-IDLV needed 5.168872356414795 seconds!
(False, 5.181636571884155, 5.148940801620483, 152.919921875)
[INFO] - NEWGROUND-GRINGO needed 5.181636571884155 seconds!

>>>> Now solving: instance_0016.lp

(False, 1.553389310836792, 0.7529432773590088, 11312.71484375)
[INFO] - GRINGO needed 1.553389310836792 seconds!
(False, 0.18595075607299805, 0.14867091178894043, 1020.89453125)
[INFO] - IDLV needed 0.18595075607299805 seconds!
(False, 7.877119541168213, 7.831640243530273, 217.998046875)
[INFO] - NEWGROUND-IDLV needed 7.877119541168213 seconds!
(False, 7.941235065460205, 7.899560451507568, 205.013671875)
[INFO] - NEWGROUND-GRINGO needed 7.941235065460205 seconds!

>>>> Now solving: instance_0018.lp

(False, 17.45947527885437, 7.368639945983887, 129860.1689453125)
[INFO] - GRINGO needed 17.45947527885437 seconds!
(False, 0.896817684173584, 0.7239482402801514, 5981.0732421875)
[INFO] - IDLV needed 0.896817684173584 seconds!
(False, 10.739761114120483, 10.683925151824951, 279.0068359375)
[INFO] - NEWGROUND-IDLV needed 10.739761114120483 seconds!
(False, 10.632142066955566, 10.581353902816772, 262.9833984375)
[INFO] - NEWGROUND-GRINGO needed 10.632142066955566 seconds!

>>>> Now solving: instance_0020.lp

(False, 52.59924125671387, 21.513204336166382, 402445.4873046875)
[INFO] - GRINGO needed 52.59924125671387 seconds!
(False, 2.547246217727661, 2.0674028396606445, 16083.0107421875)
[INFO] - IDLV needed 2.547246217727661 seconds!
(False, 17.724269151687622, 17.64296817779541, 336.5244140625)
[INFO] - NEWGROUND-IDLV needed 17.724269151687622 seconds!
(False, 17.61888074874878, 17.5460307598114, 327.4970703125)
[INFO] - NEWGROUND-GRINGO needed 17.61888074874878 seconds!

>>>> Now solving: instance_0030.lp

(True, 1800, 1800, 27162452.845703125)
[INFO] - GRINGO timed out (1800)!
(False, 61.930797815322876, 48.76348257064819, 433410.10546875)
[INFO] - IDLV needed 61.930797815322876 seconds!
(False, 54.74767065048218, 54.579007625579834, 817.7265625)
[INFO] - NEWGROUND-IDLV needed 54.74767065048218 seconds!
(False, 54.71341800689697, 54.56148552894592, 755.3310546875)
[INFO] - NEWGROUND-GRINGO needed 54.71341800689697 seconds!

>>>> Now solving: instance_0040.lp

Ran out of input
(True, 1800, 1800, 9223372036854775807)
[INFO] - GRINGO timed out (1800)!
(False, 1204.7486009597778, 936.5828557014465, 8859147.493164062)
[INFO] - IDLV needed 1204.7486009597778 seconds!
(False, 113.78601741790771, 113.4131600856781, 1568.791015625)
[INFO] - NEWGROUND-IDLV needed 113.78601741790771 seconds!
(False, 113.2256555557251, 112.91503429412842, 1410.7822265625)
[INFO] - NEWGROUND-GRINGO needed 113.2256555557251 seconds!

>>>> Now solving: instance_0050.lp

(True, 1800, 1800, 7540896.0)
[INFO] - GRINGO timed out (1800)!
(True, 1800, 1800, 18405856.0)
[INFO] - IDLV timed out (1800)!
(False, 250.2195348739624, 249.57826209068298, 2482.0)
[INFO] - NEWGROUND-IDLV needed 250.2195348739624 seconds!
(False, 243.18118834495544, 242.43133640289307, 2267.515625)
[INFO] - NEWGROUND-GRINGO needed 243.18118834495544 seconds!

>>>> Now solving: instance_0060.lp

(True, 1800, 1800, 44.0)
[INFO] - GRINGO timed out (1800)!
(True, 1800, 1800, 18407164.0)
[INFO] - IDLV timed out (1800)!
(False, 426.4306924343109, 425.0963222980499, 3636.8330078125)
[INFO] - NEWGROUND-IDLV needed 426.4306924343109 seconds!
(False, 416.8822100162506, 415.39403533935547, 3332.6455078125)
[INFO] - NEWGROUND-GRINGO needed 416.8822100162506 seconds!

>>>> Now solving: instance_0070.lp

(True, 1800, 1800, 60.0)
[INFO] - GRINGO timed out (1800)!
(True, 1800, 1800, 20347768.0)
[INFO] - IDLV timed out (1800)!
(False, 622.135087966919, 619.6785800457001, 4826.611328125)
[INFO] - NEWGROUND-IDLV needed 622.135087966919 seconds!
(False, 606.1319916248322, 604.4630656242371, 4562.9638671875)
[INFO] - NEWGROUND-GRINGO needed 606.1319916248322 seconds!

>>>> Now solving: instance_0080.lp

(True, 1800, 1800, 84.0)
[INFO] - GRINGO timed out (1800)!
(True, 1800, 1800, 20753616.0)
[INFO] - IDLV timed out (1800)!
(False, 971.5323941707611, 969.0392761230469, 6459.8232421875)
[INFO] - NEWGROUND-IDLV needed 971.5323941707611 seconds!
(False, 876.1771228313446, 873.0888350009918, 6021.8330078125)
[INFO] - NEWGROUND-GRINGO needed 876.1771228313446 seconds!

>>>> Now solving: instance_0090.lp

(True, 1800, 1800, 100.0)
[INFO] - GRINGO timed out (1800)!
(True, 1800, 1800, 19853668.0)
[INFO] - IDLV timed out (1800)!
(False, 1342.48366355896, 1338.8178534507751, 8645.48828125)
[INFO] - NEWGROUND-IDLV needed 1342.48366355896 seconds!
(False, 1429.108469247818, 1424.6303925514221, 7632.7734375)
[INFO] - NEWGROUND-GRINGO needed 1429.108469247818 seconds!

>>>> Now solving: instance_0100.lp

(True, 1800, 1800, 128.0)
[INFO] - GRINGO timed out (1800)!
(True, 1800, 1800, 20819876.0)
[INFO] - IDLV timed out (1800)!
(True, 1800, 1800, 10627.2568359375)
[INFO] - NEWGROUND-IDLV timed out (1800)!
(False, 1774.0683267116547, 1765.9705438613892, 9455.2783203125)
[INFO] - NEWGROUND-GRINGO needed 1774.0683267116547 seconds!

>>>> Now solving: instance_0110.lp

(True, 1800, 1800, 156.0)
[INFO] - GRINGO timed out (1800)!
(True, 1800, 1800, 20791980.0)
[INFO] - IDLV timed out (1800)!
(True, 1800, 1800, 10759.4765625)
[INFO] - NEWGROUND-IDLV timed out (1800)!
(True, 1800, 1800, 11476.97265625)
[INFO] - NEWGROUND-GRINGO timed out (1800)!

>>>> Now solving: instance_0120.lp

(True, 1800, 1800, 184.0)
[INFO] - GRINGO timed out (1800)!
(True, 1800, 1800, 20963608.0)
[INFO] - IDLV timed out (1800)!
(True, 1800, 1800, 11271.9091796875)
[INFO] - NEWGROUND-IDLV timed out (1800)!
(True, 1800, 1800, 11143.46484375)
[INFO] - NEWGROUND-GRINGO timed out (1800)!

>>>> Now solving: instance_0130.lp

(True, 1800, 1800, 220.0)
[INFO] - GRINGO timed out (1800)!
(True, 1800, 1800, 21539060.0)
[INFO] - IDLV timed out (1800)!
(True, 1800, 1800, 11102.7412109375)
[INFO] - NEWGROUND-IDLV timed out (1800)!
(True, 1800, 1800, 12100.7197265625)
[INFO] - NEWGROUND-GRINGO timed out (1800)!

>>>> Now solving: instance_0140.lp

(True, 1800, 1800, 260.0)
[INFO] - GRINGO timed out (1800)!
Ran out of input
(True, 1800, 1800, 9223372036854775807)
[INFO] - IDLV timed out (1800)!
(True, 1800, 1800, 11291.9951171875)
[INFO] - NEWGROUND-IDLV timed out (1800)!
(True, 1800, 1800, 12088.146484375)
[INFO] - NEWGROUND-GRINGO timed out (1800)!

>>>> Now solving: instance_0150.lp

(True, 1800, 1800, 296.0)
[INFO] - GRINGO timed out (1800)!
Ran out of input
(True, 1800, 1800, 9223372036854775807)
[INFO] - IDLV timed out (1800)!
(True, 1800, 1800, 12442.3173828125)
[INFO] - NEWGROUND-IDLV timed out (1800)!
(True, 1800, 1800, 12934.5009765625)
[INFO] - NEWGROUND-GRINGO timed out (1800)!

>>>> Now solving: instance_0180.lp

(True, 1800, 1800, 444.0)
[INFO] - GRINGO timed out (1800)!
Ran out of input
(True, 1800, 1800, 9223372036854775807)
