
>>>> Now solving: instance_0010.lp

(False, 1.0220646858215332, 0.45095348358154297, 6336.3564453125)
[INFO] - GRINGO needed 1.0220646858215332 seconds!
(False, 0.06653237342834473, 0.04708385467529297, 324.1962890625)
[INFO] - IDLV needed 0.06653237342834473 seconds!
(False, 1.6315438747406006, 1.6161844730377197, 54.88671875)
[INFO] - NEWGROUND-IDLV needed 1.6315438747406006 seconds!
(False, 1.639643669128418, 1.6283767223358154, 54.234375)
[INFO] - NEWGROUND-GRINGO needed 1.639643669128418 seconds!

>>>> Now solving: instance_0012.lp

(False, 5.306068658828735, 2.241231918334961, 34052.4033203125)
[INFO] - GRINGO needed 5.306068658828735 seconds!
(False, 0.22082734107971191, 0.1670541763305664, 1377.06640625)
[INFO] - IDLV needed 0.22082734107971191 seconds!
(False, 2.371086597442627, 2.350254535675049, 83.1455078125)
[INFO] - NEWGROUND-IDLV needed 2.371086597442627 seconds!
(False, 2.507498264312744, 2.491513252258301, 80.5595703125)
[INFO] - NEWGROUND-GRINGO needed 2.507498264312744 seconds!

>>>> Now solving: instance_0014.lp

(False, 18.32442879676819, 7.645124912261963, 117003.75390625)
[INFO] - GRINGO needed 18.32442879676819 seconds!
(False, 0.6273190975189209, 0.4748234748840332, 3893.0498046875)
[INFO] - IDLV needed 0.6273190975189209 seconds!
(False, 3.4787230491638184, 3.4454543590545654, 115.84765625)
[INFO] - NEWGROUND-IDLV needed 3.4787230491638184 seconds!
(False, 3.4692978858947754, 3.4469211101531982, 115.5751953125)
[INFO] - NEWGROUND-GRINGO needed 3.4692978858947754 seconds!

>>>> Now solving: instance_0016.lp

(False, 50.760993003845215, 20.46491575241089, 334671.9501953125)
[INFO] - GRINGO needed 50.760993003845215 seconds!
(False, 1.4804999828338623, 1.1130387783050537, 9541.3349609375)
[INFO] - IDLV needed 1.4804999828338623 seconds!
(False, 4.728376150131226, 4.696355581283569, 153.986328125)
[INFO] - NEWGROUND-IDLV needed 4.728376150131226 seconds!
(False, 4.909409761428833, 4.874918222427368, 155.1826171875)
[INFO] - NEWGROUND-GRINGO needed 4.909409761428833 seconds!

>>>> Now solving: instance_0018.lp

(False, 106.74938654899597, 42.61897087097168, 693200.642578125)
[INFO] - GRINGO needed 106.74938654899597 seconds!
(False, 2.7231156826019287, 2.026923179626465, 17325.0205078125)
[INFO] - IDLV needed 2.7231156826019287 seconds!
(False, 6.262559175491333, 6.213679075241089, 199.259765625)
[INFO] - NEWGROUND-IDLV needed 6.262559175491333 seconds!
(False, 6.368359804153442, 6.318074464797974, 197.232421875)
[INFO] - NEWGROUND-GRINGO needed 6.368359804153442 seconds!

>>>> Now solving: instance_0020.lp

(False, 264.2361435890198, 102.18379712104797, 1684587.9541015625)
[INFO] - GRINGO needed 264.2361435890198 seconds!
(False, 5.6851890087127686, 4.295525312423706, 36853.9541015625)
[INFO] - IDLV needed 5.6851890087127686 seconds!
(False, 8.31868052482605, 8.25003433227539, 248.8935546875)
[INFO] - NEWGROUND-IDLV needed 8.31868052482605 seconds!
(False, 8.333461284637451, 8.27260136604309, 248.244140625)
[INFO] - NEWGROUND-GRINGO needed 8.333461284637451 seconds!

>>>> Now solving: instance_0030.lp

(True, 1800, 1800, 26513567.213867188)
[INFO] - GRINGO timed out (1800)!
(False, 52.13767218589783, 38.09168791770935, 401942.4345703125)
[INFO] - IDLV needed 52.13767218589783 seconds!
(False, 21.718453407287598, 21.581106424331665, 593.6787109375)
[INFO] - NEWGROUND-IDLV needed 21.718453407287598 seconds!
(False, 22.55354952812195, 21.750959157943726, 577.140625)
[INFO] - NEWGROUND-GRINGO needed 22.55354952812195 seconds!

>>>> Now solving: instance_0040.lp

Ran out of input
(True, 1800, 1800, 9223372036854775807)
[INFO] - GRINGO timed out (1800)!
(False, 266.99734377861023, 192.26439094543457, 2090389.8701171875)
[INFO] - IDLV needed 266.99734377861023 seconds!
(False, 57.46676802635193, 56.88777041435242, 1111.46875)
[INFO] - NEWGROUND-IDLV needed 57.46676802635193 seconds!
(False, 57.74296259880066, 57.35247755050659, 1040.13671875)
[INFO] - NEWGROUND-GRINGO needed 57.74296259880066 seconds!

>>>> Now solving: instance_0050.lp

Ran out of input
(True, 1800, 1800, 9223372036854775807)
[INFO] - GRINGO timed out (1800)!
(False, 907.8007307052612, 653.28777384758, 6959789.06640625)
[INFO] - IDLV needed 907.8007307052612 seconds!
(False, 96.31176400184631, 93.6228563785553, 1842.0810546875)
[INFO] - NEWGROUND-IDLV needed 96.31176400184631 seconds!
(False, 95.89527249336243, 95.5383825302124, 1722.0439453125)
[INFO] - NEWGROUND-GRINGO needed 95.89527249336243 seconds!

>>>> Now solving: instance_0060.lp

Ran out of input
(True, 1800, 1800, 9223372036854775807)
[INFO] - GRINGO timed out (1800)!
(True, 1800, 1800, 18079289.389648438)
[INFO] - IDLV timed out (1800)!
(False, 159.70541143417358, 158.9014310836792, 2685.9345703125)
[INFO] - NEWGROUND-IDLV needed 159.70541143417358 seconds!
(False, 160.31910181045532, 159.69242072105408, 2526.7626953125)
[INFO] - NEWGROUND-GRINGO needed 160.31910181045532 seconds!

>>>> Now solving: instance_0070.lp

(True, 1800, 1800, 4088416.0)
[INFO] - GRINGO timed out (1800)!
(True, 1800, 1800, 20162548.0)
[INFO] - IDLV timed out (1800)!
(False, 289.55745697021484, 287.85567355155945, 3611.02734375)
[INFO] - NEWGROUND-IDLV needed 289.55745697021484 seconds!
(False, 292.8288998603821, 290.5838770866394, 3475.544921875)
[INFO] - NEWGROUND-GRINGO needed 292.8288998603821 seconds!

>>>> Now solving: instance_0080.lp

(True, 1800, 1800, 288.0)
[INFO] - GRINGO timed out (1800)!
(True, 1800, 1800, 21834616.0)
[INFO] - IDLV timed out (1800)!
(False, 369.7046573162079, 368.3575668334961, 4822.1181640625)
[INFO] - NEWGROUND-IDLV needed 369.7046573162079 seconds!
(False, 373.5474169254303, 370.7901976108551, 4591.6796875)
[INFO] - NEWGROUND-GRINGO needed 373.5474169254303 seconds!

>>>> Now solving: instance_0090.lp

(True, 1800, 1800, 376.0)
[INFO] - GRINGO timed out (1800)!
Ran out of input
(True, 1800, 1800, 9223372036854775807)
[INFO] - IDLV timed out (1800)!
(False, 534.4635763168335, 531.2789702415466, 6125.5068359375)
[INFO] - NEWGROUND-IDLV needed 534.4635763168335 seconds!
(False, 523.4540379047394, 520.4714212417603, 5856.1787109375)
[INFO] - NEWGROUND-GRINGO needed 523.4540379047394 seconds!

>>>> Now solving: instance_0100.lp

(True, 1800, 1800, 468.0)
[INFO] - GRINGO timed out (1800)!
(True, 1800, 1800, 21508992.0)
[INFO] - IDLV timed out (1800)!
(False, 808.6797106266022, 805.5344533920288, 7749.0625)
[INFO] - NEWGROUND-IDLV needed 808.6797106266022 seconds!
(False, 849.5530214309692, 839.9465823173523, 7266.2109375)
[INFO] - NEWGROUND-GRINGO needed 849.5530214309692 seconds!

>>>> Now solving: instance_0110.lp

(True, 1800, 1800, 576.0)
[INFO] - GRINGO timed out (1800)!
Ran out of input
(True, 1800, 1800, 9223372036854775807)
[INFO] - IDLV timed out (1800)!
(False, 952.6145827770233, 948.7099797725677, 9849.5107421875)
[INFO] - NEWGROUND-IDLV needed 952.6145827770233 seconds!
(False, 960.8382959365845, 958.0356464385986, 8843.73828125)
[INFO] - NEWGROUND-GRINGO needed 960.8382959365845 seconds!

>>>> Now solving: instance_0120.lp

(True, 1800, 1800, 692.0)
[INFO] - GRINGO timed out (1800)!
Ran out of input
(True, 1800, 1800, 9223372036854775807)
[INFO] - IDLV timed out (1800)!
(False, 1246.6935770511627, 1242.0772860050201, 11360.05859375)
[INFO] - NEWGROUND-IDLV needed 1246.6935770511627 seconds!
(False, 1242.40895485878, 1235.8323731422424, 10538.759765625)
[INFO] - NEWGROUND-GRINGO needed 1242.40895485878 seconds!

>>>> Now solving: instance_0130.lp

(True, 1800, 1800, 812.0)
[INFO] - GRINGO timed out (1800)!
Ran out of input
(True, 1800, 1800, 9223372036854775807)
[INFO] - IDLV timed out (1800)!
(False, 1474.7366874217987, 1470.9966943264008, 13951.1318359375)
[INFO] - NEWGROUND-IDLV needed 1474.7366874217987 seconds!
(False, 1459.0573770999908, 1449.4070572853088, 12622.5830078125)
[INFO] - NEWGROUND-GRINGO needed 1459.0573770999908 seconds!

>>>> Now solving: instance_0140.lp

(True, 1800, 1800, 944.0)
[INFO] - GRINGO timed out (1800)!
Ran out of input
(True, 1800, 1800, 9223372036854775807)
[INFO] - IDLV timed out (1800)!
(True, 1800, 1800, 10226.6884765625)
[INFO] - NEWGROUND-IDLV timed out (1800)!
(True, 1800, 1800, 10562.216796875)
