
>>>> Now solving: instance_0010.lp

(False, 0.33447265625, 0.15982437133789062, 2189.6875)
[INFO] - GRINGO needed 0.33447265625 seconds!
(False, 0.028738737106323242, 0.017563343048095703, 113.107421875)
[INFO] - IDLV needed 0.028738737106323242 seconds!
(False, 1.2397027015686035, 1.2213866710662842, 51.201171875)
[INFO] - NEWGROUND-IDLV needed 1.2397027015686035 seconds!
(False, 1.2553813457489014, 1.241215705871582, 50.16796875)
[INFO] - NEWGROUND-GRINGO needed 1.2553813457489014 seconds!

>>>> Now solving: instance_0012.lp

(False, 2.06776762008667, 0.9371294975280762, 15160.7001953125)
[INFO] - GRINGO needed 2.06776762008667 seconds!
(False, 0.10014176368713379, 0.06963872909545898, 623.158203125)
[INFO] - IDLV needed 0.10014176368713379 seconds!
(False, 1.8285634517669678, 1.8060569763183594, 78.85546875)
[INFO] - NEWGROUND-IDLV needed 1.8285634517669678 seconds!
(False, 1.9258434772491455, 1.9060523509979248, 75.365234375)
[INFO] - NEWGROUND-GRINGO needed 1.9258434772491455 seconds!

>>>> Now solving: instance_0014.lp

(False, 3.023041009902954, 1.2748537063598633, 22687.3916015625)
[INFO] - GRINGO needed 3.023041009902954 seconds!
(False, 0.12361264228820801, 0.09053421020507812, 796.50390625)
[INFO] - IDLV needed 0.12361264228820801 seconds!
(False, 2.639116048812866, 2.612863063812256, 106.9501953125)
[INFO] - NEWGROUND-IDLV needed 2.639116048812866 seconds!
(False, 2.640108346939087, 2.615169048309326, 101.63671875)
[INFO] - NEWGROUND-GRINGO needed 2.640108346939087 seconds!

>>>> Now solving: instance_0016.lp

(False, 13.716161966323853, 5.659712314605713, 102383.017578125)
[INFO] - GRINGO needed 13.716161966323853 seconds!
(False, 0.4130105972290039, 0.3088412284851074, 2998.6875)
[INFO] - IDLV needed 0.4130105972290039 seconds!
(False, 3.538177967071533, 3.506312847137451, 141.6474609375)
[INFO] - NEWGROUND-IDLV needed 3.538177967071533 seconds!
(False, 3.5254883766174316, 3.4953577518463135, 139.1142578125)
[INFO] - NEWGROUND-GRINGO needed 3.5254883766174316 seconds!

>>>> Now solving: instance_0018.lp

(False, 36.51314949989319, 15.123799324035645, 251664.556640625)
[INFO] - GRINGO needed 36.51314949989319 seconds!
(False, 0.9894323348999023, 0.7424848079681396, 6408.931640625)
[INFO] - IDLV needed 0.9894323348999023 seconds!
(False, 5.8105974197387695, 5.767167091369629, 182.2158203125)
[INFO] - NEWGROUND-IDLV needed 5.8105974197387695 seconds!
(False, 5.551010847091675, 5.5141119956970215, 180.09765625)
[INFO] - NEWGROUND-GRINGO needed 5.551010847091675 seconds!

>>>> Now solving: instance_0020.lp

(False, 86.6312849521637, 35.12774157524109, 567889.2255859375)
[INFO] - GRINGO needed 86.6312849521637 seconds!
(False, 1.9592347145080566, 1.4634461402893066, 12894.916015625)
[INFO] - IDLV needed 1.9592347145080566 seconds!
(False, 7.883715629577637, 7.825530052185059, 231.4091796875)
[INFO] - NEWGROUND-IDLV needed 7.883715629577637 seconds!
(False, 6.869049072265625, 6.817550897598267, 224.767578125)
[INFO] - NEWGROUND-GRINGO needed 6.869049072265625 seconds!

>>>> Now solving: instance_0030.lp

(True, 1800, 554.0098302364349, 9740994.913085938)
[INFO] - GRINGO timed out (1800)!
(False, 20.456584215164185, 14.911816120147705, 144334.55078125)
[INFO] - IDLV needed 20.456584215164185 seconds!
(False, 24.340089559555054, 24.200810194015503, 547.1044921875)
[INFO] - NEWGROUND-IDLV needed 24.340089559555054 seconds!
(False, 24.814489364624023, 24.665678024291992, 523.59765625)
[INFO] - NEWGROUND-GRINGO needed 24.814489364624023 seconds!

>>>> Now solving: instance_0040.lp

Ran out of input
(True, 1800, 1800, 9223372036854775807)
[INFO] - GRINGO timed out (1800)!
(False, 83.13082933425903, 58.91962814331055, 644232.435546875)
[INFO] - IDLV needed 83.13082933425903 seconds!
(False, 54.23601007461548, 53.925354957580566, 1035.349609375)
[INFO] - NEWGROUND-IDLV needed 54.23601007461548 seconds!
(False, 54.893213510513306, 54.51909875869751, 934.369140625)
[INFO] - NEWGROUND-GRINGO needed 54.893213510513306 seconds!

>>>> Now solving: instance_0050.lp

Ran out of input
(True, 1800, 1800, 9223372036854775807)
[INFO] - GRINGO timed out (1800)!
(False, 270.5218482017517, 194.26882886886597, 2190756.013671875)
[INFO] - IDLV needed 270.5218482017517 seconds!
(False, 108.90627074241638, 106.33023405075073, 1687.8173828125)
[INFO] - NEWGROUND-IDLV needed 108.90627074241638 seconds!
(False, 101.08595705032349, 100.61224460601807, 1541.0966796875)
[INFO] - NEWGROUND-GRINGO needed 101.08595705032349 seconds!

>>>> Now solving: instance_0060.lp

Ran out of input
(True, 1800, 1800, 9223372036854775807)
[INFO] - GRINGO timed out (1800)!
(False, 768.2685153484344, 545.630957365036, 5939890.4521484375)
[INFO] - IDLV needed 768.2685153484344 seconds!
(False, 157.54124784469604, 156.72399997711182, 2467.8271484375)
[INFO] - NEWGROUND-IDLV needed 157.54124784469604 seconds!
(False, 159.85467767715454, 159.33765625953674, 2271.818359375)
[INFO] - NEWGROUND-GRINGO needed 159.85467767715454 seconds!

>>>> Now solving: instance_0070.lp

Ran out of input
(True, 1800, 1800, 9223372036854775807)
[INFO] - GRINGO timed out (1800)!
(True, 1800, 1320.4242589473724, 14332542.30078125)
[INFO] - IDLV timed out (1800)!
(False, 246.1423318386078, 244.38181400299072, 3257.8525390625)
[INFO] - NEWGROUND-IDLV needed 246.1423318386078 seconds!
(False, 256.5407965183258, 254.97355365753174, 3140.8056640625)
[INFO] - NEWGROUND-GRINGO needed 256.5407965183258 seconds!

>>>> Now solving: instance_0080.lp

(True, 1800, 1800, 15000608.0)
[INFO] - GRINGO timed out (1800)!
(True, 1800, 1800, 19739960.0)
[INFO] - IDLV timed out (1800)!
(False, 430.8692457675934, 427.5648293495178, 4440.638671875)
[INFO] - NEWGROUND-IDLV needed 430.8692457675934 seconds!
(False, 427.1055374145508, 425.1528539657593, 4131.154296875)
[INFO] - NEWGROUND-GRINGO needed 427.1055374145508 seconds!

>>>> Now solving: instance_0090.lp

(True, 1800, 1800, 236.0)
[INFO] - GRINGO timed out (1800)!
(True, 1800, 1800, 20432928.0)
[INFO] - IDLV timed out (1800)!
(False, 598.8619592189789, 596.0569858551025, 5650.6357421875)
[INFO] - NEWGROUND-IDLV needed 598.8619592189789 seconds!
(False, 538.6718144416809, 535.9731550216675, 5273.318359375)
[INFO] - NEWGROUND-GRINGO needed 538.6718144416809 seconds!

>>>> Now solving: instance_0100.lp

(True, 1800, 1800, 292.0)
[INFO] - GRINGO timed out (1800)!
(True, 1800, 1800, 22087336.0)
[INFO] - IDLV timed out (1800)!
(False, 724.2883205413818, 720.0029530525208, 6986.462890625)
[INFO] - NEWGROUND-IDLV needed 724.2883205413818 seconds!
(False, 821.1327304840088, 818.8970634937286, 6524.013671875)
[INFO] - NEWGROUND-GRINGO needed 821.1327304840088 seconds!

>>>> Now solving: instance_0110.lp

(True, 1800, 1800, 360.0)
[INFO] - GRINGO timed out (1800)!
(True, 1800, 1800, 22016060.0)
[INFO] - IDLV timed out (1800)!
(False, 951.1235237121582, 945.3975703716278, 8955.8212890625)
[INFO] - NEWGROUND-IDLV needed 951.1235237121582 seconds!
(False, 1109.8065347671509, 1103.5532550811768, 7925.9599609375)
[INFO] - NEWGROUND-GRINGO needed 1109.8065347671509 seconds!

>>>> Now solving: instance_0120.lp

(True, 1800, 1800, 436.0)
[INFO] - GRINGO timed out (1800)!
(True, 1800, 1800, 21293164.0)
[INFO] - IDLV timed out (1800)!
(False, 1302.1999962329865, 1297.9016695022583, 10607.26953125)
[INFO] - NEWGROUND-IDLV needed 1302.1999962329865 seconds!
(False, 1413.1434330940247, 1404.527114868164, 9481.787109375)
[INFO] - NEWGROUND-GRINGO needed 1413.1434330940247 seconds!

>>>> Now solving: instance_0130.lp

(True, 1800, 1800, 516.0)
[INFO] - GRINGO timed out (1800)!
Ran out of input
(True, 1800, 1800, 9223372036854775807)
[INFO] - IDLV timed out (1800)!
(False, 1672.3125874996185, 1634.522174358368, 12715.310546875)
[INFO] - NEWGROUND-IDLV needed 1672.3125874996185 seconds!
(False, 1655.1885919570923, 1649.2024111747742, 11145.5361328125)
[INFO] - NEWGROUND-GRINGO needed 1655.1885919570923 seconds!

>>>> Now solving: instance_0140.lp

(True, 1800, 1800, 608.0)
[INFO] - GRINGO timed out (1800)!
Ran out of input
(True, 1800, 1800, 9223372036854775807)
[INFO] - IDLV timed out (1800)!
(True, 1800, 1800, 9712.7734375)
[INFO] - NEWGROUND-IDLV timed out (1800)!
