
>>>> Now solving: instance_0010.lp

(False, 0.016035079956054688, 0.014313459396362305, 3.3369140625)
[INFO] - GRINGO needed 0.016035079956054688 seconds!
(False, 0.008072137832641602, 0.002256155014038086, 3.1689453125)
[INFO] - IDLV needed 0.008072137832641602 seconds!
(False, 0.8411393165588379, 0.8285231590270996, 28.08203125)
[INFO] - NEWGROUND-IDLV needed 0.8411393165588379 seconds!
(False, 0.8392622470855713, 0.8282365798950195, 27.599609375)
[INFO] - NEWGROUND-GRINGO needed 0.8392622470855713 seconds!

>>>> Now solving: instance_0012.lp

(False, 0.018522977828979492, 0.015350580215454102, 4.5341796875)
[INFO] - GRINGO needed 0.018522977828979492 seconds!
(False, 0.009019136428833008, 0.0026493072509765625, 4.9140625)
[INFO] - IDLV needed 0.009019136428833008 seconds!
(False, 1.689042091369629, 1.6692168712615967, 64.9140625)
[INFO] - NEWGROUND-IDLV needed 1.689042091369629 seconds!
(False, 1.7113869190216064, 1.6915247440338135, 58.65234375)
[INFO] - NEWGROUND-GRINGO needed 1.7113869190216064 seconds!

>>>> Now solving: instance_0014.lp

(False, 0.026955842971801758, 0.019850969314575195, 81.330078125)
[INFO] - GRINGO needed 0.026955842971801758 seconds!
(False, 0.010493040084838867, 0.005858421325683594, 16.8154296875)
[INFO] - IDLV needed 0.010493040084838867 seconds!
(False, 2.136448383331299, 2.1155314445495605, 79.7177734375)
[INFO] - NEWGROUND-IDLV needed 2.136448383331299 seconds!
(False, 2.1365256309509277, 2.1162166595458984, 72.2861328125)
[INFO] - NEWGROUND-GRINGO needed 2.1365256309509277 seconds!

>>>> Now solving: instance_0016.lp

(False, 0.302107572555542, 0.1476883888244629, 2031.0322265625)
[INFO] - GRINGO needed 0.302107572555542 seconds!
(False, 0.025105953216552734, 0.01620197296142578, 99.5341796875)
[INFO] - IDLV needed 0.025105953216552734 seconds!
(False, 3.373436450958252, 3.343546152114868, 124.45703125)
[INFO] - NEWGROUND-IDLV needed 3.373436450958252 seconds!
(False, 3.404773235321045, 3.3761181831359863, 116.6875)
[INFO] - NEWGROUND-GRINGO needed 3.404773235321045 seconds!

>>>> Now solving: instance_0018.lp

(False, 0.33214592933654785, 0.1571822166442871, 2228.8203125)
[INFO] - GRINGO needed 0.33214592933654785 seconds!
(False, 0.025474071502685547, 0.015865087509155273, 104.9638671875)
[INFO] - IDLV needed 0.025474071502685547 seconds!
(False, 3.9363515377044678, 3.903036117553711, 145.306640625)
[INFO] - NEWGROUND-IDLV needed 3.9363515377044678 seconds!
(False, 3.9313457012176514, 3.900153398513794, 132.1416015625)
[INFO] - NEWGROUND-GRINGO needed 3.9313457012176514 seconds!

>>>> Now solving: instance_0020.lp

(False, 0.14620471000671387, 0.07623648643493652, 922.39453125)
[INFO] - GRINGO needed 0.14620471000671387 seconds!
(False, 0.01876997947692871, 0.01202249526977539, 61.580078125)
[INFO] - IDLV needed 0.01876997947692871 seconds!
(False, 5.9815990924835205, 5.938226699829102, 191.9814453125)
[INFO] - NEWGROUND-IDLV needed 5.9815990924835205 seconds!
(False, 6.025731563568115, 5.985415458679199, 179.4130859375)
[INFO] - NEWGROUND-GRINGO needed 6.025731563568115 seconds!

>>>> Now solving: instance_0030.lp

(False, 5.082934141159058, 2.0579090118408203, 36310.7333984375)
[INFO] - GRINGO needed 5.082934141159058 seconds!
(False, 0.1315014362335205, 0.09455347061157227, 735.5966796875)
[INFO] - IDLV needed 0.1315014362335205 seconds!
(False, 21.827091217041016, 21.725261211395264, 451.2998046875)
[INFO] - NEWGROUND-IDLV needed 21.827091217041016 seconds!
(False, 23.1746985912323, 23.08749747276306, 413.66015625)
[INFO] - NEWGROUND-GRINGO needed 23.1746985912323 seconds!

>>>> Now solving: instance_0040.lp

(False, 29.317936897277832, 12.102732181549072, 199563.6923828125)
[INFO] - GRINGO needed 29.317936897277832 seconds!
(False, 0.4031064510345459, 0.29995203018188477, 2476.919921875)
[INFO] - IDLV needed 0.4031064510345459 seconds!
(False, 52.67016792297363, 52.46422815322876, 864.9873046875)
[INFO] - NEWGROUND-IDLV needed 52.67016792297363 seconds!
(False, 48.71133041381836, 48.53123593330383, 738.5009765625)
[INFO] - NEWGROUND-GRINGO needed 48.71133041381836 seconds!

>>>> Now solving: instance_0050.lp

(False, 183.36620998382568, 71.65975904464722, 1212741.7294921875)
[INFO] - GRINGO needed 183.36620998382568 seconds!
(False, 1.7267942428588867, 1.307664394378662, 10805.2626953125)
[INFO] - IDLV needed 1.7267942428588867 seconds!
(False, 101.76736211776733, 101.42456603050232, 1400.3623046875)
[INFO] - NEWGROUND-IDLV needed 101.76736211776733 seconds!
(False, 104.24246454238892, 103.91215634346008, 1217.4931640625)
[INFO] - NEWGROUND-GRINGO needed 104.24246454238892 seconds!

>>>> Now solving: instance_0060.lp

(False, 660.1367809772491, 244.13176345825195, 4516650.234375)
[INFO] - GRINGO needed 660.1367809772491 seconds!
(False, 4.950414657592773, 3.665403366088867, 34567.0068359375)
[INFO] - IDLV needed 4.950414657592773 seconds!
(False, 180.51018404960632, 179.91081762313843, 2037.1474609375)
[INFO] - NEWGROUND-IDLV needed 180.51018404960632 seconds!
(False, 181.8820457458496, 181.24244856834412, 1794.24609375)
[INFO] - NEWGROUND-GRINGO needed 181.8820457458496 seconds!

>>>> Now solving: instance_0070.lp

(False, 1201.3480250835419, 445.89065289497375, 7984584.2490234375)
[INFO] - GRINGO needed 1201.3480250835419 seconds!
(False, 7.388242483139038, 5.4272332191467285, 52672.041015625)
[INFO] - IDLV needed 7.388242483139038 seconds!
(False, 279.6556167602539, 278.6017572879791, 2778.353515625)
[INFO] - NEWGROUND-IDLV needed 279.6556167602539 seconds!
(False, 283.4549367427826, 281.16500759124756, 2459.6455078125)
[INFO] - NEWGROUND-GRINGO needed 283.4549367427826 seconds!

>>>> Now solving: instance_0080.lp

(True, 1800, 1800, 19341430.264648438)
[INFO] - GRINGO timed out (1800)!
(False, 13.222167253494263, 9.634286880493164, 110673.4580078125)
[INFO] - IDLV needed 13.222167253494263 seconds!
(False, 365.1861262321472, 363.84558391571045, 3677.904296875)
[INFO] - NEWGROUND-IDLV needed 365.1861262321472 seconds!
(False, 368.60739254951477, 367.2350363731384, 3246.458984375)
[INFO] - NEWGROUND-GRINGO needed 368.60739254951477 seconds!

>>>> Now solving: instance_0090.lp

Ran out of input
(True, 1800, 1800, 9223372036854775807)
[INFO] - GRINGO timed out (1800)!
(False, 36.356340646743774, 26.307611227035522, 273341.9658203125)
[INFO] - IDLV needed 36.356340646743774 seconds!
(False, 587.641930103302, 585.7171897888184, 4683.6142578125)
[INFO] - NEWGROUND-IDLV needed 587.641930103302 seconds!
(False, 587.2881693840027, 582.8664212226868, 4153.7880859375)
[INFO] - NEWGROUND-GRINGO needed 587.2881693840027 seconds!

>>>> Now solving: instance_0100.lp

Ran out of input
(True, 1800, 1800, 9223372036854775807)
[INFO] - GRINGO timed out (1800)!
(False, 77.03652548789978, 55.68490219116211, 589957.4560546875)
[INFO] - IDLV needed 77.03652548789978 seconds!
(False, 787.0029530525208, 783.212372303009, 5765.353515625)
[INFO] - NEWGROUND-IDLV needed 787.0029530525208 seconds!
(False, 696.872878074646, 694.4964420795441, 5171.974609375)
[INFO] - NEWGROUND-GRINGO needed 696.872878074646 seconds!

>>>> Now solving: instance_0110.lp

Ran out of input
(True, 1800, 1800, 9223372036854775807)
[INFO] - GRINGO timed out (1800)!
(False, 106.20071601867676, 77.0677580833435, 816535.6328125)
[INFO] - IDLV needed 106.20071601867676 seconds!
(False, 973.3896577358246, 968.3561980724335, 7367.1904296875)
[INFO] - NEWGROUND-IDLV needed 973.3896577358246 seconds!
(False, 1076.9254071712494, 1073.3380501270294, 6261.150390625)
[INFO] - NEWGROUND-GRINGO needed 1076.9254071712494 seconds!

>>>> Now solving: instance_0120.lp

Ran out of input
(True, 1800, 1800, 9223372036854775807)
[INFO] - GRINGO timed out (1800)!
(False, 152.4542555809021, 108.4087381362915, 1198035.1904296875)
[INFO] - IDLV needed 152.4542555809021 seconds!
(False, 1335.7444438934326, 1331.0439057350159, 8369.1767578125)
[INFO] - NEWGROUND-IDLV needed 1335.7444438934326 seconds!
(False, 1410.2844619750977, 1404.9848036766052, 7453.61328125)
[INFO] - NEWGROUND-GRINGO needed 1410.2844619750977 seconds!

>>>> Now solving: instance_0130.lp

Ran out of input
(True, 1800, 1800, 9223372036854775807)
[INFO] - GRINGO timed out (1800)!
