
>>>> Now solving: instance_0010.lp

(False, 0.08253598213195801, 0.04346036911010742, 421.6123046875)
[INFO] - GRINGO needed 0.08253598213195801 seconds!
(False, 0.0129241943359375, 0.009188652038574219, 33.4609375)
[INFO] - IDLV needed 0.0129241943359375 seconds!
(False, 1.2278211116790771, 1.2115261554718018, 47.857421875)
[INFO] - NEWGROUND-IDLV needed 1.2278211116790771 seconds!
(False, 1.2210710048675537, 1.2071037292480469, 46.833984375)
[INFO] - NEWGROUND-GRINGO needed 1.2210710048675537 seconds!

>>>> Now solving: instance_0012.lp

(False, 0.5224108695983887, 0.24250149726867676, 3617.2509765625)
[INFO] - GRINGO needed 0.5224108695983887 seconds!
(False, 0.03625059127807617, 0.02305889129638672, 158.751953125)
[INFO] - IDLV needed 0.03625059127807617 seconds!
(False, 1.8199572563171387, 1.7985327243804932, 73.8603515625)
[INFO] - NEWGROUND-IDLV needed 1.8199572563171387 seconds!
(False, 1.741079330444336, 1.721064567565918, 69.5517578125)
[INFO] - NEWGROUND-GRINGO needed 1.741079330444336 seconds!

>>>> Now solving: instance_0014.lp

(False, 1.404127836227417, 0.6095671653747559, 9964.4140625)
[INFO] - GRINGO needed 1.404127836227417 seconds!
(False, 0.06695914268493652, 0.04458904266357422, 357.9013671875)
[INFO] - IDLV needed 0.06695914268493652 seconds!
(False, 2.634061813354492, 2.607417583465576, 103.1396484375)
[INFO] - NEWGROUND-IDLV needed 2.634061813354492 seconds!
(False, 2.484920024871826, 2.461280107498169, 96.591796875)
[INFO] - NEWGROUND-GRINGO needed 2.484920024871826 seconds!

>>>> Now solving: instance_0016.lp

(False, 3.8308396339416504, 1.619208574295044, 28906.236328125)
[INFO] - GRINGO needed 3.8308396339416504 seconds!
(False, 0.13960051536560059, 0.10112380981445312, 887.568359375)
[INFO] - IDLV needed 0.13960051536560059 seconds!
(False, 3.7377405166625977, 3.707735061645508, 137.6494140625)
[INFO] - NEWGROUND-IDLV needed 3.7377405166625977 seconds!
(False, 3.648397922515869, 3.6201417446136475, 129.896484375)
[INFO] - NEWGROUND-GRINGO needed 3.648397922515869 seconds!

>>>> Now solving: instance_0018.lp

(False, 4.778740406036377, 2.0478343963623047, 35428.4951171875)
[INFO] - GRINGO needed 4.778740406036377 seconds!
(False, 0.14803838729858398, 0.10574722290039062, 967.052734375)
[INFO] - IDLV needed 0.14803838729858398 seconds!
(False, 4.685729265213013, 4.650366306304932, 167.927734375)
[INFO] - NEWGROUND-IDLV needed 4.685729265213013 seconds!
(False, 4.655260324478149, 4.62047266960144, 161.59375)
[INFO] - NEWGROUND-GRINGO needed 4.655260324478149 seconds!

>>>> Now solving: instance_0020.lp

(False, 10.572808980941772, 4.2466959953308105, 72602.71875)
[INFO] - GRINGO needed 10.572808980941772 seconds!
(False, 0.28757476806640625, 0.21332192420959473, 1739.533203125)
[INFO] - IDLV needed 0.28757476806640625 seconds!
(False, 7.214731454849243, 7.167850732803345, 213.7275390625)
[INFO] - NEWGROUND-IDLV needed 7.214731454849243 seconds!
(False, 6.916395425796509, 6.87224555015564, 202.25)
[INFO] - NEWGROUND-GRINGO needed 6.916395425796509 seconds!

>>>> Now solving: instance_0030.lp

(False, 306.8347306251526, 118.39021682739258, 2054324.9072265625)
[INFO] - GRINGO needed 306.8347306251526 seconds!
(False, 4.456029176712036, 3.310345411300659, 29889.517578125)
[INFO] - IDLV needed 4.456029176712036 seconds!
(False, 23.841979503631592, 23.720635652542114, 501.1962890625)
[INFO] - NEWGROUND-IDLV needed 23.841979503631592 seconds!
(False, 23.698838233947754, 23.59409785270691, 470.4912109375)
[INFO] - NEWGROUND-GRINGO needed 23.698838233947754 seconds!

>>>> Now solving: instance_0040.lp

(True, 1800, 612.8612561225891, 10828459.629882812)
[INFO] - GRINGO timed out (1800)!
(False, 15.032293796539307, 10.972668409347534, 121643.9560546875)
[INFO] - IDLV needed 15.032293796539307 seconds!
(False, 47.49728322029114, 47.293867349624634, 938.9111328125)
[INFO] - NEWGROUND-IDLV needed 47.49728322029114 seconds!
(False, 48.00753879547119, 47.78335428237915, 843.623046875)
[INFO] - NEWGROUND-GRINGO needed 48.00753879547119 seconds!

>>>> Now solving: instance_0050.lp

Ran out of input
(True, 1800, 1800, 9223372036854775807)
[INFO] - GRINGO timed out (1800)!
(False, 61.98176550865173, 44.966097831726074, 458147.7578125)
[INFO] - IDLV needed 61.98176550865173 seconds!
(False, 106.78777503967285, 106.21700358390808, 1566.5673828125)
[INFO] - NEWGROUND-IDLV needed 106.78777503967285 seconds!
(False, 105.28169846534729, 104.66956543922424, 1400.015625)
[INFO] - NEWGROUND-GRINGO needed 105.28169846534729 seconds!

>>>> Now solving: instance_0060.lp

Ran out of input
(True, 1800, 1800, 9223372036854775807)
[INFO] - GRINGO timed out (1800)!
(False, 186.8461446762085, 134.29995608329773, 1469228.4677734375)
[INFO] - IDLV needed 186.8461446762085 seconds!
(False, 158.7374074459076, 157.29337882995605, 2295.279296875)
[INFO] - NEWGROUND-IDLV needed 158.7374074459076 seconds!
(False, 174.8830554485321, 169.83454203605652, 2073.6328125)
[INFO] - NEWGROUND-GRINGO needed 174.8830554485321 seconds!

>>>> Now solving: instance_0070.lp

Ran out of input
(True, 1800, 1800, 9223372036854775807)
[INFO] - GRINGO timed out (1800)!
(False, 365.34375977516174, 259.13805317878723, 2824969.2080078125)
[INFO] - IDLV needed 365.34375977516174 seconds!
(False, 257.87027192115784, 256.6991956233978, 3065.30078125)
[INFO] - NEWGROUND-IDLV needed 257.87027192115784 seconds!
(False, 249.58816623687744, 248.69412350654602, 2831.7646484375)
[INFO] - NEWGROUND-GRINGO needed 249.58816623687744 seconds!

>>>> Now solving: instance_0080.lp

Ran out of input
(True, 1800, 1800, 9223372036854775807)
[INFO] - GRINGO timed out (1800)!
(False, 785.4509093761444, 552.8468220233917, 6086134.126953125)
[INFO] - IDLV needed 785.4509093761444 seconds!
(False, 427.68306589126587, 423.5317032337189, 4105.3701171875)
[INFO] - NEWGROUND-IDLV needed 427.68306589126587 seconds!
(False, 411.6691994667053, 409.11270451545715, 3741.7197265625)
[INFO] - NEWGROUND-GRINGO needed 411.6691994667053 seconds!

>>>> Now solving: instance_0090.lp

Ran out of input
(True, 1800, 1800, 9223372036854775807)
[INFO] - GRINGO timed out (1800)!
(False, 1330.1375024318695, 947.6135971546173, 10963987.78515625)
[INFO] - IDLV needed 1330.1375024318695 seconds!
(False, 496.3238778114319, 493.29900884628296, 5205.6259765625)
[INFO] - NEWGROUND-IDLV needed 496.3238778114319 seconds!
(False, 531.9333918094635, 518.6788532733917, 4754.2607421875)
[INFO] - NEWGROUND-GRINGO needed 531.9333918094635 seconds!

>>>> Now solving: instance_0100.lp

(True, 1800, 1800, 21026620.0)
[INFO] - GRINGO timed out (1800)!
(True, 1800, 1800, 19974460.0)
[INFO] - IDLV timed out (1800)!
(False, 824.9624507427216, 821.0544545650482, 6368.7509765625)
[INFO] - NEWGROUND-IDLV needed 824.9624507427216 seconds!
(False, 818.539053440094, 815.5890522003174, 5923.822265625)
[INFO] - NEWGROUND-GRINGO needed 818.539053440094 seconds!

>>>> Now solving: instance_0110.lp

(True, 1800, 1800, 9434156.0)
[INFO] - GRINGO timed out (1800)!
(True, 1800, 1800, 21392180.0)
[INFO] - IDLV timed out (1800)!
(False, 1097.2642004489899, 1093.552635192871, 8295.0595703125)
[INFO] - NEWGROUND-IDLV needed 1097.2642004489899 seconds!
(False, 993.2493619918823, 989.2509279251099, 7208.7783203125)
[INFO] - NEWGROUND-GRINGO needed 993.2493619918823 seconds!

>>>> Now solving: instance_0120.lp

(True, 1800, 1800, 1045684.0)
[INFO] - GRINGO timed out (1800)!
Ran out of input
(True, 1800, 1800, 9223372036854775807)
[INFO] - IDLV timed out (1800)!
(False, 1326.168342590332, 1321.404449224472, 9630.02734375)
[INFO] - NEWGROUND-IDLV needed 1326.168342590332 seconds!
(False, 1329.810378074646, 1298.70579123497, 8562.66796875)
[INFO] - NEWGROUND-GRINGO needed 1329.810378074646 seconds!

>>>> Now solving: instance_0130.lp

(True, 1800, 1800, 328.0)
[INFO] - GRINGO timed out (1800)!
Ran out of input
(True, 1800, 1800, 9223372036854775807)
[INFO] - IDLV timed out (1800)!
(False, 1752.327430009842, 1747.2568900585175, 11753.125)
[INFO] - NEWGROUND-IDLV needed 1752.327430009842 seconds!
(False, 1664.0660529136658, 1656.2564487457275, 10099.5234375)
[INFO] - NEWGROUND-GRINGO needed 1664.0660529136658 seconds!

>>>> Now solving: instance_0140.lp

