
>>>> Now solving: instance_0010.lp

(False, 0.8026528358459473, 0.380084753036499, 4725.611328125)
[INFO] - GRINGO needed 0.8026528358459473 seconds!
(False, 0.04950833320617676, 0.03320002555847168, 240.494140625)
[INFO] - IDLV needed 0.04950833320617676 seconds!
(False, 1.5600755214691162, 1.5460383892059326, 53.146484375)
[INFO] - NEWGROUND-IDLV needed 1.5600755214691162 seconds!
(False, 1.5682530403137207, 1.5553853511810303, 52.3125)
[INFO] - NEWGROUND-GRINGO needed 1.5682530403137207 seconds!

>>>> Now solving: instance_0012.lp

(False, 3.7511982917785645, 1.624295949935913, 24176.841796875)
[INFO] - GRINGO needed 3.7511982917785645 seconds!
(False, 0.1676795482635498, 0.12557411193847656, 985.4111328125)
[INFO] - IDLV needed 0.1676795482635498 seconds!
(False, 2.280148983001709, 2.260291576385498, 80.958984375)
[INFO] - NEWGROUND-IDLV needed 2.280148983001709 seconds!
(False, 2.2929489612579346, 2.2738139629364014, 77.880859375)
[INFO] - NEWGROUND-GRINGO needed 2.2929489612579346 seconds!

>>>> Now solving: instance_0014.lp

(False, 12.277766704559326, 4.852752923965454, 78243.349609375)
[INFO] - GRINGO needed 12.277766704559326 seconds!
(False, 0.42117929458618164, 0.3160099983215332, 2644.578125)
[INFO] - IDLV needed 0.42117929458618164 seconds!
(False, 3.25419020652771, 3.2254137992858887, 114.099609375)
[INFO] - NEWGROUND-IDLV needed 3.25419020652771 seconds!
(False, 3.266064405441284, 3.2400996685028076, 110.708984375)
[INFO] - NEWGROUND-GRINGO needed 3.266064405441284 seconds!

>>>> Now solving: instance_0016.lp

(False, 37.546759366989136, 15.001368999481201, 241851.0703125)
[INFO] - GRINGO needed 37.546759366989136 seconds!
(False, 1.094283103942871, 0.8256433010101318, 6927.0361328125)
[INFO] - IDLV needed 1.094283103942871 seconds!
(False, 4.500659704208374, 4.46453857421875, 152.130859375)
[INFO] - NEWGROUND-IDLV needed 4.500659704208374 seconds!
(False, 4.5103230476379395, 4.4731361865997314, 149.0791015625)
[INFO] - NEWGROUND-GRINGO needed 4.5103230476379395 seconds!

>>>> Now solving: instance_0018.lp

(False, 98.10187935829163, 39.61354947090149, 632378.7041015625)
[INFO] - GRINGO needed 98.10187935829163 seconds!
(False, 2.401028633117676, 1.8169267177581787, 15874.353515625)
[INFO] - IDLV needed 2.401028633117676 seconds!
(False, 5.439723014831543, 5.398630619049072, 195.6826171875)
[INFO] - NEWGROUND-IDLV needed 5.439723014831543 seconds!
(False, 5.683476686477661, 5.643225431442261, 193.1123046875)
[INFO] - NEWGROUND-GRINGO needed 5.683476686477661 seconds!

>>>> Now solving: instance_0020.lp

(False, 183.98288369178772, 71.77878546714783, 1182159.2392578125)
[INFO] - GRINGO needed 183.98288369178772 seconds!
(False, 3.9921493530273438, 3.0121102333068848, 26081.548828125)
[INFO] - IDLV needed 3.9921493530273438 seconds!
(False, 8.140966653823853, 8.07764744758606, 241.6806640625)
[INFO] - NEWGROUND-IDLV needed 8.140966653823853 seconds!
(False, 7.979372501373291, 7.917902231216431, 238.146484375)
[INFO] - NEWGROUND-GRINGO needed 7.979372501373291 seconds!

>>>> Now solving: instance_0030.lp

(True, 1800, 1800, 21096762.288085938)
[INFO] - GRINGO timed out (1800)!
(False, 39.57808494567871, 28.460161447525024, 315671.0654296875)
[INFO] - IDLV needed 39.57808494567871 seconds!
(False, 24.581607580184937, 24.422001361846924, 577.8408203125)
[INFO] - NEWGROUND-IDLV needed 24.581607580184937 seconds!
(False, 25.01894235610962, 24.89361023902893, 559.76953125)
[INFO] - NEWGROUND-GRINGO needed 25.01894235610962 seconds!

>>>> Now solving: instance_0040.lp

Ran out of input
(True, 1800, 1800, 9223372036854775807)
[INFO] - GRINGO timed out (1800)!
(False, 187.75512862205505, 135.4102017879486, 1568119.1005859375)
[INFO] - IDLV needed 187.75512862205505 seconds!
(False, 55.62324523925781, 53.848021507263184, 1097.388671875)
[INFO] - NEWGROUND-IDLV needed 55.62324523925781 seconds!
(False, 53.464396953582764, 52.45588493347168, 1004.48046875)
[INFO] - NEWGROUND-GRINGO needed 53.464396953582764 seconds!

>>>> Now solving: instance_0050.lp

Ran out of input
(True, 1800, 1800, 9223372036854775807)
[INFO] - GRINGO timed out (1800)!
(False, 646.0370709896088, 458.2628405094147, 5037974.6513671875)
[INFO] - IDLV needed 646.0370709896088 seconds!
(False, 104.17897844314575, 103.53669857978821, 1787.1806640625)
[INFO] - NEWGROUND-IDLV needed 104.17897844314575 seconds!
(False, 106.82146620750427, 102.31282496452332, 1657.5380859375)
[INFO] - NEWGROUND-GRINGO needed 106.82146620750427 seconds!

>>>> Now solving: instance_0060.lp

Ran out of input
(True, 1800, 1800, 9223372036854775807)
[INFO] - GRINGO timed out (1800)!
(False, 1655.1904628276825, 1159.5198891162872, 12659538.5)
[INFO] - IDLV needed 1655.1904628276825 seconds!
(False, 186.35751962661743, 185.26684498786926, 2597.7080078125)
[INFO] - NEWGROUND-IDLV needed 186.35751962661743 seconds!
(False, 181.65144062042236, 180.84658765792847, 2422.484375)
[INFO] - NEWGROUND-GRINGO needed 181.65144062042236 seconds!

>>>> Now solving: instance_0070.lp

(True, 1800, 1800, 15412616.0)
[INFO] - GRINGO timed out (1800)!
(True, 1800, 1800, 19695164.0)
[INFO] - IDLV timed out (1800)!
(False, 291.63458156585693, 290.377681016922, 3475.42578125)
[INFO] - NEWGROUND-IDLV needed 291.63458156585693 seconds!
(False, 288.76289558410645, 287.6916444301605, 3342.79296875)
[INFO] - NEWGROUND-GRINGO needed 288.76289558410645 seconds!

>>>> Now solving: instance_0080.lp

(True, 1800, 1800, 236.0)
[INFO] - GRINGO timed out (1800)!
(True, 1800, 1800, 20761804.0)
[INFO] - IDLV timed out (1800)!
(False, 375.92793226242065, 373.4925174713135, 4660.6962890625)
[INFO] - NEWGROUND-IDLV needed 375.92793226242065 seconds!
(False, 373.5626540184021, 371.8735086917877, 4390.7763671875)
[INFO] - NEWGROUND-GRINGO needed 373.5626540184021 seconds!

>>>> Now solving: instance_0090.lp

(True, 1800, 1800, 312.0)
[INFO] - GRINGO timed out (1800)!
(True, 1800, 1800, 21329248.0)
[INFO] - IDLV timed out (1800)!
(False, 547.754677772522, 545.5694921016693, 5953.150390625)
[INFO] - NEWGROUND-IDLV needed 547.754677772522 seconds!
(False, 532.5068666934967, 530.6831710338593, 5642.00390625)
[INFO] - NEWGROUND-GRINGO needed 532.5068666934967 seconds!

>>>> Now solving: instance_0100.lp

(True, 1800, 1800, 392.0)
[INFO] - GRINGO timed out (1800)!
(True, 1800, 1800, 21549844.0)
[INFO] - IDLV timed out (1800)!
(False, 722.5832459926605, 720.0278100967407, 7389.6611328125)
[INFO] - NEWGROUND-IDLV needed 722.5832459926605 seconds!
(False, 820.0612909793854, 815.051468372345, 6990.7666015625)
[INFO] - NEWGROUND-GRINGO needed 820.0612909793854 seconds!

>>>> Now solving: instance_0110.lp

(True, 1800, 1800, 480.0)
[INFO] - GRINGO timed out (1800)!
(True, 1800, 1800, 20416420.0)
[INFO] - IDLV timed out (1800)!
(False, 1034.970777273178, 1031.3563168048859, 9468.51171875)
[INFO] - NEWGROUND-IDLV needed 1034.970777273178 seconds!
(False, 971.5343458652496, 967.0456037521362, 8486.99609375)
[INFO] - NEWGROUND-GRINGO needed 971.5343458652496 seconds!

>>>> Now solving: instance_0120.lp

(True, 1800, 1800, 580.0)
[INFO] - GRINGO timed out (1800)!
Ran out of input
(True, 1800, 1800, 9223372036854775807)
[INFO] - IDLV timed out (1800)!
(False, 1225.6127846240997, 1220.0601785182953, 11181.796875)
[INFO] - NEWGROUND-IDLV needed 1225.6127846240997 seconds!
(False, 1228.870269536972, 1221.7656009197235, 10155.2548828125)
[INFO] - NEWGROUND-GRINGO needed 1228.870269536972 seconds!

>>>> Now solving: instance_0130.lp

(True, 1800, 1800, 676.0)
[INFO] - GRINGO timed out (1800)!
Ran out of input
(True, 1800, 1800, 9223372036854775807)
[INFO] - IDLV timed out (1800)!
(False, 1755.758308172226, 1750.2484436035156, 13505.79296875)
[INFO] - NEWGROUND-IDLV needed 1755.758308172226 seconds!
(False, 1671.8762500286102, 1663.3370323181152, 11905.96484375)
[INFO] - NEWGROUND-GRINGO needed 1671.8762500286102 seconds!

>>>> Now solving: instance_0140.lp

(True, 1800, 1800, 792.0)
[INFO] - GRINGO timed out (1800)!
Ran out of input
(True, 1800, 1800, 9223372036854775807)
[INFO] - IDLV timed out (1800)!
(True, 1800, 1800, 10755.2275390625)
[INFO] - NEWGROUND-IDLV timed out (1800)!
(True, 1800, 1800, 10921.3095703125)
