
>>>> Now solving: instance_0020.lp

(False, 1.122253656387329, 0.4195218086242676, 3836.6904296875)
[INFO] - GRINGO needed 1.122253656387329 seconds!
(False, 0.12693548202514648, 0.05756855010986328, 379.8798828125)
[INFO] - IDLV needed 0.12693548202514648 seconds!
(False, 2.1449668407440186, 2.083667278289795, 301.4365234375)
[INFO] - NEWGROUND-IDLV needed 2.1449668407440186 seconds!
(False, 3.1878271102905273, 2.5159308910369873, 3780.751953125)
[INFO] - NEWGROUND-GRINGO needed 3.1878271102905273 seconds!

>>>> Now solving: instance_0060.lp

(False, 108.76636385917664, 35.04518437385559, 372385.8251953125)
[INFO] - GRINGO needed 108.76636385917664 seconds!
(False, 3.2094950675964355, 1.0039572715759277, 11148.92578125)
[INFO] - IDLV needed 3.2094950675964355 seconds!
(False, 17.957741498947144, 16.33179998397827, 7121.4248046875)
[INFO] - NEWGROUND-IDLV needed 17.957741498947144 seconds!
(False, 128.1456913948059, 55.284183979034424, 368139.4677734375)
[INFO] - NEWGROUND-GRINGO needed 128.1456913948059 seconds!

>>>> Now solving: instance_0100.lp

(True, 10800, 274.5324454307556, 3195117.025390625)
[INFO] - GRINGO timed out (10800)!
(False, 15.318763971328735, 4.74901819229126, 54417.314453125)
[INFO] - IDLV needed 15.318763971328735 seconds!
(False, 52.462666034698486, 44.34862232208252, 32918.287109375)
[INFO] - NEWGROUND-IDLV needed 52.462666034698486 seconds!
(True, 10800, 346.16551184654236, 3193298.470703125)
[INFO] - NEWGROUND-GRINGO timed out (10800)!

>>>> Now solving: instance_0140.lp

(True, 10800, 1085.0984618663788, 12546427.2890625)
[INFO] - GRINGO timed out (10800)!
(False, 44.84999871253967, 12.20325517654419, 151450.970703125)
[INFO] - IDLV needed 44.84999871253967 seconds!
(False, 117.63669896125793, 94.63454008102417, 88301.748046875)
[INFO] - NEWGROUND-IDLV needed 117.63669896125793 seconds!
(True, 10800, 1280.664955854416, 12402289.275390625)
[INFO] - NEWGROUND-GRINGO timed out (10800)!

>>>> Now solving: instance_0180.lp

Ran out of input
(True, 10800, 10800, 9223372036854775807)
[INFO] - GRINGO timed out (10800)!
(False, 89.6740152835846, 23.59243106842041, 321284.330078125)
[INFO] - IDLV needed 89.6740152835846 seconds!
(False, 187.55924725532532, 139.8685266971588, 191458.8935546875)
[INFO] - NEWGROUND-IDLV needed 187.55924725532532 seconds!
(True, 10800, 10800, 29339.966796875)
[INFO] - NEWGROUND-GRINGO timed out (10800)!

>>>> Now solving: instance_0220.lp

Ran out of input
(True, 10800, 10800, 9223372036854775807)
[INFO] - GRINGO timed out (10800)!
(False, 168.87222242355347, 42.77080583572388, 644901.91796875)
[INFO] - IDLV needed 168.87222242355347 seconds!
(False, 304.8975751399994, 215.59940385818481, 377247.78125)
[INFO] - NEWGROUND-IDLV needed 304.8975751399994 seconds!
(True, 10800, 10800, 44135.005859375)
[INFO] - NEWGROUND-GRINGO timed out (10800)!

>>>> Now solving: instance_0260.lp

Ran out of input
(True, 10800, 10800, 9223372036854775807)
[INFO] - GRINGO timed out (10800)!
(False, 325.8167998790741, 81.12932801246643, 1068789.94140625)
[INFO] - IDLV needed 325.8167998790741 seconds!
(False, 490.60048270225525, 325.63404989242554, 619514.9658203125)
[INFO] - NEWGROUND-IDLV needed 490.60048270225525 seconds!
(True, 10800, 10800, 61939.419921875)
[INFO] - NEWGROUND-GRINGO timed out (10800)!

>>>> Now solving: instance_0300.lp

Ran out of input
(True, 10800, 10800, 9223372036854775807)
[INFO] - GRINGO timed out (10800)!
(False, 482.4267728328705, 112.20139932632446, 1641148.57421875)
[INFO] - IDLV needed 482.4267728328705 seconds!
(False, 703.2963392734528, 436.9570908546448, 948671.73828125)
[INFO] - NEWGROUND-IDLV needed 703.2963392734528 seconds!
(True, 10800, 10800, 82753.208984375)
[INFO] - NEWGROUND-GRINGO timed out (10800)!

>>>> Now solving: instance_0340.lp

Ran out of input
(True, 10800, 10800, 9223372036854775807)
[INFO] - GRINGO timed out (10800)!
(True, 10800, 180.95282411575317, 2426683.4541015625)
[INFO] - IDLV timed out (10800)!
(False, 949.2413549423218, 581.3790476322174, 1377342.3984375)
[INFO] - NEWGROUND-IDLV needed 949.2413549423218 seconds!
(True, 10800, 10800, 110627.1728515625)
[INFO] - NEWGROUND-GRINGO timed out (10800)!

>>>> Now solving: instance_0380.lp

Ran out of input
(True, 10800, 10800, 9223372036854775807)
[INFO] - GRINGO timed out (10800)!
(True, 10800, 260.40790033340454, 3386701.1494140625)
[INFO] - IDLV timed out (10800)!
(False, 1511.0618555545807, 853.4589667320251, 1917983.1796875)
[INFO] - NEWGROUND-IDLV needed 1511.0618555545807 seconds!
(True, 10800, 10800, 138470.6494140625)
[INFO] - NEWGROUND-GRINGO timed out (10800)!
