
>>>> Now solving: instance_0020.lp

(False, 1.0426745414733887, 0.3946208953857422, 3384.7451171875)
[INFO] - GRINGO needed 1.0426745414733887 seconds!
(False, 0.11717844009399414, 0.052312374114990234, 344.9501953125)
[INFO] - IDLV needed 0.11717844009399414 seconds!
(False, 2.081601142883301, 2.021742820739746, 301.1455078125)
[INFO] - NEWGROUND-IDLV needed 2.081601142883301 seconds!
(False, 3.0447685718536377, 2.4217565059661865, 3400.533203125)
[INFO] - NEWGROUND-GRINGO needed 3.0447685718536377 seconds!

>>>> Now solving: instance_0060.lp

(False, 99.41917777061462, 31.420897483825684, 328904.328125)
[INFO] - GRINGO needed 99.41917777061462 seconds!
(False, 3.0435187816619873, 0.9298715591430664, 9854.7431640625)
[INFO] - IDLV needed 3.0435187816619873 seconds!
(False, 16.88392972946167, 15.235159873962402, 6985.810546875)
[INFO] - NEWGROUND-IDLV needed 16.88392972946167 seconds!
(False, 115.70595717430115, 48.9188871383667, 326626.396484375)
[INFO] - NEWGROUND-GRINGO needed 115.70595717430115 seconds!

>>>> Now solving: instance_0100.lp

(True, 10800, 251.95489764213562, 2828533.78515625)
[INFO] - GRINGO timed out (10800)!
(False, 14.022926092147827, 4.176833868026733, 49857.05078125)
[INFO] - IDLV needed 14.022926092147827 seconds!
(False, 50.626593828201294, 42.61931753158569, 32901.416015625)
[INFO] - NEWGROUND-IDLV needed 50.626593828201294 seconds!
(True, 10800, 320.954053401947, 2795554.0673828125)
[INFO] - NEWGROUND-GRINGO timed out (10800)!

>>>> Now solving: instance_0140.lp

(True, 10800, 976.7368140220642, 11267689.141601562)
[INFO] - GRINGO timed out (10800)!
(False, 41.23251724243164, 11.711916446685791, 138520.2109375)
[INFO] - IDLV needed 41.23251724243164 seconds!
(False, 112.68300604820251, 89.55147075653076, 88305.75390625)
[INFO] - NEWGROUND-IDLV needed 112.68300604820251 seconds!
(True, 10800, 1106.4872889518738, 11152658.899414062)
[INFO] - NEWGROUND-GRINGO timed out (10800)!

>>>> Now solving: instance_0180.lp

(True, 10800, 10800, 30929227.41015625)
[INFO] - GRINGO timed out (10800)!
(False, 81.32307720184326, 21.60865569114685, 293967.373046875)
[INFO] - IDLV needed 81.32307720184326 seconds!
(False, 194.84335064888, 137.98409700393677, 185246.255859375)
[INFO] - NEWGROUND-IDLV needed 194.84335064888 seconds!
(True, 10800, 10800, 30678356.999023438)
[INFO] - NEWGROUND-GRINGO timed out (10800)!

>>>> Now solving: instance_0220.lp

Ran out of input
(True, 10800, 10800, 9223372036854775807)
[INFO] - GRINGO timed out (10800)!
(False, 161.97873401641846, 46.35730814933777, 585942.2607421875)
[INFO] - IDLV needed 161.97873401641846 seconds!
(False, 319.32885456085205, 211.13313341140747, 372124.771484375)
[INFO] - NEWGROUND-IDLV needed 319.32885456085205 seconds!
(True, 10800, 10800, 44072.0146484375)
[INFO] - NEWGROUND-GRINGO timed out (10800)!

>>>> Now solving: instance_0260.lp

Ran out of input
(True, 10800, 10800, 9223372036854775807)
[INFO] - GRINGO timed out (10800)!
(False, 287.1022160053253, 69.57900404930115, 982112.2412109375)
[INFO] - IDLV needed 287.1022160053253 seconds!
(False, 551.5921573638916, 314.03529047966003, 619608.5703125)
[INFO] - NEWGROUND-IDLV needed 551.5921573638916 seconds!
(True, 10800, 10800, 61848.5751953125)
[INFO] - NEWGROUND-GRINGO timed out (10800)!

>>>> Now solving: instance_0300.lp

Ran out of input
(True, 10800, 10800, 9223372036854775807)
[INFO] - GRINGO timed out (10800)!
(False, 438.2206037044525, 115.0062460899353, 1507928.4404296875)
[INFO] - IDLV needed 438.2206037044525 seconds!
(False, 776.2564463615417, 472.3467664718628, 948201.9921875)
[INFO] - NEWGROUND-IDLV needed 776.2564463615417 seconds!
(True, 10800, 10800, 82631.1416015625)
[INFO] - NEWGROUND-GRINGO timed out (10800)!

>>>> Now solving: instance_0340.lp

Ran out of input
(True, 10800, 10800, 9223372036854775807)
[INFO] - GRINGO timed out (10800)!
(False, 567.8825283050537, 142.76460552215576, 2223217.4755859375)
[INFO] - IDLV needed 567.8825283050537 seconds!
(False, 1005.644045829773, 520.2524282932281, 1377401.146484375)
[INFO] - NEWGROUND-IDLV needed 1005.644045829773 seconds!
(True, 10800, 10800, 110467.123046875)
[INFO] - NEWGROUND-GRINGO timed out (10800)!

>>>> Now solving: instance_0380.lp

Ran out of input
(True, 10800, 10800, 9223372036854775807)
[INFO] - GRINGO timed out (10800)!
(True, 10800, 230.88347697257996, 3107066.7197265625)
[INFO] - IDLV timed out (10800)!
(False, 1475.4111621379852, 763.2126171588898, 1918053.90234375)
[INFO] - NEWGROUND-IDLV needed 1475.4111621379852 seconds!
(True, 10800, 10800, 138273.041015625)
[INFO] - NEWGROUND-GRINGO timed out (10800)!
