
>>>> Now solving: instance_0020.lp

(False, 0.9557080268859863, 0.36183714866638184, 3052.181640625)
[INFO] - GRINGO needed 0.9557080268859863 seconds!
(False, 0.13545918464660645, 0.05950641632080078, 314.142578125)
[INFO] - IDLV needed 0.13545918464660645 seconds!
(False, 1.9977617263793945, 1.9360086917877197, 302.73046875)
[INFO] - NEWGROUND-IDLV needed 1.9977617263793945 seconds!
(False, 2.8847508430480957, 2.320427417755127, 3099.7802734375)
[INFO] - NEWGROUND-GRINGO needed 2.8847508430480957 seconds!

>>>> Now solving: instance_0060.lp

(False, 91.86783480644226, 32.45555901527405, 290400.287109375)
[INFO] - GRINGO needed 91.86783480644226 seconds!
(False, 2.752495765686035, 0.842383861541748, 8856.232421875)
[INFO] - IDLV needed 2.752495765686035 seconds!
(False, 16.1257426738739, 14.464046239852905, 6650.48046875)
[INFO] - NEWGROUND-IDLV needed 16.1257426738739 seconds!
(False, 101.82915830612183, 43.28689098358154, 284620.9609375)
[INFO] - NEWGROUND-GRINGO needed 101.82915830612183 seconds!

>>>> Now solving: instance_0100.lp

(True, 10800, 227.0345139503479, 2533278.7373046875)
[INFO] - GRINGO timed out (10800)!
(False, 13.458807945251465, 3.7822492122650146, 46080.962890625)
[INFO] - IDLV needed 13.458807945251465 seconds!
(False, 50.38478112220764, 41.98014187812805, 32814.5166015625)
[INFO] - NEWGROUND-IDLV needed 50.38478112220764 seconds!
(True, 10800, 280.435800075531, 2502478.728515625)
[INFO] - NEWGROUND-GRINGO timed out (10800)!

>>>> Now solving: instance_0140.lp

(True, 10800, 793.8054728507996, 9993939.4296875)
[INFO] - GRINGO timed out (10800)!
(False, 34.301103830337524, 9.170331954956055, 126929.279296875)
[INFO] - IDLV needed 34.301103830337524 seconds!
(False, 105.01287841796875, 75.26394176483154, 88309.8173828125)
[INFO] - NEWGROUND-IDLV needed 105.01287841796875 seconds!
(True, 10800, 925.323970079422, 9904953.072265625)
[INFO] - NEWGROUND-GRINGO timed out (10800)!

>>>> Now solving: instance_0180.lp

(True, 10800, 10800, 27523985.390625)
[INFO] - GRINGO timed out (10800)!
(False, 79.94892406463623, 22.048660039901733, 269934.6962890625)
[INFO] - IDLV needed 79.94892406463623 seconds!
(False, 202.0338864326477, 131.34394907951355, 185250.17578125)
[INFO] - NEWGROUND-IDLV needed 202.0338864326477 seconds!
(True, 10800, 10800, 27327265.426757812)
[INFO] - NEWGROUND-GRINGO timed out (10800)!

>>>> Now solving: instance_0220.lp

Ran out of input
(True, 10800, 10800, 9223372036854775807)
[INFO] - GRINGO timed out (10800)!
(False, 156.7123007774353, 39.97609353065491, 529757.2529296875)
[INFO] - IDLV needed 156.7123007774353 seconds!
(False, 387.01100277900696, 230.20636582374573, 365162.232421875)
[INFO] - NEWGROUND-IDLV needed 387.01100277900696 seconds!
(True, 10800, 10800, 44005.2529296875)
[INFO] - NEWGROUND-GRINGO timed out (10800)!

>>>> Now solving: instance_0260.lp

Ran out of input
(True, 10800, 10800, 9223372036854775807)
[INFO] - GRINGO timed out (10800)!
(False, 245.30148649215698, 59.18533778190613, 900370.4267578125)
[INFO] - IDLV needed 245.30148649215698 seconds!
(False, 594.3203754425049, 289.3439431190491, 619420.259765625)
[INFO] - NEWGROUND-IDLV needed 594.3203754425049 seconds!
(True, 10800, 10800, 61753.015625)
[INFO] - NEWGROUND-GRINGO timed out (10800)!

>>>> Now solving: instance_0300.lp

Ran out of input
(True, 10800, 10800, 9223372036854775807)
[INFO] - GRINGO timed out (10800)!
(False, 409.8810324668884, 103.37417531013489, 1386062.744140625)
[INFO] - IDLV needed 409.8810324668884 seconds!
(False, 816.839498758316, 450.95303106307983, 948826.4267578125)
[INFO] - NEWGROUND-IDLV needed 816.839498758316 seconds!
(True, 10800, 10800, 82506.462890625)
[INFO] - NEWGROUND-GRINGO timed out (10800)!

>>>> Now solving: instance_0340.lp

Ran out of input
(True, 10800, 10800, 9223372036854775807)
[INFO] - GRINGO timed out (10800)!
(False, 580.4392161369324, 153.32283878326416, 2016688.8037109375)
[INFO] - IDLV needed 580.4392161369324 seconds!
(False, 1240.778886795044, 512.3547351360321, 1376623.90234375)
[INFO] - NEWGROUND-IDLV needed 1240.778886795044 seconds!
(True, 10800, 10800, 106257.1572265625)
[INFO] - NEWGROUND-GRINGO timed out (10800)!

>>>> Now solving: instance_0380.lp

Ran out of input
(True, 10800, 10800, 9223372036854775807)
[INFO] - GRINGO timed out (10800)!
(True, 10800, 209.0007665157318, 2844891.7529296875)
[INFO] - IDLV timed out (10800)!
(False, 1745.5691845417023, 755.3659865856171, 1918127.044921875)
[INFO] - NEWGROUND-IDLV needed 1745.5691845417023 seconds!
(True, 10800, 10800, 138065.8349609375)
[INFO] - NEWGROUND-GRINGO timed out (10800)!
