
>>>> Now solving: instance_0020.lp

(False, 0.7798640727996826, 0.3159794807434082, 2546.7587890625)
[INFO] - GRINGO needed 0.7798640727996826 seconds!
(False, 0.10039114952087402, 0.04701638221740723, 273.3388671875)
[INFO] - IDLV needed 0.10039114952087402 seconds!
(False, 1.8799517154693604, 1.8104066848754883, 290.60546875)
[INFO] - NEWGROUND-IDLV needed 1.8799517154693604 seconds!
(False, 2.6171457767486572, 2.155301332473755, 2578.55078125)
[INFO] - NEWGROUND-GRINGO needed 2.6171457767486572 seconds!

>>>> Now solving: instance_0060.lp

(False, 77.0525496006012, 24.920557975769043, 257203.6044921875)
[INFO] - GRINGO needed 77.0525496006012 seconds!
(False, 2.5161635875701904, 0.7450394630432129, 8203.16015625)
[INFO] - IDLV needed 2.5161635875701904 seconds!
(False, 15.13066053390503, 13.205238103866577, 6586.3017578125)
[INFO] - NEWGROUND-IDLV needed 15.13066053390503 seconds!
(False, 92.7644636631012, 40.402990102767944, 252862.966796875)
[INFO] - NEWGROUND-GRINGO needed 92.7644636631012 seconds!

>>>> Now solving: instance_0100.lp

(True, 10800, 196.3215308189392, 2200068.1865234375)
[INFO] - GRINGO timed out (10800)!
(False, 12.834919929504395, 3.457296848297119, 42267.759765625)
[INFO] - IDLV needed 12.834919929504395 seconds!
(False, 49.26074552536011, 39.818002223968506, 32811.685546875)
[INFO] - NEWGROUND-IDLV needed 49.26074552536011 seconds!
(True, 10800, 248.03579545021057, 2177478.884765625)
[INFO] - NEWGROUND-GRINGO timed out (10800)!

>>>> Now solving: instance_0140.lp

(True, 10800, 798.7516281604767, 8789199.305664062)
[INFO] - GRINGO timed out (10800)!
(False, 31.81628680229187, 8.108540296554565, 117192.232421875)
[INFO] - IDLV needed 31.81628680229187 seconds!
(False, 102.20977878570557, 70.23437666893005, 88313.4931640625)
[INFO] - NEWGROUND-IDLV needed 102.20977878570557 seconds!
(True, 10800, 810.9704377651215, 8722037.946289062)
[INFO] - NEWGROUND-GRINGO timed out (10800)!

>>>> Now solving: instance_0180.lp

Ran out of input
(True, 10800, 10800, 9223372036854775807)
[INFO] - GRINGO timed out (10800)!
(False, 72.34911370277405, 18.32454776763916, 248944.708984375)
[INFO] - IDLV needed 72.34911370277405 seconds!
(False, 213.47450017929077, 131.4517481327057, 185254.5244140625)
[INFO] - NEWGROUND-IDLV needed 213.47450017929077 seconds!
(True, 10800, 10800, 24032557.78515625)
[INFO] - NEWGROUND-GRINGO timed out (10800)!

>>>> Now solving: instance_0220.lp

Ran out of input
(True, 10800, 10800, 9223372036854775807)
[INFO] - GRINGO timed out (10800)!
(False, 133.11647152900696, 31.77266526222229, 480971.8515625)
[INFO] - IDLV needed 133.11647152900696 seconds!
(False, 353.32630133628845, 188.5255126953125, 359560.3291015625)
[INFO] - NEWGROUND-IDLV needed 353.32630133628845 seconds!
(True, 10800, 10800, 43940.2861328125)
[INFO] - NEWGROUND-GRINGO timed out (10800)!

>>>> Now solving: instance_0260.lp

Ran out of input
(True, 10800, 10800, 9223372036854775807)
[INFO] - GRINGO timed out (10800)!
(False, 226.81109595298767, 53.60089135169983, 829666.1171875)
[INFO] - IDLV needed 226.81109595298767 seconds!
(False, 599.8807082176208, 273.8060898780823, 619217.8505859375)
[INFO] - NEWGROUND-IDLV needed 599.8807082176208 seconds!
(True, 10800, 10800, 61664.9912109375)
[INFO] - NEWGROUND-GRINGO timed out (10800)!

>>>> Now solving: instance_0300.lp

Ran out of input
(True, 10800, 10800, 9223372036854775807)
[INFO] - GRINGO timed out (10800)!
(False, 379.73297476768494, 88.20790457725525, 1280394.9794921875)
[INFO] - IDLV needed 379.73297476768494 seconds!
(False, 829.1353330612183, 430.7152087688446, 948469.02734375)
[INFO] - NEWGROUND-IDLV needed 829.1353330612183 seconds!
(True, 10800, 10800, 82384.810546875)
[INFO] - NEWGROUND-GRINGO timed out (10800)!

>>>> Now solving: instance_0340.lp

Ran out of input
(True, 10800, 10800, 9223372036854775807)
[INFO] - GRINGO timed out (10800)!
(False, 509.66651248931885, 118.87599349021912, 1860465.1279296875)
[INFO] - IDLV needed 509.66651248931885 seconds!
(False, 1608.1223258972168, 561.929417848587, 1376079.2138671875)
[INFO] - NEWGROUND-IDLV needed 1608.1223258972168 seconds!
(True, 10800, 10800, 106096.6220703125)
[INFO] - NEWGROUND-GRINGO timed out (10800)!

>>>> Now solving: instance_0380.lp

Ran out of input
(True, 10800, 10800, 9223372036854775807)
[INFO] - GRINGO timed out (10800)!
(True, 10800, 167.2766718864441, 2624026.9794921875)
[INFO] - IDLV timed out (10800)!
(False, 1752.3571767807007, 692.5256078243256, 1918197.501953125)
[INFO] - NEWGROUND-IDLV needed 1752.3571767807007 seconds!
(True, 10800, 10800, 137868.8408203125)
[INFO] - NEWGROUND-GRINGO timed out (10800)!
