
>>>> Now solving: instance_0020.lp

(False, 0.6768007278442383, 0.26592135429382324, 2215.638671875)
[INFO] - GRINGO needed 0.6768007278442383 seconds!
(False, 0.09612274169921875, 0.04390144348144531, 253.6083984375)
[INFO] - IDLV needed 0.09612274169921875 seconds!
(False, 1.810028314590454, 1.748307704925537, 293.072265625)
[INFO] - NEWGROUND-IDLV needed 1.810028314590454 seconds!
(False, 2.4325761795043945, 2.0300917625427246, 2227.724609375)
[INFO] - NEWGROUND-GRINGO needed 2.4325761795043945 seconds!

>>>> Now solving: instance_0060.lp

(False, 65.51477670669556, 21.265199422836304, 217467.4833984375)
[INFO] - GRINGO needed 65.51477670669556 seconds!
(False, 2.328841209411621, 0.6666202545166016, 7522.447265625)
[INFO] - IDLV needed 2.328841209411621 seconds!
(False, 14.348775625228882, 12.46525526046753, 6560.91015625)
[INFO] - NEWGROUND-IDLV needed 14.348775625228882 seconds!
(False, 79.33830785751343, 34.878873348236084, 214625.978515625)
[INFO] - NEWGROUND-GRINGO needed 79.33830785751343 seconds!

>>>> Now solving: instance_0100.lp

(False, 562.4538433551788, 180.1110622882843, 1916355.87890625)
[INFO] - GRINGO needed 562.4538433551788 seconds!
(False, 11.622135400772095, 3.1862902641296387, 39428.20703125)
[INFO] - IDLV needed 11.622135400772095 seconds!
(False, 47.53260016441345, 37.77009391784668, 32811.984375)
[INFO] - NEWGROUND-IDLV needed 47.53260016441345 seconds!
(False, 614.8304762840271, 220.84373903274536, 1899855.11328125)
[INFO] - NEWGROUND-GRINGO needed 614.8304762840271 seconds!

>>>> Now solving: instance_0140.lp

(True, 10800, 656.2542474269867, 7581930.8056640625)
[INFO] - GRINGO timed out (10800)!
(False, 30.22935390472412, 7.535712003707886, 108603.4111328125)
[INFO] - IDLV needed 30.22935390472412 seconds!
(False, 107.98103713989258, 68.31034183502197, 88317.4208984375)
[INFO] - NEWGROUND-IDLV needed 107.98103713989258 seconds!
(True, 10800, 767.5645399093628, 7533991.1259765625)
[INFO] - NEWGROUND-GRINGO timed out (10800)!

>>>> Now solving: instance_0180.lp

Ran out of input
(True, 10800, 10800, 9223372036854775807)
[INFO] - GRINGO timed out (10800)!
(False, 86.16705870628357, 17.932708740234375, 230590.0380859375)
[INFO] - IDLV needed 86.16705870628357 seconds!
(False, 243.47069883346558, 135.09902620315552, 185258.88671875)
[INFO] - NEWGROUND-IDLV needed 243.47069883346558 seconds!
(True, 10800, 10800, 330.63671875)
[INFO] - NEWGROUND-GRINGO timed out (10800)!

>>>> Now solving: instance_0220.lp

Ran out of input
(True, 10800, 10800, 9223372036854775807)
[INFO] - GRINGO timed out (10800)!
(False, 120.48024797439575, 27.74584937095642, 428382.8359375)
[INFO] - IDLV needed 120.48024797439575 seconds!
(False, 341.78305888175964, 168.25848746299744, 343176.9208984375)
[INFO] - NEWGROUND-IDLV needed 341.78305888175964 seconds!
(True, 10800, 10800, 43875.521484375)
[INFO] - NEWGROUND-GRINGO timed out (10800)!

>>>> Now solving: instance_0260.lp

Ran out of input
(True, 10800, 10800, 9223372036854775807)
[INFO] - GRINGO timed out (10800)!
(False, 200.9919490814209, 46.347034215927124, 756986.671875)
[INFO] - IDLV needed 200.9919490814209 seconds!
(False, 531.967257976532, 249.56772089004517, 608466.44140625)
[INFO] - NEWGROUND-IDLV needed 531.967257976532 seconds!
(True, 10800, 10800, 61572.2939453125)
[INFO] - NEWGROUND-GRINGO timed out (10800)!

>>>> Now solving: instance_0300.lp

Ran out of input
(True, 10800, 10800, 9223372036854775807)
[INFO] - GRINGO timed out (10800)!
(False, 315.8079640865326, 72.17620086669922, 1184539.671875)
[INFO] - IDLV needed 315.8079640865326 seconds!
(False, 729.1747717857361, 345.8691895008087, 948548.091796875)
[INFO] - NEWGROUND-IDLV needed 729.1747717857361 seconds!
(True, 10800, 10800, 82257.5478515625)
[INFO] - NEWGROUND-GRINGO timed out (10800)!

>>>> Now solving: instance_0340.lp

Ran out of input
(True, 10800, 10800, 9223372036854775807)
[INFO] - GRINGO timed out (10800)!
(False, 503.8471987247467, 104.53903889656067, 1724364.330078125)
[INFO] - IDLV needed 503.8471987247467 seconds!
(False, 1739.9257144927979, 475.78673696517944, 1376270.818359375)
[INFO] - NEWGROUND-IDLV needed 1739.9257144927979 seconds!
(True, 10800, 10800, 105936.138671875)
[INFO] - NEWGROUND-GRINGO timed out (10800)!

>>>> Now solving: instance_0380.lp

Ran out of input
(True, 10800, 10800, 9223372036854775807)
[INFO] - GRINGO timed out (10800)!
(True, 10800, 150.46776485443115, 2409340.37890625)
[INFO] - IDLV timed out (10800)!
(False, 1804.8751096725464, 705.492368221283, 1916781.8046875)
[INFO] - NEWGROUND-IDLV needed 1804.8751096725464 seconds!
(True, 10800, 10800, 132607.8388671875)
[INFO] - NEWGROUND-GRINGO timed out (10800)!
