
>>>> Now solving: instance_0020.lp

(False, 0.5828287601470947, 0.22926568984985352, 1904.8984375)
[INFO] - GRINGO needed 0.5828287601470947 seconds!
(False, 0.09158921241760254, 0.04140353202819824, 235.8623046875)
[INFO] - IDLV needed 0.09158921241760254 seconds!
(False, 1.7842011451721191, 1.724785566329956, 293.7255859375)
[INFO] - NEWGROUND-IDLV needed 1.7842011451721191 seconds!
(False, 2.3312456607818604, 1.9666335582733154, 1914.5400390625)
[INFO] - NEWGROUND-GRINGO needed 2.3312456607818604 seconds!

>>>> Now solving: instance_0060.lp

(False, 56.070523738861084, 17.861411094665527, 181974.828125)
[INFO] - GRINGO needed 56.070523738861084 seconds!
(False, 2.2116613388061523, 0.6249375343322754, 6988.279296875)
[INFO] - IDLV needed 2.2116613388061523 seconds!
(False, 14.320346355438232, 12.269782781600952, 6560.45703125)
[INFO] - NEWGROUND-IDLV needed 14.320346355438232 seconds!
(False, 67.77381467819214, 31.283687114715576, 180263.7109375)
[INFO] - NEWGROUND-GRINGO needed 67.77381467819214 seconds!

>>>> Now solving: instance_0100.lp

(False, 458.43275237083435, 142.8939049243927, 1592937.7666015625)
[INFO] - GRINGO needed 458.43275237083435 seconds!
(False, 10.524126529693604, 2.789865255355835, 36619.138671875)
[INFO] - IDLV needed 10.524126529693604 seconds!
(False, 42.53651690483093, 31.710700273513794, 32876.2275390625)
[INFO] - NEWGROUND-IDLV needed 42.53651690483093 seconds!
(False, 503.78722286224365, 184.89556217193604, 1582435.482421875)
[INFO] - NEWGROUND-GRINGO needed 503.78722286224365 seconds!

>>>> Now solving: instance_0140.lp

(True, 10800, 539.9709892272949, 6242656.8515625)
[INFO] - GRINGO timed out (10800)!
(False, 31.499778509140015, 7.543659687042236, 100342.7314453125)
[INFO] - IDLV needed 31.499778509140015 seconds!
(False, 112.38485813140869, 74.29155778884888, 88321.787109375)
[INFO] - NEWGROUND-IDLV needed 112.38485813140869 seconds!
(True, 10800, 773.8772120475769, 6273455.501953125)
[INFO] - NEWGROUND-GRINGO timed out (10800)!

>>>> Now solving: instance_0180.lp

(True, 10800, 10800, 17145511.485351562)
[INFO] - GRINGO timed out (10800)!
(False, 62.0606734752655, 13.996808052062988, 213255.6181640625)
[INFO] - IDLV needed 62.0606734752655 seconds!
(False, 189.2846794128418, 109.58020234107971, 185263.578125)
[INFO] - NEWGROUND-IDLV needed 189.2846794128418 seconds!
(True, 10800, 10800, 29124.349609375)
[INFO] - NEWGROUND-GRINGO timed out (10800)!

>>>> Now solving: instance_0220.lp

Ran out of input
(True, 10800, 10800, 9223372036854775807)
[INFO] - GRINGO timed out (10800)!
(False, 117.29878211021423, 25.047147750854492, 389585.7998046875)
[INFO] - IDLV needed 117.29878211021423 seconds!
(False, 352.62463212013245, 170.97162747383118, 337365.2509765625)
[INFO] - NEWGROUND-IDLV needed 352.62463212013245 seconds!
(True, 10800, 10800, 43808.6201171875)
[INFO] - NEWGROUND-GRINGO timed out (10800)!

>>>> Now solving: instance_0260.lp

Ran out of input
(True, 10800, 10800, 9223372036854775807)
[INFO] - GRINGO timed out (10800)!
(False, 196.41348361968994, 43.36366128921509, 693932.7490234375)
[INFO] - IDLV needed 196.41348361968994 seconds!
(False, 558.0355072021484, 248.62170934677124, 598592.412109375)
[INFO] - NEWGROUND-IDLV needed 558.0355072021484 seconds!
(True, 10800, 10800, 61478.9384765625)
[INFO] - NEWGROUND-GRINGO timed out (10800)!

>>>> Now solving: instance_0300.lp

Ran out of input
(True, 10800, 10800, 9223372036854775807)
[INFO] - GRINGO timed out (10800)!
(False, 306.1462516784668, 64.25784921646118, 1098096.8642578125)
[INFO] - IDLV needed 306.1462516784668 seconds!
(False, 901.8098893165588, 346.89203119277954, 943557.3212890625)
[INFO] - NEWGROUND-IDLV needed 901.8098893165588 seconds!
(True, 10800, 10800, 82135.83203125)
[INFO] - NEWGROUND-GRINGO timed out (10800)!

>>>> Now solving: instance_0340.lp

Ran out of input
(True, 10800, 10800, 9223372036854775807)
[INFO] - GRINGO timed out (10800)!
(False, 545.5224010944366, 113.05402493476868, 1608909.90234375)
[INFO] - IDLV needed 545.5224010944366 seconds!
(False, 1659.4487373828888, 539.2261126041412, 1376545.3056640625)
[INFO] - NEWGROUND-IDLV needed 1659.4487373828888 seconds!
(True, 10800, 10800, 105775.6982421875)
[INFO] - NEWGROUND-GRINGO timed out (10800)!

>>>> Now solving: instance_0380.lp

Ran out of input
(True, 10800, 10800, 9223372036854775807)
[INFO] - GRINGO timed out (10800)!
(True, 10800, 150.349750995636, 2250054.2314453125)
[INFO] - IDLV timed out (10800)!
(False, 1905.9927740097046, 655.3576078414917, 1917333.162109375)
[INFO] - NEWGROUND-IDLV needed 1905.9927740097046 seconds!
(True, 10800, 10800, 132409.52734375)
[INFO] - NEWGROUND-GRINGO timed out (10800)!
