
>>>> Now solving: instance_0020.lp

(False, 0.39995455741882324, 0.17339682579040527, 1341.4013671875)
[INFO] - GRINGO needed 0.39995455741882324 seconds!
(False, 0.07731223106384277, 0.036827802658081055, 209.75390625)
[INFO] - IDLV needed 0.07731223106384277 seconds!
(False, 1.47257661819458, 1.4118213653564453, 279.798828125)
[INFO] - NEWGROUND-IDLV needed 1.47257661819458 seconds!
(False, 1.8238425254821777, 1.5850331783294678, 1387.36328125)
[INFO] - NEWGROUND-GRINGO needed 1.8238425254821777 seconds!

>>>> Now solving: instance_0060.lp

(False, 41.94093084335327, 14.056440114974976, 146054.8935546875)
[INFO] - GRINGO needed 41.94093084335327 seconds!
(False, 2.062345504760742, 0.5722465515136719, 6536.056640625)
[INFO] - IDLV needed 2.062345504760742 seconds!
(False, 13.520759105682373, 11.386105298995972, 6559.96484375)
[INFO] - NEWGROUND-IDLV needed 13.520759105682373 seconds!
(False, 56.37439298629761, 26.34523892402649, 145289.625)
[INFO] - NEWGROUND-GRINGO needed 56.37439298629761 seconds!

>>>> Now solving: instance_0100.lp

(False, 369.38287687301636, 112.85892963409424, 1261376.3837890625)
[INFO] - GRINGO needed 369.38287687301636 seconds!
(False, 10.353502750396729, 2.6180431842803955, 33855.5986328125)
[INFO] - IDLV needed 10.353502750396729 seconds!
(False, 43.65870761871338, 32.41414785385132, 32809.0107421875)
[INFO] - NEWGROUND-IDLV needed 43.65870761871338 seconds!
(False, 412.56039237976074, 153.2233669757843, 1268769.630859375)
[INFO] - NEWGROUND-GRINGO needed 412.56039237976074 seconds!

>>>> Now solving: instance_0140.lp

(True, 10800, 451.5002934932709, 4929479.2919921875)
[INFO] - GRINGO timed out (10800)!
(False, 29.776976823806763, 7.044369220733643, 94074.0908203125)
[INFO] - IDLV needed 29.776976823806763 seconds!
(False, 103.35609436035156, 67.48314118385315, 88243.9013671875)
[INFO] - NEWGROUND-IDLV needed 103.35609436035156 seconds!
(True, 10800, 558.0004227161407, 4911540.052734375)
[INFO] - NEWGROUND-GRINGO timed out (10800)!

>>>> Now solving: instance_0180.lp

(True, 10800, 1216.8066473007202, 13832733.974609375)
[INFO] - GRINGO timed out (10800)!
(False, 65.81896615028381, 13.479973077774048, 200422.681640625)
[INFO] - IDLV needed 65.81896615028381 seconds!
(False, 203.66984510421753, 108.6279718875885, 185267.8974609375)
[INFO] - NEWGROUND-IDLV needed 203.66984510421753 seconds!
Ran out of input
(True, 10800, 10800, 9223372036854775807)
[INFO] - NEWGROUND-GRINGO timed out (10800)!

>>>> Now solving: instance_0220.lp

(True, 10800, 10800, 31207984.666015625)
[INFO] - GRINGO timed out (10800)!
(False, 120.53241896629333, 27.40404510498047, 366457.9619140625)
[INFO] - IDLV needed 120.53241896629333 seconds!
(False, 364.29378509521484, 179.3498809337616, 335389.6083984375)
[INFO] - NEWGROUND-IDLV needed 364.29378509521484 seconds!
(True, 10800, 10800, 43745.8974609375)
[INFO] - NEWGROUND-GRINGO timed out (10800)!

>>>> Now solving: instance_0260.lp

Ran out of input
(True, 10800, 10800, 9223372036854775807)
[INFO] - GRINGO timed out (10800)!
(False, 203.3622124195099, 42.10173797607422, 624484.970703125)
[INFO] - IDLV needed 203.3622124195099 seconds!
(False, 609.7807023525238, 279.4261348247528, 572608.6923828125)
[INFO] - NEWGROUND-IDLV needed 609.7807023525238 seconds!
(True, 10800, 10800, 61386.5888671875)
[INFO] - NEWGROUND-GRINGO timed out (10800)!

>>>> Now solving: instance_0300.lp

Ran out of input
(True, 10800, 10800, 9223372036854775807)
[INFO] - GRINGO timed out (10800)!
(False, 293.05637669563293, 60.16188144683838, 1017993.765625)
[INFO] - IDLV needed 293.05637669563293 seconds!
(False, 870.9276678562164, 330.4645175933838, 930856.568359375)
[INFO] - NEWGROUND-IDLV needed 870.9276678562164 seconds!
(True, 10800, 10800, 82014.9345703125)
[INFO] - NEWGROUND-GRINGO timed out (10800)!

>>>> Now solving: instance_0340.lp

Ran out of input
(True, 10800, 10800, 9223372036854775807)
[INFO] - GRINGO timed out (10800)!
(False, 434.7409679889679, 88.5643219947815, 1509694.7109375)
[INFO] - IDLV needed 434.7409679889679 seconds!
(False, 1290.051359653473, 447.3109622001648, 1376364.794921875)
[INFO] - NEWGROUND-IDLV needed 1290.051359653473 seconds!
(True, 10800, 10800, 105618.7734375)
[INFO] - NEWGROUND-GRINGO timed out (10800)!

>>>> Now solving: instance_0380.lp

Ran out of input
(True, 10800, 10800, 9223372036854775807)
[INFO] - GRINGO timed out (10800)!
(False, 597.6034173965454, 122.87087273597717, 2117172.841796875)
[INFO] - IDLV needed 597.6034173965454 seconds!
(False, 1777.5682020187378, 555.796136379242, 1916679.38671875)
[INFO] - NEWGROUND-IDLV needed 1777.5682020187378 seconds!
(True, 10800, 10800, 132208.7060546875)
[INFO] - NEWGROUND-GRINGO timed out (10800)!
