
>>>> Now solving: instance_0020.lp

(False, 0.328737735748291, 0.14420342445373535, 1103.6064453125)
[INFO] - GRINGO needed 0.328737735748291 seconds!
(False, 0.07686758041381836, 0.03634285926818848, 200.177734375)
[INFO] - IDLV needed 0.07686758041381836 seconds!
(False, 1.369018316268921, 1.3048932552337646, 277.2744140625)
[INFO] - NEWGROUND-IDLV needed 1.369018316268921 seconds!
(False, 1.6548874378204346, 1.451716423034668, 1165.99609375)
[INFO] - NEWGROUND-GRINGO needed 1.6548874378204346 seconds!

>>>> Now solving: instance_0060.lp

(False, 32.261014461517334, 10.657828092575073, 115812.451171875)
[INFO] - GRINGO needed 32.261014461517334 seconds!
(False, 1.8577122688293457, 0.5202529430389404, 6210.779296875)
[INFO] - IDLV needed 1.8577122688293457 seconds!
(False, 11.690187931060791, 9.716256141662598, 6559.53125)
[INFO] - NEWGROUND-IDLV needed 11.690187931060791 seconds!
(False, 44.617103099823, 22.185251474380493, 115719.673828125)
[INFO] - NEWGROUND-GRINGO needed 44.617103099823 seconds!

>>>> Now solving: instance_0100.lp

(False, 287.6768116950989, 86.97273564338684, 940227.150390625)
[INFO] - GRINGO needed 287.6768116950989 seconds!
(False, 9.862982273101807, 2.3704872131347656, 30569.8701171875)
[INFO] - IDLV needed 9.862982273101807 seconds!
(False, 42.85099506378174, 30.949617862701416, 32340.0107421875)
[INFO] - NEWGROUND-IDLV needed 42.85099506378174 seconds!
(False, 325.5321698188782, 122.27093124389648, 948481.7646484375)
[INFO] - NEWGROUND-GRINGO needed 325.5321698188782 seconds!

>>>> Now solving: instance_0140.lp

(True, 10800, 323.57326674461365, 3560606.794921875)
[INFO] - GRINGO timed out (10800)!
(False, 28.336490869522095, 6.554440975189209, 88651.7978515625)
[INFO] - IDLV needed 28.336490869522095 seconds!
(False, 100.46655106544495, 64.29605221748352, 88142.5712890625)
[INFO] - NEWGROUND-IDLV needed 100.46655106544495 seconds!
(True, 10800, 422.5520853996277, 3554187.912109375)
[INFO] - NEWGROUND-GRINGO timed out (10800)!

>>>> Now solving: instance_0180.lp

(True, 10800, 1049.57533121109, 10522968.771484375)
[INFO] - GRINGO timed out (10800)!
(False, 64.52026128768921, 14.092372179031372, 190227.0)
[INFO] - IDLV needed 64.52026128768921 seconds!
(False, 209.1112048625946, 113.50412678718567, 185272.142578125)
[INFO] - NEWGROUND-IDLV needed 209.1112048625946 seconds!
(True, 10800, 10800, 29041.150390625)
[INFO] - NEWGROUND-GRINGO timed out (10800)!

>>>> Now solving: instance_0220.lp

(True, 10800, 10800, 23484472.672851562)
[INFO] - GRINGO timed out (10800)!
(False, 103.5975353717804, 21.611152172088623, 347085.2197265625)
[INFO] - IDLV needed 103.5975353717804 seconds!
(False, 354.20919704437256, 171.58213210105896, 335394.625)
[INFO] - NEWGROUND-IDLV needed 354.20919704437256 seconds!
(True, 10800, 10800, 23446029.510742188)
[INFO] - NEWGROUND-GRINGO timed out (10800)!

>>>> Now solving: instance_0260.lp

Ran out of input
(True, 10800, 10800, 9223372036854775807)
[INFO] - GRINGO timed out (10800)!
(False, 237.30486011505127, 42.05268740653992, 584383.4111328125)
[INFO] - IDLV needed 237.30486011505127 seconds!
(False, 715.9503741264343, 265.4195671081543, 561919.7275390625)
[INFO] - NEWGROUND-IDLV needed 715.9503741264343 seconds!
(True, 10800, 10800, 61302.083984375)
[INFO] - NEWGROUND-GRINGO timed out (10800)!

>>>> Now solving: instance_0300.lp

Ran out of input
(True, 10800, 10800, 9223372036854775807)
[INFO] - GRINGO timed out (10800)!
(False, 309.83277344703674, 63.62179136276245, 923489.3935546875)
[INFO] - IDLV needed 309.83277344703674 seconds!
(False, 812.0072333812714, 322.7763240337372, 889149.8720703125)
[INFO] - NEWGROUND-IDLV needed 812.0072333812714 seconds!
(True, 10800, 10800, 81888.7861328125)
[INFO] - NEWGROUND-GRINGO timed out (10800)!

>>>> Now solving: instance_0340.lp

Ran out of input
(True, 10800, 10800, 9223372036854775807)
[INFO] - GRINGO timed out (10800)!
(False, 407.7801864147186, 83.88518381118774, 1410534.8076171875)
[INFO] - IDLV needed 407.7801864147186 seconds!
(False, 1146.1662743091583, 402.2844524383545, 1354846.7294921875)
[INFO] - NEWGROUND-IDLV needed 1146.1662743091583 seconds!
(True, 10800, 10800, 105457.3154296875)
[INFO] - NEWGROUND-GRINGO timed out (10800)!

>>>> Now solving: instance_0380.lp

Ran out of input
(True, 10800, 10800, 9223372036854775807)
[INFO] - GRINGO timed out (10800)!
(False, 593.8946912288666, 114.68807721138, 2001341.4033203125)
[INFO] - IDLV needed 593.8946912288666 seconds!
(False, 1689.636779308319, 527.4950952529907, 1913587.3017578125)
[INFO] - NEWGROUND-IDLV needed 1689.636779308319 seconds!
(True, 10800, 10800, 132009.462890625)
[INFO] - NEWGROUND-GRINGO timed out (10800)!
