
>>>> Now solving: instance_0020.lp

(False, 0.2585287094116211, 0.09679269790649414, 707.4912109375)
[INFO] - GRINGO needed 0.2585287094116211 seconds!
(False, 0.07233905792236328, 0.03136110305786133, 186.30078125)
[INFO] - IDLV needed 0.07233905792236328 seconds!
(False, 1.2735569477081299, 1.2077150344848633, 273.306640625)
[INFO] - NEWGROUND-IDLV needed 1.2735569477081299 seconds!
(False, 1.4791679382324219, 1.317690372467041, 798.2431640625)
[INFO] - NEWGROUND-GRINGO needed 1.4791679382324219 seconds!

>>>> Now solving: instance_0060.lp

(False, 21.365090131759644, 6.956335067749023, 72484.009765625)
[INFO] - GRINGO needed 21.365090131759644 seconds!
(False, 1.6738688945770264, 0.4399445056915283, 5863.9169921875)
[INFO] - IDLV needed 1.6738688945770264 seconds!
(False, 10.43709659576416, 8.430760860443115, 6559.470703125)
[INFO] - NEWGROUND-IDLV needed 10.43709659576416 seconds!
(False, 31.624249935150146, 16.204872846603394, 75545.4501953125)
[INFO] - NEWGROUND-GRINGO needed 31.624249935150146 seconds!

>>>> Now solving: instance_0100.lp

(False, 183.83317923545837, 56.08910512924194, 617903.3359375)
[INFO] - GRINGO needed 183.83317923545837 seconds!
(False, 9.293118953704834, 2.204810380935669, 28597.75390625)
[INFO] - IDLV needed 9.293118953704834 seconds!
(False, 40.833845376968384, 29.138602256774902, 30755.99609375)
[INFO] - NEWGROUND-IDLV needed 40.833845376968384 seconds!
(False, 225.5826497077942, 92.47798585891724, 625383.7353515625)
[INFO] - NEWGROUND-GRINGO needed 225.5826497077942 seconds!

>>>> Now solving: instance_0140.lp

(True, 10800, 230.00942373275757, 2459630.173828125)
[INFO] - GRINGO timed out (10800)!
(False, 26.73550534248352, 6.055637359619141, 84833.7294921875)
[INFO] - IDLV needed 26.73550534248352 seconds!
(False, 96.10560417175293, 60.29505753517151, 88142.830078125)
[INFO] - NEWGROUND-IDLV needed 96.10560417175293 seconds!
(True, 10800, 300.36569452285767, 2477721.9365234375)
[INFO] - NEWGROUND-GRINGO timed out (10800)!

>>>> Now solving: instance_0180.lp

(True, 10800, 621.2388031482697, 6845925.818359375)
[INFO] - GRINGO timed out (10800)!
(False, 62.90436267852783, 13.48157000541687, 181968.2548828125)
[INFO] - IDLV needed 62.90436267852783 seconds!
(False, 203.6258246898651, 107.32993412017822, 184997.384765625)
[INFO] - NEWGROUND-IDLV needed 203.6258246898651 seconds!
(True, 10800, 757.0772473812103, 6843063.5283203125)
[INFO] - NEWGROUND-GRINGO timed out (10800)!

>>>> Now solving: instance_0220.lp

(True, 10800, 1366.200312614441, 15702334.854492188)
[INFO] - GRINGO timed out (10800)!
(False, 114.87747621536255, 23.759011030197144, 332818.7333984375)
[INFO] - IDLV needed 114.87747621536255 seconds!
(False, 344.72233986854553, 167.71613907814026, 335398.5)
[INFO] - NEWGROUND-IDLV needed 344.72233986854553 seconds!
(True, 10800, 1582.4039199352264, 15694066.658203125)
[INFO] - NEWGROUND-GRINGO timed out (10800)!

>>>> Now solving: instance_0260.lp

Ran out of input
(True, 10800, 10800, 9223372036854775807)
[INFO] - GRINGO timed out (10800)!
(False, 212.70299983024597, 39.66704535484314, 549656.0185546875)
[INFO] - IDLV needed 212.70299983024597 seconds!
(False, 637.2046144008636, 242.78171634674072, 551989.5009765625)
[INFO] - NEWGROUND-IDLV needed 637.2046144008636 seconds!
(True, 10800, 10800, 61202.3515625)
[INFO] - NEWGROUND-GRINGO timed out (10800)!

>>>> Now solving: instance_0300.lp

Ran out of input
(True, 10800, 10800, 9223372036854775807)
[INFO] - GRINGO timed out (10800)!
(False, 323.50992369651794, 61.09037923812866, 870449.50390625)
[INFO] - IDLV needed 323.50992369651794 seconds!
(False, 895.2529056072235, 333.4557328224182, 872052.8369140625)
[INFO] - NEWGROUND-IDLV needed 895.2529056072235 seconds!
(True, 10800, 10800, 81764.314453125)
[INFO] - NEWGROUND-GRINGO timed out (10800)!

>>>> Now solving: instance_0340.lp

Ran out of input
(True, 10800, 10800, 9223372036854775807)
[INFO] - GRINGO timed out (10800)!
(False, 410.7986705303192, 77.20595741271973, 1295989.322265625)
[INFO] - IDLV needed 410.7986705303192 seconds!
(False, 1237.8075454235077, 399.9539692401886, 1294573.1416015625)
[INFO] - NEWGROUND-IDLV needed 1237.8075454235077 seconds!
(True, 10800, 10800, 105297.7890625)
[INFO] - NEWGROUND-GRINGO timed out (10800)!

>>>> Now solving: instance_0380.lp

Ran out of input
(True, 10800, 10800, 9223372036854775807)
[INFO] - GRINGO timed out (10800)!
(False, 567.958737373352, 100.34147453308105, 1839192.7705078125)
[INFO] - IDLV needed 567.958737373352 seconds!
(False, 1632.4563732147217, 502.4963104724884, 1829019.4912109375)
[INFO] - NEWGROUND-IDLV needed 1632.4563732147217 seconds!
(True, 10800, 10800, 131807.00390625)
[INFO] - NEWGROUND-GRINGO timed out (10800)!
