
>>>> Now solving: instance_0020.lp

(False, 0.07080531120300293, 0.03660845756530762, 199.390625)
[INFO] - GRINGO needed 0.07080531120300293 seconds!
(False, 0.038893938064575195, 0.024458885192871094, 81.671875)
[INFO] - IDLV needed 0.038893938064575195 seconds!
(False, 1.1404368877410889, 1.0971472263336182, 167.7919921875)
[INFO] - NEWGROUND-IDLV needed 1.1404368877410889 seconds!
(False, 1.2033321857452393, 1.1401448249816895, 303.7490234375)
[INFO] - NEWGROUND-GRINGO needed 1.2033321857452393 seconds!

>>>> Now solving: instance_0060.lp

(False, 10.333401441574097, 3.3693525791168213, 37796.2412109375)
[INFO] - GRINGO needed 10.333401441574097 seconds!
(False, 1.5283010005950928, 0.3876338005065918, 5481.7373046875)
[INFO] - IDLV needed 1.5283010005950928 seconds!
(False, 9.39289116859436, 7.565233469009399, 6366.7509765625)
[INFO] - NEWGROUND-IDLV needed 9.39289116859436 seconds!
(False, 18.65633273124695, 11.319935083389282, 39886.76953125)
[INFO] - NEWGROUND-GRINGO needed 18.65633273124695 seconds!

>>>> Now solving: instance_0100.lp

(False, 85.99109220504761, 27.28206992149353, 316270.1943359375)
[INFO] - GRINGO needed 85.99109220504761 seconds!
(False, 7.979296684265137, 1.804516077041626, 27129.9658203125)
[INFO] - IDLV needed 7.979296684265137 seconds!
(False, 32.39323878288269, 22.151835918426514, 30071.4189453125)
[INFO] - NEWGROUND-IDLV needed 32.39323878288269 seconds!
(False, 115.78289270401001, 51.82703971862793, 322215.4462890625)
[INFO] - NEWGROUND-GRINGO needed 115.78289270401001 seconds!

>>>> Now solving: instance_0140.lp

(False, 348.20074248313904, 105.9483060836792, 1281620.1708984375)
[INFO] - GRINGO needed 348.20074248313904 seconds!
(False, 25.929736852645874, 5.169654130935669, 78498.2353515625)
[INFO] - IDLV needed 25.929736852645874 seconds!
(False, 93.42504906654358, 56.23003053665161, 84475.373046875)
[INFO] - NEWGROUND-IDLV needed 93.42504906654358 seconds!
(False, 476.61484003067017, 188.46730208396912, 1295712.5966796875)
[INFO] - NEWGROUND-GRINGO needed 476.61484003067017 seconds!

>>>> Now solving: instance_0180.lp

(True, 10800, 340.8164415359497, 3540175.9599609375)
[INFO] - GRINGO timed out (10800)!
(False, 60.03439140319824, 12.707154035568237, 175836.2177734375)
[INFO] - IDLV needed 60.03439140319824 seconds!
(False, 186.25022506713867, 98.71282124519348, 184636.3095703125)
[INFO] - NEWGROUND-IDLV needed 186.25022506713867 seconds!
(True, 10800, 441.9734950065613, 3567416.658203125)
[INFO] - NEWGROUND-GRINGO timed out (10800)!

>>>> Now solving: instance_0220.lp

(True, 10800, 769.6841723918915, 8040786.490234375)
[INFO] - GRINGO timed out (10800)!
(False, 115.52343249320984, 22.680277585983276, 323877.7099609375)
[INFO] - IDLV needed 115.52343249320984 seconds!
(False, 320.7533996105194, 147.56637573242188, 335337.6904296875)
[INFO] - NEWGROUND-IDLV needed 320.7533996105194 seconds!
(True, 10800, 949.5474345684052, 8049945.6376953125)
[INFO] - NEWGROUND-GRINGO timed out (10800)!

>>>> Now solving: instance_0260.lp

(True, 10800, 1426.73162150383, 15610448.459960938)
[INFO] - GRINGO timed out (10800)!
(False, 182.52596497535706, 37.81833744049072, 534930.6201171875)
[INFO] - IDLV needed 182.52596497535706 seconds!
(False, 506.9678752422333, 209.3879702091217, 550154.7783203125)
[INFO] - NEWGROUND-IDLV needed 506.9678752422333 seconds!
(True, 10800, 1723.7236258983612, 15920725.1328125)
[INFO] - NEWGROUND-GRINGO timed out (10800)!

>>>> Now solving: instance_0300.lp

(True, 10800, 10800, 29143915.34375)
[INFO] - GRINGO timed out (10800)!
(False, 322.1919410228729, 58.12410306930542, 832056.52734375)
[INFO] - IDLV needed 322.1919410228729 seconds!
(False, 987.3177320957184, 322.8243486881256, 857921.78515625)
[INFO] - NEWGROUND-IDLV needed 987.3177320957184 seconds!
(True, 10800, 10800, 29250309.037109375)
[INFO] - NEWGROUND-GRINGO timed out (10800)!

>>>> Now solving: instance_0340.lp

Ran out of input
(True, 10800, 10800, 9223372036854775807)
[INFO] - GRINGO timed out (10800)!
(False, 399.63083934783936, 71.83547759056091, 1240646.8232421875)
[INFO] - IDLV needed 399.63083934783936 seconds!
(False, 1218.0933103561401, 419.4881455898285, 1270715.845703125)
[INFO] - NEWGROUND-IDLV needed 1218.0933103561401 seconds!
(True, 10800, 10800, 105142.240234375)
[INFO] - NEWGROUND-GRINGO timed out (10800)!

>>>> Now solving: instance_0380.lp

Ran out of input
(True, 10800, 10800, 9223372036854775807)
[INFO] - GRINGO timed out (10800)!
(False, 620.9674272537231, 101.81394839286804, 1759787.5068359375)
[INFO] - IDLV needed 620.9674272537231 seconds!
(False, 1999.2850394248962, 581.572455406189, 1797485.9560546875)
[INFO] - NEWGROUND-IDLV needed 1999.2850394248962 seconds!
(True, 10800, 10800, 131606.4755859375)
[INFO] - NEWGROUND-GRINGO timed out (10800)!
