
>>>> Now solving: instance_0010.lp

(False, 1.323782205581665, 0.0731954574584961, 464.580078125)
[INFO] - GRINGO needed 1.323782205581665 seconds!
(False, 1.369480848312378, 0.0947260856628418, 618.2041015625)
[INFO] - IDLV needed 1.369480848312378 seconds!
(False, 1.5059797763824463, 1.356618881225586, 97.5048828125)
[INFO] - NEWGROUND-IDLV needed 1.5059797763824463 seconds!
(False, 1.3793022632598877, 1.358513593673706, 58.7041015625)
[INFO] - NEWGROUND-GRINGO needed 1.3793022632598877 seconds!

>>>> Now solving: instance_0012.lp

(False, 4.85485053062439, 0.23509788513183594, 1751.09765625)
[INFO] - GRINGO needed 4.85485053062439 seconds!
(False, 5.018972873687744, 0.3179342746734619, 2327.7861328125)
[INFO] - IDLV needed 5.018972873687744 seconds!
(False, 1.9958610534667969, 1.77154541015625, 149.724609375)
[INFO] - NEWGROUND-IDLV needed 1.9958610534667969 seconds!
(False, 1.7804412841796875, 1.7569208145141602, 84.6162109375)
[INFO] - NEWGROUND-GRINGO needed 1.7804412841796875 seconds!

>>>> Now solving: instance_0014.lp

(False, 13.531742334365845, 0.6095962524414062, 5003.982421875)
[INFO] - GRINGO needed 13.531742334365845 seconds!
(False, 13.745768547058105, 0.8410663604736328, 6628.6962890625)
[INFO] - IDLV needed 13.745768547058105 seconds!
(False, 2.5708794593811035, 2.2297580242156982, 206.037109375)
[INFO] - NEWGROUND-IDLV needed 2.5708794593811035 seconds!
(False, 2.277237892150879, 2.245980739593506, 115.2421875)
[INFO] - NEWGROUND-GRINGO needed 2.277237892150879 seconds!

>>>> Now solving: instance_0016.lp

(False, 31.451788425445557, 1.4070096015930176, 11917.34375)
[INFO] - GRINGO needed 31.451788425445557 seconds!
(False, 35.2703583240509, 1.9416704177856445, 15732.1220703125)
[INFO] - IDLV needed 35.2703583240509 seconds!
(False, 3.640474319458008, 3.0543267726898193, 271.279296875)
[INFO] - NEWGROUND-IDLV needed 3.640474319458008 seconds!
(False, 3.0039618015289307, 2.960688352584839, 150.8740234375)
[INFO] - NEWGROUND-GRINGO needed 3.0039618015289307 seconds!

>>>> Now solving: instance_0018.lp

(False, 72.51563835144043, 3.0011801719665527, 24959.291015625)
[INFO] - GRINGO needed 72.51563835144043 seconds!
(False, 68.72469830513, 3.9547841548919678, 32850.1259765625)
[INFO] - IDLV needed 68.72469830513 seconds!
(False, 4.529900550842285, 3.5724709033966064, 345.451171875)
[INFO] - NEWGROUND-IDLV needed 4.529900550842285 seconds!
(False, 3.6099791526794434, 3.557755947113037, 199.7744140625)
[INFO] - NEWGROUND-GRINGO needed 3.6099791526794434 seconds!

>>>> Now solving: instance_0020.lp

(False, 126.12571334838867, 5.258445501327515, 47518.18359375)
[INFO] - GRINGO needed 126.12571334838867 seconds!
(False, 127.86516666412354, 7.215734481811523, 62383.1455078125)
[INFO] - IDLV needed 127.86516666412354 seconds!
(False, 5.233858346939087, 4.402120113372803, 428.552734375)
[INFO] - NEWGROUND-IDLV needed 5.233858346939087 seconds!
(False, 4.480186223983765, 4.418186664581299, 251.91796875)
[INFO] - NEWGROUND-GRINGO needed 4.480186223983765 seconds!

>>>> Now solving: instance_0030.lp

(True, 1800, 57.49170970916748, 504504.40625)
[INFO] - GRINGO timed out (1800)!
(True, 1800, 75.74320936203003, 657100.0419921875)
[INFO] - IDLV timed out (1800)!
(False, 11.471212387084961, 9.642762422561646, 978.0078125)
[INFO] - NEWGROUND-IDLV needed 11.471212387084961 seconds!
(False, 9.823423147201538, 9.672175407409668, 600.5849609375)
[INFO] - NEWGROUND-GRINGO needed 9.823423147201538 seconds!

>>>> Now solving: instance_0040.lp

(True, 1800, 270.85127663612366, 2492749.416015625)
[INFO] - GRINGO timed out (1800)!
(True, 1800, 360.64180421829224, 3233698.5771484375)
[INFO] - IDLV timed out (1800)!
(False, 22.0816068649292, 18.194053173065186, 1826.4970703125)
[INFO] - NEWGROUND-IDLV needed 22.0816068649292 seconds!
(False, 18.279412269592285, 17.993598222732544, 1069.9990234375)
[INFO] - NEWGROUND-GRINGO needed 18.279412269592285 seconds!

>>>> Now solving: instance_0050.lp

(True, 1800, 878.3066644668579, 8348579.38671875)
[INFO] - GRINGO timed out (1800)!
Ran out of input
(True, 1800, 1800, 9223372036854775807)
[INFO] - IDLV timed out (1800)!
(False, 41.79762411117554, 33.20752668380737, 2864.8369140625)
[INFO] - NEWGROUND-IDLV needed 41.79762411117554 seconds!
(False, 34.61573672294617, 33.2362539768219, 1673.9833984375)
[INFO] - NEWGROUND-GRINGO needed 34.61573672294617 seconds!

>>>> Now solving: instance_0060.lp

(True, 1800, 1800, 14560464.0)
[INFO] - GRINGO timed out (1800)!
Ran out of input
(True, 1800, 1800, 9223372036854775807)
[INFO] - IDLV timed out (1800)!
(False, 58.12450647354126, 44.10743546485901, 4135.7939453125)
[INFO] - NEWGROUND-IDLV needed 58.12450647354126 seconds!
(False, 45.016565799713135, 44.286266565322876, 2412.5380859375)
[INFO] - NEWGROUND-GRINGO needed 45.016565799713135 seconds!

>>>> Now solving: instance_0070.lp

(True, 1800, 1800, 114.6337890625)
[INFO] - GRINGO timed out (1800)!
Ran out of input
(True, 1800, 1800, 9223372036854775807)
[INFO] - IDLV timed out (1800)!
(False, 88.65362215042114, 62.14308953285217, 5639.3681640625)
[INFO] - NEWGROUND-IDLV needed 88.65362215042114 seconds!
(False, 64.06672143936157, 62.956907510757446, 3465.3544921875)
[INFO] - NEWGROUND-GRINGO needed 64.06672143936157 seconds!

>>>> Now solving: instance_0080.lp

(True, 1800, 1800, 150.5322265625)
[INFO] - GRINGO timed out (1800)!
Ran out of input
(True, 1800, 1800, 9223372036854775807)
[INFO] - IDLV timed out (1800)!
(False, 117.43444967269897, 85.37145185470581, 7375.5595703125)
[INFO] - NEWGROUND-IDLV needed 117.43444967269897 seconds!
(False, 89.1995952129364, 86.87051010131836, 4591.5712890625)
[INFO] - NEWGROUND-GRINGO needed 89.1995952129364 seconds!

>>>> Now solving: instance_0090.lp

(True, 1800, 1800, 191.3134765625)
[INFO] - GRINGO timed out (1800)!
Ran out of input
(True, 1800, 1800, 9223372036854775807)
[INFO] - IDLV timed out (1800)!
(False, 197.03250432014465, 114.5482165813446, 9344.3681640625)
[INFO] - NEWGROUND-IDLV needed 197.03250432014465 seconds!
(False, 122.9512550830841, 117.14952349662781, 5867.740234375)
[INFO] - NEWGROUND-GRINGO needed 122.9512550830841 seconds!

>>>> Now solving: instance_0100.lp

(True, 1800, 1800, 236.9775390625)
[INFO] - GRINGO timed out (1800)!
Ran out of input
(True, 1800, 1800, 9223372036854775807)
[INFO] - IDLV timed out (1800)!
(False, 308.80124497413635, 147.44094157218933, 11545.7939453125)
[INFO] - NEWGROUND-IDLV needed 308.80124497413635 seconds!
(False, 154.0357642173767, 147.57883501052856, 7486.775390625)
[INFO] - NEWGROUND-GRINGO needed 154.0357642173767 seconds!

>>>> Now solving: instance_0110.lp

(True, 1800, 1800, 291.7919921875)
[INFO] - GRINGO timed out (1800)!
Ran out of input
(True, 1800, 1800, 9223372036854775807)
[INFO] - IDLV timed out (1800)!
(False, 271.0958833694458, 183.831068277359, 14645.044921875)
[INFO] - NEWGROUND-IDLV needed 271.0958833694458 seconds!
(False, 264.61965680122375, 190.45148968696594, 9067.484375)
[INFO] - NEWGROUND-GRINGO needed 264.61965680122375 seconds!

>>>> Now solving: instance_0120.lp

(True, 1800, 1800, 352.2705078125)
[INFO] - GRINGO timed out (1800)!
Ran out of input
(True, 1800, 1800, 9223372036854775807)
[INFO] - IDLV timed out (1800)!
(False, 385.2309515476227, 230.0378794670105, 17532.837890625)
[INFO] - NEWGROUND-IDLV needed 385.2309515476227 seconds!
(False, 249.4791955947876, 234.44071650505066, 10799.4228515625)
[INFO] - NEWGROUND-GRINGO needed 249.4791955947876 seconds!

>>>> Now solving: instance_0130.lp

(True, 1800, 1800, 418.4130859375)
[INFO] - GRINGO timed out (1800)!
Ran out of input
(True, 1800, 1800, 9223372036854775807)
[INFO] - IDLV timed out (1800)!
(False, 543.3335521221161, 292.41835618019104, 20680.005859375)
[INFO] - NEWGROUND-IDLV needed 543.3335521221161 seconds!
(False, 301.5943400859833, 286.0666973590851, 12682.630859375)
[INFO] - NEWGROUND-GRINGO needed 301.5943400859833 seconds!

>>>> Now solving: instance_0140.lp

(True, 1800, 1800, 490.2197265625)
[INFO] - GRINGO timed out (1800)!
Ran out of input
(True, 1800, 1800, 9223372036854775807)
[INFO] - IDLV timed out (1800)!
(False, 721.4575502872467, 345.02017307281494, 24086.548828125)
