
>>>> Now solving: instance_0010.lp

(False, 21.382383346557617, 0.9583544731140137, 7817.861328125)
[INFO] - GRINGO needed 21.382383346557617 seconds!
(False, 21.334373712539673, 1.353710412979126, 9758.1259765625)
[INFO] - IDLV needed 21.334373712539673 seconds!
(False, 2.3457348346710205, 2.126845598220825, 147.5302734375)
[INFO] - NEWGROUND-IDLV needed 2.3457348346710205 seconds!
(False, 2.172293186187744, 2.1478404998779297, 84.6650390625)
[INFO] - NEWGROUND-GRINGO needed 2.172293186187744 seconds!

>>>> Now solving: instance_0012.lp

(False, 193.56960129737854, 8.27047085762024, 75342.97265625)
[INFO] - GRINGO needed 193.56960129737854 seconds!
(False, 203.3480520248413, 12.455971956253052, 93190.5205078125)
[INFO] - IDLV needed 203.3480520248413 seconds!
(False, 3.558225631713867, 3.2135279178619385, 225.0625)
[INFO] - NEWGROUND-IDLV needed 3.558225631713867 seconds!
(False, 2.963909864425659, 2.9286088943481445, 120.9052734375)
[INFO] - NEWGROUND-GRINGO needed 2.963909864425659 seconds!

>>>> Now solving: instance_0014.lp

(True, 1800, 46.61791014671326, 405466.716796875)
[INFO] - GRINGO timed out (1800)!
(True, 1800, 56.66512084007263, 498337.7197265625)
[INFO] - IDLV timed out (1800)!
(False, 4.8722662925720215, 4.213601589202881, 307.48046875)
[INFO] - NEWGROUND-IDLV needed 4.8722662925720215 seconds!
(False, 3.7293777465820312, 3.685899496078491, 163.583984375)
[INFO] - NEWGROUND-GRINGO needed 3.7293777465820312 seconds!

>>>> Now solving: instance_0016.lp

(True, 1800, 168.36631107330322, 1558368.5)
[INFO] - GRINGO timed out (1800)!
(True, 1800, 224.46984100341797, 1906707.1455078125)
[INFO] - IDLV timed out (1800)!
(False, 5.880251407623291, 5.185853719711304, 402.609375)
[INFO] - NEWGROUND-IDLV needed 5.880251407623291 seconds!
(False, 5.5259575843811035, 5.463705062866211, 221.759765625)
[INFO] - NEWGROUND-GRINGO needed 5.5259575843811035 seconds!

>>>> Now solving: instance_0018.lp

(True, 1800, 503.3949685096741, 4797425.853515625)
[INFO] - GRINGO timed out (1800)!
(True, 1800, 641.3092453479767, 5850266.8447265625)
[INFO] - IDLV timed out (1800)!
(False, 7.586230754852295, 6.783712148666382, 510.44921875)
[INFO] - NEWGROUND-IDLV needed 7.586230754852295 seconds!
(False, 6.053079128265381, 5.98339056968689, 286.19921875)
[INFO] - NEWGROUND-GRINGO needed 6.053079128265381 seconds!

>>>> Now solving: instance_0020.lp

(True, 1800, 1347.402168750763, 12609200.68359375)
[INFO] - GRINGO timed out (1800)!
(True, 1800, 1800, 15337114.240234375)
[INFO] - IDLV timed out (1800)!
(False, 8.262413263320923, 7.292191743850708, 631.0)
[INFO] - NEWGROUND-IDLV needed 8.262413263320923 seconds!
(False, 8.658811092376709, 7.205099821090698, 357.486328125)
[INFO] - NEWGROUND-GRINGO needed 8.658811092376709 seconds!

>>>> Now solving: instance_0030.lp

(True, 1800, 1800, 19.8681640625)
[INFO] - GRINGO timed out (1800)!
(True, 1800, 1800, 14663104.201171875)
[INFO] - IDLV timed out (1800)!
(False, 22.686248064041138, 19.85692572593689, 1424.419921875)
[INFO] - NEWGROUND-IDLV needed 22.686248064041138 seconds!
(False, 20.36872887611389, 20.140385150909424, 835.5654296875)
[INFO] - NEWGROUND-GRINGO needed 20.36872887611389 seconds!

>>>> Now solving: instance_0040.lp

(True, 1800, 1800, 36.2353515625)
[INFO] - GRINGO timed out (1800)!
(True, 1800, 1800, 14990833.495117188)
[INFO] - IDLV timed out (1800)!
(False, 39.790629625320435, 34.369210958480835, 2651.7763671875)
[INFO] - NEWGROUND-IDLV needed 39.790629625320435 seconds!
(False, 35.26146173477173, 34.85749268531799, 1480.2919921875)
[INFO] - NEWGROUND-GRINGO needed 35.26146173477173 seconds!

>>>> Now solving: instance_0050.lp

(True, 1800, 1800, 57.4853515625)
[INFO] - GRINGO timed out (1800)!
Ran out of input
(True, 1800, 1800, 9223372036854775807)
[INFO] - IDLV timed out (1800)!
(False, 66.05437922477722, 56.972832918167114, 4144.9794921875)
[INFO] - NEWGROUND-IDLV needed 66.05437922477722 seconds!
(False, 58.61600112915039, 57.94061493873596, 2308.0263671875)
[INFO] - NEWGROUND-GRINGO needed 58.61600112915039 seconds!

>>>> Now solving: instance_0060.lp

(True, 1800, 1800, 83.6181640625)
[INFO] - GRINGO timed out (1800)!
Ran out of input
(True, 1800, 1800, 9223372036854775807)
[INFO] - IDLV timed out (1800)!
(False, 120.855623960495, 103.36476993560791, 5970.0185546875)
[INFO] - NEWGROUND-IDLV needed 120.855623960495 seconds!
(False, 104.38849759101868, 103.26439905166626, 3318.7685546875)
[INFO] - NEWGROUND-GRINGO needed 104.38849759101868 seconds!

>>>> Now solving: instance_0070.lp

(True, 1800, 1800, 114.6337890625)
[INFO] - GRINGO timed out (1800)!
Ran out of input
(True, 1800, 1800, 9223372036854775807)
[INFO] - IDLV timed out (1800)!
(False, 159.20722436904907, 132.08009505271912, 8126.8935546875)
[INFO] - NEWGROUND-IDLV needed 159.20722436904907 seconds!
(False, 136.32567620277405, 134.03765082359314, 4777.2275390625)
[INFO] - NEWGROUND-GRINGO needed 136.32567620277405 seconds!

>>>> Now solving: instance_0080.lp

(True, 1800, 1800, 150.5322265625)
[INFO] - GRINGO timed out (1800)!
(True, 1800, 1800, 15024428.173828125)
[INFO] - IDLV timed out (1800)!
(False, 249.42046117782593, 207.67574405670166, 10615.6044921875)
[INFO] - NEWGROUND-IDLV needed 249.42046117782593 seconds!
(False, 189.50145363807678, 184.86472249031067, 6317.4716796875)
[INFO] - NEWGROUND-GRINGO needed 189.50145363807678 seconds!

>>>> Now solving: instance_0090.lp

(True, 1800, 1800, 191.3134765625)
[INFO] - GRINGO timed out (1800)!
(True, 1800, 1800, 14019546.635742188)
[INFO] - IDLV timed out (1800)!
(False, 352.13534474372864, 289.3941252231598, 13436.1513671875)
[INFO] - NEWGROUND-IDLV needed 352.13534474372864 seconds!
(False, 266.3225750923157, 256.4472532272339, 8135.0546875)
[INFO] - NEWGROUND-GRINGO needed 266.3225750923157 seconds!

>>>> Now solving: instance_0100.lp

(True, 1800, 1800, 236.9775390625)
[INFO] - GRINGO timed out (1800)!
(True, 1800, 1800, 15280183.170898438)
[INFO] - IDLV timed out (1800)!
(False, 419.34591794013977, 331.4362506866455, 16588.5341796875)
[INFO] - NEWGROUND-IDLV needed 419.34591794013977 seconds!
(False, 368.36150765419006, 355.8976719379425, 10284.822265625)
[INFO] - NEWGROUND-GRINGO needed 368.36150765419006 seconds!

>>>> Now solving: instance_0110.lp

(True, 1800, 1800, 291.7919921875)
[INFO] - GRINGO timed out (1800)!
(True, 1800, 1800, 15715639.133789062)
[INFO] - IDLV timed out (1800)!
(False, 604.9103238582611, 483.9053735733032, 21064.50390625)
[INFO] - NEWGROUND-IDLV needed 604.9103238582611 seconds!
(False, 438.6607527732849, 423.97607159614563, 12446.171875)
[INFO] - NEWGROUND-GRINGO needed 438.6607527732849 seconds!

>>>> Now solving: instance_0120.lp

(True, 1800, 1800, 352.2705078125)
[INFO] - GRINGO timed out (1800)!
(True, 1800, 1800, 15895639.428710938)
[INFO] - IDLV timed out (1800)!
(False, 749.6163487434387, 607.4264402389526, 25197.47265625)
[INFO] - NEWGROUND-IDLV needed 749.6163487434387 seconds!
(False, 562.8789279460907, 539.0817432403564, 14813.4228515625)
[INFO] - NEWGROUND-GRINGO needed 562.8789279460907 seconds!

>>>> Now solving: instance_0130.lp

(True, 1800, 1800, 418.4130859375)
[INFO] - GRINGO timed out (1800)!
Ran out of input
(True, 1800, 1800, 9223372036854775807)
[INFO] - IDLV timed out (1800)!
(False, 1144.4260909557343, 748.7333762645721, 29699.97265625)
[INFO] - NEWGROUND-IDLV needed 1144.4260909557343 seconds!
(False, 798.0943028926849, 763.6557500362396, 17386.630859375)
[INFO] - NEWGROUND-GRINGO needed 798.0943028926849 seconds!

>>>> Now solving: instance_0140.lp

(True, 1800, 1800, 490.2197265625)
[INFO] - GRINGO timed out (1800)!
(True, 1800, 1800, 15539290.80078125)
[INFO] - IDLV timed out (1800)!
(False, 1150.5896141529083, 867.1517863273621, 34572.00390625)
[INFO] - NEWGROUND-IDLV needed 1150.5896141529083 seconds!
(False, 908.2309327125549, 880.0578548908234, 20165.7958984375)
[INFO] - NEWGROUND-GRINGO needed 908.2309327125549 seconds!

>>>> Now solving: instance_0150.lp

(True, 1800, 1800, 567.6904296875)
[INFO] - GRINGO timed out (1800)!
Ran out of input
(True, 1800, 1800, 9223372036854775807)
[INFO] - IDLV timed out (1800)!
(False, 1354.869714975357, 962.1241445541382, 39813.56640625)
