
>>>> Now solving: instance_0010.lp

(False, 55.71118998527527, 3.322420358657837, 20575.361328125)
[INFO] - GRINGO needed 55.71118998527527 seconds!
(False, 57.94464135169983, 5.416036605834961, 24464.6884765625)
[INFO] - IDLV needed 57.94464135169983 seconds!
(False, 4.012969970703125, 3.669065237045288, 203.5322265625)
[INFO] - NEWGROUND-IDLV needed 4.012969970703125 seconds!
(False, 3.730698823928833, 3.6927378177642822, 113.7197265625)
[INFO] - NEWGROUND-GRINGO needed 3.730698823928833 seconds!

>>>> Now solving: instance_0012.lp

(True, 1800, 148.05038213729858, 1190738.28515625)
[INFO] - GRINGO timed out (1800)!
(True, 1800, 198.75315117835999, 1405116.3017578125)
[INFO] - IDLV timed out (1800)!
(False, 4.920976877212524, 4.455775499343872, 308.283203125)
[INFO] - NEWGROUND-IDLV needed 4.920976877212524 seconds!
(False, 4.595293998718262, 4.552716493606567, 160.9755859375)
[INFO] - NEWGROUND-GRINGO needed 4.595293998718262 seconds!

>>>> Now solving: instance_0014.lp

(True, 1800, 1800, 15617652.0)
[INFO] - GRINGO timed out (1800)!
(True, 1800, 1800, 14974966.079101562)
[INFO] - IDLV timed out (1800)!
(False, 10.439653158187866, 5.404428243637085, 418.291015625)
[INFO] - NEWGROUND-IDLV needed 10.439653158187866 seconds!
(False, 5.574669122695923, 5.5220630168914795, 223.3935546875)
[INFO] - NEWGROUND-GRINGO needed 5.574669122695923 seconds!

>>>> Now solving: instance_0016.lp

(True, 1800, 1800, 4.0)
[INFO] - GRINGO timed out (1800)!
(True, 1800, 1800, 13576411.397460938)
[INFO] - IDLV timed out (1800)!
(False, 9.708573579788208, 8.722409009933472, 544.791015625)
[INFO] - NEWGROUND-IDLV needed 9.708573579788208 seconds!
(False, 9.043477058410645, 8.952500104904175, 297.1923828125)
[INFO] - NEWGROUND-GRINGO needed 9.043477058410645 seconds!

>>>> Now solving: instance_0018.lp

(True, 1800, 1800, 4.0)
[INFO] - GRINGO timed out (1800)!
(True, 1800, 1800, 13637505.141601562)
[INFO] - IDLV timed out (1800)!
(False, 12.232666492462158, 10.979738473892212, 687.783203125)
[INFO] - NEWGROUND-IDLV needed 12.232666492462158 seconds!
(False, 31.63977074623108, 11.232686042785645, 380.162109375)
[INFO] - NEWGROUND-GRINGO needed 31.63977074623108 seconds!

>>>> Now solving: instance_0020.lp

(True, 1800, 1800, 8.0)
[INFO] - GRINGO timed out (1800)!
(True, 1800, 1800, 15830244.725585938)
[INFO] - IDLV timed out (1800)!
(False, 15.146571397781372, 13.669915676116943, 847.267578125)
[INFO] - NEWGROUND-IDLV needed 15.146571397781372 seconds!
(False, 13.888943672180176, 13.765243530273438, 471.3427734375)
[INFO] - NEWGROUND-GRINGO needed 13.888943672180176 seconds!

>>>> Now solving: instance_0030.lp

(True, 1800, 1800, 16.0)
[INFO] - GRINGO timed out (1800)!
(True, 1800, 1800, 16070054.291015625)
[INFO] - IDLV timed out (1800)!
(False, 34.09883213043213, 30.081439971923828, 1892.07421875)
[INFO] - NEWGROUND-IDLV needed 34.09883213043213 seconds!
(False, 30.877116203308105, 30.49638342857361, 1081.8740234375)
[INFO] - NEWGROUND-GRINGO needed 30.877116203308105 seconds!

>>>> Now solving: instance_0040.lp

(True, 1800, 1800, 36.0)
[INFO] - GRINGO timed out (1800)!
(True, 1800, 1800, 14807407.581054688)
[INFO] - IDLV timed out (1800)!
(False, 68.00555157661438, 59.69752025604248, 3507.5478515625)
[INFO] - NEWGROUND-IDLV needed 68.00555157661438 seconds!
(False, 60.44943356513977, 59.845348834991455, 1905.8193359375)
[INFO] - NEWGROUND-GRINGO needed 60.44943356513977 seconds!

>>>> Now solving: instance_0050.lp

(True, 1800, 1800, 56.0)
[INFO] - GRINGO timed out (1800)!
Ran out of input
(True, 1800, 1800, 9223372036854775807)
[INFO] - IDLV timed out (1800)!
(False, 113.52367973327637, 100.10432386398315, 5463.5048828125)
[INFO] - NEWGROUND-IDLV needed 113.52367973327637 seconds!
(False, 102.3106620311737, 101.45055294036865, 2961.2099609375)
[INFO] - NEWGROUND-GRINGO needed 102.3106620311737 seconds!

>>>> Now solving: instance_0060.lp

(True, 1800, 1800, 80.0)
[INFO] - GRINGO timed out (1800)!
(True, 1800, 1800, 15300691.794921875)
[INFO] - IDLV timed out (1800)!
(False, 195.54808592796326, 166.99572253227234, 7850.5166015625)
[INFO] - NEWGROUND-IDLV needed 195.54808592796326 seconds!
(False, 171.92876482009888, 170.49017572402954, 4355.3330078125)
[INFO] - NEWGROUND-GRINGO needed 171.92876482009888 seconds!

>>>> Now solving: instance_0070.lp

(True, 1800, 1800, 112.0)
[INFO] - GRINGO timed out (1800)!
(True, 1800, 1800, 15272053.53125)
[INFO] - IDLV timed out (1800)!
(False, 282.5458710193634, 246.86875104904175, 10668.5830078125)
[INFO] - NEWGROUND-IDLV needed 282.5458710193634 seconds!
(False, 255.79918026924133, 251.00456023216248, 6126.265625)
[INFO] - NEWGROUND-GRINGO needed 255.79918026924133 seconds!

>>>> Now solving: instance_0080.lp

(True, 1800, 1800, 148.0)
[INFO] - GRINGO timed out (1800)!
(True, 1800, 1800, 15622757.586914062)
[INFO] - IDLV timed out (1800)!
(False, 414.75812673568726, 337.73071122169495, 13917.7041015625)
[INFO] - NEWGROUND-IDLV needed 414.75812673568726 seconds!
(False, 340.8888771533966, 338.11904525756836, 8085.8955078125)
[INFO] - NEWGROUND-GRINGO needed 340.8888771533966 seconds!

>>>> Now solving: instance_0090.lp

(True, 1800, 1800, 188.0)
[INFO] - GRINGO timed out (1800)!
(True, 1800, 1800, 16183451.837890625)
[INFO] - IDLV timed out (1800)!
(False, 664.2620661258698, 534.0275228023529, 17597.8798828125)
[INFO] - NEWGROUND-IDLV needed 664.2620661258698 seconds!
(False, 501.2322382926941, 492.56620502471924, 10433.8291015625)
[INFO] - NEWGROUND-GRINGO needed 501.2322382926941 seconds!

>>>> Now solving: instance_0100.lp

(True, 1800, 1800, 236.0)
[INFO] - GRINGO timed out (1800)!
Ran out of input
(True, 1800, 1800, 9223372036854775807)
[INFO] - IDLV timed out (1800)!
(True, 1800, 646.6535894870758, 21709.1103515625)
[INFO] - NEWGROUND-IDLV timed out (1800)!
(False, 738.1798229217529, 732.147468328476, 13126.181640625)
[INFO] - NEWGROUND-GRINGO needed 738.1798229217529 seconds!

>>>> Now solving: instance_0110.lp

(True, 1800, 1800, 288.0)
[INFO] - GRINGO timed out (1800)!
(True, 1800, 1800, 16312949.483398438)
[INFO] - IDLV timed out (1800)!
(False, 1155.9064655303955, 868.8862037658691, 27575.111328125)
[INFO] - NEWGROUND-IDLV needed 1155.9064655303955 seconds!
(False, 905.3990476131439, 897.4872505664825, 15872.546875)
[INFO] - NEWGROUND-GRINGO needed 905.3990476131439 seconds!

>>>> Now solving: instance_0120.lp

(True, 1800, 1800, 352.0)
[INFO] - GRINGO timed out (1800)!
(True, 1800, 1800, 16006511.09375)
[INFO] - IDLV timed out (1800)!
(False, 1302.507328748703, 1125.3424088954926, 32961.927734375)
[INFO] - NEWGROUND-IDLV needed 1302.507328748703 seconds!
(False, 1120.699705839157, 1112.1851477622986, 18879.4853515625)
[INFO] - NEWGROUND-GRINGO needed 1120.699705839157 seconds!

>>>> Now solving: instance_0130.lp

(True, 1800, 1800, 416.0)
[INFO] - GRINGO timed out (1800)!
Ran out of input
(True, 1800, 1800, 9223372036854775807)
[INFO] - IDLV timed out (1800)!
(True, 1800, 1519.1378862857819, 38828.431640625)
[INFO] - NEWGROUND-IDLV timed out (1800)!
(False, 1425.7849552631378, 1414.3581719398499, 22147.068359375)
[INFO] - NEWGROUND-GRINGO needed 1425.7849552631378 seconds!

>>>> Now solving: instance_0140.lp

(True, 1800, 1800, 488.0)
[INFO] - GRINGO timed out (1800)!
(True, 1800, 1800, 15985589.446289062)
[INFO] - IDLV timed out (1800)!
(True, 1800, 1831.3115184307098, 45174.623046875)
[INFO] - NEWGROUND-IDLV timed out (1800)!
(False, 1766.9060318470001, 1714.1950950622559, 25675.2958984375)
[INFO] - NEWGROUND-GRINGO needed 1766.9060318470001 seconds!

>>>> Now solving: instance_0150.lp

(True, 1800, 1800, 564.0)
[INFO] - GRINGO timed out (1800)!
Ran out of input
(True, 1800, 1800, 9223372036854775807)
[INFO] - IDLV timed out (1800)!
(True, 1800, 1800, 39063.0869140625)
[INFO] - NEWGROUND-IDLV timed out (1800)!
(True, 1800, 1800, 43608.8330078125)
[INFO] - NEWGROUND-GRINGO timed out (1800)!

>>>> Now solving: instance_0180.lp

(True, 1800, 1800, 832.0)
[INFO] - GRINGO timed out (1800)!
Ran out of input
(True, 1800, 1800, 9223372036854775807)
[INFO] - IDLV timed out (1800)!
(True, 1800, 1800, 33197.3251953125)
[INFO] - NEWGROUND-IDLV timed out (1800)!
(True, 1800, 1800, 33422.78515625)
