
>>>> Now solving: instance_0010.lp

(False, 0.48685431480407715, 0.03815507888793945, 178.357421875)
[INFO] - GRINGO needed 0.48685431480407715 seconds!
(False, 0.47327709197998047, 0.0325624942779541, 231.5283203125)
[INFO] - IDLV needed 0.47327709197998047 seconds!
(False, 1.3746111392974854, 1.2433431148529053, 92.6259765625)
[INFO] - NEWGROUND-IDLV needed 1.3746111392974854 seconds!
(False, 1.259974718093872, 1.2409663200378418, 54.6337890625)
[INFO] - NEWGROUND-GRINGO needed 1.259974718093872 seconds!

>>>> Now solving: instance_0012.lp

(False, 2.203718662261963, 0.10948896408081055, 851.333984375)
[INFO] - GRINGO needed 2.203718662261963 seconds!
(False, 2.2579538822174072, 0.1428210735321045, 1118.0029296875)
[INFO] - IDLV needed 2.2579538822174072 seconds!
(False, 1.7965726852416992, 1.599989891052246, 143.86328125)
[INFO] - NEWGROUND-IDLV needed 1.7965726852416992 seconds!
(False, 1.6200997829437256, 1.5917363166809082, 79.8310546875)
[INFO] - NEWGROUND-GRINGO needed 1.6200997829437256 seconds!

>>>> Now solving: instance_0014.lp

(False, 5.5092198848724365, 0.2590808868408203, 2208.4306640625)
[INFO] - GRINGO needed 5.5092198848724365 seconds!
(False, 5.701388835906982, 0.3276994228363037, 2897.3466796875)
[INFO] - IDLV needed 5.701388835906982 seconds!
(False, 2.3045756816864014, 2.027838945388794, 197.3046875)
[INFO] - NEWGROUND-IDLV needed 2.3045756816864014 seconds!
(False, 2.0384321212768555, 2.007000684738159, 108.4921875)
[INFO] - NEWGROUND-GRINGO needed 2.0384321212768555 seconds!

>>>> Now solving: instance_0016.lp

(False, 13.393462181091309, 0.5591049194335938, 5321.4482421875)
[INFO] - GRINGO needed 13.393462181091309 seconds!
(False, 13.289140224456787, 0.7440528869628906, 6991.7890625)
[INFO] - IDLV needed 13.289140224456787 seconds!
(False, 2.885066509246826, 2.5133581161499023, 258.2978515625)
[INFO] - NEWGROUND-IDLV needed 2.885066509246826 seconds!
(False, 2.580307960510254, 2.5436582565307617, 140.7333984375)
[INFO] - NEWGROUND-GRINGO needed 2.580307960510254 seconds!

>>>> Now solving: instance_0018.lp

(False, 22.781050443649292, 0.9437527656555176, 8928.787109375)
[INFO] - GRINGO needed 22.781050443649292 seconds!
(False, 22.43308687210083, 1.268479585647583, 11698.736328125)
[INFO] - IDLV needed 22.43308687210083 seconds!
(False, 3.6885857582092285, 3.1363439559936523, 326.5302734375)
[INFO] - NEWGROUND-IDLV needed 3.6885857582092285 seconds!
(False, 3.3038330078125, 3.1548945903778076, 181.619140625)
[INFO] - NEWGROUND-GRINGO needed 3.3038330078125 seconds!

>>>> Now solving: instance_0020.lp

(False, 50.58540177345276, 2.1564173698425293, 20777.5615234375)
[INFO] - GRINGO needed 50.58540177345276 seconds!
(False, 55.5689480304718, 2.78943133354187, 27147.16796875)
[INFO] - IDLV needed 55.5689480304718 seconds!
(False, 4.894139289855957, 4.23698878288269, 407.0673828125)
[INFO] - NEWGROUND-IDLV needed 4.894139289855957 seconds!
(False, 4.273624420166016, 4.207395076751709, 232.2861328125)
[INFO] - NEWGROUND-GRINGO needed 4.273624420166016 seconds!

>>>> Now solving: instance_0030.lp

(False, 597.0114424228668, 22.8868350982666, 223436.87890625)
[INFO] - GRINGO needed 597.0114424228668 seconds!
(False, 582.2645637989044, 33.521628856658936, 291227.896484375)
[INFO] - IDLV needed 582.2645637989044 seconds!
(False, 10.576220035552979, 8.886863470077515, 926.9638671875)
[INFO] - NEWGROUND-IDLV needed 10.576220035552979 seconds!
(False, 11.522712230682373, 9.03794527053833, 558.9013671875)
[INFO] - NEWGROUND-GRINGO needed 11.522712230682373 seconds!

>>>> Now solving: instance_0040.lp

(True, 1800, 102.59153461456299, 1004631.1181640625)
[INFO] - GRINGO timed out (1800)!
(True, 1800, 127.84020376205444, 1303455.2998046875)
[INFO] - IDLV timed out (1800)!
(False, 20.895269870758057, 17.353291988372803, 1726.1650390625)
[INFO] - NEWGROUND-IDLV needed 20.895269870758057 seconds!
(False, 17.647868633270264, 17.36089825630188, 988.814453125)
[INFO] - NEWGROUND-GRINGO needed 17.647868633270264 seconds!

>>>> Now solving: instance_0050.lp

(True, 1800, 358.99493074417114, 3495702.3466796875)
[INFO] - GRINGO timed out (1800)!
(True, 1800, 466.0092308521271, 4522853.3623046875)
[INFO] - IDLV timed out (1800)!
(False, 37.47159147262573, 31.09398651123047, 2707.9306640625)
[INFO] - NEWGROUND-IDLV needed 37.47159147262573 seconds!
(False, 30.235018968582153, 29.67824125289917, 1547.853515625)
[INFO] - NEWGROUND-GRINGO needed 30.235018968582153 seconds!

>>>> Now solving: instance_0060.lp

(True, 1800, 990.4068703651428, 9217436.063476562)
[INFO] - GRINGO timed out (1800)!
Ran out of input
(True, 1800, 1800, 9223372036854775807)
[INFO] - IDLV timed out (1800)!
(False, 53.37994861602783, 43.02136278152466, 3908.6904296875)
[INFO] - NEWGROUND-IDLV needed 53.37994861602783 seconds!
(False, 45.46585035324097, 43.917400598526, 2230.47265625)
[INFO] - NEWGROUND-GRINGO needed 45.46585035324097 seconds!

>>>> Now solving: instance_0070.lp

(True, 1800, 1800, 16415808.0)
[INFO] - GRINGO timed out (1800)!
Ran out of input
(True, 1800, 1800, 9223372036854775807)
[INFO] - IDLV timed out (1800)!
(False, 72.65916657447815, 57.36749887466431, 5334.314453125)
[INFO] - NEWGROUND-IDLV needed 72.65916657447815 seconds!
(False, 59.490259647369385, 58.36043095588684, 3063.580078125)
[INFO] - NEWGROUND-GRINGO needed 59.490259647369385 seconds!

>>>> Now solving: instance_0080.lp

(True, 1800, 1800, 120.1494140625)
[INFO] - GRINGO timed out (1800)!
Ran out of input
(True, 1800, 1800, 9223372036854775807)
[INFO] - IDLV timed out (1800)!
(False, 116.97032713890076, 84.5471670627594, 6948.810546875)
[INFO] - NEWGROUND-IDLV needed 116.97032713890076 seconds!
(False, 93.77943181991577, 89.95885729789734, 4186.8564453125)
[INFO] - NEWGROUND-GRINGO needed 93.77943181991577 seconds!

>>>> Now solving: instance_0090.lp

(True, 1800, 1800, 153.84765625)
[INFO] - GRINGO timed out (1800)!
Ran out of input
(True, 1800, 1800, 9223372036854775807)
[INFO] - IDLV timed out (1800)!
(False, 141.7780945301056, 111.19993138313293, 8819.2666015625)
[INFO] - NEWGROUND-IDLV needed 141.7780945301056 seconds!
(False, 126.63268685340881, 123.09163069725037, 5370.6201171875)
[INFO] - NEWGROUND-GRINGO needed 126.63268685340881 seconds!

>>>> Now solving: instance_0100.lp

(True, 1800, 1800, 190.46484375)
[INFO] - GRINGO timed out (1800)!
Ran out of input
(True, 1800, 1800, 9223372036854775807)
[INFO] - IDLV timed out (1800)!
(False, 223.16247725486755, 138.91683530807495, 10892.1337890625)
[INFO] - NEWGROUND-IDLV needed 223.16247725486755 seconds!
(False, 146.98764085769653, 140.06536102294922, 6680.4462890625)
[INFO] - NEWGROUND-GRINGO needed 146.98764085769653 seconds!

>>>> Now solving: instance_0110.lp

(True, 1800, 1800, 234.056640625)
[INFO] - GRINGO timed out (1800)!
Ran out of input
(True, 1800, 1800, 9223372036854775807)
[INFO] - IDLV timed out (1800)!
(False, 265.98053336143494, 201.40531659126282, 13263.283203125)
[INFO] - NEWGROUND-IDLV needed 265.98053336143494 seconds!
(False, 202.6221034526825, 192.54249620437622, 8361.93359375)
[INFO] - NEWGROUND-GRINGO needed 202.6221034526825 seconds!

>>>> Now solving: instance_0120.lp

(True, 1800, 1800, 282.375)
[INFO] - GRINGO timed out (1800)!
Ran out of input
(True, 1800, 1800, 9223372036854775807)
[INFO] - IDLV timed out (1800)!
(False, 407.28912138938904, 257.601482629776, 16552.1220703125)
[INFO] - NEWGROUND-IDLV needed 407.28912138938904 seconds!
(False, 234.58823585510254, 224.42203450202942, 9954.8916015625)
[INFO] - NEWGROUND-GRINGO needed 234.58823585510254 seconds!

>>>> Now solving: instance_0130.lp

(True, 1800, 1800, 335.02734375)
[INFO] - GRINGO timed out (1800)!
Ran out of input
(True, 1800, 1800, 9223372036854775807)
[INFO] - IDLV timed out (1800)!
(False, 570.8626942634583, 313.68809747695923, 19510.2314453125)
[INFO] - NEWGROUND-IDLV needed 570.8626942634583 seconds!
(False, 449.7744460105896, 287.09306168556213, 11685.837890625)
[INFO] - NEWGROUND-GRINGO needed 449.7744460105896 seconds!

>>>> Now solving: instance_0140.lp

(True, 1800, 1800, 392.265625)
[INFO] - GRINGO timed out (1800)!
Ran out of input
(True, 1800, 1800, 9223372036854775807)
[INFO] - IDLV timed out (1800)!
