
>>>> Now solving: instance_0010.lp

(False, 4.142221450805664, 0.2116403579711914, 1625.388671875)
[INFO] - GRINGO needed 4.142221450805664 seconds!
(False, 4.304304122924805, 0.2888212203979492, 2021.4248046875)
[INFO] - IDLV needed 4.304304122924805 seconds!
(False, 2.144869804382324, 1.952190637588501, 141.3623046875)
[INFO] - NEWGROUND-IDLV needed 2.144869804382324 seconds!
(False, 1.9823799133300781, 1.957000732421875, 80.0087890625)
[INFO] - NEWGROUND-GRINGO needed 1.9823799133300781 seconds!

>>>> Now solving: instance_0012.lp

(False, 61.7668731212616, 2.629354476928711, 24712.677734375)
[INFO] - GRINGO needed 61.7668731212616 seconds!
(False, 66.89812898635864, 3.8003592491149902, 30436.7216796875)
[INFO] - IDLV needed 66.89812898635864 seconds!
(False, 3.0927658081054688, 2.771773099899292, 217.623046875)
[INFO] - NEWGROUND-IDLV needed 3.0927658081054688 seconds!
(False, 2.841071128845215, 2.8091843128204346, 115.4169921875)
[INFO] - NEWGROUND-GRINGO needed 2.841071128845215 seconds!

>>>> Now solving: instance_0014.lp

(False, 285.53508377075195, 12.514044284820557, 112245.4072265625)
[INFO] - GRINGO needed 285.53508377075195 seconds!
(False, 288.53048825263977, 17.9588303565979, 137447.3935546875)
[INFO] - IDLV needed 288.53048825263977 seconds!
(False, 3.7438509464263916, 3.3354055881500244, 296.224609375)
[INFO] - NEWGROUND-IDLV needed 3.7438509464263916 seconds!
(False, 3.404737949371338, 3.3634867668151855, 155.6875)
[INFO] - NEWGROUND-GRINGO needed 3.404737949371338 seconds!

>>>> Now solving: instance_0016.lp

(True, 1800, 47.58445358276367, 485029.0419921875)
[INFO] - GRINGO timed out (1800)!
(True, 1800, 75.23769688606262, 592786.6484375)
[INFO] - IDLV timed out (1800)!
(False, 5.938032150268555, 4.784971237182617, 385.9248046875)
[INFO] - NEWGROUND-IDLV needed 5.938032150268555 seconds!
(False, 4.7874720096588135, 4.735936403274536, 207.1298828125)
[INFO] - NEWGROUND-GRINGO needed 4.7874720096588135 seconds!

>>>> Now solving: instance_0018.lp

(True, 1800, 102.4949700832367, 947362.537109375)
[INFO] - GRINGO timed out (1800)!
(True, 1800, 124.93417572975159, 1155823.033203125)
[INFO] - IDLV timed out (1800)!
(False, 6.628061771392822, 5.402280569076538, 486.0439453125)
[INFO] - NEWGROUND-IDLV needed 6.628061771392822 seconds!
(False, 5.492502927780151, 5.425171852111816, 265.77734375)
[INFO] - NEWGROUND-GRINGO needed 5.492502927780151 seconds!

>>>> Now solving: instance_0020.lp

(True, 1800, 334.3632564544678, 3667408.4130859375)
[INFO] - GRINGO timed out (1800)!
(True, 1800, 530.2383127212524, 4447879.12890625)
[INFO] - IDLV timed out (1800)!
(False, 9.926340579986572, 8.234821081161499, 603.3974609375)
[INFO] - NEWGROUND-IDLV needed 9.926340579986572 seconds!
(False, 8.162377834320068, 8.071559190750122, 334.3251953125)
[INFO] - NEWGROUND-GRINGO needed 8.162377834320068 seconds!

>>>> Now solving: instance_0030.lp

(True, 1800, 1800, 16.208984375)
[INFO] - GRINGO timed out (1800)!
(True, 1800, 1800, 14299854.946289062)
[INFO] - IDLV timed out (1800)!
(False, 20.252272844314575, 17.97787594795227, 1358.5166015625)
[INFO] - NEWGROUND-IDLV needed 20.252272844314575 seconds!
(False, 25.33722686767578, 17.710002183914185, 786.7099609375)
[INFO] - NEWGROUND-GRINGO needed 25.33722686767578 seconds!

>>>> Now solving: instance_0040.lp

(True, 1800, 1800, 29.0205078125)
[INFO] - GRINGO timed out (1800)!
(True, 1800, 1800, 14906612.87109375)
[INFO] - IDLV timed out (1800)!
(False, 37.47521901130676, 32.82492446899414, 2522.2724609375)
[INFO] - NEWGROUND-IDLV needed 37.47521901130676 seconds!
(False, 33.62378549575806, 33.25407791137695, 1385.185546875)
[INFO] - NEWGROUND-GRINGO needed 33.62378549575806 seconds!

>>>> Now solving: instance_0050.lp

(True, 1800, 1800, 46.263671875)
[INFO] - GRINGO timed out (1800)!
(True, 1800, 1800, 15537435.77734375)
[INFO] - IDLV timed out (1800)!
(False, 67.46674966812134, 59.30074620246887, 3942.2529296875)
[INFO] - NEWGROUND-IDLV needed 67.46674966812134 seconds!
(False, 58.271788120269775, 57.613253355026245, 2160.146484375)
[INFO] - NEWGROUND-GRINGO needed 58.271788120269775 seconds!

>>>> Now solving: instance_0060.lp

(True, 1800, 1800, 67.36328125)
[INFO] - GRINGO timed out (1800)!
(True, 1800, 1800, 14890740.053710938)
[INFO] - IDLV timed out (1800)!
(False, 101.33950924873352, 88.55555558204651, 5676.6181640625)
[INFO] - NEWGROUND-IDLV needed 101.33950924873352 seconds!
(False, 90.46120548248291, 89.45339846611023, 3105.34375)
[INFO] - NEWGROUND-GRINGO needed 90.46120548248291 seconds!

>>>> Now solving: instance_0070.lp

(True, 1800, 1800, 92.8876953125)
[INFO] - GRINGO timed out (1800)!
(True, 1800, 1800, 14998067.564453125)
[INFO] - IDLV timed out (1800)!
(False, 156.49729871749878, 128.71557140350342, 7732.50390625)
[INFO] - NEWGROUND-IDLV needed 156.49729871749878 seconds!
(False, 132.88434481620789, 128.73356366157532, 4398.8251953125)
[INFO] - NEWGROUND-GRINGO needed 132.88434481620789 seconds!

>>>> Now solving: instance_0080.lp

(True, 1800, 1800, 120.1494140625)
[INFO] - GRINGO timed out (1800)!
(True, 1800, 1800, 15349051.12890625)
[INFO] - IDLV timed out (1800)!
(False, 212.36177325248718, 178.54885625839233, 10063.74609375)
[INFO] - NEWGROUND-IDLV needed 212.36177325248718 seconds!
(False, 185.50006914138794, 182.166090965271, 5834.3896484375)
[INFO] - NEWGROUND-GRINGO needed 185.50006914138794 seconds!

>>>> Now solving: instance_0090.lp

(True, 1800, 1800, 153.84765625)
[INFO] - GRINGO timed out (1800)!
Ran out of input
(True, 1800, 1800, 9223372036854775807)
[INFO] - IDLV timed out (1800)!
(False, 302.3018021583557, 247.91758179664612, 12757.3154296875)
[INFO] - NEWGROUND-IDLV needed 302.3018021583557 seconds!
(False, 261.4615333080292, 254.38526964187622, 7468.4248046875)
[INFO] - NEWGROUND-GRINGO needed 261.4615333080292 seconds!

>>>> Now solving: instance_0100.lp

(True, 1800, 1800, 190.46484375)
[INFO] - GRINGO timed out (1800)!
Ran out of input
(True, 1800, 1800, 9223372036854775807)
[INFO] - IDLV timed out (1800)!
(False, 448.6704216003418, 359.93685722351074, 15743.1318359375)
[INFO] - NEWGROUND-IDLV needed 448.6704216003418 seconds!
(False, 342.759822845459, 330.4267237186432, 9382.025390625)
[INFO] - NEWGROUND-GRINGO needed 342.759822845459 seconds!

>>>> Now solving: instance_0110.lp

(True, 1800, 1800, 234.056640625)
[INFO] - GRINGO timed out (1800)!
(True, 1800, 1800, 15403612.118164062)
[INFO] - IDLV timed out (1800)!
(False, 583.2504358291626, 478.2152216434479, 19152.33203125)
[INFO] - NEWGROUND-IDLV needed 583.2504358291626 seconds!
(False, 479.6165635585785, 472.9297709465027, 11612.37890625)
[INFO] - NEWGROUND-GRINGO needed 479.6165635585785 seconds!

>>>> Now solving: instance_0120.lp

(True, 1800, 1800, 282.375)
[INFO] - GRINGO timed out (1800)!
Ran out of input
(True, 1800, 1800, 9223372036854775807)
[INFO] - IDLV timed out (1800)!
(False, 604.6861846446991, 505.04217410087585, 23928.8427734375)
[INFO] - NEWGROUND-IDLV needed 604.6861846446991 seconds!
(False, 529.9308044910431, 517.2641384601593, 13815.8212890625)
[INFO] - NEWGROUND-GRINGO needed 529.9308044910431 seconds!

>>>> Now solving: instance_0130.lp

(True, 1800, 1800, 335.02734375)
[INFO] - GRINGO timed out (1800)!
(True, 1800, 1800, 15589651.703125)
[INFO] - IDLV timed out (1800)!
(False, 789.6727697849274, 661.6724820137024, 28186.5498046875)
[INFO] - NEWGROUND-IDLV needed 789.6727697849274 seconds!
(False, 787.6731877326965, 662.3373351097107, 16209.259765625)
[INFO] - NEWGROUND-GRINGO needed 787.6731877326965 seconds!

>>>> Now solving: instance_0140.lp

(True, 1800, 1800, 392.265625)
[INFO] - GRINGO timed out (1800)!
Ran out of input
(True, 1800, 1800, 9223372036854775807)
[INFO] - IDLV timed out (1800)!
(False, 1000.5875806808472, 818.134610414505, 32791.1630859375)
[INFO] - NEWGROUND-IDLV needed 1000.5875806808472 seconds!
(False, 951.9545102119446, 939.9443671703339, 18791.0849609375)
[INFO] - NEWGROUND-GRINGO needed 951.9545102119446 seconds!

>>>> Now solving: instance_0150.lp

(True, 1800, 1800, 454.212890625)
[INFO] - GRINGO timed out (1800)!
Ran out of input
(True, 1800, 1800, 9223372036854775807)
[INFO] - IDLV timed out (1800)!
