
>>>> Now solving: instance_0010.lp

(False, 5.8915088176727295, 0.43518972396850586, 2300.388671875)
[INFO] - GRINGO needed 5.8915088176727295 seconds!
(False, 6.279047727584839, 0.7163424491882324, 2727.259765625)
[INFO] - IDLV needed 6.279047727584839 seconds!
(False, 3.425921678543091, 3.152442693710327, 196.0751953125)
[INFO] - NEWGROUND-IDLV needed 3.425921678543091 seconds!
(False, 3.06063175201416, 3.0295562744140625, 108.4775390625)
[INFO] - NEWGROUND-GRINGO needed 3.06063175201416 seconds!

>>>> Now solving: instance_0012.lp

(False, 696.8211455345154, 30.3460750579834, 280224.083984375)
[INFO] - GRINGO needed 696.8211455345154 seconds!
(True, 1800, 48.2655086517334, 329152.3212890625)
[INFO] - IDLV timed out (1800)!
(False, 5.505627155303955, 5.005634307861328, 299.265625)
[INFO] - NEWGROUND-IDLV needed 5.505627155303955 seconds!
(False, 4.9228410720825195, 4.8833513259887695, 154.7841796875)
[INFO] - NEWGROUND-GRINGO needed 4.9228410720825195 seconds!

>>>> Now solving: instance_0014.lp

(True, 1800, 318.17676186561584, 2795715.6416015625)
[INFO] - GRINGO timed out (1800)!
(True, 1800, 396.92457365989685, 3266494.9716796875)
[INFO] - IDLV timed out (1800)!
(False, 7.3118720054626465, 6.662845849990845, 404.51171875)
[INFO] - NEWGROUND-IDLV needed 7.3118720054626465 seconds!
(False, 6.812117099761963, 6.752266883850098, 213.0126953125)
[INFO] - NEWGROUND-GRINGO needed 6.812117099761963 seconds!

>>>> Now solving: instance_0016.lp

(True, 1800, 1800, 11287528.0)
[INFO] - GRINGO timed out (1800)!
(True, 1800, 1800, 14732821.01171875)
[INFO] - IDLV timed out (1800)!
(False, 9.44252872467041, 8.540867805480957, 524.4033203125)
[INFO] - NEWGROUND-IDLV needed 9.44252872467041 seconds!
(False, 8.686166286468506, 8.610869407653809, 279.888671875)
[INFO] - NEWGROUND-GRINGO needed 8.686166286468506 seconds!

>>>> Now solving: instance_0018.lp

(True, 1800, 1800, 4.0)
[INFO] - GRINGO timed out (1800)!
(True, 1800, 1800, 13813760.303710938)
[INFO] - IDLV timed out (1800)!
(False, 10.465220928192139, 9.45647406578064, 657.8935546875)
[INFO] - NEWGROUND-IDLV needed 10.465220928192139 seconds!
(False, 9.647046566009521, 9.560045957565308, 356.4267578125)
[INFO] - NEWGROUND-GRINGO needed 9.647046566009521 seconds!

>>>> Now solving: instance_0020.lp

(True, 1800, 1800, 4.0)
[INFO] - GRINGO timed out (1800)!
(True, 1800, 1800, 14010437.9921875)
[INFO] - IDLV timed out (1800)!
(False, 13.260637044906616, 11.85689640045166, 813.5478515625)
[INFO] - NEWGROUND-IDLV needed 13.260637044906616 seconds!
(False, 41.917341232299805, 11.835945129394531, 445.275390625)
[INFO] - NEWGROUND-GRINGO needed 41.917341232299805 seconds!

>>>> Now solving: instance_0030.lp

(True, 1800, 1800, 16.0)
[INFO] - GRINGO timed out (1800)!
(True, 1800, 1800, 15618920.741210938)
[INFO] - IDLV timed out (1800)!
(False, 37.19186472892761, 33.33453106880188, 1811.3115234375)
[INFO] - NEWGROUND-IDLV needed 37.19186472892761 seconds!
(False, 333.38069224357605, 33.92080903053284, 1025.8466796875)
[INFO] - NEWGROUND-GRINGO needed 333.38069224357605 seconds!

>>>> Now solving: instance_0040.lp

(True, 1800, 1800, 28.0)
[INFO] - GRINGO timed out (1800)!
(True, 1800, 1800, 15271373.592773438)
[INFO] - IDLV timed out (1800)!
(False, 65.03940963745117, 58.45804500579834, 3348.8720703125)
[INFO] - NEWGROUND-IDLV needed 65.03940963745117 seconds!
(False, 57.09161567687988, 56.62062358856201, 1796.791015625)
[INFO] - NEWGROUND-GRINGO needed 57.09161567687988 seconds!

>>>> Now solving: instance_0050.lp

(True, 1800, 1800, 44.0)
[INFO] - GRINGO timed out (1800)!
(True, 1800, 1800, 14974022.17578125)
[INFO] - IDLV timed out (1800)!
(False, 120.57973551750183, 109.04020166397095, 5214.9580078125)
[INFO] - NEWGROUND-IDLV needed 120.57973551750183 seconds!
(False, 110.96929860115051, 109.81736540794373, 2791.580078125)
[INFO] - NEWGROUND-GRINGO needed 110.96929860115051 seconds!

>>>> Now solving: instance_0060.lp

(True, 1800, 1800, 64.0)
[INFO] - GRINGO timed out (1800)!
(True, 1800, 1800, 14705963.03125)
[INFO] - IDLV timed out (1800)!
(False, 201.50096654891968, 178.31271934509277, 7490.8193359375)
[INFO] - NEWGROUND-IDLV needed 201.50096654891968 seconds!
(False, 173.3882758617401, 172.01251792907715, 4003.26171875)
[INFO] - NEWGROUND-GRINGO needed 173.3882758617401 seconds!

>>>> Now solving: instance_0070.lp

(True, 1800, 1800, 92.0)
[INFO] - GRINGO timed out (1800)!
Ran out of input
(True, 1800, 1800, 9223372036854775807)
[INFO] - IDLV timed out (1800)!
(False, 320.71442317962646, 282.42560863494873, 10184.857421875)
[INFO] - NEWGROUND-IDLV needed 320.71442317962646 seconds!
(False, 282.98733019828796, 280.4691209793091, 5723.96484375)
[INFO] - NEWGROUND-GRINGO needed 282.98733019828796 seconds!

>>>> Now solving: instance_0080.lp

(True, 1800, 1800, 120.0)
[INFO] - GRINGO timed out (1800)!
(True, 1800, 1800, 16508046.244140625)
[INFO] - IDLV timed out (1800)!
(False, 394.99510431289673, 350.19193816185, 13240.736328125)
[INFO] - NEWGROUND-IDLV needed 394.99510431289673 seconds!
(False, 349.00419306755066, 346.016969203949, 7524.478515625)
[INFO] - NEWGROUND-GRINGO needed 349.00419306755066 seconds!

>>>> Now solving: instance_0090.lp

(True, 1800, 1800, 152.0)
[INFO] - GRINGO timed out (1800)!
(True, 1800, 1800, 14964864.75390625)
[INFO] - IDLV timed out (1800)!
(False, 535.4952254295349, 479.372172832489, 16765.3095703125)
[INFO] - NEWGROUND-IDLV needed 535.4952254295349 seconds!
(False, 501.1189639568329, 497.2215142250061, 9614.0458984375)
[INFO] - NEWGROUND-GRINGO needed 501.1189639568329 seconds!

>>>> Now solving: instance_0100.lp

(True, 1800, 1800, 188.0)
[INFO] - GRINGO timed out (1800)!
Ran out of input
(True, 1800, 1800, 9223372036854775807)
[INFO] - IDLV timed out (1800)!
(False, 836.1079776287079, 763.9744231700897, 20671.9658203125)
[INFO] - NEWGROUND-IDLV needed 836.1079776287079 seconds!
(False, 674.7600390911102, 667.481929063797, 12116.59765625)
[INFO] - NEWGROUND-GRINGO needed 674.7600390911102 seconds!

>>>> Now solving: instance_0110.lp

(True, 1800, 1800, 232.0)
[INFO] - GRINGO timed out (1800)!
Ran out of input
(True, 1800, 1800, 9223372036854775807)
[INFO] - IDLV timed out (1800)!
(False, 979.082808971405, 871.4537386894226, 25127.419921875)
[INFO] - NEWGROUND-IDLV needed 979.082808971405 seconds!
(False, 864.4958715438843, 853.9333000183105, 14910.51171875)
[INFO] - NEWGROUND-GRINGO needed 864.4958715438843 seconds!

>>>> Now solving: instance_0120.lp

(True, 1800, 1800, 280.0)
[INFO] - GRINGO timed out (1800)!
Ran out of input
(True, 1800, 1800, 9223372036854775807)
[INFO] - IDLV timed out (1800)!
(False, 1368.900360584259, 1115.8590590953827, 31405.3837890625)
[INFO] - NEWGROUND-IDLV needed 1368.900360584259 seconds!
(False, 1088.20916223526, 1079.297702550888, 17728.8134765625)
[INFO] - NEWGROUND-GRINGO needed 1088.20916223526 seconds!

>>>> Now solving: instance_0130.lp

(True, 1800, 1800, 332.0)
[INFO] - GRINGO timed out (1800)!
(True, 1800, 1800, 16603634.45703125)
[INFO] - IDLV timed out (1800)!
(True, 1800, 1441.729220867157, 36971.3603515625)
[INFO] - NEWGROUND-IDLV timed out (1800)!
(False, 1422.517287492752, 1388.1743350028992, 20789.119140625)
[INFO] - NEWGROUND-GRINGO needed 1422.517287492752 seconds!

>>>> Now solving: instance_0140.lp

(True, 1800, 1800, 392.0)
[INFO] - GRINGO timed out (1800)!
(True, 1800, 1800, 16683802.703125)
[INFO] - IDLV timed out (1800)!
(True, 1800, 1774.9619297981262, 42988.9619140625)
[INFO] - NEWGROUND-IDLV timed out (1800)!
(False, 1701.6332032680511, 1688.0749549865723, 24089.6005859375)
[INFO] - NEWGROUND-GRINGO needed 1701.6332032680511 seconds!

>>>> Now solving: instance_0150.lp

(True, 1800, 1800, 452.0)
[INFO] - GRINGO timed out (1800)!
(True, 1800, 1800, 16778850.19921875)
[INFO] - IDLV timed out (1800)!
(True, 1800, 1800, 39140.076171875)
[INFO] - NEWGROUND-IDLV timed out (1800)!
(True, 1800, 1800, 37905.82421875)
[INFO] - NEWGROUND-GRINGO timed out (1800)!

>>>> Now solving: instance_0180.lp

(True, 1800, 1800, 668.0)
[INFO] - GRINGO timed out (1800)!
(True, 1800, 1800, 16375760.171875)
[INFO] - IDLV timed out (1800)!
(True, 1800, 1800, 33215.423828125)
[INFO] - NEWGROUND-IDLV timed out (1800)!
