
>>>> Now solving: instance_0010.lp

(False, 0.02962660789489746, 0.02050042152404785, 68.373046875)
[INFO] - GRINGO needed 0.02962660789489746 seconds!
(False, 0.012830495834350586, 0.007749080657958984, 37.9951171875)
[INFO] - IDLV needed 0.012830495834350586 seconds!
(False, 1.1815495491027832, 1.1645615100860596, 44.544921875)
[INFO] - NEWGROUND-IDLV needed 1.1815495491027832 seconds!
(False, 1.206603765487671, 1.1898272037506104, 50.6494140625)
[INFO] - NEWGROUND-GRINGO needed 1.206603765487671 seconds!

>>>> Now solving: instance_0012.lp

(False, 0.10153865814208984, 0.0602724552154541, 516.0771484375)
[INFO] - GRINGO needed 0.10153865814208984 seconds!
(False, 0.05361056327819824, 0.035509586334228516, 277.44921875)
[INFO] - IDLV needed 0.05361056327819824 seconds!
(False, 1.5620529651641846, 1.5380465984344482, 65.69140625)
[INFO] - NEWGROUND-IDLV needed 1.5620529651641846 seconds!
(False, 1.6422274112701416, 1.6197187900543213, 75.2060546875)
[INFO] - NEWGROUND-GRINGO needed 1.6422274112701416 seconds!

>>>> Now solving: instance_0014.lp

(False, 0.2246866226196289, 0.12555503845214844, 1323.0625)
[INFO] - GRINGO needed 0.2246866226196289 seconds!
(False, 0.10991454124450684, 0.08089733123779297, 683.1650390625)
[INFO] - IDLV needed 0.10991454124450684 seconds!
(False, 1.9338037967681885, 1.9044749736785889, 87.6630859375)
[INFO] - NEWGROUND-IDLV needed 1.9338037967681885 seconds!
(False, 1.9716308116912842, 1.9440560340881348, 100.4853515625)
[INFO] - NEWGROUND-GRINGO needed 1.9716308116912842 seconds!

>>>> Now solving: instance_0016.lp

(False, 0.5343461036682129, 0.28241968154907227, 3209.3310546875)
[INFO] - GRINGO needed 0.5343461036682129 seconds!
(False, 0.2385118007659912, 0.1774439811706543, 1627.1103515625)
[INFO] - IDLV needed 0.2385118007659912 seconds!
(False, 2.572295904159546, 2.536625623703003, 118.29296875)
[INFO] - NEWGROUND-IDLV needed 2.572295904159546 seconds!
(False, 2.580301523208618, 2.5448620319366455, 132.8720703125)
[INFO] - NEWGROUND-GRINGO needed 2.580301523208618 seconds!

>>>> Now solving: instance_0018.lp

(False, 0.8857648372650146, 0.44733285903930664, 5323.34765625)
[INFO] - GRINGO needed 0.8857648372650146 seconds!
(False, 0.37612462043762207, 0.2811014652252197, 2678.62109375)
[INFO] - IDLV needed 0.37612462043762207 seconds!
(False, 3.1433167457580566, 3.1015326976776123, 150.3818359375)
[INFO] - NEWGROUND-IDLV needed 3.1433167457580566 seconds!
(False, 3.1107959747314453, 3.069873094558716, 165.6884765625)
[INFO] - NEWGROUND-GRINGO needed 3.1107959747314453 seconds!

>>>> Now solving: instance_0020.lp

(False, 1.5456879138946533, 0.7847931385040283, 9595.8388671875)
[INFO] - GRINGO needed 1.5456879138946533 seconds!
(False, 0.645679235458374, 0.4901914596557617, 4705.884765625)
[INFO] - IDLV needed 0.645679235458374 seconds!
(False, 3.6374013423919678, 3.5860610008239746, 191.5927734375)
[INFO] - NEWGROUND-IDLV needed 3.6374013423919678 seconds!
(False, 3.956263303756714, 3.9041662216186523, 208.236328125)
[INFO] - NEWGROUND-GRINGO needed 3.956263303756714 seconds!

>>>> Now solving: instance_0030.lp

(False, 15.602773904800415, 7.535803318023682, 97747.193359375)
[INFO] - GRINGO needed 15.602773904800415 seconds!
(False, 5.859975814819336, 4.393362522125244, 47214.2880859375)
[INFO] - IDLV needed 5.859975814819336 seconds!
(False, 9.386650085449219, 7.929446697235107, 444.1318359375)
[INFO] - NEWGROUND-IDLV needed 9.386650085449219 seconds!
(False, 8.531388759613037, 8.402020931243896, 494.3330078125)
[INFO] - NEWGROUND-GRINGO needed 8.531388759613037 seconds!

>>>> Now solving: instance_0040.lp

(False, 83.3109540939331, 39.4786581993103, 556393.28515625)
[INFO] - GRINGO needed 83.3109540939331 seconds!
(False, 31.67861270904541, 22.967894792556763, 279011.3056640625)
[INFO] - IDLV needed 31.67861270904541 seconds!
(False, 15.775408744812012, 15.549044847488403, 798.6767578125)
[INFO] - NEWGROUND-IDLV needed 15.775408744812012 seconds!
(False, 15.937508821487427, 15.665678024291992, 906.544921875)
[INFO] - NEWGROUND-GRINGO needed 15.937508821487427 seconds!

>>>> Now solving: instance_0050.lp

(False, 273.4323868751526, 125.75276947021484, 1857453.150390625)
[INFO] - GRINGO needed 273.4323868751526 seconds!
(False, 99.00693225860596, 72.60606217384338, 902236.673828125)
[INFO] - IDLV needed 99.00693225860596 seconds!
(False, 25.102119207382202, 24.55352258682251, 1247.224609375)
[INFO] - NEWGROUND-IDLV needed 25.102119207382202 seconds!
(False, 25.358694553375244, 24.988535404205322, 1417.09375)
[INFO] - NEWGROUND-GRINGO needed 25.358694553375244 seconds!

>>>> Now solving: instance_0060.lp

(False, 895.8000831604004, 391.1451749801636, 5498288.3505859375)
[INFO] - GRINGO needed 895.8000831604004 seconds!
(False, 303.21013283729553, 222.58960008621216, 2640860.099609375)
[INFO] - IDLV needed 303.21013283729553 seconds!
(False, 41.267576694488525, 40.63861680030823, 1806.38671875)
[INFO] - NEWGROUND-IDLV needed 41.267576694488525 seconds!
(False, 47.33722925186157, 46.68452572822571, 2054.4931640625)
[INFO] - NEWGROUND-GRINGO needed 47.33722925186157 seconds!

>>>> Now solving: instance_0070.lp

(True, 1800, 967.6058917045593, 12797927.608398438)
[INFO] - GRINGO timed out (1800)!
(False, 740.4391400814056, 531.1513350009918, 5995176.111328125)
[INFO] - IDLV needed 740.4391400814056 seconds!
(False, 58.80527353286743, 57.7418167591095, 2456.369140625)
[INFO] - NEWGROUND-IDLV needed 58.80527353286743 seconds!
(False, 61.52712631225586, 59.0073344707489, 2795.1572265625)
[INFO] - NEWGROUND-GRINGO needed 61.52712631225586 seconds!

>>>> Now solving: instance_0080.lp

Ran out of input
(True, 1800, 1800, 9223372036854775807)
[INFO] - GRINGO timed out (1800)!
(False, 1591.181757926941, 1134.400399684906, 12099890.482421875)
[INFO] - IDLV needed 1591.181757926941 seconds!
(False, 105.52189302444458, 91.45473742485046, 3456.01171875)
[INFO] - NEWGROUND-IDLV needed 105.52189302444458 seconds!
(False, 95.33173823356628, 93.2845389842987, 3754.4794921875)
[INFO] - NEWGROUND-GRINGO needed 95.33173823356628 seconds!

>>>> Now solving: instance_0090.lp

(True, 1800, 1800, 14765336.0)
[INFO] - GRINGO timed out (1800)!
(True, 1800, 1800, 20820604.0)
[INFO] - IDLV timed out (1800)!
(False, 108.32411932945251, 106.16107082366943, 4456.4130859375)
[INFO] - NEWGROUND-IDLV needed 108.32411932945251 seconds!
(False, 112.11504793167114, 110.15629768371582, 4880.419921875)
[INFO] - NEWGROUND-GRINGO needed 112.11504793167114 seconds!

>>>> Now solving: instance_0100.lp

(True, 1800, 1800, 174.6630859375)
[INFO] - GRINGO timed out (1800)!
(True, 1800, 1800, 21028596.0)
[INFO] - IDLV timed out (1800)!
(False, 140.76860809326172, 138.31680989265442, 5562.3486328125)
[INFO] - NEWGROUND-IDLV needed 140.76860809326172 seconds!
(False, 145.48933219909668, 141.01651048660278, 6042.4599609375)
[INFO] - NEWGROUND-GRINGO needed 145.48933219909668 seconds!

>>>> Now solving: instance_0110.lp

(True, 1800, 1800, 217.7568359375)
[INFO] - GRINGO timed out (1800)!
(True, 1800, 1800, 20661720.0)
[INFO] - IDLV timed out (1800)!
(False, 204.70183491706848, 196.66121888160706, 6786.2373046875)
[INFO] - NEWGROUND-IDLV needed 204.70183491706848 seconds!
(False, 206.3219599723816, 201.5022919178009, 7395.7587890625)
[INFO] - NEWGROUND-GRINGO needed 206.3219599723816 seconds!

>>>> Now solving: instance_0120.lp

(True, 1800, 1800, 258.8818359375)
[INFO] - GRINGO timed out (1800)!
(True, 1800, 1800, 21689964.0)
[INFO] - IDLV timed out (1800)!
(False, 222.01474261283875, 217.25435328483582, 8137.5498046875)
[INFO] - NEWGROUND-IDLV needed 222.01474261283875 seconds!
(False, 267.4100890159607, 222.2538025379181, 9127.212890625)
[INFO] - NEWGROUND-GRINGO needed 267.4100890159607 seconds!

>>>> Now solving: instance_0130.lp

(True, 1800, 1800, 305.9755859375)
[INFO] - GRINGO timed out (1800)!
Ran out of input
(True, 1800, 1800, 9223372036854775807)
[INFO] - IDLV timed out (1800)!
(False, 287.97987627983093, 279.1473116874695, 9551.1689453125)
[INFO] - NEWGROUND-IDLV needed 287.97987627983093 seconds!
(False, 284.2548818588257, 272.490136384964, 10715.9228515625)
[INFO] - NEWGROUND-GRINGO needed 284.2548818588257 seconds!

