
>>>> Now solving: instance_0010.lp

(False, 0.04584145545959473, 0.03113389015197754, 118.365234375)
[INFO] - GRINGO needed 0.04584145545959473 seconds!
(False, 0.028489112854003906, 0.02120232582092285, 68.9677734375)
[INFO] - IDLV needed 0.028489112854003906 seconds!
(False, 1.9106576442718506, 1.887552261352539, 66.021484375)
[INFO] - NEWGROUND-IDLV needed 1.9106576442718506 seconds!
(False, 1.9949243068695068, 1.972761869430542, 75.3603515625)
[INFO] - NEWGROUND-GRINGO needed 1.9949243068695068 seconds!

>>>> Now solving: instance_0012.lp

(False, 1.1328284740447998, 0.6594939231872559, 7203.2255859375)
[INFO] - GRINGO needed 1.1328284740447998 seconds!
(False, 0.5853674411773682, 0.4738473892211914, 4023.8310546875)
[INFO] - IDLV needed 0.5853674411773682 seconds!
(False, 2.5953097343444824, 2.564697027206421, 95.9140625)
[INFO] - NEWGROUND-IDLV needed 2.5953097343444824 seconds!
(False, 2.6116490364074707, 2.5805485248565674, 110.0498046875)
[INFO] - NEWGROUND-GRINGO needed 2.6116490364074707 seconds!

>>>> Now solving: instance_0014.lp

(False, 6.130625009536743, 3.334948778152466, 40158.2470703125)
[INFO] - GRINGO needed 6.130625009536743 seconds!
(False, 2.9011759757995605, 2.3389954566955566, 21772.1259765625)
[INFO] - IDLV needed 2.9011759757995605 seconds!
(False, 3.290473699569702, 3.252516746520996, 130.9423828125)
[INFO] - NEWGROUND-IDLV needed 3.290473699569702 seconds!
(False, 3.441136121749878, 3.4053635597229004, 146.4697265625)
[INFO] - NEWGROUND-GRINGO needed 3.441136121749878 seconds!

>>>> Now solving: instance_0016.lp

(False, 19.10611057281494, 10.03710675239563, 130274.0595703125)
[INFO] - GRINGO needed 19.10611057281494 seconds!
(False, 8.937243223190308, 7.1665263175964355, 68585.9150390625)
[INFO] - IDLV needed 8.937243223190308 seconds!
(False, 4.251481771469116, 4.20347785949707, 181.125)
[INFO] - NEWGROUND-IDLV needed 4.251481771469116 seconds!
(False, 4.292500019073486, 4.244173288345337, 192.8876953125)
[INFO] - NEWGROUND-GRINGO needed 4.292500019073486 seconds!

>>>> Now solving: instance_0018.lp

(False, 42.38784193992615, 21.773824453353882, 289670.716796875)
[INFO] - GRINGO needed 42.38784193992615 seconds!
(False, 19.346484661102295, 15.49574589729309, 150614.43359375)
[INFO] - IDLV needed 19.346484661102295 seconds!
(False, 5.501327276229858, 5.444406509399414, 228.9560546875)
[INFO] - NEWGROUND-IDLV needed 5.501327276229858 seconds!
(False, 5.546970844268799, 5.4913105964660645, 249.337890625)
[INFO] - NEWGROUND-GRINGO needed 5.546970844268799 seconds!

>>>> Now solving: instance_0020.lp

(False, 110.55083346366882, 56.01633334159851, 749769.0546875)
[INFO] - GRINGO needed 110.55083346366882 seconds!
(False, 48.97469449043274, 38.86077070236206, 384384.314453125)
[INFO] - IDLV needed 48.97469449043274 seconds!
(False, 6.816570281982422, 6.743873357772827, 282.990234375)
[INFO] - NEWGROUND-IDLV needed 6.816570281982422 seconds!
(False, 7.071768760681152, 7.001377582550049, 308.591796875)
[INFO] - NEWGROUND-GRINGO needed 7.071768760681152 seconds!

>>>> Now solving: instance_0030.lp

Ran out of input
(True, 1800, 1800, 9223372036854775807)
[INFO] - GRINGO timed out (1800)!
(False, 1623.375325202942, 1264.2685616016388, 12033369.569335938)
[INFO] - IDLV needed 1623.375325202942 seconds!
(False, 22.25011444091797, 16.501107454299927, 641.494140625)
[INFO] - NEWGROUND-IDLV needed 22.25011444091797 seconds!
(False, 19.932056188583374, 16.81903052330017, 713.3681640625)
[INFO] - NEWGROUND-GRINGO needed 19.932056188583374 seconds!

>>>> Now solving: instance_0040.lp

(True, 1800, 1800, 25.96875)
[INFO] - GRINGO timed out (1800)!
(True, 1800, 1800, 19554976.0)
[INFO] - IDLV timed out (1800)!
(False, 45.51144027709961, 30.87206268310547, 1134.7626953125)
[INFO] - NEWGROUND-IDLV needed 45.51144027709961 seconds!
(False, 32.80068588256836, 32.45834541320801, 1288.900390625)
[INFO] - NEWGROUND-GRINGO needed 32.80068588256836 seconds!

>>>> Now solving: instance_0050.lp

(True, 1800, 1800, 41.73046875)
[INFO] - GRINGO timed out (1800)!
(True, 1800, 1800, 21531600.0)
[INFO] - IDLV timed out (1800)!
(False, 55.67677593231201, 55.099668979644775, 1765.185546875)
[INFO] - NEWGROUND-IDLV needed 55.67677593231201 seconds!
(False, 56.73778033256531, 56.14493989944458, 2006.93359375)
[INFO] - NEWGROUND-GRINGO needed 56.73778033256531 seconds!

>>>> Now solving: instance_0060.lp

(True, 1800, 1800, 62.501953125)
[INFO] - GRINGO timed out (1800)!
(True, 1800, 1800, 21207976.0)
[INFO] - IDLV timed out (1800)!
(False, 88.48270463943481, 87.53095602989197, 2547.31640625)
[INFO] - NEWGROUND-IDLV needed 88.48270463943481 seconds!
(False, 89.59470391273499, 88.45368838310242, 2898.9423828125)
[INFO] - NEWGROUND-GRINGO needed 89.59470391273499 seconds!

>>>> Now solving: instance_0070.lp

(True, 1800, 1800, 85.734375)
[INFO] - GRINGO timed out (1800)!
(True, 1800, 1800, 20039508.0)
[INFO] - IDLV timed out (1800)!
(False, 148.94107460975647, 147.27006697654724, 3552.734375)
[INFO] - NEWGROUND-IDLV needed 148.94107460975647 seconds!
(False, 135.4851176738739, 133.7770881652832, 3937.1689453125)
[INFO] - NEWGROUND-GRINGO needed 135.4851176738739 seconds!

>>>> Now solving: instance_0080.lp

(True, 1800, 1800, 112.482421875)
[INFO] - GRINGO timed out (1800)!
(True, 1800, 1800, 21104652.0)
[INFO] - IDLV timed out (1800)!
(False, 196.23138284683228, 190.36072850227356, 4897.76953125)
[INFO] - NEWGROUND-IDLV needed 196.23138284683228 seconds!
(False, 187.08497095108032, 184.33334374427795, 5402.828125)
[INFO] - NEWGROUND-GRINGO needed 187.08497095108032 seconds!

>>>> Now solving: instance_0090.lp

(True, 1800, 1800, 141.6328125)
[INFO] - GRINGO timed out (1800)!
Ran out of input
(True, 1800, 1800, 9223372036854775807)
[INFO] - IDLV timed out (1800)!
(False, 230.0987949371338, 227.56818890571594, 6280.1982421875)
[INFO] - NEWGROUND-IDLV needed 230.0987949371338 seconds!
(False, 264.74097895622253, 259.7182376384735, 6883.2529296875)
[INFO] - NEWGROUND-GRINGO needed 264.74097895622253 seconds!

>>>> Now solving: instance_0100.lp

(True, 1800, 1800, 174.6630859375)
[INFO] - GRINGO timed out (1800)!
(True, 1800, 1800, 21352916.0)
[INFO] - IDLV timed out (1800)!
(False, 333.07794213294983, 327.88907980918884, 7847.2314453125)
[INFO] - NEWGROUND-IDLV needed 333.07794213294983 seconds!
(False, 368.64334082603455, 361.0696406364441, 8515.609375)
[INFO] - NEWGROUND-GRINGO needed 368.64334082603455 seconds!

>>>> Now solving: instance_0110.lp

(True, 1800, 1800, 217.7568359375)
[INFO] - GRINGO timed out (1800)!
(True, 1800, 1800, 21430104.0)
[INFO] - IDLV timed out (1800)!
(False, 467.64881205558777, 459.9190719127655, 9519.6220703125)
[INFO] - NEWGROUND-IDLV needed 467.64881205558777 seconds!
(False, 474.2281711101532, 468.2866680622101, 10447.00390625)
[INFO] - NEWGROUND-GRINGO needed 474.2281711101532 seconds!

>>>> Now solving: instance_0120.lp

(True, 1800, 1800, 258.8818359375)
[INFO] - GRINGO timed out (1800)!
(True, 1800, 1800, 21429664.0)
[INFO] - IDLV timed out (1800)!
(False, 592.1238965988159, 579.8618543148041, 11439.5419921875)
[INFO] - NEWGROUND-IDLV needed 592.1238965988159 seconds!
(False, 602.2297780513763, 587.9165198802948, 12837.916015625)
[INFO] - NEWGROUND-GRINGO needed 602.2297780513763 seconds!

>>>> Now solving: instance_0130.lp

(True, 1800, 1800, 305.9755859375)
[INFO] - GRINGO timed out (1800)!
Ran out of input
(True, 1800, 1800, 9223372036854775807)
[INFO] - IDLV timed out (1800)!
(False, 762.0262851715088, 749.3235378265381, 13419.4111328125)
[INFO] - NEWGROUND-IDLV needed 762.0262851715088 seconds!
(False, 749.8322622776031, 736.2372446060181, 15063.5791015625)
[INFO] - NEWGROUND-GRINGO needed 749.8322622776031 seconds!

>>>> Now solving: instance_0140.lp

(True, 1800, 1800, 356.2255859375)
[INFO] - GRINGO timed out (1800)!
Ran out of input
(True, 1800, 1800, 9223372036854775807)
[INFO] - IDLV timed out (1800)!
(False, 915.9496715068817, 887.7454779148102, 15553.2890625)
[INFO] - NEWGROUND-IDLV needed 915.9496715068817 seconds!
(False, 918.5780758857727, 902.4037544727325, 17459.22265625)
[INFO] - NEWGROUND-GRINGO needed 918.5780758857727 seconds!

>>>> Now solving: instance_0150.lp

