
>>>> Now solving: instance_0010.lp

(False, 0.027752399444580078, 0.02476787567138672, 8.484375)
[INFO] - GRINGO needed 0.027752399444580078 seconds!
(False, 0.022588253021240234, 0.01925039291381836, 7.7451171875)
[INFO] - IDLV needed 0.022588253021240234 seconds!
(False, 3.035278081893921, 3.007704019546509, 90.169921875)
[INFO] - NEWGROUND-IDLV needed 3.035278081893921 seconds!
(False, 3.0762195587158203, 3.053049325942993, 103.1650390625)
[INFO] - NEWGROUND-GRINGO needed 3.0762195587158203 seconds!

>>>> Now solving: instance_0012.lp

(False, 5.1760945320129395, 3.2471907138824463, 31301.3740234375)
[INFO] - GRINGO needed 5.1760945320129395 seconds!
(False, 3.523641586303711, 3.066338539123535, 18637.5576171875)
[INFO] - IDLV needed 3.523641586303711 seconds!
(False, 4.038146734237671, 3.998239517211914, 132.6845703125)
[INFO] - NEWGROUND-IDLV needed 4.038146734237671 seconds!
(False, 4.164752244949341, 4.125435829162598, 148.6748046875)
[INFO] - NEWGROUND-GRINGO needed 4.164752244949341 seconds!

>>>> Now solving: instance_0014.lp

(False, 106.37595677375793, 54.95205354690552, 665025.640625)
[INFO] - GRINGO needed 106.37595677375793 seconds!
(False, 61.45508050918579, 50.77684688568115, 377584.296875)
[INFO] - IDLV needed 61.45508050918579 seconds!
(False, 6.275442123413086, 6.225695848464966, 187.462890625)
[INFO] - NEWGROUND-IDLV needed 6.275442123413086 seconds!
(False, 6.874720811843872, 6.821837663650513, 197.2744140625)
[INFO] - NEWGROUND-GRINGO needed 6.874720811843872 seconds!

>>>> Now solving: instance_0016.lp

(False, 477.19831562042236, 253.79246592521667, 2820148.4541015625)
[INFO] - GRINGO needed 477.19831562042236 seconds!
(False, 241.91364073753357, 198.14612865447998, 1549233.5634765625)
[INFO] - IDLV needed 241.91364073753357 seconds!
(False, 7.874168872833252, 7.8042237758636475, 247.0615234375)
[INFO] - NEWGROUND-IDLV needed 7.874168872833252 seconds!
(False, 8.630434036254883, 8.565115213394165, 267.703125)
[INFO] - NEWGROUND-GRINGO needed 8.630434036254883 seconds!

>>>> Now solving: instance_0018.lp

(False, 1565.8694360256195, 838.4018082618713, 9295090.166992188)
[INFO] - GRINGO needed 1565.8694360256195 seconds!
(False, 673.6847760677338, 545.4291915893555, 5015065.9140625)
[INFO] - IDLV needed 673.6847760677338 seconds!
(False, 8.834861278533936, 8.757504224777222, 309.826171875)
[INFO] - NEWGROUND-IDLV needed 8.834861278533936 seconds!
(False, 9.011606693267822, 8.93591570854187, 338.4296875)
[INFO] - NEWGROUND-GRINGO needed 9.011606693267822 seconds!

>>>> Now solving: instance_0020.lp

(True, 1800, 1800, 12688332.0)
[INFO] - GRINGO timed out (1800)!
(True, 1800, 1800, 16222488.0)
[INFO] - IDLV timed out (1800)!
(False, 11.6284921169281, 11.52885389328003, 377.814453125)
[INFO] - NEWGROUND-IDLV needed 11.6284921169281 seconds!
(False, 30.395064115524292, 11.764292478561401, 416.0703125)
[INFO] - NEWGROUND-GRINGO needed 30.395064115524292 seconds!

>>>> Now solving: instance_0030.lp

(True, 1800, 1800, 12.0)
[INFO] - GRINGO timed out (1800)!
(True, 1800, 1800, 16937040.0)
[INFO] - IDLV timed out (1800)!
(False, 298.71013879776, 33.01016330718994, 845.427734375)
[INFO] - NEWGROUND-IDLV needed 298.71013879776 seconds!
(False, 230.56398677825928, 29.2747004032135, 958.14453125)
[INFO] - NEWGROUND-GRINGO needed 230.56398677825928 seconds!

>>>> Now solving: instance_0040.lp

(True, 1800, 1800, 24.0)
[INFO] - GRINGO timed out (1800)!
(True, 1800, 1800, 18090528.0)
[INFO] - IDLV timed out (1800)!
(False, 67.08167672157288, 66.5589349269867, 1484.2548828125)
[INFO] - NEWGROUND-IDLV needed 67.08167672157288 seconds!
(False, 67.67750430107117, 66.74255895614624, 1686.490234375)
[INFO] - NEWGROUND-GRINGO needed 67.67750430107117 seconds!

>>>> Now solving: instance_0050.lp

(True, 1800, 1800, 40.0)
[INFO] - GRINGO timed out (1800)!
Ran out of input
(True, 1800, 1800, 9223372036854775807)
[INFO] - IDLV timed out (1800)!
(False, 105.05941557884216, 104.27617311477661, 2299.990234375)
[INFO] - NEWGROUND-IDLV needed 105.05941557884216 seconds!
(False, 104.06131362915039, 103.00372099876404, 2615.9140625)
[INFO] - NEWGROUND-GRINGO needed 104.06131362915039 seconds!

>>>> Now solving: instance_0060.lp

(True, 1800, 1800, 60.0)
[INFO] - GRINGO timed out (1800)!
(True, 1800, 1800, 21095856.0)
[INFO] - IDLV timed out (1800)!
(False, 161.50837898254395, 160.30377221107483, 3308.52734375)
[INFO] - NEWGROUND-IDLV needed 161.50837898254395 seconds!
(False, 164.10877680778503, 162.07167291641235, 3766.4384765625)
[INFO] - NEWGROUND-GRINGO needed 164.10877680778503 seconds!

>>>> Now solving: instance_0070.lp

(True, 1800, 1800, 84.0)
[INFO] - GRINGO timed out (1800)!
(True, 1800, 1800, 20855580.0)
[INFO] - IDLV timed out (1800)!
(False, 248.2508819103241, 246.40367031097412, 4815.61328125)
[INFO] - NEWGROUND-IDLV needed 248.2508819103241 seconds!
(False, 249.8882975578308, 247.9216125011444, 5108.083984375)
[INFO] - NEWGROUND-GRINGO needed 249.8882975578308 seconds!

>>>> Now solving: instance_0080.lp

(True, 1800, 1800, 112.0)
[INFO] - GRINGO timed out (1800)!
(True, 1800, 1800, 21415444.0)
[INFO] - IDLV timed out (1800)!
(False, 386.7018585205078, 378.9862949848175, 6370.453125)
[INFO] - NEWGROUND-IDLV needed 386.7018585205078 seconds!
(False, 380.943989276886, 375.1897027492523, 7023.1201171875)
[INFO] - NEWGROUND-GRINGO needed 380.943989276886 seconds!

>>>> Now solving: instance_0090.lp

(True, 1800, 1800, 140.0)
[INFO] - GRINGO timed out (1800)!
(True, 1800, 1800, 21083720.0)
[INFO] - IDLV timed out (1800)!
(False, 525.7773942947388, 520.6100528240204, 8101.404296875)
[INFO] - NEWGROUND-IDLV needed 525.7773942947388 seconds!
(False, 503.1042449474335, 495.1437304019928, 8934.048828125)
[INFO] - NEWGROUND-GRINGO needed 503.1042449474335 seconds!

>>>> Now solving: instance_0100.lp

(True, 1800, 1800, 172.0)
[INFO] - GRINGO timed out (1800)!
(True, 1800, 1800, 21610416.0)
[INFO] - IDLV timed out (1800)!
(False, 659.2929644584656, 654.5010704994202, 10097.2900390625)
[INFO] - NEWGROUND-IDLV needed 659.2929644584656 seconds!
(False, 707.2954261302948, 701.4377481937408, 11042.080078125)
[INFO] - NEWGROUND-GRINGO needed 707.2954261302948 seconds!

>>>> Now solving: instance_0110.lp

(True, 1800, 1800, 216.0)
[INFO] - GRINGO timed out (1800)!
Ran out of input
(True, 1800, 1800, 9223372036854775807)
[INFO] - IDLV timed out (1800)!
(False, 855.6997332572937, 848.6163423061371, 12347.5419921875)
[INFO] - NEWGROUND-IDLV needed 855.6997332572937 seconds!
(False, 938.7227902412415, 912.5050883293152, 13656.3095703125)
[INFO] - NEWGROUND-GRINGO needed 938.7227902412415 seconds!

>>>> Now solving: instance_0120.lp

(True, 1800, 1800, 256.0)
[INFO] - GRINGO timed out (1800)!
(True, 1800, 1800, 21962096.0)
[INFO] - IDLV timed out (1800)!
(False, 1302.4388620853424, 1293.6148600578308, 14788.0185546875)
[INFO] - NEWGROUND-IDLV needed 1302.4388620853424 seconds!
(False, 1263.711416721344, 1237.4512288570404, 16600.681640625)
[INFO] - NEWGROUND-GRINGO needed 1263.711416721344 seconds!

>>>> Now solving: instance_0130.lp

(True, 1800, 1800, 304.0)
[INFO] - GRINGO timed out (1800)!
Ran out of input
(True, 1800, 1800, 9223372036854775807)
[INFO] - IDLV timed out (1800)!
(False, 1488.7256569862366, 1477.4352293014526, 17338.0439453125)
[INFO] - NEWGROUND-IDLV needed 1488.7256569862366 seconds!
(False, 1513.5389013290405, 1499.9556233882904, 19467.6728515625)
[INFO] - NEWGROUND-GRINGO needed 1513.5389013290405 seconds!

>>>> Now solving: instance_0140.lp

(True, 1800, 1800, 356.0)
[INFO] - GRINGO timed out (1800)!
Ran out of input
(True, 1800, 1800, 9223372036854775807)
[INFO] - IDLV timed out (1800)!
(True, 1800, 1800, 42919.5888671875)
[INFO] - NEWGROUND-IDLV timed out (1800)!
(True, 1800, 1800, 42360.4072265625)
[INFO] - NEWGROUND-GRINGO timed out (1800)!

>>>> Now solving: instance_0150.lp

(True, 1800, 1800, 412.0)
[INFO] - GRINGO timed out (1800)!
Ran out of input
(True, 1800, 1800, 9223372036854775807)
[INFO] - IDLV timed out (1800)!
(True, 1800, 1800, 35296.8359375)
[INFO] - NEWGROUND-IDLV timed out (1800)!
(True, 1800, 1800, 41273.783203125)
[INFO] - NEWGROUND-GRINGO timed out (1800)!

>>>> Now solving: instance_0180.lp

