
>>>> Now solving: instance_0010.lp

(False, 0.01898360252380371, 0.016457796096801758, 8.1572265625)
[INFO] - GRINGO needed 0.01898360252380371 seconds!
(False, 0.008637428283691406, 0.0023794174194335938, 6.7099609375)
[INFO] - IDLV needed 0.008637428283691406 seconds!
(False, 1.1517832279205322, 1.1328332424163818, 41.654296875)
[INFO] - NEWGROUND-IDLV needed 1.1517832279205322 seconds!
(False, 1.1649882793426514, 1.1469237804412842, 47.0908203125)
[INFO] - NEWGROUND-GRINGO needed 1.1649882793426514 seconds!

>>>> Now solving: instance_0012.lp

(False, 0.04205155372619629, 0.0266416072845459, 130.3203125)
[INFO] - GRINGO needed 0.04205155372619629 seconds!
(False, 0.02045917510986328, 0.014144659042358398, 70.3173828125)
[INFO] - IDLV needed 0.02045917510986328 seconds!
(False, 1.4819695949554443, 1.460542917251587, 60.203125)
[INFO] - NEWGROUND-IDLV needed 1.4819695949554443 seconds!
(False, 1.4999878406524658, 1.4799532890319824, 68.431640625)
[INFO] - NEWGROUND-GRINGO needed 1.4999878406524658 seconds!

>>>> Now solving: instance_0014.lp

(False, 0.07678437232971191, 0.04508185386657715, 329.9326171875)
[INFO] - GRINGO needed 0.07678437232971191 seconds!
(False, 0.03825187683105469, 0.024562358856201172, 171.2412109375)
[INFO] - IDLV needed 0.03825187683105469 seconds!
(False, 1.8479039669036865, 1.8211636543273926, 80.724609375)
[INFO] - NEWGROUND-IDLV needed 1.8479039669036865 seconds!
(False, 1.876697063446045, 1.8509197235107422, 91.9365234375)
[INFO] - NEWGROUND-GRINGO needed 1.876697063446045 seconds!

>>>> Now solving: instance_0016.lp

(False, 0.07187700271606445, 0.04258108139038086, 322.4248046875)
[INFO] - GRINGO needed 0.07187700271606445 seconds!
(False, 0.03870081901550293, 0.02488088607788086, 177.6357421875)
[INFO] - IDLV needed 0.03870081901550293 seconds!
(False, 2.392585277557373, 2.358503580093384, 103.2705078125)
[INFO] - NEWGROUND-IDLV needed 2.392585277557373 seconds!
(False, 2.31540846824646, 2.282576322555542, 117.73828125)
[INFO] - NEWGROUND-GRINGO needed 2.31540846824646 seconds!

>>>> Now solving: instance_0018.lp

(False, 0.2442028522491455, 0.13680768013000488, 1401.2548828125)
[INFO] - GRINGO needed 0.2442028522491455 seconds!
(False, 0.11688899993896484, 0.08392119407653809, 723.544921875)
[INFO] - IDLV needed 0.11688899993896484 seconds!
(False, 2.835613250732422, 2.794811487197876, 138.14453125)
[INFO] - NEWGROUND-IDLV needed 2.835613250732422 seconds!
(False, 2.976801633834839, 2.938263177871704, 152.74609375)
[INFO] - NEWGROUND-GRINGO needed 2.976801633834839 seconds!

>>>> Now solving: instance_0020.lp

(False, 0.5024673938751221, 0.2684667110443115, 3097.5712890625)
[INFO] - GRINGO needed 0.5024673938751221 seconds!
(False, 0.2306220531463623, 0.17143964767456055, 1572.1806640625)
[INFO] - IDLV needed 0.2306220531463623 seconds!
(False, 3.478563070297241, 3.4295947551727295, 176.708984375)
[INFO] - NEWGROUND-IDLV needed 3.478563070297241 seconds!
(False, 3.569772243499756, 3.5224037170410156, 191.1201171875)
[INFO] - NEWGROUND-GRINGO needed 3.569772243499756 seconds!

>>>> Now solving: instance_0030.lp

(False, 4.020459413528442, 2.0276830196380615, 25022.462890625)
[INFO] - GRINGO needed 4.020459413528442 seconds!
(False, 1.6310334205627441, 1.23073148727417, 12023.1494140625)
[INFO] - IDLV needed 1.6310334205627441 seconds!
(False, 9.426528930664062, 8.569622039794922, 412.0146484375)
[INFO] - NEWGROUND-IDLV needed 9.426528930664062 seconds!
(False, 9.092872381210327, 8.936574935913086, 451.3828125)
[INFO] - NEWGROUND-GRINGO needed 9.092872381210327 seconds!

>>>> Now solving: instance_0040.lp

(False, 17.531545162200928, 8.452704906463623, 102834.44140625)
[INFO] - GRINGO needed 17.531545162200928 seconds!
(False, 6.809568405151367, 5.072541236877441, 51125.4384765625)
[INFO] - IDLV needed 6.809568405151367 seconds!
(False, 16.32314419746399, 16.09278392791748, 732.685546875)
[INFO] - NEWGROUND-IDLV needed 16.32314419746399 seconds!
(False, 16.477417707443237, 16.22930908203125, 826.916015625)
[INFO] - NEWGROUND-GRINGO needed 16.477417707443237 seconds!

>>>> Now solving: instance_0050.lp

(False, 58.51155114173889, 28.264457941055298, 359073.125)
[INFO] - GRINGO needed 58.51155114173889 seconds!
(False, 21.819868087768555, 16.313156843185425, 181133.9130859375)
[INFO] - IDLV needed 21.819868087768555 seconds!
(False, 29.38131284713745, 28.95664930343628, 1142.7763671875)
[INFO] - NEWGROUND-IDLV needed 29.38131284713745 seconds!
(False, 30.141470670700073, 29.63693618774414, 1292.38671875)
[INFO] - NEWGROUND-GRINGO needed 30.141470670700073 seconds!

>>>> Now solving: instance_0060.lp

(False, 170.92308282852173, 80.83868861198425, 1030957.1044921875)
[INFO] - GRINGO needed 170.92308282852173 seconds!
(False, 64.29346919059753, 47.44823336601257, 507845.4970703125)
[INFO] - IDLV needed 64.29346919059753 seconds!
(False, 44.9371395111084, 44.28829479217529, 1640.7998046875)
[INFO] - NEWGROUND-IDLV needed 44.9371395111084 seconds!
(False, 45.9810585975647, 45.32111215591431, 1856.970703125)
[INFO] - NEWGROUND-GRINGO needed 45.9810585975647 seconds!

>>>> Now solving: instance_0070.lp

(False, 360.07503843307495, 167.31844782829285, 2167402.8818359375)
[INFO] - GRINGO needed 360.07503843307495 seconds!
(False, 131.2076804637909, 95.97781872749329, 1050493.005859375)
[INFO] - IDLV needed 131.2076804637909 seconds!
(False, 64.08680057525635, 62.388341188430786, 2227.607421875)
[INFO] - NEWGROUND-IDLV needed 64.08680057525635 seconds!
(False, 66.38575673103333, 65.12274885177612, 2521.94140625)
[INFO] - NEWGROUND-GRINGO needed 66.38575673103333 seconds!

>>>> Now solving: instance_0080.lp

(False, 745.5202066898346, 341.76375222206116, 4466744.583984375)
[INFO] - GRINGO needed 745.5202066898346 seconds!
(False, 274.7621612548828, 200.30250239372253, 2148666.0888671875)
[INFO] - IDLV needed 274.7621612548828 seconds!
(False, 91.91643118858337, 86.98995399475098, 2909.8955078125)
[INFO] - NEWGROUND-IDLV needed 91.91643118858337 seconds!
(False, 92.14428544044495, 89.37525224685669, 3296.0654296875)
[INFO] - NEWGROUND-GRINGO needed 92.14428544044495 seconds!

>>>> Now solving: instance_0090.lp

(True, 1800, 650.6944723129272, 8510035.583984375)
[INFO] - GRINGO timed out (1800)!
(False, 515.8111417293549, 371.33901500701904, 4038664.68359375)
[INFO] - IDLV needed 515.8111417293549 seconds!
(False, 124.29180598258972, 117.51262474060059, 3770.0712890625)
[INFO] - NEWGROUND-IDLV needed 124.29180598258972 seconds!
(False, 122.23297572135925, 119.29561352729797, 4162.1064453125)
[INFO] - NEWGROUND-GRINGO needed 122.23297572135925 seconds!

>>>> Now solving: instance_0100.lp

(True, 1800, 1185.1550641059875, 15836147.856445312)
[INFO] - GRINGO timed out (1800)!
(False, 926.981285572052, 661.7967157363892, 7386840.392578125)
[INFO] - IDLV needed 926.981285572052 seconds!
(False, 152.8289942741394, 147.6967475414276, 5020.8759765625)
[INFO] - NEWGROUND-IDLV needed 152.8289942741394 seconds!
(False, 142.00606274604797, 138.76695275306702, 5442.7763671875)
[INFO] - NEWGROUND-GRINGO needed 142.00606274604797 seconds!

>>>> Now solving: instance_0110.lp

Ran out of input
(True, 1800, 1800, 9223372036854775807)
[INFO] - GRINGO timed out (1800)!
(False, 1640.4217689037323, 1172.6658773422241, 12955053.0703125)
[INFO] - IDLV needed 1640.4217689037323 seconds!
(False, 180.89236545562744, 176.9895031452179, 6132.2470703125)
[INFO] - NEWGROUND-IDLV needed 180.89236545562744 seconds!
(False, 180.92015266418457, 176.35688853263855, 6638.8291015625)
[INFO] - NEWGROUND-GRINGO needed 180.92015266418457 seconds!

>>>> Now solving: instance_0120.lp

(True, 1800, 1800, 16343816.0)
[INFO] - GRINGO timed out (1800)!
(True, 1800, 1800, 21056417.086914062)
[INFO] - IDLV timed out (1800)!
(False, 229.36339378356934, 223.6758222579956, 7328.4423828125)
[INFO] - NEWGROUND-IDLV needed 229.36339378356934 seconds!
(False, 226.14051127433777, 218.24846291542053, 7931.84765625)
[INFO] - NEWGROUND-GRINGO needed 226.14051127433777 seconds!

>>>> Now solving: instance_0130.lp

(True, 1800, 1800, 9864224.0)
[INFO] - GRINGO timed out (1800)!
Ran out of input
(True, 1800, 1800, 9223372036854775807)
[INFO] - IDLV timed out (1800)!
