
>>>> Now solving: instance_0010.lp

(False, 0.018784284591674805, 0.015323162078857422, 5.79296875)
[INFO] - GRINGO needed 0.018784284591674805 seconds!
(False, 0.009145736694335938, 0.00391077995300293, 5.5849609375)
[INFO] - IDLV needed 0.009145736694335938 seconds!
(False, 1.919773817062378, 1.8960778713226318, 62.693359375)
[INFO] - NEWGROUND-IDLV needed 1.919773817062378 seconds!
(False, 1.9522886276245117, 1.9292407035827637, 71.2548828125)
[INFO] - NEWGROUND-GRINGO needed 1.9522886276245117 seconds!

>>>> Now solving: instance_0012.lp

(False, 0.21439361572265625, 0.1329352855682373, 1179.05859375)
[INFO] - GRINGO needed 0.21439361572265625 seconds!
(False, 0.12510418891906738, 0.0974111557006836, 629.3330078125)
[INFO] - IDLV needed 0.12510418891906738 seconds!
(False, 2.5330164432525635, 2.506021022796631, 89.58203125)
[INFO] - NEWGROUND-IDLV needed 2.5330164432525635 seconds!
(False, 2.528296947479248, 2.500126600265503, 102.220703125)
[INFO] - NEWGROUND-GRINGO needed 2.528296947479248 seconds!

>>>> Now solving: instance_0014.lp

(False, 1.4710862636566162, 0.8213930130004883, 8877.4716796875)
[INFO] - GRINGO needed 1.4710862636566162 seconds!
(False, 0.7196962833404541, 0.5816934108734131, 4491.4521484375)
[INFO] - IDLV needed 0.7196962833404541 seconds!
(False, 3.2464897632598877, 3.21116304397583, 122.958984375)
[INFO] - NEWGROUND-IDLV needed 3.2464897632598877 seconds!
(False, 3.2789266109466553, 3.2447407245635986, 136.5537109375)
[INFO] - NEWGROUND-GRINGO needed 3.2789266109466553 seconds!

>>>> Now solving: instance_0016.lp

(False, 0.4844372272491455, 0.29180073738098145, 3088.4384765625)
[INFO] - GRINGO needed 0.4844372272491455 seconds!
(False, 0.2821674346923828, 0.22768402099609375, 1762.873046875)
[INFO] - IDLV needed 0.2821674346923828 seconds!
(False, 4.132173776626587, 4.086950778961182, 158.87109375)
[INFO] - NEWGROUND-IDLV needed 4.132173776626587 seconds!
(False, 4.132091283798218, 4.086753845214844, 174.51953125)
[INFO] - NEWGROUND-GRINGO needed 4.132091283798218 seconds!

>>>> Now solving: instance_0018.lp

(False, 6.294121503829956, 3.373512029647827, 41805.099609375)
[INFO] - GRINGO needed 6.294121503829956 seconds!
(False, 3.005451202392578, 2.4272515773773193, 22687.611328125)
[INFO] - IDLV needed 3.005451202392578 seconds!
(False, 5.717395782470703, 5.653814792633057, 214.54296875)
[INFO] - NEWGROUND-IDLV needed 5.717395782470703 seconds!
(False, 5.6288957595825195, 5.571572542190552, 230.060546875)
[INFO] - NEWGROUND-GRINGO needed 5.6288957595825195 seconds!

>>>> Now solving: instance_0020.lp

(False, 19.25936198234558, 10.060779571533203, 117515.9375)
[INFO] - GRINGO needed 19.25936198234558 seconds!
(False, 9.235641241073608, 7.43722128868103, 62142.8134765625)
[INFO] - IDLV needed 9.235641241073608 seconds!
(False, 7.678361415863037, 7.601052761077881, 269.6650390625)
[INFO] - NEWGROUND-IDLV needed 7.678361415863037 seconds!
(False, 7.230611562728882, 7.1607208251953125, 291.06640625)
[INFO] - NEWGROUND-GRINGO needed 7.230611562728882 seconds!

>>>> Now solving: instance_0030.lp

(False, 522.963472366333, 256.3800542354584, 3134438.130859375)
[INFO] - GRINGO needed 522.963472366333 seconds!
(False, 223.07069611549377, 175.49526834487915, 1560247.5166015625)
[INFO] - IDLV needed 223.07069611549377 seconds!
(False, 21.5010347366333, 18.362985134124756, 603.951171875)
[INFO] - NEWGROUND-IDLV needed 21.5010347366333 seconds!
(False, 21.4957115650177, 18.832072973251343, 664.5751953125)
[INFO] - NEWGROUND-GRINGO needed 21.4957115650177 seconds!

>>>> Now solving: instance_0040.lp

(True, 1800, 1800, 23154562.576171875)
[INFO] - GRINGO timed out (1800)!
(False, 1480.2428660392761, 1142.0098736286163, 11839811.250976562)
[INFO] - IDLV needed 1480.2428660392761 seconds!
(False, 45.29697513580322, 35.5063111782074, 1057.130859375)
[INFO] - NEWGROUND-IDLV needed 45.29697513580322 seconds!
(False, 50.01224732398987, 36.56355690956116, 1195.302734375)
[INFO] - NEWGROUND-GRINGO needed 50.01224732398987 seconds!

>>>> Now solving: instance_0050.lp

(True, 1800, 1800, 28.0)
[INFO] - GRINGO timed out (1800)!
(True, 1800, 1800, 20457076.0)
[INFO] - IDLV timed out (1800)!
(False, 78.81618118286133, 54.80274534225464, 1642.7685546875)
[INFO] - NEWGROUND-IDLV needed 78.81618118286133 seconds!
(False, 52.06156635284424, 51.45364689826965, 1860.6640625)
[INFO] - NEWGROUND-GRINGO needed 52.06156635284424 seconds!

>>>> Now solving: instance_0060.lp

(True, 1800, 1800, 40.734375)
[INFO] - GRINGO timed out (1800)!
(True, 1800, 1800, 20466504.0)
[INFO] - IDLV timed out (1800)!
(False, 85.98243999481201, 85.09051990509033, 2353.4873046875)
[INFO] - NEWGROUND-IDLV needed 85.98243999481201 seconds!
(False, 87.08330178260803, 86.15458083152771, 2667.529296875)
[INFO] - NEWGROUND-GRINGO needed 87.08330178260803 seconds!

>>>> Now solving: instance_0070.lp

(True, 1800, 1800, 55.8515625)
[INFO] - GRINGO timed out (1800)!
(True, 1800, 1800, 20386936.0)
[INFO] - IDLV timed out (1800)!
(False, 124.50407385826111, 122.91215443611145, 3189.669921875)
[INFO] - NEWGROUND-IDLV needed 124.50407385826111 seconds!
(False, 126.52066087722778, 124.4492576122284, 3616.609375)
[INFO] - NEWGROUND-GRINGO needed 126.52066087722778 seconds!

>>>> Now solving: instance_0080.lp

(True, 1800, 1800, 73.8984375)
[INFO] - GRINGO timed out (1800)!
Ran out of input
(True, 1800, 1800, 9223372036854775807)
[INFO] - IDLV timed out (1800)!
(False, 435.33232855796814, 177.01025867462158, 4242.76171875)
[INFO] - NEWGROUND-IDLV needed 435.33232855796814 seconds!
(False, 174.5977282524109, 172.38073563575745, 4719.2490234375)
[INFO] - NEWGROUND-GRINGO needed 174.5977282524109 seconds!

>>>> Now solving: instance_0090.lp

(True, 1800, 1800, 93.0)
[INFO] - GRINGO timed out (1800)!
(True, 1800, 1800, 21374624.0)
[INFO] - IDLV timed out (1800)!
(False, 265.5149919986725, 260.86043405532837, 5677.0751953125)
[INFO] - NEWGROUND-IDLV needed 265.5149919986725 seconds!
(False, 230.63232374191284, 226.38155436515808, 6110.8857421875)
[INFO] - NEWGROUND-GRINGO needed 230.63232374191284 seconds!

>>>> Now solving: instance_0100.lp

(True, 1800, 1800, 117.78515625)
[INFO] - GRINGO timed out (1800)!
(True, 1800, 1800, 21998128.0)
[INFO] - IDLV timed out (1800)!
(False, 319.6508710384369, 314.71209812164307, 7148.818359375)
[INFO] - NEWGROUND-IDLV needed 319.6508710384369 seconds!
(False, 322.49116802215576, 317.2076497077942, 7799.9755859375)
[INFO] - NEWGROUND-GRINGO needed 322.49116802215576 seconds!

>>>> Now solving: instance_0110.lp

(True, 1800, 1800, 143.859375)
[INFO] - GRINGO timed out (1800)!
(True, 1800, 1800, 21279968.0)
[INFO] - IDLV timed out (1800)!
(False, 468.02689003944397, 460.9972400665283, 8779.9189453125)
[INFO] - NEWGROUND-IDLV needed 468.02689003944397 seconds!
(False, 404.05237650871277, 398.19474601745605, 9498.0341796875)
[INFO] - NEWGROUND-GRINGO needed 404.05237650871277 seconds!

>>>> Now solving: instance_0120.lp

(True, 1800, 1800, 172.7568359375)
[INFO] - GRINGO timed out (1800)!
Ran out of input
(True, 1800, 1800, 9223372036854775807)
[INFO] - IDLV timed out (1800)!
(False, 576.6924524307251, 568.2311663627625, 10480.8369140625)
[INFO] - NEWGROUND-IDLV needed 576.6924524307251 seconds!
(False, 593.2692029476166, 581.9849228858948, 11336.34765625)
[INFO] - NEWGROUND-GRINGO needed 593.2692029476166 seconds!

>>>> Now solving: instance_0130.lp

(True, 1800, 1800, 200.8505859375)
[INFO] - GRINGO timed out (1800)!
(True, 1800, 1800, 21483624.0)
[INFO] - IDLV timed out (1800)!
(False, 665.1886403560638, 657.937539100647, 12367.7353515625)
[INFO] - NEWGROUND-IDLV needed 665.1886403560638 seconds!
(False, 679.7228572368622, 665.6397244930267, 13350.8466796875)
[INFO] - NEWGROUND-GRINGO needed 679.7228572368622 seconds!

>>>> Now solving: instance_0140.lp

(True, 1800, 1800, 234.1005859375)
[INFO] - GRINGO timed out (1800)!
(True, 1800, 1800, 21017644.0)
[INFO] - IDLV timed out (1800)!
(False, 859.2195303440094, 848.0502879619598, 14370.06640625)
[INFO] - NEWGROUND-IDLV needed 859.2195303440094 seconds!
(False, 910.9415392875671, 894.2035331726074, 15843.9443359375)
[INFO] - NEWGROUND-GRINGO needed 910.9415392875671 seconds!

