
>>>> Now solving: instance_0010.lp

(False, 0.014753580093383789, 0.011787891387939453, 5.79296875)
[INFO] - GRINGO needed 0.014753580093383789 seconds!
(False, 0.00879979133605957, 0.0035724639892578125, 5.5849609375)
[INFO] - IDLV needed 0.00879979133605957 seconds!
(False, 3.4135193824768066, 3.392031669616699, 86.404296875)
[INFO] - NEWGROUND-IDLV needed 3.4135193824768066 seconds!
(False, 3.399081230163574, 3.372664213180542, 98.5126953125)
[INFO] - NEWGROUND-GRINGO needed 3.399081230163574 seconds!

>>>> Now solving: instance_0012.lp

(False, 0.5296072959899902, 0.3696324825286865, 2431.306640625)
[INFO] - GRINGO needed 0.5296072959899902 seconds!
(False, 0.4575052261352539, 0.41175365447998047, 1387.2509765625)
[INFO] - IDLV needed 0.4575052261352539 seconds!
(False, 4.494739294052124, 4.46141791343689, 124.3193359375)
[INFO] - NEWGROUND-IDLV needed 4.494739294052124 seconds!
(False, 4.483849287033081, 4.449095249176025, 139.791015625)
[INFO] - NEWGROUND-GRINGO needed 4.483849287033081 seconds!

>>>> Now solving: instance_0014.lp

(False, 22.56545662879944, 12.995763540267944, 118335.576171875)
[INFO] - GRINGO needed 22.56545662879944 seconds!
(False, 13.242227792739868, 11.195591449737549, 62028.1201171875)
[INFO] - IDLV needed 13.242227792739868 seconds!
(False, 6.377932071685791, 6.3268866539001465, 176.3896484375)
[INFO] - NEWGROUND-IDLV needed 6.377932071685791 seconds!
(False, 6.4627110958099365, 6.410406589508057, 185.6396484375)
[INFO] - NEWGROUND-GRINGO needed 6.4627110958099365 seconds!

>>>> Now solving: instance_0016.lp

(False, 1.1523468494415283, 0.7985098361968994, 5510.6796875)
[INFO] - GRINGO needed 1.1523468494415283 seconds!
(False, 1.0681757926940918, 0.9591639041900635, 3401.845703125)
[INFO] - IDLV needed 1.0681757926940918 seconds!
(False, 8.255662441253662, 8.188333749771118, 227.3076171875)
[INFO] - NEWGROUND-IDLV needed 8.255662441253662 seconds!
(False, 7.99546480178833, 7.922985315322876, 242.8134765625)
[INFO] - NEWGROUND-GRINGO needed 7.99546480178833 seconds!

>>>> Now solving: instance_0018.lp

(False, 118.95689558982849, 66.35664820671082, 685389.3828125)
[INFO] - GRINGO needed 118.95689558982849 seconds!
(False, 63.22276020050049, 51.97335505485535, 389441.0986328125)
[INFO] - IDLV needed 63.22276020050049 seconds!
(False, 10.40100622177124, 10.31556510925293, 292.8505859375)
[INFO] - NEWGROUND-IDLV needed 10.40100622177124 seconds!
(False, 9.50458288192749, 9.42418360710144, 316.0419921875)
[INFO] - NEWGROUND-GRINGO needed 9.50458288192749 seconds!

>>>> Now solving: instance_0020.lp

(False, 427.64096784591675, 232.66114974021912, 2581621.5068359375)
[INFO] - GRINGO needed 427.64096784591675 seconds!
(False, 217.96119713783264, 177.55043745040894, 1417174.3603515625)
[INFO] - IDLV needed 217.96119713783264 seconds!
(False, 13.246729850769043, 13.135718822479248, 365.5234375)
[INFO] - NEWGROUND-IDLV needed 13.246729850769043 seconds!
(False, 13.283010959625244, 13.181668281555176, 397.3447265625)
[INFO] - NEWGROUND-GRINGO needed 13.283010959625244 seconds!

>>>> Now solving: instance_0030.lp

(True, 1800, 1800, 8.0)
[INFO] - GRINGO timed out (1800)!
(True, 1800, 1800, 16441960.0)
[INFO] - IDLV timed out (1800)!
(False, 60.79180932044983, 32.467679023742676, 803.67578125)
[INFO] - NEWGROUND-IDLV needed 60.79180932044983 seconds!
(False, 82.56823420524597, 32.33984637260437, 887.4765625)
[INFO] - NEWGROUND-GRINGO needed 82.56823420524597 seconds!

>>>> Now solving: instance_0040.lp

(True, 1800, 1800, 16.0)
[INFO] - GRINGO timed out (1800)!
(True, 1800, 1800, 17073848.0)
[INFO] - IDLV timed out (1800)!
(False, 245.358567237854, 64.61173629760742, 1394.982421875)
[INFO] - NEWGROUND-IDLV needed 245.358567237854 seconds!
(False, 251.5984559059143, 65.62492203712463, 1578.923828125)
[INFO] - NEWGROUND-GRINGO needed 251.5984559059143 seconds!

>>>> Now solving: instance_0050.lp

(True, 1800, 1800, 28.0)
[INFO] - GRINGO timed out (1800)!
(True, 1800, 1800, 21027380.0)
[INFO] - IDLV timed out (1800)!
(False, 561.3397085666656, 111.57294774055481, 2159.6044921875)
[INFO] - NEWGROUND-IDLV needed 561.3397085666656 seconds!
(False, 116.86050796508789, 115.97875308990479, 2448.08203125)
[INFO] - NEWGROUND-GRINGO needed 116.86050796508789 seconds!

>>>> Now solving: instance_0060.lp

(True, 1800, 1800, 40.0)
[INFO] - GRINGO timed out (1800)!
(True, 1800, 1800, 21101512.0)
[INFO] - IDLV timed out (1800)!
(False, 177.5226559638977, 176.23134207725525, 3086.4560546875)
[INFO] - NEWGROUND-IDLV needed 177.5226559638977 seconds!
(False, 182.81427478790283, 180.99602723121643, 3501.134765625)
[INFO] - NEWGROUND-GRINGO needed 182.81427478790283 seconds!

>>>> Now solving: instance_0070.lp

(True, 1800, 1800, 52.0)
[INFO] - GRINGO timed out (1800)!
(True, 1800, 1800, 19579648.0)
[INFO] - IDLV timed out (1800)!
(False, 284.57990431785583, 267.4109082221985, 4175.451171875)
[INFO] - NEWGROUND-IDLV needed 284.57990431785583 seconds!
(False, 288.0381717681885, 284.0011851787567, 4738.23046875)
[INFO] - NEWGROUND-GRINGO needed 288.0381717681885 seconds!

>>>> Now solving: instance_0080.lp

(True, 1800, 1800, 72.0)
[INFO] - GRINGO timed out (1800)!
(True, 1800, 1800, 20725692.0)
[INFO] - IDLV timed out (1800)!
(False, 392.93471026420593, 386.3053243160248, 5851.951171875)
[INFO] - NEWGROUND-IDLV needed 392.93471026420593 seconds!
(False, 391.7884111404419, 388.6000430583954, 6173.2919921875)
[INFO] - NEWGROUND-GRINGO needed 391.7884111404419 seconds!

>>>> Now solving: instance_0090.lp

(True, 1800, 1800, 92.0)
[INFO] - GRINGO timed out (1800)!
(True, 1800, 1800, 20298140.0)
[INFO] - IDLV timed out (1800)!
(False, 542.1075525283813, 538.2203586101532, 7463.296875)
[INFO] - NEWGROUND-IDLV needed 542.1075525283813 seconds!
(False, 531.5610151290894, 523.0124976634979, 8129.0234375)
[INFO] - NEWGROUND-GRINGO needed 531.5610151290894 seconds!

>>>> Now solving: instance_0100.lp

(True, 1800, 1800, 116.0)
[INFO] - GRINGO timed out (1800)!
(True, 1800, 1800, 20877376.0)
[INFO] - IDLV timed out (1800)!
(False, 756.9982635974884, 719.9767076969147, 9290.7412109375)
[INFO] - NEWGROUND-IDLV needed 756.9982635974884 seconds!
(False, 737.1896347999573, 722.2477426528931, 10210.478515625)
[INFO] - NEWGROUND-GRINGO needed 737.1896347999573 seconds!

>>>> Now solving: instance_0110.lp

(True, 1800, 1800, 140.0)
[INFO] - GRINGO timed out (1800)!
(True, 1800, 1800, 22013068.0)
[INFO] - IDLV timed out (1800)!
(False, 945.4833884239197, 930.9180359840393, 11311.7666015625)
[INFO] - NEWGROUND-IDLV needed 945.4833884239197 seconds!
(False, 895.6557905673981, 862.053906917572, 12415.9970703125)
[INFO] - NEWGROUND-GRINGO needed 895.6557905673981 seconds!

>>>> Now solving: instance_0120.lp

(True, 1800, 1800, 172.0)
[INFO] - GRINGO timed out (1800)!
Ran out of input
(True, 1800, 1800, 9223372036854775807)
[INFO] - IDLV timed out (1800)!
(False, 1016.815887928009, 1006.7914581298828, 13519.138671875)
[INFO] - NEWGROUND-IDLV needed 1016.815887928009 seconds!
(False, 1176.6817834377289, 1146.384913444519, 14836.2666015625)
[INFO] - NEWGROUND-GRINGO needed 1176.6817834377289 seconds!

>>>> Now solving: instance_0130.lp

(True, 1800, 1800, 200.0)
[INFO] - GRINGO timed out (1800)!
(True, 1800, 1800, 21028140.0)
[INFO] - IDLV timed out (1800)!
(False, 1420.2428467273712, 1410.7849519252777, 16113.146484375)
[INFO] - NEWGROUND-IDLV needed 1420.2428467273712 seconds!
(False, 1532.4999935626984, 1510.9322469234467, 17618.873046875)
[INFO] - NEWGROUND-GRINGO needed 1532.4999935626984 seconds!

>>>> Now solving: instance_0140.lp

(True, 1800, 1800, 232.0)
[INFO] - GRINGO timed out (1800)!
(True, 1800, 1800, 21214088.0)
[INFO] - IDLV timed out (1800)!
(True, 1800, 1809.8478519916534, 18721.017578125)
[INFO] - NEWGROUND-IDLV timed out (1800)!
(False, 1749.1751790046692, 1715.052951335907, 20957.0087890625)
[INFO] - NEWGROUND-GRINGO needed 1749.1751790046692 seconds!

>>>> Now solving: instance_0150.lp

(True, 1800, 1800, 272.0)
[INFO] - GRINGO timed out (1800)!
(True, 1800, 1800, 21665128.0)
[INFO] - IDLV timed out (1800)!
(True, 1800, 1800, 38884.962890625)
[INFO] - NEWGROUND-IDLV timed out (1800)!
(True, 1800, 1800, 42637.455078125)
