
>>>> Now solving: instance_0010.lp

(False, 0.01651597023010254, 0.013878107070922852, 5.619140625)
[INFO] - GRINGO needed 0.01651597023010254 seconds!
(False, 0.007308244705200195, 0.002634763717651367, 4.9384765625)
[INFO] - IDLV needed 0.007308244705200195 seconds!
(False, 1.3829984664916992, 1.3661236763000488, 40.1455078125)
[INFO] - NEWGROUND-IDLV needed 1.3829984664916992 seconds!
(False, 1.3957479000091553, 1.3789997100830078, 45.2685546875)
[INFO] - NEWGROUND-GRINGO needed 1.3957479000091553 seconds!

>>>> Now solving: instance_0012.lp

(False, 0.017160654067993164, 0.015075922012329102, 4.6376953125)
[INFO] - GRINGO needed 0.017160654067993164 seconds!
(False, 0.008079767227172852, 0.0022804737091064453, 4.525390625)
[INFO] - IDLV needed 0.008079767227172852 seconds!
(False, 1.368964433670044, 1.3528001308441162, 37.197265625)
[INFO] - NEWGROUND-IDLV needed 1.368964433670044 seconds!
(False, 1.3896994590759277, 1.3771476745605469, 42.0400390625)
[INFO] - NEWGROUND-GRINGO needed 1.3896994590759277 seconds!

>>>> Now solving: instance_0014.lp

(False, 0.022806882858276367, 0.01763176918029785, 29.7197265625)
[INFO] - GRINGO needed 0.022806882858276367 seconds!
(False, 0.009902715682983398, 0.006139993667602539, 18.662109375)
[INFO] - IDLV needed 0.009902715682983398 seconds!
(False, 2.1939852237701416, 2.1683714389801025, 74.3271484375)
[INFO] - NEWGROUND-IDLV needed 2.1939852237701416 seconds!
(False, 2.2096798419952393, 2.1819934844970703, 84.041015625)
[INFO] - NEWGROUND-GRINGO needed 2.2096798419952393 seconds!

>>>> Now solving: instance_0016.lp

(False, 0.022150039672851562, 0.016767024993896484, 31.8642578125)
[INFO] - GRINGO needed 0.022150039672851562 seconds!
(False, 0.010257482528686523, 0.005437374114990234, 22.1005859375)
[INFO] - IDLV needed 0.010257482528686523 seconds!
(False, 2.733004331588745, 2.6997721195220947, 97.138671875)
[INFO] - NEWGROUND-IDLV needed 2.733004331588745 seconds!
(False, 2.777562141418457, 2.7432634830474854, 110.140625)
[INFO] - NEWGROUND-GRINGO needed 2.777562141418457 seconds!

>>>> Now solving: instance_0018.lp

(False, 0.03541994094848633, 0.022837162017822266, 83.6787109375)
[INFO] - GRINGO needed 0.03541994094848633 seconds!
(False, 0.013544559478759766, 0.008780479431152344, 50.7958984375)
[INFO] - IDLV needed 0.013544559478759766 seconds!
(False, 3.3517537117004395, 3.308276891708374, 121.150390625)
[INFO] - NEWGROUND-IDLV needed 3.3517537117004395 seconds!
(False, 3.438469409942627, 3.401245594024658, 137.501953125)
[INFO] - NEWGROUND-GRINGO needed 3.438469409942627 seconds!

>>>> Now solving: instance_0020.lp

(False, 0.050316572189331055, 0.03126859664916992, 152.8798828125)
[INFO] - GRINGO needed 0.050316572189331055 seconds!
(False, 0.02644944190979004, 0.01617145538330078, 88.818359375)
[INFO] - IDLV needed 0.02644944190979004 seconds!
(False, 3.9782209396362305, 3.919426441192627, 152.849609375)
[INFO] - NEWGROUND-IDLV needed 3.9782209396362305 seconds!
(False, 3.5230536460876465, 3.4776995182037354, 168.6416015625)
[INFO] - NEWGROUND-GRINGO needed 3.5230536460876465 seconds!

>>>> Now solving: instance_0030.lp

(False, 0.19186735153198242, 0.11206197738647461, 980.4462890625)
[INFO] - GRINGO needed 0.19186735153198242 seconds!
(False, 0.09679245948791504, 0.06922578811645508, 519.8828125)
[INFO] - IDLV needed 0.09679245948791504 seconds!
(False, 8.920427560806274, 8.680447340011597, 367.81640625)
[INFO] - NEWGROUND-IDLV needed 8.920427560806274 seconds!
(False, 9.522654056549072, 9.194819211959839, 398.46484375)
[INFO] - NEWGROUND-GRINGO needed 9.522654056549072 seconds!

>>>> Now solving: instance_0040.lp

(False, 1.3395962715148926, 0.6911818981170654, 7249.720703125)
[INFO] - GRINGO needed 1.3395962715148926 seconds!
(False, 0.5653507709503174, 0.43182945251464844, 3608.697265625)
[INFO] - IDLV needed 0.5653507709503174 seconds!
(False, 18.0033917427063, 16.614577054977417, 663.009765625)
[INFO] - NEWGROUND-IDLV needed 18.0033917427063 seconds!
(False, 18.353394269943237, 17.201815366744995, 729.5107421875)
[INFO] - NEWGROUND-GRINGO needed 18.353394269943237 seconds!

>>>> Now solving: instance_0050.lp

(False, 4.1702001094818115, 2.0661821365356445, 22211.2080078125)
[INFO] - GRINGO needed 4.1702001094818115 seconds!
(False, 1.6921825408935547, 1.279970645904541, 11186.4296875)
[INFO] - IDLV needed 1.6921825408935547 seconds!
(False, 30.579627752304077, 27.11835265159607, 1037.23828125)
[INFO] - NEWGROUND-IDLV needed 30.579627752304077 seconds!
(False, 30.71305251121521, 27.525446891784668, 1165.2763671875)
[INFO] - NEWGROUND-GRINGO needed 30.71305251121521 seconds!

>>>> Now solving: instance_0060.lp

(False, 13.377529621124268, 6.5204949378967285, 78636.01171875)
[INFO] - GRINGO needed 13.377529621124268 seconds!
(False, 5.3489861488342285, 4.009124040603638, 40450.650390625)
[INFO] - IDLV needed 5.3489861488342285 seconds!
(False, 50.921698570251465, 41.146708488464355, 1495.4912109375)
[INFO] - NEWGROUND-IDLV needed 50.921698570251465 seconds!
(False, 44.38224530220032, 43.694918394088745, 1682.9931640625)
[INFO] - NEWGROUND-GRINGO needed 44.38224530220032 seconds!

>>>> Now solving: instance_0070.lp

(False, 25.083524465560913, 12.262257099151611, 147536.0439453125)
[INFO] - GRINGO needed 25.083524465560913 seconds!
(False, 9.845717906951904, 7.259794473648071, 75386.8818359375)
[INFO] - IDLV needed 9.845717906951904 seconds!
(False, 62.278101205825806, 61.28468132019043, 2016.3740234375)
[INFO] - NEWGROUND-IDLV needed 62.278101205825806 seconds!
(False, 63.49654841423035, 62.41976189613342, 2269.953125)
[INFO] - NEWGROUND-GRINGO needed 63.49654841423035 seconds!

>>>> Now solving: instance_0080.lp

(False, 55.16085767745972, 26.856165170669556, 327120.2041015625)
[INFO] - GRINGO needed 55.16085767745972 seconds!
(False, 21.345003366470337, 15.750980615615845, 165265.5791015625)
[INFO] - IDLV needed 21.345003366470337 seconds!
(False, 85.7475209236145, 84.0745301246643, 2642.3544921875)
[INFO] - NEWGROUND-IDLV needed 85.7475209236145 seconds!
(False, 88.54277229309082, 87.04417610168457, 2976.6279296875)
[INFO] - NEWGROUND-GRINGO needed 88.54277229309082 seconds!

>>>> Now solving: instance_0090.lp

(False, 89.21572208404541, 41.934388875961304, 521080.197265625)
[INFO] - GRINGO needed 89.21572208404541 seconds!
(False, 33.76985049247742, 24.945740222930908, 262244.5390625)
[INFO] - IDLV needed 33.76985049247742 seconds!
(False, 114.35669159889221, 111.69734048843384, 3324.86328125)
[INFO] - NEWGROUND-IDLV needed 114.35669159889221 seconds!
(False, 119.40547513961792, 115.96619987487793, 3746.16015625)
[INFO] - NEWGROUND-GRINGO needed 119.40547513961792 seconds!

>>>> Now solving: instance_0100.lp

(False, 155.77235555648804, 74.30516695976257, 932218.5537109375)
[INFO] - GRINGO needed 155.77235555648804 seconds!
(False, 59.31408643722534, 44.21789288520813, 460743.607421875)
[INFO] - IDLV needed 59.31408643722534 seconds!
(False, 150.80090427398682, 147.9224305152893, 4099.88671875)
[INFO] - NEWGROUND-IDLV needed 150.80090427398682 seconds!
(False, 152.21645164489746, 148.73876285552979, 4620.71484375)
[INFO] - NEWGROUND-GRINGO needed 152.21645164489746 seconds!

>>>> Now solving: instance_0110.lp

(False, 264.2272598743439, 122.2677834033966, 1584288.73046875)
[INFO] - GRINGO needed 264.2272598743439 seconds!
(False, 96.42606806755066, 70.89535856246948, 772109.34765625)
[INFO] - IDLV needed 96.42606806755066 seconds!
(False, 186.63872003555298, 181.96034407615662, 5176.38671875)
[INFO] - NEWGROUND-IDLV needed 186.63872003555298 seconds!
(False, 190.4652922153473, 184.68352675437927, 5590.9296875)
[INFO] - NEWGROUND-GRINGO needed 190.4652922153473 seconds!

>>>> Now solving: instance_0120.lp

(False, 409.4738998413086, 183.53852224349976, 2403239.859375)
[INFO] - GRINGO needed 409.4738998413086 seconds!
(False, 147.7097761631012, 109.64552140235901, 1163320.7548828125)
[INFO] - IDLV needed 147.7097761631012 seconds!
(False, 212.68214344978333, 207.2290403842926, 6378.2197265625)
[INFO] - NEWGROUND-IDLV needed 212.68214344978333 seconds!
(False, 213.61068487167358, 205.71422743797302, 6658.27734375)
[INFO] - NEWGROUND-GRINGO needed 213.61068487167358 seconds!

