
>>>> Now solving: instance_0010.lp

(False, 0.01690363883972168, 0.011738061904907227, 4.5263671875)
[INFO] - GRINGO needed 0.01690363883972168 seconds!
(False, 0.007366657257080078, 0.005084037780761719, 4.4208984375)
[INFO] - IDLV needed 0.007366657257080078 seconds!
(False, 2.0476150512695312, 2.0256075859069824, 60.9970703125)
[INFO] - NEWGROUND-IDLV needed 2.0476150512695312 seconds!
(False, 2.061410665512085, 2.0416924953460693, 69.1982421875)
[INFO] - NEWGROUND-GRINGO needed 2.061410665512085 seconds!

>>>> Now solving: instance_0012.lp

(False, 0.017069578170776367, 0.014391899108886719, 4.6376953125)
[INFO] - GRINGO needed 0.017069578170776367 seconds!
(False, 0.007776737213134766, 0.0032439231872558594, 4.525390625)
[INFO] - IDLV needed 0.007776737213134766 seconds!
(False, 1.925208330154419, 1.9057164192199707, 55.501953125)
[INFO] - NEWGROUND-IDLV needed 1.925208330154419 seconds!
(False, 1.9887394905090332, 1.9688785076141357, 63.0947265625)
[INFO] - NEWGROUND-GRINGO needed 1.9887394905090332 seconds!

>>>> Now solving: instance_0014.lp

(False, 0.02671527862548828, 0.020506858825683594, 43.2060546875)
[INFO] - GRINGO needed 0.02671527862548828 seconds!
(False, 0.017613887786865234, 0.013443231582641602, 27.4619140625)
[INFO] - IDLV needed 0.017613887786865234 seconds!
(False, 3.8245255947113037, 3.7848987579345703, 112.1279296875)
[INFO] - NEWGROUND-IDLV needed 3.8245255947113037 seconds!
(False, 3.891573905944824, 3.8529179096221924, 127.447265625)
[INFO] - NEWGROUND-GRINGO needed 3.891573905944824 seconds!

>>>> Now solving: instance_0016.lp

(False, 0.020200729370117188, 0.01683831214904785, 11.5439453125)
[INFO] - GRINGO needed 0.020200729370117188 seconds!
(False, 0.01171875, 0.00846242904663086, 11.1357421875)
[INFO] - IDLV needed 0.01171875 seconds!
(False, 4.826215744018555, 4.778506755828857, 149.986328125)
[INFO] - NEWGROUND-IDLV needed 4.826215744018555 seconds!
(False, 4.999701976776123, 4.9557785987854, 165.7109375)
[INFO] - NEWGROUND-GRINGO needed 4.999701976776123 seconds!

>>>> Now solving: instance_0018.lp

(False, 0.050212860107421875, 0.03508806228637695, 131.5556640625)
[INFO] - GRINGO needed 0.050212860107421875 seconds!
(False, 0.03308558464050293, 0.024380922317504883, 83.2880859375)
[INFO] - IDLV needed 0.03308558464050293 seconds!
(False, 5.410128831863403, 5.353245258331299, 196.18359375)
[INFO] - NEWGROUND-IDLV needed 5.410128831863403 seconds!
(False, 5.972617864608765, 5.880977153778076, 206.376953125)
[INFO] - NEWGROUND-GRINGO needed 5.972617864608765 seconds!

>>>> Now solving: instance_0020.lp

(False, 0.249969482421875, 0.15456891059875488, 1301.763671875)
[INFO] - GRINGO needed 0.249969482421875 seconds!
(False, 0.14560317993164062, 0.11445283889770508, 752.8916015625)
[INFO] - IDLV needed 0.14560317993164062 seconds!
(False, 7.599114894866943, 7.474464654922485, 243.599609375)
[INFO] - NEWGROUND-IDLV needed 7.599114894866943 seconds!
(False, 7.672243118286133, 7.5968918800354, 253.8974609375)
[INFO] - NEWGROUND-GRINGO needed 7.672243118286133 seconds!

>>>> Now solving: instance_0030.lp

(False, 2.060333013534546, 1.1575853824615479, 11431.115234375)
[INFO] - GRINGO needed 2.060333013534546 seconds!
(False, 1.0831143856048584, 0.8930032253265381, 6337.6484375)
[INFO] - IDLV needed 1.0831143856048584 seconds!
(False, 18.52971124649048, 17.751965284347534, 553.197265625)
[INFO] - NEWGROUND-IDLV needed 18.52971124649048 seconds!
(False, 19.058916807174683, 18.414209127426147, 597.33984375)
[INFO] - NEWGROUND-GRINGO needed 19.058916807174683 seconds!

>>>> Now solving: instance_0040.lp

(False, 54.571430683135986, 28.442586660385132, 330195.958984375)
[INFO] - GRINGO needed 54.571430683135986 seconds!
(False, 25.823553562164307, 20.825369834899902, 171425.0087890625)
[INFO] - IDLV needed 25.823553562164307 seconds!
(False, 37.19228768348694, 32.532443046569824, 984.8212890625)
[INFO] - NEWGROUND-IDLV needed 37.19228768348694 seconds!
(False, 39.699668884277344, 34.844703674316406, 1086.474609375)
[INFO] - NEWGROUND-GRINGO needed 39.699668884277344 seconds!

>>>> Now solving: instance_0050.lp

(False, 350.77081632614136, 183.12162065505981, 1988357.9189453125)
[INFO] - GRINGO needed 350.77081632614136 seconds!
(False, 141.09059476852417, 110.79966688156128, 1030348.8525390625)
[INFO] - IDLV needed 141.09059476852417 seconds!
(False, 63.39027714729309, 60.28750157356262, 1518.87109375)
[INFO] - NEWGROUND-IDLV needed 63.39027714729309 seconds!
(False, 68.51926970481873, 60.79995155334473, 1711.5224609375)
[INFO] - NEWGROUND-GRINGO needed 68.51926970481873 seconds!

>>>> Now solving: instance_0060.lp

(True, 1800, 1027.5176622867584, 14127061.87890625)
[INFO] - GRINGO timed out (1800)!
(False, 895.4478435516357, 692.0758810043335, 7493758.556640625)
[INFO] - IDLV needed 895.4478435516357 seconds!
(False, 118.69139266014099, 94.915118932724, 2183.0615234375)
[INFO] - NEWGROUND-IDLV needed 118.69139266014099 seconds!
(False, 95.91875100135803, 94.96761775016785, 2463.4111328125)
[INFO] - NEWGROUND-GRINGO needed 95.91875100135803 seconds!

>>>> Now solving: instance_0070.lp

(True, 1800, 1800, 21047496.0)
[INFO] - GRINGO timed out (1800)!
(True, 1800, 1800, 17143321.471679688)
[INFO] - IDLV timed out (1800)!
(False, 135.59169101715088, 133.95813298225403, 2942.3818359375)
[INFO] - NEWGROUND-IDLV needed 135.59169101715088 seconds!
(False, 137.00990986824036, 135.47615694999695, 3321.35546875)
[INFO] - NEWGROUND-GRINGO needed 137.00990986824036 seconds!

>>>> Now solving: instance_0080.lp

(True, 1800, 1800, 36.0)
[INFO] - GRINGO timed out (1800)!
Ran out of input
(True, 1800, 1800, 9223372036854775807)
[INFO] - IDLV timed out (1800)!
(False, 172.45527696609497, 170.6983242034912, 3846.6044921875)
[INFO] - NEWGROUND-IDLV needed 172.45527696609497 seconds!
(False, 173.21605348587036, 171.4502604007721, 4344.5927734375)
[INFO] - NEWGROUND-GRINGO needed 173.21605348587036 seconds!

>>>> Now solving: instance_0090.lp

(True, 1800, 1800, 47.47265625)
[INFO] - GRINGO timed out (1800)!
(True, 1800, 1800, 21646684.0)
[INFO] - IDLV timed out (1800)!
(False, 272.07668566703796, 268.9414587020874, 4839.73828125)
[INFO] - NEWGROUND-IDLV needed 272.07668566703796 seconds!
(False, 269.7637095451355, 266.8174901008606, 5467.359375)
[INFO] - NEWGROUND-GRINGO needed 269.7637095451355 seconds!

>>>> Now solving: instance_0100.lp

(True, 1800, 1800, 56.0)
[INFO] - GRINGO timed out (1800)!
(True, 1800, 1800, 20213784.0)
[INFO] - IDLV timed out (1800)!
(False, 348.94782066345215, 345.31649899482727, 6102.1376953125)
[INFO] - NEWGROUND-IDLV needed 348.94782066345215 seconds!
(False, 321.02519965171814, 315.7072813510895, 6738.0546875)
[INFO] - NEWGROUND-GRINGO needed 321.02519965171814 seconds!

>>>> Now solving: instance_0110.lp

(True, 1800, 1800, 71.7890625)
[INFO] - GRINGO timed out (1800)!
(True, 1800, 1800, 20724592.0)
[INFO] - IDLV timed out (1800)!
(False, 444.36471676826477, 438.5644941329956, 7687.6298828125)
[INFO] - NEWGROUND-IDLV needed 444.36471676826477 seconds!
(False, 529.4517996311188, 425.48461174964905, 8153.7685546875)
[INFO] - NEWGROUND-GRINGO needed 529.4517996311188 seconds!

>>>> Now solving: instance_0120.lp

(True, 1800, 1800, 85.67578125)
[INFO] - GRINGO timed out (1800)!
(True, 1800, 1800, 20887516.0)
[INFO] - IDLV timed out (1800)!
(False, 548.5322818756104, 541.3749351501465, 9439.1640625)
[INFO] - NEWGROUND-IDLV needed 548.5322818756104 seconds!
(False, 572.0075476169586, 565.2085206508636, 10094.912109375)
[INFO] - NEWGROUND-GRINGO needed 572.0075476169586 seconds!

>>>> Now solving: instance_0130.lp

(True, 1800, 1800, 102.4921875)
[INFO] - GRINGO timed out (1800)!
(True, 1800, 1800, 20943656.0)
[INFO] - IDLV timed out (1800)!
(False, 721.627870798111, 708.1227700710297, 11127.294921875)
[INFO] - NEWGROUND-IDLV needed 721.627870798111 seconds!
(False, 717.655764579773, 707.9177069664001, 12050.265625)
[INFO] - NEWGROUND-GRINGO needed 717.655764579773 seconds!

>>>> Now solving: instance_0140.lp

(True, 1800, 1800, 117.84375)
[INFO] - GRINGO timed out (1800)!
(True, 1800, 1800, 20422820.0)
[INFO] - IDLV timed out (1800)!
(False, 869.8600468635559, 859.4889922142029, 13022.9052734375)
