
>>>> Now solving: instance_0010.lp

(False, 0.019108295440673828, 0.016459941864013672, 4.5263671875)
[INFO] - GRINGO needed 0.019108295440673828 seconds!
(False, 0.00911259651184082, 0.003735065460205078, 4.4208984375)
[INFO] - IDLV needed 0.00911259651184082 seconds!
(False, 3.1961653232574463, 3.169032335281372, 84.5205078125)
[INFO] - NEWGROUND-IDLV needed 3.1961653232574463 seconds!
(False, 3.364365577697754, 3.3392107486724854, 96.2216796875)
[INFO] - NEWGROUND-GRINGO needed 3.364365577697754 seconds!

>>>> Now solving: instance_0012.lp

(False, 0.016995668411254883, 0.014636516571044922, 4.6376953125)
[INFO] - GRINGO needed 0.016995668411254883 seconds!
(False, 0.008388280868530273, 0.0029916763305664062, 4.525390625)
[INFO] - IDLV needed 0.008388280868530273 seconds!
(False, 3.249615430831909, 3.223684787750244, 75.884765625)
[INFO] - NEWGROUND-IDLV needed 3.249615430831909 seconds!
(False, 3.5242226123809814, 3.4980361461639404, 86.5556640625)
[INFO] - NEWGROUND-GRINGO needed 3.5242226123809814 seconds!

>>>> Now solving: instance_0014.lp

(False, 0.02039361000061035, 0.01805281639099121, 7.751953125)
[INFO] - GRINGO needed 0.02039361000061035 seconds!
(False, 0.015264034271240234, 0.012820005416870117, 7.771484375)
[INFO] - IDLV needed 0.015264034271240234 seconds!
(False, 6.296128273010254, 6.243596315383911, 163.51953125)
[INFO] - NEWGROUND-IDLV needed 6.296128273010254 seconds!
(False, 6.395069122314453, 6.340129375457764, 175.322265625)
[INFO] - NEWGROUND-GRINGO needed 6.395069122314453 seconds!

>>>> Now solving: instance_0016.lp

(False, 0.021069049835205078, 0.01767110824584961, 11.5439453125)
[INFO] - GRINGO needed 0.021069049835205078 seconds!
(False, 0.010137557983398438, 0.007149457931518555, 11.1357421875)
[INFO] - IDLV needed 0.010137557983398438 seconds!
(False, 7.157520055770874, 7.091401815414429, 217.4609375)
[INFO] - NEWGROUND-IDLV needed 7.157520055770874 seconds!
(False, 8.33266568183899, 8.272125720977783, 226.8056640625)
[INFO] - NEWGROUND-GRINGO needed 8.33266568183899 seconds!

>>>> Now solving: instance_0018.lp

(False, 0.029970645904541016, 0.02525925636291504, 14.11328125)
[INFO] - GRINGO needed 0.029970645904541016 seconds!
(False, 0.028111934661865234, 0.023176193237304688, 13.6279296875)
[INFO] - IDLV needed 0.028111934661865234 seconds!
(False, 10.522238731384277, 10.37891960144043, 272.9677734375)
[INFO] - NEWGROUND-IDLV needed 10.522238731384277 seconds!
(False, 10.631326913833618, 10.55190896987915, 290.279296875)
[INFO] - NEWGROUND-GRINGO needed 10.631326913833618 seconds!

>>>> Now solving: instance_0020.lp

(False, 0.6009783744812012, 0.42394304275512695, 2755.103515625)
[INFO] - GRINGO needed 0.6009783744812012 seconds!
(False, 0.4830014705657959, 0.42686009407043457, 1709.7939453125)
[INFO] - IDLV needed 0.4830014705657959 seconds!
(False, 12.47771668434143, 12.338552474975586, 334.1650390625)
[INFO] - NEWGROUND-IDLV needed 12.47771668434143 seconds!
(False, 12.981358051300049, 12.882646560668945, 359.6494140625)
[INFO] - NEWGROUND-GRINGO needed 12.981358051300049 seconds!

>>>> Now solving: instance_0030.lp

(False, 7.021617412567139, 4.5125463008880615, 37121.0732421875)
[INFO] - GRINGO needed 7.021617412567139 seconds!
(False, 5.033548593521118, 4.403401851654053, 22048.2255859375)
[INFO] - IDLV needed 5.033548593521118 seconds!
(False, 46.62892174720764, 31.50739336013794, 740.45703125)
[INFO] - NEWGROUND-IDLV needed 46.62892174720764 seconds!
(False, 46.56825304031372, 31.967957735061646, 815.2724609375)
[INFO] - NEWGROUND-GRINGO needed 46.56825304031372 seconds!

>>>> Now solving: instance_0040.lp

(False, 1722.6055607795715, 855.0640773773193, 9519236.008789062)
[INFO] - GRINGO needed 1722.6055607795715 seconds!
(False, 773.0558347702026, 624.210684299469, 5140397.23828125)
[INFO] - IDLV needed 773.0558347702026 seconds!
(False, 132.99696969985962, 63.858620405197144, 1314.1064453125)
[INFO] - NEWGROUND-IDLV needed 132.99696969985962 seconds!
(False, 101.21424961090088, 62.572587728500366, 1481.75390625)
[INFO] - NEWGROUND-GRINGO needed 101.21424961090088 seconds!

>>>> Now solving: instance_0050.lp

(True, 1800, 1800, 12.0)
[INFO] - GRINGO timed out (1800)!
(True, 1800, 1800, 17810372.0)
[INFO] - IDLV timed out (1800)!
(False, 267.4205393791199, 109.8196382522583, 2017.34765625)
[INFO] - NEWGROUND-IDLV needed 267.4205393791199 seconds!
(False, 207.08729457855225, 112.52730464935303, 2276.9091796875)
[INFO] - NEWGROUND-GRINGO needed 207.08729457855225 seconds!

>>>> Now solving: instance_0060.lp

(True, 1800, 1800, 20.0)
[INFO] - GRINGO timed out (1800)!
(True, 1800, 1800, 16630188.0)
[INFO] - IDLV timed out (1800)!
(False, 179.7171492576599, 178.43299961090088, 2890.9130859375)
[INFO] - NEWGROUND-IDLV needed 179.7171492576599 seconds!
(False, 187.11013340950012, 185.4491651058197, 3266.8759765625)
[INFO] - NEWGROUND-GRINGO needed 187.11013340950012 seconds!

>>>> Now solving: instance_0070.lp

(True, 1800, 1800, 28.0)
[INFO] - GRINGO timed out (1800)!
(True, 1800, 1800, 20569860.0)
[INFO] - IDLV timed out (1800)!
(False, 256.64657521247864, 254.57022976875305, 3892.1083984375)
[INFO] - NEWGROUND-IDLV needed 256.64657521247864 seconds!
(False, 270.95141673088074, 268.9751121997833, 4399.7109375)
[INFO] - NEWGROUND-GRINGO needed 270.95141673088074 seconds!

>>>> Now solving: instance_0080.lp

(True, 1800, 1800, 36.0)
[INFO] - GRINGO timed out (1800)!
(True, 1800, 1800, 17746116.0)
[INFO] - IDLV timed out (1800)!
(False, 371.72585558891296, 368.2145495414734, 5078.0107421875)
[INFO] - NEWGROUND-IDLV needed 371.72585558891296 seconds!
(False, 354.56844544410706, 351.7024607658386, 5743.4169921875)
[INFO] - NEWGROUND-GRINGO needed 354.56844544410706 seconds!

>>>> Now solving: instance_0090.lp

(True, 1800, 1800, 44.0)
[INFO] - GRINGO timed out (1800)!
(True, 1800, 1800, 20183224.0)
[INFO] - IDLV timed out (1800)!
(False, 512.2913243770599, 508.9784219264984, 6488.4443359375)
[INFO] - NEWGROUND-IDLV needed 512.2913243770599 seconds!
(False, 513.2908518314362, 504.9548420906067, 7223.32421875)
[INFO] - NEWGROUND-GRINGO needed 513.2908518314362 seconds!

>>>> Now solving: instance_0100.lp

(True, 1800, 1800, 56.0)
[INFO] - GRINGO timed out (1800)!
(True, 1800, 1800, 21236184.0)
[INFO] - IDLV timed out (1800)!
(False, 721.2552688121796, 715.9046015739441, 8513.7861328125)
[INFO] - NEWGROUND-IDLV needed 721.2552688121796 seconds!
(False, 753.612016916275, 726.6393673419952, 8894.087890625)
[INFO] - NEWGROUND-GRINGO needed 753.612016916275 seconds!

>>>> Now solving: instance_0110.lp

(True, 1800, 1800, 68.0)
[INFO] - GRINGO timed out (1800)!
(True, 1800, 1800, 20007180.0)
[INFO] - IDLV timed out (1800)!
(False, 959.2258522510529, 932.7322628498077, 10443.8359375)
[INFO] - NEWGROUND-IDLV needed 959.2258522510529 seconds!
(False, 963.6991732120514, 945.1078019142151, 11166.6328125)
[INFO] - NEWGROUND-GRINGO needed 963.6991732120514 seconds!

>>>> Now solving: instance_0120.lp

(True, 1800, 1800, 84.0)
[INFO] - GRINGO timed out (1800)!
(True, 1800, 1800, 21302644.0)
[INFO] - IDLV timed out (1800)!
(False, 1202.1455714702606, 1184.080670118332, 12343.1494140625)
[INFO] - NEWGROUND-IDLV needed 1202.1455714702606 seconds!
(False, 1099.5204949378967, 1083.6514246463776, 13507.44921875)
[INFO] - NEWGROUND-GRINGO needed 1099.5204949378967 seconds!

>>>> Now solving: instance_0130.lp

(True, 1800, 1800, 100.0)
[INFO] - GRINGO timed out (1800)!
(True, 1800, 1800, 19695448.0)
[INFO] - IDLV timed out (1800)!
(False, 1357.9333136081696, 1337.2268085479736, 14543.9736328125)
[INFO] - NEWGROUND-IDLV needed 1357.9333136081696 seconds!
(False, 1516.6123213768005, 1488.3376631736755, 15907.7939453125)
[INFO] - NEWGROUND-GRINGO needed 1516.6123213768005 seconds!

>>>> Now solving: instance_0140.lp

(True, 1800, 1800, 116.0)
[INFO] - GRINGO timed out (1800)!
(True, 1800, 1800, 20723640.0)
[INFO] - IDLV timed out (1800)!
(False, 1687.2793471813202, 1672.268792629242, 16898.056640625)
[INFO] - NEWGROUND-IDLV needed 1687.2793471813202 seconds!
(True, 1800, 1825.7750055789948, 18454.103515625)
[INFO] - NEWGROUND-GRINGO timed out (1800)!

>>>> Now solving: instance_0150.lp

(True, 1800, 1800, 132.0)
