
>>>> Now solving: instance_0010.lp

(False, 0.0157015323638916, 0.012573719024658203, 6.38671875)
[INFO] - GRINGO needed 0.0157015323638916 seconds!
(False, 0.0062177181243896484, 0.0026514530181884766, 5.453125)
[INFO] - IDLV needed 0.0062177181243896484 seconds!
(False, 1.4195630550384521, 1.4025449752807617, 37.216796875)
[INFO] - NEWGROUND-IDLV needed 1.4195630550384521 seconds!
(False, 1.428959608078003, 1.4178345203399658, 42.1376953125)
[INFO] - NEWGROUND-GRINGO needed 1.428959608078003 seconds!

>>>> Now solving: instance_0012.lp

(False, 0.023442983627319336, 0.01814126968383789, 22.212890625)
[INFO] - GRINGO needed 0.023442983627319336 seconds!
(False, 0.008368968963623047, 0.005040645599365234, 15.2431640625)
[INFO] - IDLV needed 0.008368968963623047 seconds!
(False, 1.792262077331543, 1.7748727798461914, 58.8740234375)
[INFO] - NEWGROUND-IDLV needed 1.792262077331543 seconds!
(False, 1.8150250911712646, 1.797602653503418, 66.7763671875)
[INFO] - NEWGROUND-GRINGO needed 1.8150250911712646 seconds!

>>>> Now solving: instance_0014.lp

(False, 0.044989824295043945, 0.028351306915283203, 117.6875)
[INFO] - GRINGO needed 0.044989824295043945 seconds!
(False, 0.02042698860168457, 0.014141082763671875, 65.8583984375)
[INFO] - IDLV needed 0.02042698860168457 seconds!
(False, 2.2908213138580322, 2.263098955154419, 78.564453125)
[INFO] - NEWGROUND-IDLV needed 2.2908213138580322 seconds!
(False, 2.285299062728882, 2.2616653442382812, 89.283203125)
[INFO] - NEWGROUND-GRINGO needed 2.285299062728882 seconds!

>>>> Now solving: instance_0016.lp

(False, 0.06685900688171387, 0.04204154014587402, 211.08984375)
[INFO] - GRINGO needed 0.06685900688171387 seconds!
(False, 0.026715755462646484, 0.01775217056274414, 118.888671875)
[INFO] - IDLV needed 0.026715755462646484 seconds!
(False, 2.828615188598633, 2.7922017574310303, 102.5322265625)
[INFO] - NEWGROUND-IDLV needed 2.828615188598633 seconds!
(False, 2.877908229827881, 2.8417413234710693, 116.818359375)
[INFO] - NEWGROUND-GRINGO needed 2.877908229827881 seconds!

>>>> Now solving: instance_0018.lp

(False, 0.06973624229431152, 0.04284048080444336, 264.7568359375)
[INFO] - GRINGO needed 0.06973624229431152 seconds!
(False, 0.0374598503112793, 0.02521538734436035, 148.0458984375)
[INFO] - IDLV needed 0.0374598503112793 seconds!
(False, 3.467639684677124, 3.421895980834961, 128.654296875)
[INFO] - NEWGROUND-IDLV needed 3.467639684677124 seconds!
(False, 3.478332757949829, 3.433255910873413, 143.14453125)
[INFO] - NEWGROUND-GRINGO needed 3.478332757949829 seconds!

>>>> Now solving: instance_0020.lp

(False, 0.09540295600891113, 0.05874466896057129, 409.6591796875)
[INFO] - GRINGO needed 0.09540295600891113 seconds!
(False, 0.04976081848144531, 0.032613515853881836, 226.5205078125)
[INFO] - IDLV needed 0.04976081848144531 seconds!
(False, 4.1512370109558105, 4.095455646514893, 161.3291015625)
[INFO] - NEWGROUND-IDLV needed 4.1512370109558105 seconds!
(False, 4.250671625137329, 4.159825801849365, 176.8076171875)
[INFO] - NEWGROUND-GRINGO needed 4.250671625137329 seconds!

>>>> Now solving: instance_0030.lp

(False, 1.3558812141418457, 0.6863019466400146, 7100.5341796875)
[INFO] - GRINGO needed 1.3558812141418457 seconds!
(False, 0.5605311393737793, 0.4153413772583008, 3527.6953125)
[INFO] - IDLV needed 0.5605311393737793 seconds!
(False, 9.793036460876465, 9.290489673614502, 383.939453125)
[INFO] - NEWGROUND-IDLV needed 9.793036460876465 seconds!
(False, 9.854105710983276, 9.494813680648804, 420.7158203125)
[INFO] - NEWGROUND-GRINGO needed 9.854105710983276 seconds!

>>>> Now solving: instance_0040.lp

(False, 5.171131372451782, 2.5550801753997803, 27629.2705078125)
[INFO] - GRINGO needed 5.171131372451782 seconds!
(False, 1.9779443740844727, 1.4829018115997314, 13514.671875)
[INFO] - IDLV needed 1.9779443740844727 seconds!
(False, 19.337688446044922, 17.132320404052734, 695.224609375)
[INFO] - NEWGROUND-IDLV needed 19.337688446044922 seconds!
(False, 18.083921432495117, 17.81252145767212, 763.828125)
[INFO] - NEWGROUND-GRINGO needed 18.083921432495117 seconds!

>>>> Now solving: instance_0050.lp

(False, 20.566723346710205, 10.018323421478271, 119616.2861328125)
[INFO] - GRINGO needed 20.566723346710205 seconds!
(False, 8.131324529647827, 6.088703155517578, 60430.0810546875)
[INFO] - IDLV needed 8.131324529647827 seconds!
(False, 35.0760018825531, 28.540561199188232, 1090.73046875)
[INFO] - NEWGROUND-IDLV needed 35.0760018825531 seconds!
(False, 30.750205516815186, 30.231648445129395, 1229.66015625)
[INFO] - NEWGROUND-GRINGO needed 30.750205516815186 seconds!

>>>> Now solving: instance_0060.lp

(False, 67.62407541275024, 31.727171659469604, 390381.390625)
[INFO] - GRINGO needed 67.62407541275024 seconds!
(False, 26.04898476600647, 19.190361738204956, 196853.6455078125)
[INFO] - IDLV needed 26.04898476600647 seconds!
(False, 44.56143403053284, 43.91253685951233, 1575.2294921875)
[INFO] - NEWGROUND-IDLV needed 44.56143403053284 seconds!
(False, 45.2266047000885, 44.42421221733093, 1778.5263671875)
[INFO] - NEWGROUND-GRINGO needed 45.2266047000885 seconds!

>>>> Now solving: instance_0070.lp

(False, 113.28932905197144, 53.62466835975647, 683285.765625)
[INFO] - GRINGO needed 113.28932905197144 seconds!
(False, 42.711716175079346, 31.557427883148193, 341879.41015625)
[INFO] - IDLV needed 42.711716175079346 seconds!
(False, 63.44548940658569, 62.32773232460022, 2122.41796875)
[INFO] - NEWGROUND-IDLV needed 63.44548940658569 seconds!
(False, 65.92073178291321, 64.8631796836853, 2396.3876953125)
[INFO] - NEWGROUND-GRINGO needed 65.92073178291321 seconds!

>>>> Now solving: instance_0080.lp

(False, 237.96725392341614, 112.75165462493896, 1427411.046875)
[INFO] - GRINGO needed 237.96725392341614 seconds!
(False, 89.50994372367859, 66.06523442268372, 697201.1396484375)
[INFO] - IDLV needed 89.50994372367859 seconds!
(False, 88.27151250839233, 86.52173399925232, 2771.7431640625)
[INFO] - NEWGROUND-IDLV needed 88.27151250839233 seconds!
(False, 90.10281014442444, 88.2352237701416, 3131.3369140625)
[INFO] - NEWGROUND-GRINGO needed 90.10281014442444 seconds!

>>>> Now solving: instance_0090.lp

(False, 547.1518785953522, 212.844624042511, 2769435.34375)
[INFO] - GRINGO needed 547.1518785953522 seconds!
(False, 166.6672818660736, 121.96541476249695, 1338140.228515625)
[INFO] - IDLV needed 166.6672818660736 seconds!
(False, 104.39043593406677, 102.40311741828918, 3504.021484375)
[INFO] - NEWGROUND-IDLV needed 104.39043593406677 seconds!
(False, 104.60417246818542, 102.03333759307861, 3960.095703125)
[INFO] - NEWGROUND-GRINGO needed 104.60417246818542 seconds!

>>>> Now solving: instance_0100.lp

(False, 842.5630793571472, 383.9995365142822, 5124340.15625)
[INFO] - GRINGO needed 842.5630793571472 seconds!
(False, 310.21069145202637, 226.4733545780182, 2462955.7529296875)
[INFO] - IDLV needed 310.21069145202637 seconds!
(False, 133.67903637886047, 131.12120723724365, 4560.3017578125)
[INFO] - NEWGROUND-IDLV needed 133.67903637886047 seconds!
(False, 135.2739143371582, 132.23516178131104, 4898.779296875)
[INFO] - NEWGROUND-GRINGO needed 135.2739143371582 seconds!

>>>> Now solving: instance_0110.lp

(True, 1800, 715.6394140720367, 9632519.227539062)
[INFO] - GRINGO timed out (1800)!
(False, 580.9207992553711, 420.7863416671753, 4550962.25390625)
[INFO] - IDLV needed 580.9207992553711 seconds!
(False, 192.149343252182, 187.88834047317505, 5780.23828125)
[INFO] - NEWGROUND-IDLV needed 192.149343252182 seconds!
(False, 196.88399004936218, 191.37139320373535, 6276.0791015625)
[INFO] - NEWGROUND-GRINGO needed 196.88399004936218 seconds!

>>>> Now solving: instance_0120.lp

(True, 1800, 945.6327850818634, 12952831.669921875)
[INFO] - GRINGO timed out (1800)!
(False, 753.0752098560333, 546.9499199390411, 6069449.939453125)
[INFO] - IDLV needed 753.0752098560333 seconds!
(False, 236.10085201263428, 231.87654519081116, 6929.7177734375)
[INFO] - NEWGROUND-IDLV needed 236.10085201263428 seconds!
(False, 214.94889974594116, 209.45313668251038, 7459.275390625)
[INFO] - NEWGROUND-GRINGO needed 214.94889974594116 seconds!

>>>> Now solving: instance_0130.lp

(True, 1800, 1800, 20552914.802734375)
