
>>>> Now solving: instance_0010.lp

(False, 1.0684356689453125, 0.7777993679046631, 5151.28125)
[INFO] - GRINGO needed 1.0684356689453125 seconds!
(False, 1.0259993076324463, 0.9356124401092529, 3082.4951171875)
[INFO] - IDLV needed 1.0259993076324463 seconds!
(False, 3.109952211380005, 3.0808145999908447, 96.4453125)
[INFO] - NEWGROUND-IDLV needed 3.109952211380005 seconds!
(False, 3.314331531524658, 3.2844128608703613, 110.9423828125)
[INFO] - NEWGROUND-GRINGO needed 3.314331531524658 seconds!

>>>> Now solving: instance_0012.lp

(False, 150.55335187911987, 83.6733808517456, 986168.990234375)
[INFO] - GRINGO needed 150.55335187911987 seconds!
(False, 84.25780320167542, 70.56811213493347, 553669.4921875)
[INFO] - IDLV needed 84.25780320167542 seconds!
(False, 4.135345935821533, 4.097444534301758, 142.869140625)
[INFO] - NEWGROUND-IDLV needed 4.135345935821533 seconds!
(False, 4.215665817260742, 4.175554990768433, 158.638671875)
[INFO] - NEWGROUND-GRINGO needed 4.215665817260742 seconds!

>>>> Now solving: instance_0014.lp

(False, 1206.7491219043732, 600.1579854488373, 7264758.240234375)
[INFO] - GRINGO needed 1206.7491219043732 seconds!
(False, 601.2892804145813, 487.93820571899414, 3967015.375)
[INFO] - IDLV needed 601.2892804145813 seconds!
(False, 6.62330436706543, 6.567586421966553, 201.3583984375)
[INFO] - NEWGROUND-IDLV needed 6.62330436706543 seconds!
(False, 6.75306248664856, 6.696640968322754, 216.8349609375)
[INFO] - NEWGROUND-GRINGO needed 6.75306248664856 seconds!

>>>> Now solving: instance_0016.lp

(True, 1800, 1800, 4.0)
[INFO] - GRINGO timed out (1800)!
(True, 1800, 1800, 17881032.0)
[INFO] - IDLV timed out (1800)!
(False, 8.722938060760498, 8.652418851852417, 262.3583984375)
[INFO] - NEWGROUND-IDLV needed 8.722938060760498 seconds!
(False, 8.772578716278076, 8.700559616088867, 291.052734375)
[INFO] - NEWGROUND-GRINGO needed 8.772578716278076 seconds!

>>>> Now solving: instance_0018.lp

(True, 1800, 1800, 4.0)
[INFO] - GRINGO timed out (1800)!
(True, 1800, 1800, 16796612.0)
[INFO] - IDLV timed out (1800)!
(False, 10.79608964920044, 10.709182262420654, 335.2998046875)
[INFO] - NEWGROUND-IDLV needed 10.79608964920044 seconds!
(False, 11.229862928390503, 11.14102053642273, 368.2724609375)
[INFO] - NEWGROUND-GRINGO needed 11.229862928390503 seconds!

>>>> Now solving: instance_0020.lp

(True, 1800, 1800, 8.0)
[INFO] - GRINGO timed out (1800)!
(True, 1800, 1800, 16536308.0)
[INFO] - IDLV timed out (1800)!
(False, 13.511648178100586, 13.396323442459106, 413.646484375)
[INFO] - NEWGROUND-IDLV needed 13.511648178100586 seconds!
(False, 13.311055898666382, 13.195394515991211, 458.0234375)
[INFO] - NEWGROUND-GRINGO needed 13.311055898666382 seconds!

>>>> Now solving: instance_0030.lp

(True, 1800, 1800, 20.0)
[INFO] - GRINGO timed out (1800)!
(True, 1800, 1800, 17855424.0)
[INFO] - IDLV timed out (1800)!
(False, 355.4452397823334, 29.584450006484985, 920.974609375)
[INFO] - NEWGROUND-IDLV needed 355.4452397823334 seconds!
(False, 30.632296323776245, 30.241199016571045, 1049.0400390625)
[INFO] - NEWGROUND-GRINGO needed 30.632296323776245 seconds!

>>>> Now solving: instance_0040.lp

(True, 1800, 1800, 36.0)
[INFO] - GRINGO timed out (1800)!
(True, 1800, 1800, 21181016.0)
[INFO] - IDLV timed out (1800)!
(False, 834.910609960556, 66.91374087333679, 1623.169921875)
[INFO] - NEWGROUND-IDLV needed 834.910609960556 seconds!
(False, 59.3933892250061, 58.90822076797485, 1852.4541015625)
[INFO] - NEWGROUND-GRINGO needed 59.3933892250061 seconds!

>>>> Now solving: instance_0050.lp

(True, 1800, 1800, 60.0)
[INFO] - GRINGO timed out (1800)!
Ran out of input
(True, 1800, 1800, 9223372036854775807)
[INFO] - IDLV timed out (1800)!
(False, 100.90846395492554, 100.10372519493103, 2513.6845703125)
[INFO] - NEWGROUND-IDLV needed 100.90846395492554 seconds!
(False, 103.04724931716919, 101.9719774723053, 2871.376953125)
[INFO] - NEWGROUND-GRINGO needed 103.04724931716919 seconds!

>>>> Now solving: instance_0060.lp

(True, 1800, 1800, 92.0)
[INFO] - GRINGO timed out (1800)!
(True, 1800, 1800, 20959132.0)
[INFO] - IDLV timed out (1800)!
(False, 166.63062596321106, 165.31851601600647, 3851.7470703125)
[INFO] - NEWGROUND-IDLV needed 166.63062596321106 seconds!
(False, 168.3996651172638, 166.99063205718994, 4132.8291015625)
[INFO] - NEWGROUND-GRINGO needed 168.3996651172638 seconds!

>>>> Now solving: instance_0070.lp

(True, 1800, 1800, 124.0)
[INFO] - GRINGO timed out (1800)!
Ran out of input
(True, 1800, 1800, 9223372036854775807)
[INFO] - IDLV timed out (1800)!
(False, 250.5927324295044, 248.67200779914856, 5357.00390625)
[INFO] - NEWGROUND-IDLV needed 250.5927324295044 seconds!
(False, 253.9384150505066, 251.74688029289246, 5932.92578125)
[INFO] - NEWGROUND-GRINGO needed 253.9384150505066 seconds!

>>>> Now solving: instance_0080.lp

(True, 1800, 1800, 164.0)
[INFO] - GRINGO timed out (1800)!
Ran out of input
(True, 1800, 1800, 9223372036854775807)
[INFO] - IDLV timed out (1800)!
(False, 355.5118758678436, 352.7588927745819, 7052.80859375)
[INFO] - NEWGROUND-IDLV needed 355.5118758678436 seconds!
(False, 358.3146982192993, 355.5905885696411, 7810.0966796875)
[INFO] - NEWGROUND-GRINGO needed 358.3146982192993 seconds!

>>>> Now solving: instance_0090.lp

(True, 1800, 1800, 212.0)
[INFO] - GRINGO timed out (1800)!
(True, 1800, 1800, 21157304.0)
[INFO] - IDLV timed out (1800)!
(False, 507.1342306137085, 503.08372926712036, 9067.16796875)
[INFO] - NEWGROUND-IDLV needed 507.1342306137085 seconds!
(False, 486.7398817539215, 481.98638916015625, 9991.55859375)
[INFO] - NEWGROUND-GRINGO needed 486.7398817539215 seconds!

>>>> Now solving: instance_0100.lp

(True, 1800, 1800, 264.0)
[INFO] - GRINGO timed out (1800)!
Ran out of input
(True, 1800, 1800, 9223372036854775807)
[INFO] - IDLV timed out (1800)!
(False, 744.2527430057526, 738.6919045448303, 11286.5703125)
[INFO] - NEWGROUND-IDLV needed 744.2527430057526 seconds!
(False, 723.455361366272, 716.6914212703705, 12712.8515625)
[INFO] - NEWGROUND-GRINGO needed 723.455361366272 seconds!

>>>> Now solving: instance_0110.lp

(True, 1800, 1800, 324.0)
[INFO] - GRINGO timed out (1800)!
Ran out of input
(True, 1800, 1800, 9223372036854775807)
[INFO] - IDLV timed out (1800)!
(False, 876.8005731105804, 870.570145368576, 13682.5400390625)
[INFO] - NEWGROUND-IDLV needed 876.8005731105804 seconds!
(False, 831.2278301715851, 820.5646731853485, 15416.4306640625)
[INFO] - NEWGROUND-GRINGO needed 831.2278301715851 seconds!

>>>> Now solving: instance_0120.lp

(True, 1800, 1800, 388.0)
[INFO] - GRINGO timed out (1800)!
Ran out of input
(True, 1800, 1800, 9223372036854775807)
[INFO] - IDLV timed out (1800)!
(False, 1118.791056394577, 1110.26930809021, 16271.041015625)
[INFO] - NEWGROUND-IDLV needed 1118.791056394577 seconds!
(False, 1164.8252837657928, 1156.6621391773224, 18333.6787109375)
[INFO] - NEWGROUND-GRINGO needed 1164.8252837657928 seconds!

>>>> Now solving: instance_0130.lp

(True, 1800, 1800, 456.0)
[INFO] - GRINGO timed out (1800)!
Ran out of input
(True, 1800, 1800, 9223372036854775807)
[INFO] - IDLV timed out (1800)!
(False, 1515.7987129688263, 1505.4484944343567, 19057.5224609375)
[INFO] - NEWGROUND-IDLV needed 1515.7987129688263 seconds!
(False, 1454.6280097961426, 1442.9161767959595, 21473.41796875)
[INFO] - NEWGROUND-GRINGO needed 1454.6280097961426 seconds!

>>>> Now solving: instance_0140.lp

(True, 1800, 1800, 532.0)
[INFO] - GRINGO timed out (1800)!
Ran out of input
(True, 1800, 1800, 9223372036854775807)
[INFO] - IDLV timed out (1800)!
(True, 1800, 1791.9284989833832, 22083.0302734375)
[INFO] - NEWGROUND-IDLV timed out (1800)!
(True, 1800, 1764.9880530834198, 24883.4521484375)
[INFO] - NEWGROUND-GRINGO timed out (1800)!

>>>> Now solving: instance_0150.lp

(True, 1800, 1800, 612.0)
[INFO] - GRINGO timed out (1800)!
Ran out of input
(True, 1800, 1800, 9223372036854775807)
[INFO] - IDLV timed out (1800)!
(True, 1800, 1800, 42370.08984375)
[INFO] - NEWGROUND-IDLV timed out (1800)!
(True, 1800, 1800, 43444.44140625)
[INFO] - NEWGROUND-GRINGO timed out (1800)!

>>>> Now solving: instance_0180.lp

(True, 1800, 1800, 892.0)
[INFO] - GRINGO timed out (1800)!
Ran out of input
