
>>>> Now solving: instance_0010.lp

(False, 0.691826343536377, 0.42510294914245605, 4146.5703125)
[INFO] - GRINGO needed 0.691826343536377 seconds!
(False, 0.3878133296966553, 0.31589603424072266, 2304.1630859375)
[INFO] - IDLV needed 0.3878133296966553 seconds!
(False, 2.043919563293457, 2.020561695098877, 71.546875)
[INFO] - NEWGROUND-IDLV needed 2.043919563293457 seconds!
(False, 2.0379419326782227, 2.013901948928833, 82.2001953125)
[INFO] - NEWGROUND-GRINGO needed 2.0379419326782227 seconds!

>>>> Now solving: instance_0012.lp

(False, 11.313458681106567, 6.135983467102051, 75316.7060546875)
[INFO] - GRINGO needed 11.313458681106567 seconds!
(False, 5.31186842918396, 4.268671989440918, 40327.7734375)
[INFO] - IDLV needed 5.31186842918396 seconds!
(False, 2.7747342586517334, 2.7430593967437744, 103.087890625)
[INFO] - NEWGROUND-IDLV needed 2.7747342586517334 seconds!
(False, 2.9077565670013428, 2.873950242996216, 118.841796875)
[INFO] - NEWGROUND-GRINGO needed 2.9077565670013428 seconds!

>>>> Now solving: instance_0014.lp

(False, 42.83991575241089, 22.21573257446289, 266156.3984375)
[INFO] - GRINGO needed 42.83991575241089 seconds!
(False, 20.62437343597412, 16.48218822479248, 138525.0625)
[INFO] - IDLV needed 20.62437343597412 seconds!
(False, 4.2793591022491455, 4.237833499908447, 145.876953125)
[INFO] - NEWGROUND-IDLV needed 4.2793591022491455 seconds!
(False, 4.235903978347778, 4.197925806045532, 158.572265625)
[INFO] - NEWGROUND-GRINGO needed 4.235903978347778 seconds!

>>>> Now solving: instance_0016.lp

(False, 245.92085194587708, 124.43912506103516, 1463368.431640625)
[INFO] - GRINGO needed 245.92085194587708 seconds!
(False, 104.65551567077637, 83.2917914390564, 736098.498046875)
[INFO] - IDLV needed 104.65551567077637 seconds!
(False, 4.65602707862854, 4.612483978271484, 198.13671875)
[INFO] - NEWGROUND-IDLV needed 4.65602707862854 seconds!
(False, 4.842054843902588, 4.791062116622925, 216.6728515625)
[INFO] - NEWGROUND-GRINGO needed 4.842054843902588 seconds!

>>>> Now solving: instance_0018.lp

(False, 556.28866314888, 272.01800441741943, 3382677.52734375)
[INFO] - GRINGO needed 556.28866314888 seconds!
(False, 238.69329023361206, 188.42895793914795, 1682188.8857421875)
[INFO] - IDLV needed 238.69329023361206 seconds!
(False, 6.814759016036987, 6.741782188415527, 249.9423828125)
[INFO] - NEWGROUND-IDLV needed 6.814759016036987 seconds!
(False, 6.151679515838623, 6.0835206508636475, 275.9033203125)
[INFO] - NEWGROUND-GRINGO needed 6.151679515838623 seconds!

>>>> Now solving: instance_0020.lp

(True, 1800, 845.7100160121918, 10288764.18359375)
[INFO] - GRINGO timed out (1800)!
(False, 704.1034638881683, 555.2817482948303, 5016104.755859375)
[INFO] - IDLV needed 704.1034638881683 seconds!
(False, 7.363484621047974, 7.27866005897522, 311.9453125)
[INFO] - NEWGROUND-IDLV needed 7.363484621047974 seconds!
(False, 7.453355550765991, 7.380980491638184, 345.6416015625)
[INFO] - NEWGROUND-GRINGO needed 7.453355550765991 seconds!

>>>> Now solving: instance_0030.lp

(True, 1800, 1800, 21.28125)
[INFO] - GRINGO timed out (1800)!
(True, 1800, 1800, 17973336.0)
[INFO] - IDLV timed out (1800)!
(False, 23.948525190353394, 17.132280349731445, 708.357421875)
[INFO] - NEWGROUND-IDLV needed 23.948525190353394 seconds!
(False, 17.595672607421875, 17.39787483215332, 806.9033203125)
[INFO] - NEWGROUND-GRINGO needed 17.595672607421875 seconds!

>>>> Now solving: instance_0040.lp

(True, 1800, 1800, 39.708984375)
[INFO] - GRINGO timed out (1800)!
(True, 1800, 1800, 21138960.0)
[INFO] - IDLV timed out (1800)!
(False, 58.00903940200806, 33.433974504470825, 1256.099609375)
[INFO] - NEWGROUND-IDLV needed 58.00903940200806 seconds!
(False, 34.70514535903931, 34.34104561805725, 1433.7705078125)
[INFO] - NEWGROUND-GRINGO needed 34.70514535903931 seconds!

>>>> Now solving: instance_0050.lp

(True, 1800, 1800, 62.560546875)
[INFO] - GRINGO timed out (1800)!
(True, 1800, 1800, 21017008.0)
[INFO] - IDLV timed out (1800)!
(False, 65.52906250953674, 64.83018612861633, 1951.5361328125)
[INFO] - NEWGROUND-IDLV needed 65.52906250953674 seconds!
(False, 66.49696445465088, 65.76987838745117, 2229.583984375)
[INFO] - NEWGROUND-GRINGO needed 66.49696445465088 seconds!

>>>> Now solving: instance_0060.lp

(True, 1800, 1800, 92.4140625)
[INFO] - GRINGO timed out (1800)!
Ran out of input
(True, 1800, 1800, 9223372036854775807)
[INFO] - IDLV timed out (1800)!
(False, 89.53695750236511, 88.57966756820679, 2880.115234375)
[INFO] - NEWGROUND-IDLV needed 89.53695750236511 seconds!
(False, 92.82970118522644, 91.83400392532349, 3218.3642578125)
[INFO] - NEWGROUND-GRINGO needed 92.82970118522644 seconds!

>>>> Now solving: instance_0070.lp

(True, 1800, 1800, 126.6328125)
[INFO] - GRINGO timed out (1800)!
(True, 1800, 1800, 22069884.0)
[INFO] - IDLV timed out (1800)!
(False, 145.65869045257568, 144.08407592773438, 4183.6005859375)
[INFO] - NEWGROUND-IDLV needed 145.65869045257568 seconds!
(False, 147.70002841949463, 144.580011844635, 4610.9130859375)
[INFO] - NEWGROUND-GRINGO needed 147.70002841949463 seconds!

>>>> Now solving: instance_0080.lp

(True, 1800, 1800, 165.9755859375)
[INFO] - GRINGO timed out (1800)!
(True, 1800, 1800, 21662928.0)
[INFO] - IDLV timed out (1800)!
(False, 183.95229697227478, 181.39902687072754, 5509.5009765625)
[INFO] - NEWGROUND-IDLV needed 183.95229697227478 seconds!
(False, 206.00148248672485, 203.749041557312, 6080.189453125)
[INFO] - NEWGROUND-GRINGO needed 206.00148248672485 seconds!

>>>> Now solving: instance_0090.lp

(True, 1800, 1800, 213.7568359375)
[INFO] - GRINGO timed out (1800)!
(True, 1800, 1800, 21733428.0)
[INFO] - IDLV timed out (1800)!
(False, 252.4542248249054, 247.921484708786, 7049.93359375)
[INFO] - NEWGROUND-IDLV needed 252.4542248249054 seconds!
(False, 289.25068497657776, 284.4929897785187, 7765.91015625)
[INFO] - NEWGROUND-GRINGO needed 289.25068497657776 seconds!

>>>> Now solving: instance_0100.lp

(True, 1800, 1800, 265.2255859375)
[INFO] - GRINGO timed out (1800)!
(True, 1800, 1800, 21565676.0)
[INFO] - IDLV timed out (1800)!
(False, 338.39384746551514, 330.95161628723145, 8811.27734375)
[INFO] - NEWGROUND-IDLV needed 338.39384746551514 seconds!
(False, 374.50012469291687, 367.52455401420593, 9926.5625)
[INFO] - NEWGROUND-GRINGO needed 374.50012469291687 seconds!

>>>> Now solving: instance_0110.lp

(True, 1800, 1800, 327.1630859375)
[INFO] - GRINGO timed out (1800)!
Ran out of input
(True, 1800, 1800, 9223372036854775807)
[INFO] - IDLV timed out (1800)!
(False, 422.69282698631287, 417.72868251800537, 10693.3603515625)
[INFO] - NEWGROUND-IDLV needed 422.69282698631287 seconds!
(False, 437.56387877464294, 425.56466937065125, 12050.8134765625)
[INFO] - NEWGROUND-GRINGO needed 437.56387877464294 seconds!

>>>> Now solving: instance_0120.lp

(True, 1800, 1800, 391.7255859375)
[INFO] - GRINGO timed out (1800)!
Ran out of input
(True, 1800, 1800, 9223372036854775807)
[INFO] - IDLV timed out (1800)!
(False, 583.6360423564911, 568.4999299049377, 12724.845703125)
[INFO] - NEWGROUND-IDLV needed 583.6360423564911 seconds!
(False, 627.6113171577454, 606.7162084579468, 14340.2412109375)
[INFO] - NEWGROUND-GRINGO needed 627.6113171577454 seconds!

>>>> Now solving: instance_0130.lp

(True, 1800, 1800, 459.6005859375)
[INFO] - GRINGO timed out (1800)!
Ran out of input
(True, 1800, 1800, 9223372036854775807)
[INFO] - IDLV timed out (1800)!
(False, 748.2790520191193, 728.1654133796692, 14910.2333984375)
[INFO] - NEWGROUND-IDLV needed 748.2790520191193 seconds!
(False, 781.1062414646149, 750.5089011192322, 16802.55859375)
[INFO] - NEWGROUND-GRINGO needed 781.1062414646149 seconds!

>>>> Now solving: instance_0140.lp

(True, 1800, 1800, 534.5693359375)
[INFO] - GRINGO timed out (1800)!
Ran out of input
(True, 1800, 1800, 9223372036854775807)
[INFO] - IDLV timed out (1800)!
(False, 857.3077833652496, 846.6299912929535, 17285.1787109375)
[INFO] - NEWGROUND-IDLV needed 857.3077833652496 seconds!
(False, 974.7680201530457, 941.326174736023, 19479.2802734375)
[INFO] - NEWGROUND-GRINGO needed 974.7680201530457 seconds!

>>>> Now solving: instance_0150.lp

(True, 1800, 1800, 615.3818359375)
[INFO] - GRINGO timed out (1800)!
