
>>>> Now solving: instance_0010.lp

(False, 0.024903535842895508, 0.022347688674926758, 7.078125)
[INFO] - GRINGO needed 0.024903535842895508 seconds!
(False, 0.022447586059570312, 0.018781185150146484, 6.666015625)
[INFO] - IDLV needed 0.022447586059570312 seconds!
(False, 3.7049055099487305, 3.679651975631714, 88.162109375)
[INFO] - NEWGROUND-IDLV needed 3.7049055099487305 seconds!
(False, 3.768174409866333, 3.7435336112976074, 100.6650390625)
[INFO] - NEWGROUND-GRINGO needed 3.768174409866333 seconds!

>>>> Now solving: instance_0012.lp

(False, 0.6700317859649658, 0.5015873908996582, 2436.216796875)
[INFO] - GRINGO needed 0.6700317859649658 seconds!
(False, 0.6524152755737305, 0.5995056629180908, 1390.8603515625)
[INFO] - IDLV needed 0.6524152755737305 seconds!
(False, 5.02325439453125, 4.986350774765015, 132.4541015625)
[INFO] - NEWGROUND-IDLV needed 5.02325439453125 seconds!
(False, 5.091073036193848, 5.046240568161011, 147.5654296875)
[INFO] - NEWGROUND-GRINGO needed 5.091073036193848 seconds!

>>>> Now solving: instance_0014.lp

(False, 0.08027005195617676, 0.07541203498840332, 15.1904296875)
[INFO] - GRINGO needed 0.08027005195617676 seconds!
(False, 0.11948633193969727, 0.11424756050109863, 13.8330078125)
[INFO] - IDLV needed 0.11948633193969727 seconds!
(False, 6.522193431854248, 6.473996877670288, 178.9091796875)
[INFO] - NEWGROUND-IDLV needed 6.522193431854248 seconds!
(False, 6.570232152938843, 6.516584157943726, 188.45703125)
[INFO] - NEWGROUND-GRINGO needed 6.570232152938843 seconds!

>>>> Now solving: instance_0016.lp

(False, 117.67527627944946, 66.07808065414429, 680148.5263671875)
[INFO] - GRINGO needed 117.67527627944946 seconds!
(False, 61.487083435058594, 50.55151915550232, 386051.9921875)
[INFO] - IDLV needed 61.487083435058594 seconds!
(False, 8.312621355056763, 8.23914647102356, 237.77734375)
[INFO] - NEWGROUND-IDLV needed 8.312621355056763 seconds!
(False, 8.499290466308594, 8.431917190551758, 253.8720703125)
[INFO] - NEWGROUND-GRINGO needed 8.499290466308594 seconds!

>>>> Now solving: instance_0018.lp

(False, 1468.4587578773499, 750.1449925899506, 8864714.775390625)
[INFO] - GRINGO needed 1468.4587578773499 seconds!
(False, 698.0009722709656, 558.2776119709015, 4791569.509765625)
[INFO] - IDLV needed 698.0009722709656 seconds!
(False, 10.626628637313843, 10.542971134185791, 301.162109375)
[INFO] - NEWGROUND-IDLV needed 10.626628637313843 seconds!
(False, 10.792202234268188, 10.708037614822388, 326.4833984375)
[INFO] - NEWGROUND-GRINGO needed 10.792202234268188 seconds!

>>>> Now solving: instance_0020.lp

(False, 1500.4546325206757, 712.4581818580627, 8379385.8857421875)
[INFO] - GRINGO needed 1500.4546325206757 seconds!
(False, 680.2758026123047, 550.4090673923492, 4556229.6572265625)
[INFO] - IDLV needed 680.2758026123047 seconds!
(False, 12.42233920097351, 12.32772445678711, 368.2119140625)
[INFO] - NEWGROUND-IDLV needed 12.42233920097351 seconds!
(False, 11.637400150299072, 11.541601657867432, 401.009765625)
[INFO] - NEWGROUND-GRINGO needed 11.637400150299072 seconds!

>>>> Now solving: instance_0030.lp

(True, 1800, 1800, 12.0)
[INFO] - GRINGO timed out (1800)!
(True, 1800, 1800, 16107016.0)
[INFO] - IDLV timed out (1800)!
(False, 239.26582956314087, 26.668393850326538, 828.91796875)
[INFO] - NEWGROUND-IDLV needed 239.26582956314087 seconds!
(False, 153.74305772781372, 29.270230293273926, 938.4521484375)
[INFO] - NEWGROUND-GRINGO needed 153.74305772781372 seconds!

>>>> Now solving: instance_0040.lp

(True, 1800, 1800, 20.0)
[INFO] - GRINGO timed out (1800)!
(True, 1800, 1800, 19075640.0)
[INFO] - IDLV timed out (1800)!
(False, 325.30209040641785, 62.9036123752594, 1435.013671875)
[INFO] - NEWGROUND-IDLV needed 325.30209040641785 seconds!
(False, 66.69253325462341, 66.19351816177368, 1627.0966796875)
[INFO] - NEWGROUND-GRINGO needed 66.69253325462341 seconds!

>>>> Now solving: instance_0050.lp

(True, 1800, 1800, 32.0)
[INFO] - GRINGO timed out (1800)!
(True, 1800, 1800, 20765928.0)
[INFO] - IDLV timed out (1800)!
(False, 114.84888744354248, 113.82209324836731, 2223.3837890625)
[INFO] - NEWGROUND-IDLV needed 114.84888744354248 seconds!
(False, 114.48978352546692, 113.70983147621155, 2524.4140625)
[INFO] - NEWGROUND-GRINGO needed 114.48978352546692 seconds!

>>>> Now solving: instance_0060.lp

(True, 1800, 1800, 48.0)
[INFO] - GRINGO timed out (1800)!
(True, 1800, 1800, 20669604.0)
[INFO] - IDLV timed out (1800)!
(False, 183.43722915649414, 181.91225504875183, 3197.29296875)
[INFO] - NEWGROUND-IDLV needed 183.43722915649414 seconds!
(False, 187.34066009521484, 186.11759328842163, 3633.4736328125)
[INFO] - NEWGROUND-GRINGO needed 187.34066009521484 seconds!

>>>> Now solving: instance_0070.lp

(True, 1800, 1800, 68.0)
[INFO] - GRINGO timed out (1800)!
(True, 1800, 1800, 20682212.0)
[INFO] - IDLV timed out (1800)!
(False, 279.02557945251465, 277.05511832237244, 4469.8095703125)
[INFO] - NEWGROUND-IDLV needed 279.02557945251465 seconds!
(False, 286.8364727497101, 282.30908370018005, 4919.6328125)
[INFO] - NEWGROUND-GRINGO needed 286.8364727497101 seconds!

>>>> Now solving: instance_0080.lp

(True, 1800, 1800, 92.0)
[INFO] - GRINGO timed out (1800)!
(True, 1800, 1800, 21027888.0)
[INFO] - IDLV timed out (1800)!
(False, 347.5873124599457, 344.31194519996643, 6112.37890625)
[INFO] - NEWGROUND-IDLV needed 347.5873124599457 seconds!
(False, 369.38315510749817, 366.46807646751404, 6653.50390625)
[INFO] - NEWGROUND-GRINGO needed 369.38315510749817 seconds!

>>>> Now solving: instance_0090.lp

(True, 1800, 1800, 116.0)
[INFO] - GRINGO timed out (1800)!
(True, 1800, 1800, 20969052.0)
[INFO] - IDLV timed out (1800)!
(False, 503.79612040519714, 500.05338954925537, 7824.41796875)
[INFO] - NEWGROUND-IDLV needed 503.79612040519714 seconds!
(False, 539.7458732128143, 534.9782831668854, 8603.2041015625)
[INFO] - NEWGROUND-GRINGO needed 539.7458732128143 seconds!

>>>> Now solving: instance_0100.lp

(True, 1800, 1800, 144.0)
[INFO] - GRINGO timed out (1800)!
(True, 1800, 1800, 21544920.0)
[INFO] - IDLV timed out (1800)!
(False, 736.309485912323, 728.080762386322, 9842.8642578125)
[INFO] - NEWGROUND-IDLV needed 736.309485912323 seconds!
(False, 765.4801263809204, 741.2440721988678, 10628.5478515625)
[INFO] - NEWGROUND-GRINGO needed 765.4801263809204 seconds!

>>>> Now solving: instance_0110.lp

(True, 1800, 1800, 176.0)
[INFO] - GRINGO timed out (1800)!
(True, 1800, 1800, 21426268.0)
[INFO] - IDLV timed out (1800)!
(False, 853.1994345188141, 842.9482519626617, 11758.103515625)
[INFO] - NEWGROUND-IDLV needed 853.1994345188141 seconds!
(False, 882.5778474807739, 813.4311282634735, 12917.236328125)
[INFO] - NEWGROUND-GRINGO needed 882.5778474807739 seconds!

>>>> Now solving: instance_0120.lp

(True, 1800, 1800, 212.0)
[INFO] - GRINGO timed out (1800)!
(True, 1800, 1800, 21865336.0)
[INFO] - IDLV timed out (1800)!
(False, 1090.8104150295258, 1076.514761686325, 14273.4921875)
[INFO] - NEWGROUND-IDLV needed 1090.8104150295258 seconds!
(False, 1118.4832925796509, 1076.8272144794464, 15654.36328125)
[INFO] - NEWGROUND-GRINGO needed 1118.4832925796509 seconds!

>>>> Now solving: instance_0130.lp

(True, 1800, 1800, 252.0)
[INFO] - GRINGO timed out (1800)!
Ran out of input
(True, 1800, 1800, 9223372036854775807)
[INFO] - IDLV timed out (1800)!
(False, 1400.7882692813873, 1377.619385957718, 16752.19921875)
[INFO] - NEWGROUND-IDLV needed 1400.7882692813873 seconds!
(False, 1481.2907691001892, 1469.7730090618134, 18781.005859375)
[INFO] - NEWGROUND-GRINGO needed 1481.2907691001892 seconds!

>>>> Now solving: instance_0140.lp

(True, 1800, 1800, 296.0)
[INFO] - GRINGO timed out (1800)!
Ran out of input
(True, 1800, 1800, 9223372036854775807)
[INFO] - IDLV timed out (1800)!
(False, 1640.470722913742, 1626.4437952041626, 19432.2392578125)
[INFO] - NEWGROUND-IDLV needed 1640.470722913742 seconds!
(False, 1772.759873867035, 1725.1417655944824, 21791.3681640625)
[INFO] - NEWGROUND-GRINGO needed 1772.759873867035 seconds!

>>>> Now solving: instance_0150.lp

(True, 1800, 1800, 340.0)
[INFO] - GRINGO timed out (1800)!
Ran out of input
(True, 1800, 1800, 9223372036854775807)
[INFO] - IDLV timed out (1800)!
(True, 1800, 1800, 41730.1484375)
