
>>>> Now solving: instance_0010.lp

(False, 0.04926156997680664, 0.03207063674926758, 144.0263671875)
[INFO] - GRINGO needed 0.04926156997680664 seconds!
(False, 0.018388986587524414, 0.013399124145507812, 77.9208984375)
[INFO] - IDLV needed 0.018388986587524414 seconds!
(False, 1.3051705360412598, 1.2906546592712402, 45.5498046875)
[INFO] - NEWGROUND-IDLV needed 1.3051705360412598 seconds!
(False, 1.3005170822143555, 1.2825696468353271, 51.9169921875)
[INFO] - NEWGROUND-GRINGO needed 1.3005170822143555 seconds!

>>>> Now solving: instance_0012.lp

(False, 0.11282873153686523, 0.06761789321899414, 538.8291015625)
[INFO] - GRINGO needed 0.11282873153686523 seconds!
(False, 0.06030154228210449, 0.0421905517578125, 289.4169921875)
[INFO] - IDLV needed 0.06030154228210449 seconds!
(False, 1.6690547466278076, 1.6486554145812988, 66.7666015625)
[INFO] - NEWGROUND-IDLV needed 1.6690547466278076 seconds!
(False, 1.693143606185913, 1.6696019172668457, 76.46875)
[INFO] - NEWGROUND-GRINGO needed 1.693143606185913 seconds!

>>>> Now solving: instance_0014.lp

(False, 0.2430131435394287, 0.13973188400268555, 1296.88671875)
[INFO] - GRINGO needed 0.2430131435394287 seconds!
(False, 0.11870074272155762, 0.08660387992858887, 669.13671875)
[INFO] - IDLV needed 0.11870074272155762 seconds!
(False, 2.0917725563049316, 2.0650923252105713, 89.134765625)
[INFO] - NEWGROUND-IDLV needed 2.0917725563049316 seconds!
(False, 2.1431877613067627, 2.115912675857544, 102.220703125)
[INFO] - NEWGROUND-GRINGO needed 2.1431877613067627 seconds!

>>>> Now solving: instance_0016.lp

(False, 0.8550004959106445, 0.4425783157348633, 4799.0517578125)
[INFO] - GRINGO needed 0.8550004959106445 seconds!
(False, 0.382918119430542, 0.2892751693725586, 2423.1015625)
[INFO] - IDLV needed 0.382918119430542 seconds!
(False, 3.0079195499420166, 2.975644111633301, 120.4931640625)
[INFO] - NEWGROUND-IDLV needed 3.0079195499420166 seconds!
(False, 3.1062188148498535, 3.067214012145996, 134.9248046875)
[INFO] - NEWGROUND-GRINGO needed 3.1062188148498535 seconds!

>>>> Now solving: instance_0018.lp

(False, 2.407212257385254, 1.2141697406768799, 13132.8037109375)
[INFO] - GRINGO needed 2.407212257385254 seconds!
(False, 1.0196101665496826, 0.7757713794708252, 6379.90625)
[INFO] - IDLV needed 1.0196101665496826 seconds!
(False, 3.765094041824341, 3.7156524658203125, 162.12890625)
[INFO] - NEWGROUND-IDLV needed 3.765094041824341 seconds!
(False, 3.7884302139282227, 3.743450880050659, 175.5263671875)
[INFO] - NEWGROUND-GRINGO needed 3.7884302139282227 seconds!

>>>> Now solving: instance_0020.lp

(False, 2.880450487136841, 1.4494853019714355, 15853.2626953125)
[INFO] - GRINGO needed 2.880450487136841 seconds!
(False, 1.1844427585601807, 0.9038031101226807, 7667.5859375)
[INFO] - IDLV needed 1.1844427585601807 seconds!
(False, 4.287503242492676, 4.229720592498779, 198.9541015625)
[INFO] - NEWGROUND-IDLV needed 4.287503242492676 seconds!
(False, 4.854745864868164, 4.559239864349365, 217.447265625)
[INFO] - NEWGROUND-GRINGO needed 4.854745864868164 seconds!

>>>> Now solving: instance_0030.lp

(False, 36.540090560913086, 17.630762815475464, 210548.2509765625)
[INFO] - GRINGO needed 36.540090560913086 seconds!
(False, 13.901793003082275, 10.272457361221313, 102444.2724609375)
[INFO] - IDLV needed 13.901793003082275 seconds!
(False, 11.460887670516968, 9.84070086479187, 471.26171875)
[INFO] - NEWGROUND-IDLV needed 11.460887670516968 seconds!
(False, 12.059485912322998, 9.715907573699951, 525.2705078125)
[INFO] - NEWGROUND-GRINGO needed 12.059485912322998 seconds!

>>>> Now solving: instance_0040.lp

(False, 179.36756896972656, 82.73081660270691, 1058632.470703125)
[INFO] - GRINGO needed 179.36756896972656 seconds!
(False, 65.68212080001831, 48.2211754322052, 520977.32421875)
[INFO] - IDLV needed 65.68212080001831 seconds!
(False, 19.321364164352417, 19.000553369522095, 835.591796875)
[INFO] - NEWGROUND-IDLV needed 19.321364164352417 seconds!
(False, 19.78834295272827, 19.49905037879944, 950.55859375)
[INFO] - NEWGROUND-GRINGO needed 19.78834295272827 seconds!

>>>> Now solving: instance_0050.lp

(False, 595.3417580127716, 276.6302900314331, 3717517.9228515625)
[INFO] - GRINGO needed 595.3417580127716 seconds!
(False, 202.18209886550903, 142.18354654312134, 1790556.052734375)
[INFO] - IDLV needed 202.18209886550903 seconds!
(False, 50.36330437660217, 27.555181741714478, 1305.275390625)
[INFO] - NEWGROUND-IDLV needed 50.36330437660217 seconds!
(False, 28.201982021331787, 27.783607482910156, 1486.3818359375)
[INFO] - NEWGROUND-GRINGO needed 28.201982021331787 seconds!

>>>> Now solving: instance_0060.lp

(True, 1800, 662.7244803905487, 9357165.1015625)
[INFO] - GRINGO timed out (1800)!
(False, 558.9256234169006, 403.817378282547, 4424312.4443359375)
[INFO] - IDLV needed 558.9256234169006 seconds!
(False, 48.628788232803345, 47.849557399749756, 1869.5439453125)
[INFO] - NEWGROUND-IDLV needed 48.628788232803345 seconds!
(False, 47.565532207489014, 46.62535119056702, 2129.8359375)
[INFO] - NEWGROUND-GRINGO needed 47.565532207489014 seconds!

>>>> Now solving: instance_0070.lp

(True, 1800, 1800, 21869914.22265625)
[INFO] - GRINGO timed out (1800)!
(False, 1199.6160416603088, 834.3092923164368, 10144243.739257812)
[INFO] - IDLV needed 1199.6160416603088 seconds!
(False, 68.3799409866333, 66.96479058265686, 2588.224609375)
[INFO] - NEWGROUND-IDLV needed 68.3799409866333 seconds!
(False, 66.06429672241211, 64.82027435302734, 2904.638671875)
[INFO] - NEWGROUND-GRINGO needed 66.06429672241211 seconds!

>>>> Now solving: instance_0080.lp

(True, 1800, 1800, 18106612.0)
[INFO] - GRINGO timed out (1800)!
(True, 1800, 1800, 19037034.794921875)
[INFO] - IDLV timed out (1800)!
(False, 85.91084671020508, 84.12710523605347, 3613.6044921875)
[INFO] - NEWGROUND-IDLV needed 85.91084671020508 seconds!
(False, 95.71975898742676, 93.71903824806213, 3972.3857421875)
[INFO] - NEWGROUND-GRINGO needed 95.71975898742676 seconds!

>>>> Now solving: instance_0090.lp

(True, 1800, 1800, 166.9443359375)
[INFO] - GRINGO timed out (1800)!
(True, 1800, 1800, 21300252.0)
[INFO] - IDLV timed out (1800)!
(False, 124.32791113853455, 120.896888256073, 4704.974609375)
[INFO] - NEWGROUND-IDLV needed 124.32791113853455 seconds!
(False, 130.69024801254272, 126.4827344417572, 5141.4853515625)
[INFO] - NEWGROUND-GRINGO needed 130.69024801254272 seconds!

>>>> Now solving: instance_0100.lp

(True, 1800, 1800, 208.6005859375)
[INFO] - GRINGO timed out (1800)!
(True, 1800, 1800, 20552456.0)
[INFO] - IDLV timed out (1800)!
(False, 165.9604675769806, 160.73030424118042, 5816.919921875)
[INFO] - NEWGROUND-IDLV needed 165.9604675769806 seconds!
(False, 153.24689888954163, 149.27604985237122, 6390.94140625)
[INFO] - NEWGROUND-GRINGO needed 153.24689888954163 seconds!

>>>> Now solving: instance_0110.lp

(True, 1800, 1800, 251.7880859375)
[INFO] - GRINGO timed out (1800)!
(True, 1800, 1800, 21551228.0)
[INFO] - IDLV timed out (1800)!
(False, 186.30298852920532, 179.7130753993988, 7073.5419921875)
[INFO] - NEWGROUND-IDLV needed 186.30298852920532 seconds!
(False, 236.64074897766113, 186.10297441482544, 7847.28125)
[INFO] - NEWGROUND-GRINGO needed 236.64074897766113 seconds!

>>>> Now solving: instance_0120.lp

(True, 1800, 1800, 303.1318359375)
[INFO] - GRINGO timed out (1800)!
Ran out of input
(True, 1800, 1800, 9223372036854775807)
[INFO] - IDLV timed out (1800)!
(False, 264.53407549858093, 253.7869188785553, 8498.0576171875)
[INFO] - NEWGROUND-IDLV needed 264.53407549858093 seconds!
(False, 310.94546127319336, 256.80045080184937, 9550.7177734375)
[INFO] - NEWGROUND-GRINGO needed 310.94546127319336 seconds!

>>>> Now solving: instance_0130.lp

(True, 1800, 1800, 355.0380859375)
[INFO] - GRINGO timed out (1800)!
Ran out of input
(True, 1800, 1800, 9223372036854775807)
[INFO] - IDLV timed out (1800)!
(False, 318.00311827659607, 307.7364237308502, 9954.2001953125)
[INFO] - NEWGROUND-IDLV needed 318.00311827659607 seconds!
(False, 338.1507911682129, 313.2536036968231, 11186.0224609375)
[INFO] - NEWGROUND-GRINGO needed 338.1507911682129 seconds!

>>>> Now solving: instance_0140.lp

(True, 1800, 1800, 415.7880859375)
[INFO] - GRINGO timed out (1800)!
