
>>>> Now solving: instance_0010.lp

(False, 0.023310184478759766, 0.017322301864624023, 40.314453125)
[INFO] - GRINGO needed 0.023310184478759766 seconds!
(False, 0.01083993911743164, 0.004845142364501953, 23.2333984375)
[INFO] - IDLV needed 0.01083993911743164 seconds!
(False, 1.4318957328796387, 1.4135515689849854, 43.037109375)
[INFO] - NEWGROUND-IDLV needed 1.4318957328796387 seconds!
(False, 1.4457628726959229, 1.428682804107666, 48.7744140625)
[INFO] - NEWGROUND-GRINGO needed 1.4457628726959229 seconds!

>>>> Now solving: instance_0012.lp

(False, 0.08452534675598145, 0.05222296714782715, 336.580078125)
[INFO] - GRINGO needed 0.08452534675598145 seconds!
(False, 0.0429685115814209, 0.028157472610473633, 180.912109375)
[INFO] - IDLV needed 0.0429685115814209 seconds!
(False, 1.8794832229614258, 1.8560869693756104, 65.0654296875)
[INFO] - NEWGROUND-IDLV needed 1.8794832229614258 seconds!
(False, 1.8924384117126465, 1.869070053100586, 74.4091796875)
[INFO] - NEWGROUND-GRINGO needed 1.8924384117126465 seconds!

>>>> Now solving: instance_0014.lp

(False, 0.05892038345336914, 0.037163734436035156, 196.2666015625)
[INFO] - GRINGO needed 0.05892038345336914 seconds!
(False, 0.03003549575805664, 0.01887369155883789, 110.275390625)
[INFO] - IDLV needed 0.03003549575805664 seconds!
(False, 2.2981832027435303, 2.2703633308410645, 82.494140625)
[INFO] - NEWGROUND-IDLV needed 2.2981832027435303 seconds!
(False, 2.347313165664673, 2.3183863162994385, 94.099609375)
[INFO] - NEWGROUND-GRINGO needed 2.347313165664673 seconds!

>>>> Now solving: instance_0016.lp

(False, 0.2656736373901367, 0.14739537239074707, 1363.1064453125)
[INFO] - GRINGO needed 0.2656736373901367 seconds!
(False, 0.12463092803955078, 0.08951187133789062, 701.7041015625)
[INFO] - IDLV needed 0.12463092803955078 seconds!
(False, 2.909796714782715, 2.8727400302886963, 110.9931640625)
[INFO] - NEWGROUND-IDLV needed 2.909796714782715 seconds!
(False, 2.949084997177124, 2.9145090579986572, 124.841796875)
[INFO] - NEWGROUND-GRINGO needed 2.949084997177124 seconds!

>>>> Now solving: instance_0018.lp

(False, 0.6669678688049316, 0.35288095474243164, 3579.3017578125)
[INFO] - GRINGO needed 0.6669678688049316 seconds!
(False, 0.286729097366333, 0.21494150161743164, 1813.482421875)
[INFO] - IDLV needed 0.286729097366333 seconds!
(False, 3.5712549686431885, 3.5248005390167236, 145.5849609375)
[INFO] - NEWGROUND-IDLV needed 3.5712549686431885 seconds!
(False, 3.6926565170288086, 3.6466822624206543, 159.02734375)
[INFO] - NEWGROUND-GRINGO needed 3.6926565170288086 seconds!

>>>> Now solving: instance_0020.lp

(False, 0.8187432289123535, 0.4268627166748047, 4357.5068359375)
[INFO] - GRINGO needed 0.8187432289123535 seconds!
(False, 0.3502051830291748, 0.26236987113952637, 2200.2197265625)
[INFO] - IDLV needed 0.3502051830291748 seconds!
(False, 4.375997304916382, 4.322189092636108, 182.3544921875)
[INFO] - NEWGROUND-IDLV needed 4.375997304916382 seconds!
(False, 4.5226359367370605, 4.403288841247559, 193.86328125)
[INFO] - NEWGROUND-GRINGO needed 4.5226359367370605 seconds!

>>>> Now solving: instance_0030.lp

(False, 11.996027946472168, 5.910337686538696, 66629.3798828125)
[INFO] - GRINGO needed 11.996027946472168 seconds!
(False, 4.645557880401611, 3.4575257301330566, 31458.4462890625)
[INFO] - IDLV needed 4.645557880401611 seconds!
(False, 11.273190975189209, 9.737510442733765, 430.5078125)
[INFO] - NEWGROUND-IDLV needed 11.273190975189209 seconds!
(False, 11.213594913482666, 10.042815208435059, 474.9599609375)
[INFO] - NEWGROUND-GRINGO needed 11.213594913482666 seconds!

>>>> Now solving: instance_0040.lp

(False, 44.82414698600769, 19.45032286643982, 241256.9052734375)
[INFO] - GRINGO needed 44.82414698600769 seconds!
(False, 15.699436664581299, 11.498301267623901, 120023.6982421875)
[INFO] - IDLV needed 15.699436664581299 seconds!
(False, 22.677512407302856, 17.900195121765137, 762.404296875)
[INFO] - NEWGROUND-IDLV needed 22.677512407302856 seconds!
(False, 18.80438756942749, 18.53829026222229, 862.7138671875)
[INFO] - NEWGROUND-GRINGO needed 18.80438756942749 seconds!

>>>> Now solving: instance_0050.lp

(False, 154.1951003074646, 68.50803804397583, 881809.6005859375)
[INFO] - GRINGO needed 154.1951003074646 seconds!
(False, 54.18580651283264, 39.944066762924194, 436598.9736328125)
[INFO] - IDLV needed 54.18580651283264 seconds!
(False, 26.9844810962677, 26.58033776283264, 1190.0712890625)
[INFO] - NEWGROUND-IDLV needed 26.9844810962677 seconds!
(False, 27.913496017456055, 27.080522775650024, 1348.9375)
[INFO] - NEWGROUND-GRINGO needed 27.913496017456055 seconds!

>>>> Now solving: instance_0060.lp

(False, 444.2482943534851, 201.52703261375427, 2659025.6484375)
[INFO] - GRINGO needed 444.2482943534851 seconds!
(False, 168.51260137557983, 123.55684423446655, 1284984.990234375)
[INFO] - IDLV needed 168.51260137557983 seconds!
(False, 45.43776202201843, 44.81525468826294, 1723.58984375)
[INFO] - NEWGROUND-IDLV needed 45.43776202201843 seconds!
(False, 46.64058065414429, 45.63031601905823, 1955.6533203125)
[INFO] - NEWGROUND-GRINGO needed 46.64058065414429 seconds!

>>>> Now solving: instance_0070.lp

(False, 1042.8237640857697, 423.7363398075104, 5766463.23828125)
[INFO] - GRINGO needed 1042.8237640857697 seconds!
(False, 348.7712392807007, 252.7379822731018, 2769361.3994140625)
[INFO] - IDLV needed 348.7712392807007 seconds!
(False, 64.59487390518188, 63.17947292327881, 2340.4072265625)
[INFO] - NEWGROUND-IDLV needed 64.59487390518188 seconds!
(False, 67.7381227016449, 66.43808841705322, 2656.65625)
[INFO] - NEWGROUND-GRINGO needed 67.7381227016449 seconds!

>>>> Now solving: instance_0080.lp

(True, 1800, 833.4679205417633, 11960042.9296875)
[INFO] - GRINGO timed out (1800)!
(False, 707.4542880058289, 513.1279013156891, 5614402.8564453125)
[INFO] - IDLV needed 707.4542880058289 seconds!
(False, 81.59536743164062, 79.42407703399658, 3131.78515625)
[INFO] - NEWGROUND-IDLV needed 81.59536743164062 seconds!
(False, 84.27196526527405, 82.65200424194336, 3470.919921875)
[INFO] - NEWGROUND-GRINGO needed 84.27196526527405 seconds!

>>>> Now solving: instance_0090.lp

(True, 1800, 1800, 23667418.592773438)
[INFO] - GRINGO timed out (1800)!
(False, 1420.5192081928253, 1028.5274858474731, 10963228.118164062)
[INFO] - IDLV needed 1420.5192081928253 seconds!
(False, 110.02388644218445, 107.06824040412903, 4266.1494140625)
[INFO] - NEWGROUND-IDLV needed 110.02388644218445 seconds!
(False, 109.89923000335693, 106.07642269134521, 4642.0283203125)
[INFO] - NEWGROUND-GRINGO needed 109.89923000335693 seconds!

>>>> Now solving: instance_0100.lp

Ran out of input
(True, 1800, 1800, 9223372036854775807)
[INFO] - GRINGO timed out (1800)!
(True, 1800, 1800, 17901625.501953125)
[INFO] - IDLV timed out (1800)!
(False, 138.30362272262573, 135.4224853515625, 5224.5029296875)
[INFO] - NEWGROUND-IDLV needed 138.30362272262573 seconds!
(False, 143.28303480148315, 139.215665102005, 5744.4599609375)
[INFO] - NEWGROUND-GRINGO needed 143.28303480148315 seconds!

>>>> Now solving: instance_0110.lp

(True, 1800, 1800, 10768240.0)
[INFO] - GRINGO timed out (1800)!
(True, 1800, 1800, 20527456.0)
[INFO] - IDLV timed out (1800)!
(False, 185.46578693389893, 181.21339297294617, 6444.5712890625)
[INFO] - NEWGROUND-IDLV needed 185.46578693389893 seconds!
(False, 228.88465094566345, 178.8241868019104, 6991.5126953125)
[INFO] - NEWGROUND-GRINGO needed 228.88465094566345 seconds!

>>>> Now solving: instance_0120.lp

(True, 1800, 1800, 215.2880859375)
[INFO] - GRINGO timed out (1800)!
(True, 1800, 1800, 21963004.0)
[INFO] - IDLV timed out (1800)!
(False, 210.6101267337799, 197.77721118927002, 7694.3984375)
[INFO] - NEWGROUND-IDLV needed 210.6101267337799 seconds!
(False, 205.8053274154663, 198.8018834590912, 8367.4755859375)
[INFO] - NEWGROUND-GRINGO needed 205.8053274154663 seconds!

>>>> Now solving: instance_0130.lp

(True, 1800, 1800, 253.2568359375)
[INFO] - GRINGO timed out (1800)!
Ran out of input
(True, 1800, 1800, 9223372036854775807)
[INFO] - IDLV timed out (1800)!
(False, 251.83430433273315, 242.6519386768341, 9091.7900390625)
[INFO] - NEWGROUND-IDLV needed 251.83430433273315 seconds!
