
>>>> Now solving: instance_0010.lp

(False, 0.01616811752319336, 0.012585639953613281, 5.1875)
[INFO] - GRINGO needed 0.01616811752319336 seconds!
(False, 0.007772207260131836, 0.0022003650665283203, 4.9345703125)
[INFO] - IDLV needed 0.007772207260131836 seconds!
(False, 2.35159969329834, 2.3300528526306152, 55.912109375)
[INFO] - NEWGROUND-IDLV needed 2.35159969329834 seconds!
(False, 2.3449766635894775, 2.3251893520355225, 63.6220703125)
[INFO] - NEWGROUND-GRINGO needed 2.3449766635894775 seconds!

>>>> Now solving: instance_0012.lp

(False, 0.020045995712280273, 0.016716957092285156, 8.669921875)
[INFO] - GRINGO needed 0.020045995712280273 seconds!
(False, 0.009910821914672852, 0.006941080093383789, 8.1767578125)
[INFO] - IDLV needed 0.009910821914672852 seconds!
(False, 3.077195405960083, 3.04384708404541, 88.0341796875)
[INFO] - NEWGROUND-IDLV needed 3.077195405960083 seconds!
(False, 3.173642635345459, 3.1433918476104736, 100.2919921875)
[INFO] - NEWGROUND-GRINGO needed 3.173642635345459 seconds!

>>>> Now solving: instance_0014.lp

(False, 0.13442301750183105, 0.08706521987915039, 610.1982421875)
[INFO] - GRINGO needed 0.13442301750183105 seconds!
(False, 0.0997166633605957, 0.08053088188171387, 350.5380859375)
[INFO] - IDLV needed 0.0997166633605957 seconds!
(False, 3.9746572971343994, 3.9395854473114014, 119.4287109375)
[INFO] - NEWGROUND-IDLV needed 3.9746572971343994 seconds!
(False, 3.990849256515503, 3.957062005996704, 133.509765625)
[INFO] - NEWGROUND-GRINGO needed 3.990849256515503 seconds!

>>>> Now solving: instance_0016.lp

(False, 0.30094194412231445, 0.18602466583251953, 1603.4189453125)
[INFO] - GRINGO needed 0.30094194412231445 seconds!
(False, 0.1759345531463623, 0.14222073554992676, 925.6416015625)
[INFO] - IDLV needed 0.1759345531463623 seconds!
(False, 5.029474973678589, 4.975795745849609, 157.8359375)
[INFO] - NEWGROUND-IDLV needed 5.029474973678589 seconds!
(False, 5.136408805847168, 5.081505537033081, 173.443359375)
[INFO] - NEWGROUND-GRINGO needed 5.136408805847168 seconds!

>>>> Now solving: instance_0018.lp

(False, 0.39044761657714844, 0.238264799118042, 1997.31640625)
[INFO] - GRINGO needed 0.39044761657714844 seconds!
(False, 0.22121644020080566, 0.1788196563720703, 1149.072265625)
[INFO] - IDLV needed 0.22121644020080566 seconds!
(False, 6.286810874938965, 6.22905707359314, 204.904296875)
[INFO] - NEWGROUND-IDLV needed 6.286810874938965 seconds!
(False, 6.406586170196533, 6.340007305145264, 213.0400390625)
[INFO] - NEWGROUND-GRINGO needed 6.406586170196533 seconds!

>>>> Now solving: instance_0020.lp

(False, 0.8456194400787354, 0.5014252662658691, 4572.9072265625)
[INFO] - GRINGO needed 0.8456194400787354 seconds!
(False, 0.45517992973327637, 0.3715951442718506, 2605.4462890625)
[INFO] - IDLV needed 0.45517992973327637 seconds!
(False, 7.6839823722839355, 7.608825206756592, 253.5888671875)
[INFO] - NEWGROUND-IDLV needed 7.6839823722839355 seconds!
(False, 7.894876956939697, 7.8188347816467285, 270.166015625)
[INFO] - NEWGROUND-GRINGO needed 7.894876956939697 seconds!

>>>> Now solving: instance_0030.lp

(False, 105.30213260650635, 52.623924016952515, 607346.7666015625)
[INFO] - GRINGO needed 105.30213260650635 seconds!
(False, 45.75364089012146, 36.16401553153992, 314235.7421875)
[INFO] - IDLV needed 45.75364089012146 seconds!
(False, 20.076930046081543, 18.453145027160645, 570.3876953125)
[INFO] - NEWGROUND-IDLV needed 20.076930046081543 seconds!
(False, 20.36686658859253, 18.584575414657593, 624.0859375)
[INFO] - NEWGROUND-GRINGO needed 20.36686658859253 seconds!

>>>> Now solving: instance_0040.lp

(False, 524.552252292633, 267.91723704338074, 3074612.0439453125)
[INFO] - GRINGO needed 524.552252292633 seconds!
(False, 214.3683159351349, 169.86835527420044, 1555454.4326171875)
[INFO] - IDLV needed 214.3683159351349 seconds!
(False, 39.968705892562866, 34.4074022769928, 1015.2548828125)
[INFO] - NEWGROUND-IDLV needed 39.968705892562866 seconds!
(False, 40.59229588508606, 34.95728087425232, 1144.8779296875)
[INFO] - NEWGROUND-GRINGO needed 40.59229588508606 seconds!

>>>> Now solving: instance_0050.lp

Ran out of input
(True, 1800, 1800, 9223372036854775807)
[INFO] - GRINGO timed out (1800)!
(False, 1569.9418165683746, 1199.4856016635895, 13790792.299804688)
[INFO] - IDLV needed 1569.9418165683746 seconds!
(False, 61.42261362075806, 60.816938400268555, 1581.58203125)
[INFO] - NEWGROUND-IDLV needed 61.42261362075806 seconds!
(False, 61.71897101402283, 61.10312366485596, 1786.96875)
[INFO] - NEWGROUND-GRINGO needed 61.71897101402283 seconds!

>>>> Now solving: instance_0060.lp

(True, 1800, 1800, 32.23828125)
[INFO] - GRINGO timed out (1800)!
(True, 1800, 1800, 20336436.0)
[INFO] - IDLV timed out (1800)!
(False, 95.15015006065369, 94.19188356399536, 2276.4326171875)
[INFO] - NEWGROUND-IDLV needed 95.15015006065369 seconds!
(False, 88.00586199760437, 87.1047031879425, 2575.3037109375)
[INFO] - NEWGROUND-GRINGO needed 88.00586199760437 seconds!

>>>> Now solving: instance_0070.lp

(True, 1800, 1800, 42.08203125)
[INFO] - GRINGO timed out (1800)!
(True, 1800, 1800, 20526308.0)
[INFO] - IDLV timed out (1800)!
(False, 125.97821974754333, 124.65773844718933, 3066.43359375)
[INFO] - NEWGROUND-IDLV needed 125.97821974754333 seconds!
(False, 129.04949975013733, 126.74626684188843, 3469.3994140625)
[INFO] - NEWGROUND-GRINGO needed 129.04949975013733 seconds!

>>>> Now solving: instance_0080.lp

(True, 1800, 1800, 55.734375)
[INFO] - GRINGO timed out (1800)!
(True, 1800, 1800, 21360440.0)
[INFO] - IDLV timed out (1800)!
(False, 198.38239765167236, 195.70401167869568, 3998.5322265625)
[INFO] - NEWGROUND-IDLV needed 198.38239765167236 seconds!
(False, 199.1246953010559, 197.0163106918335, 4526.3486328125)
[INFO] - NEWGROUND-GRINGO needed 199.1246953010559 seconds!

>>>> Now solving: instance_0090.lp

(True, 1800, 1800, 70.8515625)
[INFO] - GRINGO timed out (1800)!
(True, 1800, 1800, 21753628.0)
[INFO] - IDLV timed out (1800)!
(False, 236.13316464424133, 233.01847577095032, 5184.4892578125)
[INFO] - NEWGROUND-IDLV needed 236.13316464424133 seconds!
(False, 228.17061018943787, 224.93215560913086, 5718.326171875)
[INFO] - NEWGROUND-GRINGO needed 228.17061018943787 seconds!

>>>> Now solving: instance_0100.lp

(True, 1800, 1800, 89.337890625)
[INFO] - GRINGO timed out (1800)!
Ran out of input
(True, 1800, 1800, 9223372036854775807)
[INFO] - IDLV timed out (1800)!
(False, 303.72179770469666, 299.1530523300171, 6772.154296875)
[INFO] - NEWGROUND-IDLV needed 303.72179770469666 seconds!
(False, 630.2720165252686, 299.2449481487274, 7265.3955078125)
[INFO] - NEWGROUND-GRINGO needed 630.2720165252686 seconds!

>>>> Now solving: instance_0110.lp

(True, 1800, 1800, 111.046875)
[INFO] - GRINGO timed out (1800)!
(True, 1800, 1800, 22065708.0)
[INFO] - IDLV timed out (1800)!
(False, 400.46410846710205, 394.3638184070587, 8363.45703125)
[INFO] - NEWGROUND-IDLV needed 400.46410846710205 seconds!
(False, 412.56186866760254, 402.5502464771271, 9069.4384765625)
[INFO] - NEWGROUND-GRINGO needed 412.56186866760254 seconds!

>>>> Now solving: instance_0120.lp

(True, 1800, 1800, 127.833984375)
[INFO] - GRINGO timed out (1800)!
(True, 1800, 1800, 20438016.0)
[INFO] - IDLV timed out (1800)!
(False, 590.5760402679443, 583.0238239765167, 9824.2119140625)
[INFO] - NEWGROUND-IDLV needed 590.5760402679443 seconds!
(False, 591.8167245388031, 580.4331376552582, 10772.21875)
[INFO] - NEWGROUND-GRINGO needed 591.8167245388031 seconds!

>>>> Now solving: instance_0130.lp

(True, 1800, 1800, 152.5068359375)
[INFO] - GRINGO timed out (1800)!
(True, 1800, 1800, 21083268.0)
[INFO] - IDLV timed out (1800)!
(False, 665.8036530017853, 639.402013540268, 11788.2431640625)
[INFO] - NEWGROUND-IDLV needed 665.8036530017853 seconds!
(False, 871.1663656234741, 637.3135635852814, 12698.2626953125)
[INFO] - NEWGROUND-GRINGO needed 871.1663656234741 seconds!

>>>> Now solving: instance_0140.lp

(True, 1800, 1800, 176.9130859375)
[INFO] - GRINGO timed out (1800)!
(True, 1800, 1800, 20371964.0)
[INFO] - IDLV timed out (1800)!
(False, 920.9689209461212, 907.5815646648407, 13582.8330078125)
[INFO] - NEWGROUND-IDLV needed 920.9689209461212 seconds!
