
>>>> Now solving: instance_0010.lp

(False, 0.08943343162536621, 0.08580136299133301, 9.3115234375)
[INFO] - GRINGO needed 0.08943343162536621 seconds!
(False, 0.10870981216430664, 0.10576629638671875, 8.4091796875)
[INFO] - IDLV needed 0.10870981216430664 seconds!
(False, 3.59797739982605, 3.5689377784729004, 91.5498046875)
[INFO] - NEWGROUND-IDLV needed 3.59797739982605 seconds!
(False, 3.7318003177642822, 3.706725835800171, 104.9013671875)
[INFO] - NEWGROUND-GRINGO needed 3.7318003177642822 seconds!

>>>> Now solving: instance_0012.lp

(False, 2.3404459953308105, 1.6404228210449219, 11221.4169921875)
[INFO] - GRINGO needed 2.3404459953308105 seconds!
(False, 1.9604344367980957, 1.7615163326263428, 6786.615234375)
[INFO] - IDLV needed 1.9604344367980957 seconds!
(False, 5.026705980300903, 4.985392093658447, 137.451171875)
[INFO] - NEWGROUND-IDLV needed 5.026705980300903 seconds!
(False, 5.089313745498657, 5.049440622329712, 150.171875)
[INFO] - NEWGROUND-GRINGO needed 5.089313745498657 seconds!

>>>> Now solving: instance_0014.lp

(False, 39.89811587333679, 23.014423370361328, 227571.1240234375)
[INFO] - GRINGO needed 39.89811587333679 seconds!
(False, 23.878041982650757, 20.23004460334778, 130389.2138671875)
[INFO] - IDLV needed 23.878041982650757 seconds!
(False, 6.5592474937438965, 6.504795551300049, 188.9970703125)
[INFO] - NEWGROUND-IDLV needed 6.5592474937438965 seconds!
(False, 6.613011121749878, 6.5565972328186035, 199.720703125)
[INFO] - NEWGROUND-GRINGO needed 6.613011121749878 seconds!

>>>> Now solving: instance_0016.lp

(True, 1800, 1146.3486971855164, 13290503.767578125)
[INFO] - GRINGO timed out (1800)!
(False, 1036.87002825737, 830.510577917099, 7111150.36328125)
[INFO] - IDLV needed 1036.87002825737 seconds!
(False, 8.416938543319702, 8.346800088882446, 251.34765625)
[INFO] - NEWGROUND-IDLV needed 8.416938543319702 seconds!
(False, 8.678796291351318, 8.608717918395996, 270.86328125)
[INFO] - NEWGROUND-GRINGO needed 8.678796291351318 seconds!

>>>> Now solving: instance_0018.lp

(True, 1800, 1800, 4.0)
[INFO] - GRINGO timed out (1800)!
(True, 1800, 1800, 16520632.0)
[INFO] - IDLV timed out (1800)!
(False, 10.115847110748291, 10.025774002075195, 320.7890625)
[INFO] - NEWGROUND-IDLV needed 10.115847110748291 seconds!
(False, 10.746127128601074, 10.657007694244385, 352.2265625)
[INFO] - NEWGROUND-GRINGO needed 10.746127128601074 seconds!

>>>> Now solving: instance_0020.lp

(True, 1800, 1800, 4.0)
[INFO] - GRINGO timed out (1800)!
(True, 1800, 1800, 15752344.0)
[INFO] - IDLV timed out (1800)!
(False, 13.408458709716797, 13.303524017333984, 388.7451171875)
[INFO] - NEWGROUND-IDLV needed 13.408458709716797 seconds!
(False, 13.573586225509644, 13.464478731155396, 426.7890625)
[INFO] - NEWGROUND-GRINGO needed 13.573586225509644 seconds!

>>>> Now solving: instance_0030.lp

(True, 1800, 1800, 16.0)
[INFO] - GRINGO timed out (1800)!
(True, 1800, 1800, 20758544.0)
[INFO] - IDLV timed out (1800)!
(False, 27.173484086990356, 26.95173716545105, 876.2294921875)
[INFO] - NEWGROUND-IDLV needed 27.173484086990356 seconds!
(False, 260.77244329452515, 27.42279863357544, 995.302734375)
[INFO] - NEWGROUND-GRINGO needed 260.77244329452515 seconds!

>>>> Now solving: instance_0040.lp

(True, 1800, 1800, 28.0)
[INFO] - GRINGO timed out (1800)!
(True, 1800, 1800, 20443400.0)
[INFO] - IDLV timed out (1800)!
(False, 680.6858177185059, 59.0744891166687, 1533.435546875)
[INFO] - NEWGROUND-IDLV needed 680.6858177185059 seconds!
(False, 59.898372650146484, 59.421014070510864, 1745.22265625)
[INFO] - NEWGROUND-GRINGO needed 59.898372650146484 seconds!

>>>> Now solving: instance_0050.lp

(True, 1800, 1800, 48.0)
[INFO] - GRINGO timed out (1800)!
(True, 1800, 1800, 20894384.0)
[INFO] - IDLV timed out (1800)!
(False, 116.49263548851013, 115.60610866546631, 2377.962890625)
[INFO] - NEWGROUND-IDLV needed 116.49263548851013 seconds!
(False, 113.4093725681305, 112.33455634117126, 2709.1083984375)
[INFO] - NEWGROUND-GRINGO needed 113.4093725681305 seconds!

>>>> Now solving: instance_0060.lp

(True, 1800, 1800, 68.0)
[INFO] - GRINGO timed out (1800)!
(True, 1800, 1800, 21075008.0)
[INFO] - IDLV timed out (1800)!
(False, 168.3294370174408, 167.07447171211243, 3393.2470703125)
[INFO] - NEWGROUND-IDLV needed 168.3294370174408 seconds!
(False, 171.38696551322937, 169.8339478969574, 3867.65625)
[INFO] - NEWGROUND-GRINGO needed 171.38696551322937 seconds!

>>>> Now solving: instance_0070.lp

(True, 1800, 1800, 96.0)
[INFO] - GRINGO timed out (1800)!
(True, 1800, 1800, 20956772.0)
[INFO] - IDLV timed out (1800)!
(False, 282.33741188049316, 278.99388432502747, 4978.578125)
[INFO] - NEWGROUND-IDLV needed 282.33741188049316 seconds!
(False, 284.5202147960663, 280.9946937561035, 5438.1640625)
[INFO] - NEWGROUND-GRINGO needed 284.5202147960663 seconds!

>>>> Now solving: instance_0080.lp

(True, 1800, 1800, 124.0)
[INFO] - GRINGO timed out (1800)!
Ran out of input
(True, 1800, 1800, 9223372036854775807)
[INFO] - IDLV timed out (1800)!
(False, 402.5216369628906, 399.5092384815216, 6546.685546875)
[INFO] - NEWGROUND-IDLV needed 402.5216369628906 seconds!
(False, 408.5094106197357, 405.41968178749084, 7227.2744140625)
[INFO] - NEWGROUND-GRINGO needed 408.5094106197357 seconds!

>>>> Now solving: instance_0090.lp

(True, 1800, 1800, 164.0)
[INFO] - GRINGO timed out (1800)!
Ran out of input
(True, 1800, 1800, 9223372036854775807)
[INFO] - IDLV timed out (1800)!
(False, 503.4720301628113, 485.2686274051666, 8421.0048828125)
[INFO] - NEWGROUND-IDLV needed 503.4720301628113 seconds!
(False, 478.35079979896545, 474.7525112628937, 9296.2392578125)
[INFO] - NEWGROUND-GRINGO needed 478.35079979896545 seconds!

>>>> Now solving: instance_0100.lp

(True, 1800, 1800, 208.0)
[INFO] - GRINGO timed out (1800)!
(True, 1800, 1800, 21950516.0)
[INFO] - IDLV timed out (1800)!
(False, 669.8614816665649, 639.8963687419891, 10535.99609375)
[INFO] - NEWGROUND-IDLV needed 669.8614816665649 seconds!
(False, 662.3854565620422, 649.9100561141968, 11597.11328125)
[INFO] - NEWGROUND-GRINGO needed 662.3854565620422 seconds!

>>>> Now solving: instance_0110.lp

(True, 1800, 1800, 248.0)
[INFO] - GRINGO timed out (1800)!
(True, 1800, 1800, 21899180.0)
[INFO] - IDLV timed out (1800)!
(False, 1013.7470922470093, 989.3983800411224, 12845.0361328125)
[INFO] - NEWGROUND-IDLV needed 1013.7470922470093 seconds!
(False, 958.0827078819275, 920.5561926364899, 14436.0712890625)
[INFO] - NEWGROUND-GRINGO needed 958.0827078819275 seconds!

>>>> Now solving: instance_0120.lp

(True, 1800, 1800, 300.0)
[INFO] - GRINGO timed out (1800)!
Ran out of input
(True, 1800, 1800, 9223372036854775807)
[INFO] - IDLV timed out (1800)!
(False, 1272.570737361908, 1251.4074952602386, 15280.2451171875)
[INFO] - NEWGROUND-IDLV needed 1272.570737361908 seconds!
(False, 1251.8438992500305, 1220.5203518867493, 17177.8583984375)
[INFO] - NEWGROUND-GRINGO needed 1251.8438992500305 seconds!

>>>> Now solving: instance_0130.lp

(True, 1800, 1800, 352.0)
[INFO] - GRINGO timed out (1800)!
Ran out of input
(True, 1800, 1800, 9223372036854775807)
[INFO] - IDLV timed out (1800)!
(False, 1442.1911783218384, 1414.425488948822, 17887.1376953125)
[INFO] - NEWGROUND-IDLV needed 1442.1911783218384 seconds!
(False, 1574.8728728294373, 1564.5985124111176, 20108.1787109375)
[INFO] - NEWGROUND-GRINGO needed 1574.8728728294373 seconds!

>>>> Now solving: instance_0140.lp

(True, 1800, 1800, 412.0)
[INFO] - GRINGO timed out (1800)!
Ran out of input
(True, 1800, 1800, 9223372036854775807)
[INFO] - IDLV timed out (1800)!
(True, 1800, 1800, 40185.4501953125)
[INFO] - NEWGROUND-IDLV timed out (1800)!
(True, 1800, 1800, 41577.9521484375)
[INFO] - NEWGROUND-GRINGO timed out (1800)!

>>>> Now solving: instance_0150.lp

(True, 1800, 1800, 472.0)
[INFO] - GRINGO timed out (1800)!
Ran out of input
(True, 1800, 1800, 9223372036854775807)
[INFO] - IDLV timed out (1800)!
(True, 1800, 1800, 36508.966796875)
[INFO] - NEWGROUND-IDLV timed out (1800)!
(True, 1800, 1800, 42073.30078125)
[INFO] - NEWGROUND-GRINGO timed out (1800)!

>>>> Now solving: instance_0180.lp

(True, 1800, 1800, 696.0)
[INFO] - GRINGO timed out (1800)!
Ran out of input
