
>>>> Now solving: instance_0010.lp

(False, 0.03725767135620117, 0.025660276412963867, 79.7841796875)
[INFO] - GRINGO needed 0.03725767135620117 seconds!
(False, 0.021104812622070312, 0.0160672664642334, 46.0986328125)
[INFO] - IDLV needed 0.021104812622070312 seconds!
(False, 2.3256664276123047, 2.3034827709198, 64.263671875)
[INFO] - NEWGROUND-IDLV needed 2.3256664276123047 seconds!
(False, 2.3996634483337402, 2.378431797027588, 73.1728515625)
[INFO] - NEWGROUND-GRINGO needed 2.3996634483337402 seconds!

>>>> Now solving: instance_0012.lp

(False, 0.505415678024292, 0.2989661693572998, 2491.828125)
[INFO] - GRINGO needed 0.505415678024292 seconds!
(False, 0.27735400199890137, 0.22694110870361328, 1371.2470703125)
[INFO] - IDLV needed 0.27735400199890137 seconds!
(False, 3.165623664855957, 3.136465549468994, 95.1630859375)
[INFO] - NEWGROUND-IDLV needed 3.165623664855957 seconds!
(False, 3.202104330062866, 3.169759511947632, 109.0966796875)
[INFO] - NEWGROUND-GRINGO needed 3.202104330062866 seconds!

>>>> Now solving: instance_0014.lp

(False, 0.16369295120239258, 0.10762739181518555, 772.431640625)
[INFO] - GRINGO needed 0.16369295120239258 seconds!
(False, 0.10725831985473633, 0.08546686172485352, 456.8642578125)
[INFO] - IDLV needed 0.10725831985473633 seconds!
(False, 3.997741222381592, 3.952711582183838, 125.1865234375)
[INFO] - NEWGROUND-IDLV needed 3.997741222381592 seconds!
(False, 4.115589141845703, 4.0755133628845215, 139.029296875)
[INFO] - NEWGROUND-GRINGO needed 4.115589141845703 seconds!

>>>> Now solving: instance_0016.lp

(False, 7.077200412750244, 3.8991289138793945, 40760.04296875)
[INFO] - GRINGO needed 7.077200412750244 seconds!
(False, 3.337390184402466, 2.6854543685913086, 22069.5244140625)
[INFO] - IDLV needed 3.337390184402466 seconds!
(False, 5.396414279937744, 5.345928907394409, 168.423828125)
[INFO] - NEWGROUND-IDLV needed 5.396414279937744 seconds!
(False, 5.397847414016724, 5.352810382843018, 182.8125)
[INFO] - NEWGROUND-GRINGO needed 5.397847414016724 seconds!

>>>> Now solving: instance_0018.lp

(False, 37.35778784751892, 19.732085943222046, 216391.416015625)
[INFO] - GRINGO needed 37.35778784751892 seconds!
(False, 16.423378467559814, 13.100465297698975, 112638.283203125)
[INFO] - IDLV needed 16.423378467559814 seconds!
(False, 6.481306791305542, 6.41385293006897, 221.6298828125)
[INFO] - NEWGROUND-IDLV needed 6.481306791305542 seconds!
(False, 6.605100870132446, 6.543942213058472, 238.7939453125)
[INFO] - NEWGROUND-GRINGO needed 6.605100870132446 seconds!

>>>> Now solving: instance_0020.lp

(False, 44.871352195739746, 22.242148399353027, 243678.5224609375)
[INFO] - GRINGO needed 44.871352195739746 seconds!
(False, 18.625025272369385, 14.727935314178467, 126547.0986328125)
[INFO] - IDLV needed 18.625025272369385 seconds!
(False, 7.934504508972168, 7.855739116668701, 270.447265625)
[INFO] - NEWGROUND-IDLV needed 7.934504508972168 seconds!
(False, 8.052420616149902, 7.9758429527282715, 294.2568359375)
[INFO] - NEWGROUND-GRINGO needed 8.052420616149902 seconds!

>>>> Now solving: instance_0030.lp

(True, 1800, 1256.8449187278748, 14980290.063476562)
[INFO] - GRINGO timed out (1800)!
(False, 958.3438522815704, 738.0194492340088, 7235182.4072265625)
[INFO] - IDLV needed 958.3438522815704 seconds!
(False, 22.292560577392578, 19.130025148391724, 625.830078125)
[INFO] - NEWGROUND-IDLV needed 22.292560577392578 seconds!
(False, 22.80966567993164, 19.197720289230347, 692.32421875)
[INFO] - NEWGROUND-GRINGO needed 22.80966567993164 seconds!

>>>> Now solving: instance_0040.lp

(True, 1800, 1800, 20.0)
[INFO] - GRINGO timed out (1800)!
(True, 1800, 1800, 19274808.0)
[INFO] - IDLV timed out (1800)!
(False, 52.17867302894592, 36.74096727371216, 1092.005859375)
[INFO] - NEWGROUND-IDLV needed 52.17867302894592 seconds!
(False, 37.30471086502075, 36.91365194320679, 1237.2880859375)
[INFO] - NEWGROUND-GRINGO needed 37.30471086502075 seconds!

>>>> Now solving: instance_0050.lp

(True, 1800, 1800, 34.201171875)
[INFO] - GRINGO timed out (1800)!
(True, 1800, 1800, 20672112.0)
[INFO] - IDLV timed out (1800)!
(False, 63.91325497627258, 61.319008111953735, 1698.3056640625)
[INFO] - NEWGROUND-IDLV needed 63.91325497627258 seconds!
(False, 61.58124756813049, 60.92735028266907, 1927.10546875)
[INFO] - NEWGROUND-GRINGO needed 61.58124756813049 seconds!

>>>> Now solving: instance_0060.lp

(True, 1800, 1800, 51.662109375)
[INFO] - GRINGO timed out (1800)!
(True, 1800, 1800, 21130092.0)
[INFO] - IDLV timed out (1800)!
(False, 86.91615676879883, 85.98620533943176, 2450.30078125)
[INFO] - NEWGROUND-IDLV needed 86.91615676879883 seconds!
(False, 89.03423523902893, 87.80559468269348, 2783.0400390625)
[INFO] - NEWGROUND-GRINGO needed 89.03423523902893 seconds!

>>>> Now solving: instance_0070.lp

(True, 1800, 1800, 68.0)
[INFO] - GRINGO timed out (1800)!
(True, 1800, 1800, 20508064.0)
[INFO] - IDLV timed out (1800)!
(False, 138.23963356018066, 136.9162392616272, 3321.9228515625)
[INFO] - NEWGROUND-IDLV needed 138.23963356018066 seconds!
(False, 129.3876814842224, 127.85601449012756, 3774.66796875)
[INFO] - NEWGROUND-GRINGO needed 129.3876814842224 seconds!

>>>> Now solving: instance_0080.lp

(True, 1800, 1800, 92.94140625)
[INFO] - GRINGO timed out (1800)!
(True, 1800, 1800, 20864844.0)
[INFO] - IDLV timed out (1800)!
(False, 179.4328019618988, 176.9820363521576, 4587.310546875)
[INFO] - NEWGROUND-IDLV needed 179.4328019618988 seconds!
(False, 203.87164855003357, 201.36254358291626, 4937.337890625)
[INFO] - NEWGROUND-GRINGO needed 203.87164855003357 seconds!

>>>> Now solving: instance_0090.lp

(True, 1800, 1800, 119.806640625)
[INFO] - GRINGO timed out (1800)!
(True, 1800, 1800, 20677540.0)
[INFO] - IDLV timed out (1800)!
(False, 284.09487748146057, 279.2704358100891, 6040.2314453125)
[INFO] - NEWGROUND-IDLV needed 284.09487748146057 seconds!
(False, 282.64310359954834, 278.8192865848541, 6598.634765625)
[INFO] - NEWGROUND-GRINGO needed 282.64310359954834 seconds!

>>>> Now solving: instance_0100.lp

(True, 1800, 1800, 145.5380859375)
[INFO] - GRINGO timed out (1800)!
Ran out of input
(True, 1800, 1800, 9223372036854775807)
[INFO] - IDLV timed out (1800)!
(False, 368.5051999092102, 362.58571314811707, 7557.4111328125)
[INFO] - NEWGROUND-IDLV needed 368.5051999092102 seconds!
(False, 369.7704541683197, 365.29388332366943, 8159.8349609375)
[INFO] - NEWGROUND-GRINGO needed 369.7704541683197 seconds!

>>>> Now solving: instance_0110.lp

(True, 1800, 1800, 178.2568359375)
[INFO] - GRINGO timed out (1800)!
(True, 1800, 1800, 21837992.0)
[INFO] - IDLV timed out (1800)!
(False, 464.07767844200134, 456.68304204940796, 9016.9365234375)
[INFO] - NEWGROUND-IDLV needed 464.07767844200134 seconds!
(False, 494.78693652153015, 445.65638303756714, 9918.7626953125)
[INFO] - NEWGROUND-GRINGO needed 494.78693652153015 seconds!

>>>> Now solving: instance_0120.lp

(True, 1800, 1800, 215.2880859375)
[INFO] - GRINGO timed out (1800)!
Ran out of input
(True, 1800, 1800, 9223372036854775807)
[INFO] - IDLV timed out (1800)!
(False, 564.7883350849152, 554.7595047950745, 10908.396484375)
[INFO] - NEWGROUND-IDLV needed 564.7883350849152 seconds!
(False, 513.535388469696, 501.2028160095215, 11974.9921875)
[INFO] - NEWGROUND-GRINGO needed 513.535388469696 seconds!

>>>> Now solving: instance_0130.lp

(True, 1800, 1800, 253.2568359375)
[INFO] - GRINGO timed out (1800)!
Ran out of input
(True, 1800, 1800, 9223372036854775807)
[INFO] - IDLV timed out (1800)!
(False, 653.9228661060333, 638.0233962535858, 12911.75390625)
[INFO] - NEWGROUND-IDLV needed 653.9228661060333 seconds!
(False, 654.5533421039581, 645.8207769393921, 14468.130859375)
[INFO] - NEWGROUND-GRINGO needed 654.5533421039581 seconds!

>>>> Now solving: instance_0140.lp

(True, 1800, 1800, 297.8193359375)
[INFO] - GRINGO timed out (1800)!
(True, 1800, 1800, 22032940.0)
[INFO] - IDLV timed out (1800)!
(False, 826.3811278343201, 810.5696988105774, 14986.5595703125)
[INFO] - NEWGROUND-IDLV needed 826.3811278343201 seconds!
(True, 1800, 802.7370314598083, 16798.0634765625)
[INFO] - NEWGROUND-GRINGO timed out (1800)!

>>>> Now solving: instance_0150.lp

(True, 1800, 1800, 341.1318359375)
