
>>>> Now solving: instance_0010.lp

(False, 0.09985113143920898, 0.05951070785522461, 437.3916015625)
[INFO] - GRINGO needed 0.09985113143920898 seconds!
(False, 0.04722952842712402, 0.031209468841552734, 232.8740234375)
[INFO] - IDLV needed 0.04722952842712402 seconds!
(False, 1.3332600593566895, 1.3135168552398682, 49.3203125)
[INFO] - NEWGROUND-IDLV needed 1.3332600593566895 seconds!
(False, 1.2611098289489746, 1.2431695461273193, 56.5517578125)
[INFO] - NEWGROUND-GRINGO needed 1.2611098289489746 seconds!

>>>> Now solving: instance_0012.lp

(False, 0.38419556617736816, 0.20782947540283203, 2282.4580078125)
[INFO] - GRINGO needed 0.38419556617736816 seconds!
(False, 0.17438840866088867, 0.12852191925048828, 1160.4765625)
[INFO] - IDLV needed 0.17438840866088867 seconds!
(False, 1.6196298599243164, 1.5953044891357422, 71.927734375)
[INFO] - NEWGROUND-IDLV needed 1.6196298599243164 seconds!
(False, 1.6516315937042236, 1.6308202743530273, 82.826171875)
[INFO] - NEWGROUND-GRINGO needed 1.6516315937042236 seconds!

>>>> Now solving: instance_0014.lp

(False, 0.8317382335662842, 0.4217054843902588, 4936.6494140625)
[INFO] - GRINGO needed 0.8317382335662842 seconds!
(False, 0.3613452911376953, 0.27053141593933105, 2489.5703125)
[INFO] - IDLV needed 0.3613452911376953 seconds!
(False, 2.2185864448547363, 2.190640687942505, 96.279296875)
[INFO] - NEWGROUND-IDLV needed 2.2185864448547363 seconds!
(False, 2.1909658908843994, 2.162039041519165, 110.986328125)
[INFO] - NEWGROUND-GRINGO needed 2.1909658908843994 seconds!

>>>> Now solving: instance_0016.lp

(False, 2.3313469886779785, 1.1878166198730469, 14875.3896484375)
[INFO] - GRINGO needed 2.3313469886779785 seconds!
(False, 0.9446225166320801, 0.7200708389282227, 7202.490234375)
[INFO] - IDLV needed 0.9446225166320801 seconds!
(False, 2.7906570434570312, 2.754563570022583, 131.6923828125)
[INFO] - NEWGROUND-IDLV needed 2.7906570434570312 seconds!
(False, 2.8303284645080566, 2.7964649200439453, 146.9306640625)
[INFO] - NEWGROUND-GRINGO needed 2.8303284645080566 seconds!

>>>> Now solving: instance_0018.lp

(False, 4.4218223094940186, 2.024657964706421, 25917.89453125)
[INFO] - GRINGO needed 4.4218223094940186 seconds!
(False, 1.7571420669555664, 1.34409499168396, 12428.8701171875)
[INFO] - IDLV needed 1.7571420669555664 seconds!
(False, 3.3617448806762695, 3.314488172531128, 173.11328125)
[INFO] - NEWGROUND-IDLV needed 3.3617448806762695 seconds!
(False, 3.5210673809051514, 3.4773647785186768, 191.03515625)
[INFO] - NEWGROUND-GRINGO needed 3.5210673809051514 seconds!

>>>> Now solving: instance_0020.lp

(False, 9.383819103240967, 4.398030757904053, 52781.1943359375)
[INFO] - GRINGO needed 9.383819103240967 seconds!
(False, 3.762714385986328, 2.8439865112304688, 25152.083984375)
[INFO] - IDLV needed 3.762714385986328 seconds!
(False, 4.684689283370972, 4.629739999771118, 215.8671875)
[INFO] - NEWGROUND-IDLV needed 4.684689283370972 seconds!
(False, 4.63110876083374, 4.574499607086182, 241.8857421875)
[INFO] - NEWGROUND-GRINGO needed 4.63110876083374 seconds!

>>>> Now solving: instance_0030.lp

(False, 92.01345467567444, 43.06616139411926, 546756.47265625)
[INFO] - GRINGO needed 92.01345467567444 seconds!
(False, 34.84290647506714, 25.556493997573853, 270123.3212890625)
[INFO] - IDLV needed 34.84290647506714 seconds!
(False, 13.198683023452759, 10.614940881729126, 505.708984375)
[INFO] - NEWGROUND-IDLV needed 13.198683023452759 seconds!
(False, 11.082145929336548, 10.936987400054932, 576.0947265625)
[INFO] - NEWGROUND-GRINGO needed 11.082145929336548 seconds!

>>>> Now solving: instance_0040.lp

(False, 497.49381136894226, 229.8263030052185, 2960573.9072265625)
[INFO] - GRINGO needed 497.49381136894226 seconds!
(False, 182.625550031662, 132.43243193626404, 1428919.52734375)
[INFO] - IDLV needed 182.625550031662 seconds!
(False, 19.868515729904175, 19.58491086959839, 902.435546875)
[INFO] - NEWGROUND-IDLV needed 19.868515729904175 seconds!
(False, 19.877944469451904, 19.606412172317505, 1030.3212890625)
[INFO] - NEWGROUND-GRINGO needed 19.877944469451904 seconds!

>>>> Now solving: instance_0050.lp

(True, 1800, 741.3874890804291, 9815345.075195312)
[INFO] - GRINGO timed out (1800)!
(False, 571.0852646827698, 406.92827701568604, 4633684.7431640625)
[INFO] - IDLV needed 571.0852646827698 seconds!
(False, 33.10445809364319, 32.5989248752594, 1406.2314453125)
[INFO] - NEWGROUND-IDLV needed 33.10445809364319 seconds!
(False, 33.29330539703369, 32.8128125667572, 1606.931640625)
[INFO] - NEWGROUND-GRINGO needed 33.29330539703369 seconds!

>>>> Now solving: instance_0060.lp

Ran out of input
(True, 1800, 1800, 9223372036854775807)
[INFO] - GRINGO timed out (1800)!
(False, 1638.11447763443, 1139.3825297355652, 12746107.344726562)
[INFO] - IDLV needed 1638.11447763443 seconds!
(False, 50.73728084564209, 49.957056760787964, 2034.6630859375)
[INFO] - NEWGROUND-IDLV needed 50.73728084564209 seconds!
(False, 51.368393898010254, 50.610029458999634, 2326.9462890625)
[INFO] - NEWGROUND-GRINGO needed 51.368393898010254 seconds!

>>>> Now solving: instance_0070.lp

(True, 1800, 1800, 10893892.0)
[INFO] - GRINGO timed out (1800)!
(True, 1800, 1800, 20063580.0)
[INFO] - IDLV timed out (1800)!
(False, 73.67579483985901, 71.2826476097107, 2983.26953125)
[INFO] - NEWGROUND-IDLV needed 73.67579483985901 seconds!
(False, 74.44418787956238, 73.18629574775696, 3325.9677734375)
[INFO] - NEWGROUND-GRINGO needed 74.44418787956238 seconds!

>>>> Now solving: instance_0080.lp

(True, 1800, 1800, 165.9755859375)
[INFO] - GRINGO timed out (1800)!
(True, 1800, 1800, 20354832.0)
[INFO] - IDLV timed out (1800)!
(False, 86.44899010658264, 84.55806946754456, 3979.9501953125)
[INFO] - NEWGROUND-IDLV needed 86.44899010658264 seconds!
(False, 98.16924571990967, 94.99467086791992, 4392.7568359375)
[INFO] - NEWGROUND-GRINGO needed 98.16924571990967 seconds!

>>>> Now solving: instance_0090.lp

(True, 1800, 1800, 213.7568359375)
[INFO] - GRINGO timed out (1800)!
(True, 1800, 1800, 21404932.0)
[INFO] - IDLV timed out (1800)!
(False, 116.02117776870728, 113.4179036617279, 5122.5078125)
[INFO] - NEWGROUND-IDLV needed 116.02117776870728 seconds!
(False, 152.47390484809875, 123.09424781799316, 5619.8408203125)
[INFO] - NEWGROUND-GRINGO needed 152.47390484809875 seconds!

>>>> Now solving: instance_0100.lp

(True, 1800, 1800, 265.2255859375)
[INFO] - GRINGO timed out (1800)!
(True, 1800, 1800, 21420672.0)
[INFO] - IDLV timed out (1800)!
(False, 161.45063185691833, 158.2846224308014, 6372.3203125)
[INFO] - NEWGROUND-IDLV needed 161.45063185691833 seconds!
(False, 170.01905131340027, 165.39607095718384, 7100.73828125)
[INFO] - NEWGROUND-GRINGO needed 170.01905131340027 seconds!

>>>> Now solving: instance_0110.lp

(True, 1800, 1800, 327.1630859375)
[INFO] - GRINGO timed out (1800)!
Ran out of input
(True, 1800, 1800, 9223372036854775807)
[INFO] - IDLV timed out (1800)!
(False, 215.91082286834717, 209.91093158721924, 7746.7587890625)
[INFO] - NEWGROUND-IDLV needed 215.91082286834717 seconds!
(False, 332.02083253860474, 217.4888572692871, 8732.8837890625)
[INFO] - NEWGROUND-GRINGO needed 332.02083253860474 seconds!

>>>> Now solving: instance_0120.lp

(True, 1800, 1800, 391.7255859375)
[INFO] - GRINGO timed out (1800)!
Ran out of input
(True, 1800, 1800, 9223372036854775807)
[INFO] - IDLV timed out (1800)!
(False, 269.5024666786194, 260.9178297519684, 9225.134765625)
[INFO] - NEWGROUND-IDLV needed 269.5024666786194 seconds!
(False, 269.7985632419586, 264.26435685157776, 10398.8662109375)
[INFO] - NEWGROUND-GRINGO needed 269.7985632419586 seconds!

>>>> Now solving: instance_0130.lp

(True, 1800, 1800, 459.6005859375)
[INFO] - GRINGO timed out (1800)!
Ran out of input
(True, 1800, 1800, 9223372036854775807)
[INFO] - IDLV timed out (1800)!
(False, 317.66353845596313, 311.65603590011597, 10813.3349609375)
[INFO] - NEWGROUND-IDLV needed 317.66353845596313 seconds!
(False, 328.28057980537415, 315.4615342617035, 12188.13671875)
[INFO] - NEWGROUND-GRINGO needed 328.28057980537415 seconds!

>>>> Now solving: instance_0140.lp

(True, 1800, 1800, 534.5693359375)
[INFO] - GRINGO timed out (1800)!
Ran out of input
(True, 1800, 1800, 9223372036854775807)
