
>>>> Now solving: instance_0010.lp

(False, 0.14901280403137207, 0.09888052940368652, 672.8251953125)
[INFO] - GRINGO needed 0.14901280403137207 seconds!
(False, 0.09848833084106445, 0.07939934730529785, 384.6396484375)
[INFO] - IDLV needed 0.09848833084106445 seconds!
(False, 2.1875722408294678, 2.165125846862793, 67.2138671875)
[INFO] - NEWGROUND-IDLV needed 2.1875722408294678 seconds!
(False, 2.0351014137268066, 2.013749361038208, 76.8623046875)
[INFO] - NEWGROUND-GRINGO needed 2.0351014137268066 seconds!

>>>> Now solving: instance_0012.lp

(False, 1.0024325847625732, 0.5839376449584961, 5925.5693359375)
[INFO] - GRINGO needed 1.0024325847625732 seconds!
(False, 0.578420877456665, 0.47207045555114746, 3361.0146484375)
[INFO] - IDLV needed 0.578420877456665 seconds!
(False, 2.757901430130005, 2.729281425476074, 97.0830078125)
[INFO] - NEWGROUND-IDLV needed 2.757901430130005 seconds!
(False, 3.089759111404419, 3.0595526695251465, 111.4296875)
[INFO] - NEWGROUND-GRINGO needed 3.089759111404419 seconds!

>>>> Now solving: instance_0014.lp

(False, 4.76977801322937, 2.581878662109375, 27938.8603515625)
[INFO] - GRINGO needed 4.76977801322937 seconds!
(False, 2.39599609375, 1.949385166168213, 15202.5859375)
[INFO] - IDLV needed 2.39599609375 seconds!
(False, 4.017099142074585, 3.9759137630462646, 133.52734375)
[INFO] - NEWGROUND-IDLV needed 4.017099142074585 seconds!
(False, 4.021684408187866, 3.9844658374786377, 148.400390625)
[INFO] - NEWGROUND-GRINGO needed 4.021684408187866 seconds!

>>>> Now solving: instance_0016.lp

(False, 51.570563077926636, 27.048535346984863, 304291.5693359375)
[INFO] - GRINGO needed 51.570563077926636 seconds!
(False, 23.049405097961426, 18.253085613250732, 158017.5625)
[INFO] - IDLV needed 23.049405097961426 seconds!
(False, 4.809608221054077, 4.758840322494507, 180.21875)
[INFO] - NEWGROUND-IDLV needed 4.809608221054077 seconds!
(False, 4.787989854812622, 4.7335474491119385, 195.8056640625)
[INFO] - NEWGROUND-GRINGO needed 4.787989854812622 seconds!

>>>> Now solving: instance_0018.lp

(False, 207.8323631286621, 107.28304648399353, 1217774.7265625)
[INFO] - GRINGO needed 207.8323631286621 seconds!
(False, 86.65919971466064, 68.2371757030487, 615809.84375)
[INFO] - IDLV needed 86.65919971466064 seconds!
(False, 6.798571825027466, 6.120863914489746, 239.38671875)
[INFO] - NEWGROUND-IDLV needed 6.798571825027466 seconds!
(False, 6.710822582244873, 6.645398378372192, 260.796875)
[INFO] - NEWGROUND-GRINGO needed 6.710822582244873 seconds!

>>>> Now solving: instance_0020.lp

(False, 268.44919204711914, 137.65349006652832, 1638850.18359375)
[INFO] - GRINGO needed 268.44919204711914 seconds!
(False, 114.00046992301941, 92.15042018890381, 823222.625)
[INFO] - IDLV needed 114.00046992301941 seconds!
(False, 7.815606594085693, 6.874173402786255, 288.705078125)
[INFO] - NEWGROUND-IDLV needed 7.815606594085693 seconds!
(False, 7.016702175140381, 6.943041563034058, 318.0078125)
[INFO] - NEWGROUND-GRINGO needed 7.016702175140381 seconds!

>>>> Now solving: instance_0030.lp

(True, 1800, 1800, 3901160.0)
[INFO] - GRINGO timed out (1800)!
(True, 1800, 1800, 17931188.0)
[INFO] - IDLV timed out (1800)!
(False, 28.1386399269104, 18.99738574028015, 669.2763671875)
[INFO] - NEWGROUND-IDLV needed 28.1386399269104 seconds!
(False, 26.80473232269287, 18.676671504974365, 759.962890625)
[INFO] - NEWGROUND-GRINGO needed 26.80473232269287 seconds!

>>>> Now solving: instance_0040.lp

(True, 1800, 1800, 30.919921875)
[INFO] - GRINGO timed out (1800)!
(True, 1800, 1800, 21404800.0)
[INFO] - IDLV timed out (1800)!
(False, 53.22744941711426, 36.34726905822754, 1177.810546875)
[INFO] - NEWGROUND-IDLV needed 53.22744941711426 seconds!
(False, 36.28238773345947, 35.88816690444946, 1340.2734375)
[INFO] - NEWGROUND-GRINGO needed 36.28238773345947 seconds!

>>>> Now solving: instance_0050.lp

(True, 1800, 1800, 49.34765625)
[INFO] - GRINGO timed out (1800)!
(True, 1800, 1800, 20405204.0)
[INFO] - IDLV timed out (1800)!
(False, 56.52493453025818, 55.93142771720886, 1833.197265625)
[INFO] - NEWGROUND-IDLV needed 56.52493453025818 seconds!
(False, 58.09672927856445, 57.4850070476532, 2088.1748046875)
[INFO] - NEWGROUND-GRINGO needed 58.09672927856445 seconds!

>>>> Now solving: instance_0060.lp

(True, 1800, 1800, 70.79296875)
[INFO] - GRINGO timed out (1800)!
(True, 1800, 1800, 20566656.0)
[INFO] - IDLV timed out (1800)!
(False, 101.17660188674927, 100.09994983673096, 2621.2548828125)
[INFO] - NEWGROUND-IDLV needed 101.17660188674927 seconds!
(False, 103.36960911750793, 102.29382276535034, 2987.22265625)
[INFO] - NEWGROUND-GRINGO needed 103.36960911750793 seconds!

>>>> Now solving: instance_0070.lp

(True, 1800, 1800, 97.716796875)
[INFO] - GRINGO timed out (1800)!
Ran out of input
(True, 1800, 1800, 9223372036854775807)
[INFO] - IDLV timed out (1800)!
(False, 149.22431540489197, 147.16294980049133, 3787.16796875)
[INFO] - NEWGROUND-IDLV needed 149.22431540489197 seconds!
(False, 146.32158184051514, 143.7999303340912, 4066.267578125)
[INFO] - NEWGROUND-GRINGO needed 146.32158184051514 seconds!

>>>> Now solving: instance_0080.lp

(True, 1800, 1800, 126.046875)
[INFO] - GRINGO timed out (1800)!
Ran out of input
(True, 1800, 1800, 9223372036854775807)
[INFO] - IDLV timed out (1800)!
(False, 208.02165126800537, 204.31288075447083, 5113.5859375)
[INFO] - NEWGROUND-IDLV needed 208.02165126800537 seconds!
(False, 206.1835334300995, 202.95047998428345, 5578.560546875)
[INFO] - NEWGROUND-GRINGO needed 206.1835334300995 seconds!

>>>> Now solving: instance_0090.lp

(True, 1800, 1800, 166.9443359375)
[INFO] - GRINGO timed out (1800)!
(True, 1800, 1800, 20853580.0)
[INFO] - IDLV timed out (1800)!
(False, 271.1516315937042, 264.7806029319763, 6549.8916015625)
[INFO] - NEWGROUND-IDLV needed 271.1516315937042 seconds!
(False, 287.0118703842163, 281.5434904098511, 7194.83203125)
[INFO] - NEWGROUND-GRINGO needed 287.0118703842163 seconds!

>>>> Now solving: instance_0100.lp

(True, 1800, 1800, 208.6005859375)
[INFO] - GRINGO timed out (1800)!
(True, 1800, 1800, 21518240.0)
[INFO] - IDLV timed out (1800)!
(False, 361.9163815975189, 354.5172185897827, 8207.3779296875)
[INFO] - NEWGROUND-IDLV needed 361.9163815975189 seconds!
(False, 384.10322189331055, 370.63971424102783, 8932.0390625)
[INFO] - NEWGROUND-GRINGO needed 384.10322189331055 seconds!

>>>> Now solving: instance_0110.lp

(True, 1800, 1800, 251.7880859375)
[INFO] - GRINGO timed out (1800)!
(True, 1800, 1800, 21584132.0)
[INFO] - IDLV timed out (1800)!
(False, 467.563129901886, 451.09761476516724, 9967.6064453125)
[INFO] - NEWGROUND-IDLV needed 467.563129901886 seconds!
(False, 475.5601177215576, 467.93571424484253, 11200.8291015625)
[INFO] - NEWGROUND-GRINGO needed 475.5601177215576 seconds!

>>>> Now solving: instance_0120.lp

(True, 1800, 1800, 303.1318359375)
[INFO] - GRINGO timed out (1800)!
Ran out of input
(True, 1800, 1800, 9223372036854775807)
[INFO] - IDLV timed out (1800)!
(False, 614.3113689422607, 598.2502210140228, 11865.9091796875)
[INFO] - NEWGROUND-IDLV needed 614.3113689422607 seconds!
(False, 623.0819613933563, 606.9424374103546, 13338.2568359375)
[INFO] - NEWGROUND-GRINGO needed 623.0819613933563 seconds!

>>>> Now solving: instance_0130.lp

(True, 1800, 1800, 355.0380859375)
[INFO] - GRINGO timed out (1800)!
Ran out of input
(True, 1800, 1800, 9223372036854775807)
[INFO] - IDLV timed out (1800)!
(False, 662.2718935012817, 645.9527611732483, 13895.4736328125)
[INFO] - NEWGROUND-IDLV needed 662.2718935012817 seconds!
(False, 732.8504266738892, 713.7560441493988, 15618.8818359375)
[INFO] - NEWGROUND-GRINGO needed 732.8504266738892 seconds!

>>>> Now solving: instance_0140.lp

(True, 1800, 1800, 415.7880859375)
[INFO] - GRINGO timed out (1800)!
Ran out of input
(True, 1800, 1800, 9223372036854775807)
[INFO] - IDLV timed out (1800)!
(False, 958.3785381317139, 944.068053483963, 16130.173828125)
[INFO] - NEWGROUND-IDLV needed 958.3785381317139 seconds!
(False, 928.0748093128204, 909.6527554988861, 18131.798828125)
[INFO] - NEWGROUND-GRINGO needed 928.0748093128204 seconds!

>>>> Now solving: instance_0150.lp

(True, 1800, 1800, 474.3193359375)
[INFO] - GRINGO timed out (1800)!
