
>>>> Now solving: instance_0160.lp

[INFO] - GRINGO timed out (1800)!
[INFO] - IDLV timed out (1800)!
(True, 1800, 1800, 0.0)
[INFO] - NEWGROUND-IDLV timed out (1800)!
(True, 1800, 1800, 0.0)
[INFO] - NEWGROUND-GRINGO timed out (1800)!

>>>> Now solving: instance_0170.lp

[INFO] - GRINGO timed out (1800)!
[INFO] - IDLV timed out (1800)!
(True, 1800, 1800, 0.0)
[INFO] - NEWGROUND-IDLV timed out (1800)!
(True, 1800, 1800, 0.0)
[INFO] - NEWGROUND-GRINGO timed out (1800)!

>>>> Now solving: instance_0190.lp

[INFO] - GRINGO timed out (1800)!
[INFO] - IDLV timed out (1800)!
(True, 1800, 1800, 0.0)
[INFO] - NEWGROUND-IDLV timed out (1800)!
(True, 1800, 1800, 0.0)
[INFO] - NEWGROUND-GRINGO timed out (1800)!

>>>> Now solving: instance_0200.lp

[INFO] - GRINGO timed out (1800)!
[INFO] - IDLV timed out (1800)!
(True, 1800, 1800, 0.0)
[INFO] - NEWGROUND-IDLV timed out (1800)!
(True, 1800, 1800, 0.0)
[INFO] - NEWGROUND-GRINGO timed out (1800)!

>>>> Now solving: instance_0210.lp

[INFO] - GRINGO timed out (1800)!
[INFO] - IDLV timed out (1800)!
(True, 1800, 1800, 0.0)
[INFO] - NEWGROUND-IDLV timed out (1800)!
(True, 1800, 1800, 0.0)
[INFO] - NEWGROUND-GRINGO timed out (1800)!

>>>> Now solving: instance_0230.lp

[INFO] - GRINGO timed out (1800)!
[INFO] - IDLV timed out (1800)!
(True, 1800, 1800, 0.0)
[INFO] - NEWGROUND-IDLV timed out (1800)!
(True, 1800, 1800, 0.0)
[INFO] - NEWGROUND-GRINGO timed out (1800)!

>>>> Now solving: instance_0240.lp

[INFO] - GRINGO timed out (1800)!
[INFO] - IDLV timed out (1800)!
(True, 1800, 1800, 0.0)
[INFO] - NEWGROUND-IDLV timed out (1800)!
(True, 1800, 1800, 0.0)
[INFO] - NEWGROUND-GRINGO timed out (1800)!

>>>> Now solving: instance_0250.lp

[INFO] - GRINGO timed out (1800)!
[INFO] - IDLV timed out (1800)!
(True, 1800, 1800, 0.0)
[INFO] - NEWGROUND-IDLV timed out (1800)!
(True, 1800, 1800, 0.0)
[INFO] - NEWGROUND-GRINGO timed out (1800)!

>>>> Now solving: instance_0270.lp

[INFO] - GRINGO timed out (1800)!
[INFO] - IDLV timed out (1800)!
(True, 1800, 1800, 0.0)
[INFO] - NEWGROUND-IDLV timed out (1800)!
(True, 1800, 1800, 0.0)
[INFO] - NEWGROUND-GRINGO timed out (1800)!

>>>> Now solving: instance_0280.lp

[INFO] - GRINGO timed out (1800)!
[INFO] - IDLV timed out (1800)!
(True, 1800, 1800, 0.0)
[INFO] - NEWGROUND-IDLV timed out (1800)!
(True, 1800, 1800, 0.0)
[INFO] - NEWGROUND-GRINGO timed out (1800)!

>>>> Now solving: instance_0290.lp

[INFO] - GRINGO timed out (1800)!
[INFO] - IDLV timed out (1800)!
(True, 1800, 1800, 0.0)
[INFO] - NEWGROUND-IDLV timed out (1800)!
(True, 1800, 1800, 0.0)
[INFO] - NEWGROUND-GRINGO timed out (1800)!
